02:20:24 | INFO  | Run directory: /Users/arnablahiry/repos/GalCubeCraft-SourceID/experiments/segment_v1/train
02:20:24 | INFO  | Config: {
  "data": "experiments/sep_v1/data",
  "out": "experiments/segment_v1/train",
  "epochs": 30,
  "batch_size": 2,
  "lr": 0.001,
  "base": 16,
  "embedding_dim": 8,
  "threshold_frac": 0.1,
  "delta_v": 0.5,
  "delta_d": 1.5,
  "alpha": 1.0,
  "beta": 1.0,
  "gamma": 0.001,
  "num_workers": 2,
  "val_fraction": 0.1,
  "test_fraction": 0.1,
  "device": null,
  "log_every": 20,
  "seed": 0
}
02:20:24 | INFO  | Device: mps
02:20:24 | INFO  | Loaded 2000 cubes  max_n_gals=5
02:20:24 | INFO  | Split: train=1600  val=200  test=200
02:20:24 | INFO  | Model: EmbeddingUNet3D(D=8, base=16)  | 1401384 params
02:20:25 | INFO  | === epoch 1/30  lr=1.00e-03 ===
02:21:26 | INFO  |   epoch 1  step   20/800  loss 2.1036e+00  (0.7 samples/s)
02:22:16 | INFO  |   epoch 1  step   40/800  loss 2.4947e+00  (0.7 samples/s)
02:23:03 | INFO  |   epoch 1  step   60/800  loss 1.8165e+00  (0.8 samples/s)
02:23:48 | INFO  |   epoch 1  step   80/800  loss 4.5211e-01  (0.8 samples/s)
02:24:33 | INFO  |   epoch 1  step  100/800  loss 7.7090e-01  (0.8 samples/s)
02:25:19 | INFO  |   epoch 1  step  120/800  loss 8.7220e-01  (0.8 samples/s)
02:26:00 | INFO  |   epoch 1  step  140/800  loss 1.8613e+00  (0.8 samples/s)
02:26:39 | INFO  |   epoch 1  step  160/800  loss 1.0904e+00  (0.9 samples/s)
02:27:21 | INFO  |   epoch 1  step  180/800  loss 3.2359e-01  (0.9 samples/s)
02:27:59 | INFO  |   epoch 1  step  200/800  loss 4.6978e-01  (0.9 samples/s)
02:28:34 | INFO  |   epoch 1  step  220/800  loss 1.2983e+00  (0.9 samples/s)
02:29:10 | INFO  |   epoch 1  step  240/800  loss 1.4955e+00  (0.9 samples/s)
02:29:47 | INFO  |   epoch 1  step  260/800  loss 1.3603e+00  (0.9 samples/s)
02:30:21 | INFO  |   epoch 1  step  280/800  loss 1.1127e+00  (0.9 samples/s)
02:30:55 | INFO  |   epoch 1  step  300/800  loss 9.1235e-01  (1.0 samples/s)
02:31:26 | INFO  |   epoch 1  step  320/800  loss 6.8527e-01  (1.0 samples/s)
02:31:59 | INFO  |   epoch 1  step  340/800  loss 6.8130e-02  (1.0 samples/s)
02:32:30 | INFO  |   epoch 1  step  360/800  loss 7.9804e-01  (1.0 samples/s)
02:33:02 | INFO  |   epoch 1  step  380/800  loss 1.3108e+00  (1.0 samples/s)
02:33:36 | INFO  |   epoch 1  step  400/800  loss 9.2163e-01  (1.0 samples/s)
02:34:06 | INFO  |   epoch 1  step  420/800  loss 1.0665e+00  (1.0 samples/s)
02:34:39 | INFO  |   epoch 1  step  440/800  loss 8.0747e-01  (1.0 samples/s)
02:35:10 | INFO  |   epoch 1  step  460/800  loss 1.1567e+00  (1.0 samples/s)
02:35:44 | INFO  |   epoch 1  step  480/800  loss 7.9602e-01  (1.0 samples/s)
02:36:13 | INFO  |   epoch 1  step  500/800  loss 7.2404e-01  (1.1 samples/s)
02:36:43 | INFO  |   epoch 1  step  520/800  loss 9.8878e-02  (1.1 samples/s)
02:37:14 | INFO  |   epoch 1  step  540/800  loss 1.3263e+00  (1.1 samples/s)
02:37:45 | INFO  |   epoch 1  step  560/800  loss 7.7641e-01  (1.1 samples/s)
02:38:13 | INFO  |   epoch 1  step  580/800  loss 6.8774e-01  (1.1 samples/s)
02:38:44 | INFO  |   epoch 1  step  600/800  loss 8.5141e-01  (1.1 samples/s)
02:39:12 | INFO  |   epoch 1  step  620/800  loss 4.2353e-01  (1.1 samples/s)
02:39:43 | INFO  |   epoch 1  step  640/800  loss 1.5450e+00  (1.1 samples/s)
02:40:12 | INFO  |   epoch 1  step  660/800  loss 5.7962e-01  (1.1 samples/s)
02:40:42 | INFO  |   epoch 1  step  680/800  loss 1.8042e-01  (1.1 samples/s)
02:41:11 | INFO  |   epoch 1  step  700/800  loss 1.9704e-01  (1.1 samples/s)
02:41:37 | INFO  |   epoch 1  step  720/800  loss 4.3217e-01  (1.1 samples/s)
02:42:06 | INFO  |   epoch 1  step  740/800  loss 1.5033e-01  (1.1 samples/s)
02:42:35 | INFO  |   epoch 1  step  760/800  loss 6.2886e-01  (1.1 samples/s)
02:43:04 | INFO  |   epoch 1  step  780/800  loss 7.7733e-01  (1.1 samples/s)
02:43:33 | INFO  |   epoch 1  step  800/800  loss 4.0779e-01  (1.2 samples/s)
02:44:44 | INFO  | epoch 1  train 9.3982e-01  val 5.4279e-01  intra 0.582  inter 2.852  [best]  (1458.6s)
02:44:44 | INFO  | === epoch 2/30  lr=9.97e-04 ===
02:45:10 | INFO  |   epoch 2  step   20/800  loss 6.4293e-01  (1.5 samples/s)
02:45:34 | INFO  |   epoch 2  step   40/800  loss 1.5064e-01  (1.6 samples/s)
02:45:57 | INFO  |   epoch 2  step   60/800  loss 4.0574e-02  (1.6 samples/s)
02:46:21 | INFO  |   epoch 2  step   80/800  loss 8.8667e-01  (1.6 samples/s)
02:46:45 | INFO  |   epoch 2  step  100/800  loss 1.8526e-01  (1.7 samples/s)
02:47:09 | INFO  |   epoch 2  step  120/800  loss 1.4363e-01  (1.7 samples/s)
02:47:33 | INFO  |   epoch 2  step  140/800  loss 1.5771e+00  (1.7 samples/s)
02:47:57 | INFO  |   epoch 2  step  160/800  loss 5.2567e-01  (1.7 samples/s)
02:48:21 | INFO  |   epoch 2  step  180/800  loss 2.8540e-01  (1.7 samples/s)
02:48:44 | INFO  |   epoch 2  step  200/800  loss 6.6913e-01  (1.7 samples/s)
02:49:08 | INFO  |   epoch 2  step  220/800  loss 1.2264e-01  (1.7 samples/s)
02:49:32 | INFO  |   epoch 2  step  240/800  loss 7.2871e-02  (1.7 samples/s)
02:49:56 | INFO  |   epoch 2  step  260/800  loss 9.4755e-01  (1.7 samples/s)
02:50:20 | INFO  |   epoch 2  step  280/800  loss 6.9485e-01  (1.7 samples/s)
02:50:44 | INFO  |   epoch 2  step  300/800  loss 8.4802e-01  (1.7 samples/s)
02:51:08 | INFO  |   epoch 2  step  320/800  loss 1.0158e+00  (1.7 samples/s)
02:51:31 | INFO  |   epoch 2  step  340/800  loss 1.6035e-01  (1.7 samples/s)
02:51:55 | INFO  |   epoch 2  step  360/800  loss 3.6424e-01  (1.7 samples/s)
02:52:19 | INFO  |   epoch 2  step  380/800  loss 1.3004e-01  (1.7 samples/s)
02:52:43 | INFO  |   epoch 2  step  400/800  loss 5.4320e-01  (1.7 samples/s)
02:53:07 | INFO  |   epoch 2  step  420/800  loss 2.5933e-02  (1.7 samples/s)
02:53:31 | INFO  |   epoch 2  step  440/800  loss 8.8130e-01  (1.7 samples/s)
02:53:55 | INFO  |   epoch 2  step  460/800  loss 4.1369e-01  (1.7 samples/s)
02:54:19 | INFO  |   epoch 2  step  480/800  loss 3.4277e-01  (1.7 samples/s)
02:54:43 | INFO  |   epoch 2  step  500/800  loss 8.7088e-01  (1.7 samples/s)
02:55:06 | INFO  |   epoch 2  step  520/800  loss 2.1626e-01  (1.7 samples/s)
02:55:30 | INFO  |   epoch 2  step  540/800  loss 5.0733e-01  (1.7 samples/s)
02:55:54 | INFO  |   epoch 2  step  560/800  loss 2.0202e-01  (1.7 samples/s)
02:56:18 | INFO  |   epoch 2  step  580/800  loss 9.2095e-02  (1.7 samples/s)
02:56:42 | INFO  |   epoch 2  step  600/800  loss 4.7391e-01  (1.7 samples/s)
02:57:06 | INFO  |   epoch 2  step  620/800  loss 8.7735e-01  (1.7 samples/s)
02:57:30 | INFO  |   epoch 2  step  640/800  loss 8.0577e-02  (1.7 samples/s)
02:57:54 | INFO  |   epoch 2  step  660/800  loss 8.1496e-01  (1.7 samples/s)
02:58:18 | INFO  |   epoch 2  step  680/800  loss 3.1092e-02  (1.7 samples/s)
02:58:41 | INFO  |   epoch 2  step  700/800  loss 4.5581e-01  (1.7 samples/s)
02:59:05 | INFO  |   epoch 2  step  720/800  loss 3.8437e-02  (1.7 samples/s)
02:59:29 | INFO  |   epoch 2  step  740/800  loss 6.7531e-01  (1.7 samples/s)
02:59:53 | INFO  |   epoch 2  step  760/800  loss 8.5829e-01  (1.7 samples/s)
03:00:17 | INFO  |   epoch 2  step  780/800  loss 1.2154e-01  (1.7 samples/s)
03:00:41 | INFO  |   epoch 2  step  800/800  loss 5.0447e-02  (1.7 samples/s)
03:01:32 | INFO  | epoch 2  train 5.2144e-01  val 5.2308e-01  intra 0.538  inter 2.906  [best]  (1008.4s)
03:01:32 | INFO  | === epoch 3/30  lr=9.89e-04 ===
03:01:58 | INFO  |   epoch 3  step   20/800  loss 5.7183e-01  (1.6 samples/s)
03:02:22 | INFO  |   epoch 3  step   40/800  loss 4.3571e-01  (1.6 samples/s)
03:02:46 | INFO  |   epoch 3  step   60/800  loss 2.6387e-01  (1.6 samples/s)
03:03:10 | INFO  |   epoch 3  step   80/800  loss 3.9241e-02  (1.6 samples/s)
03:03:34 | INFO  |   epoch 3  step  100/800  loss 1.8148e-01  (1.6 samples/s)
03:03:58 | INFO  |   epoch 3  step  120/800  loss 3.8975e-01  (1.7 samples/s)
03:04:21 | INFO  |   epoch 3  step  140/800  loss 7.3465e-01  (1.7 samples/s)
03:04:45 | INFO  |   epoch 3  step  160/800  loss 5.6305e-01  (1.7 samples/s)
03:05:09 | INFO  |   epoch 3  step  180/800  loss 6.7332e-01  (1.7 samples/s)
03:05:33 | INFO  |   epoch 3  step  200/800  loss 3.8994e-01  (1.7 samples/s)
03:05:56 | INFO  |   epoch 3  step  220/800  loss 1.0116e-01  (1.7 samples/s)
03:06:21 | INFO  |   epoch 3  step  240/800  loss 2.2758e-01  (1.7 samples/s)
03:06:44 | INFO  |   epoch 3  step  260/800  loss 9.9802e-02  (1.7 samples/s)
03:07:08 | INFO  |   epoch 3  step  280/800  loss 4.2561e-01  (1.7 samples/s)
03:07:32 | INFO  |   epoch 3  step  300/800  loss 6.9361e-01  (1.7 samples/s)
03:07:56 | INFO  |   epoch 3  step  320/800  loss 2.3551e-01  (1.7 samples/s)
03:08:19 | INFO  |   epoch 3  step  340/800  loss 1.5597e-01  (1.7 samples/s)
03:08:43 | INFO  |   epoch 3  step  360/800  loss 5.7195e-01  (1.7 samples/s)
03:09:07 | INFO  |   epoch 3  step  380/800  loss 5.0442e-01  (1.7 samples/s)
03:09:30 | INFO  |   epoch 3  step  400/800  loss 2.3202e-01  (1.7 samples/s)
03:09:54 | INFO  |   epoch 3  step  420/800  loss 1.0618e-01  (1.7 samples/s)
03:10:18 | INFO  |   epoch 3  step  440/800  loss 6.6092e-02  (1.7 samples/s)
03:10:41 | INFO  |   epoch 3  step  460/800  loss 4.2250e-01  (1.7 samples/s)
03:11:05 | INFO  |   epoch 3  step  480/800  loss 1.4033e+00  (1.7 samples/s)
03:11:28 | INFO  |   epoch 3  step  500/800  loss 6.3654e-01  (1.7 samples/s)
03:11:52 | INFO  |   epoch 3  step  520/800  loss 7.2774e-02  (1.7 samples/s)
03:12:16 | INFO  |   epoch 3  step  540/800  loss 3.6765e-01  (1.7 samples/s)
03:12:39 | INFO  |   epoch 3  step  560/800  loss 1.1378e-01  (1.7 samples/s)
03:13:03 | INFO  |   epoch 3  step  580/800  loss 1.1667e-01  (1.7 samples/s)
03:13:27 | INFO  |   epoch 3  step  600/800  loss 7.9585e-01  (1.7 samples/s)
03:13:51 | INFO  |   epoch 3  step  620/800  loss 7.9672e-01  (1.7 samples/s)
03:14:15 | INFO  |   epoch 3  step  640/800  loss 5.7900e-01  (1.7 samples/s)
03:14:38 | INFO  |   epoch 3  step  660/800  loss 7.4175e-02  (1.7 samples/s)
03:15:02 | INFO  |   epoch 3  step  680/800  loss 2.3293e-01  (1.7 samples/s)
03:15:26 | INFO  |   epoch 3  step  700/800  loss 1.3507e+00  (1.7 samples/s)
03:15:50 | INFO  |   epoch 3  step  720/800  loss 5.9282e-01  (1.7 samples/s)
03:16:14 | INFO  |   epoch 3  step  740/800  loss 4.6885e-01  (1.7 samples/s)
03:16:37 | INFO  |   epoch 3  step  760/800  loss 1.2722e-01  (1.7 samples/s)
03:17:01 | INFO  |   epoch 3  step  780/800  loss 1.0347e-01  (1.7 samples/s)
03:17:25 | INFO  |   epoch 3  step  800/800  loss 1.6012e-01  (1.7 samples/s)
03:18:16 | INFO  | epoch 3  train 4.9423e-01  val 5.3355e-01  intra 0.566  inter 3.125          (1003.3s)
03:18:16 | INFO  | === epoch 4/30  lr=9.76e-04 ===
03:18:41 | INFO  |   epoch 4  step   20/800  loss 6.7546e-01  (1.6 samples/s)
03:19:05 | INFO  |   epoch 4  step   40/800  loss 5.7899e-01  (1.6 samples/s)
03:19:29 | INFO  |   epoch 4  step   60/800  loss 1.9886e-01  (1.6 samples/s)
03:19:52 | INFO  |   epoch 4  step   80/800  loss 6.4408e-01  (1.7 samples/s)
03:20:16 | INFO  |   epoch 4  step  100/800  loss 4.7312e-01  (1.7 samples/s)
03:20:40 | INFO  |   epoch 4  step  120/800  loss 4.2354e-02  (1.7 samples/s)
03:21:03 | INFO  |   epoch 4  step  140/800  loss 8.6057e-01  (1.7 samples/s)
03:21:27 | INFO  |   epoch 4  step  160/800  loss 6.2884e-01  (1.7 samples/s)
03:21:51 | INFO  |   epoch 4  step  180/800  loss 1.2069e+00  (1.7 samples/s)
03:22:15 | INFO  |   epoch 4  step  200/800  loss 3.5946e-01  (1.7 samples/s)
03:22:39 | INFO  |   epoch 4  step  220/800  loss 8.6802e-01  (1.7 samples/s)
03:23:02 | INFO  |   epoch 4  step  240/800  loss 4.0239e-01  (1.7 samples/s)
03:23:26 | INFO  |   epoch 4  step  260/800  loss 1.6264e+00  (1.7 samples/s)
03:23:50 | INFO  |   epoch 4  step  280/800  loss 1.2708e+00  (1.7 samples/s)
03:24:14 | INFO  |   epoch 4  step  300/800  loss 2.8047e+00  (1.7 samples/s)
03:24:37 | INFO  |   epoch 4  step  320/800  loss 7.8691e-02  (1.7 samples/s)
03:25:01 | INFO  |   epoch 4  step  340/800  loss 3.5687e-01  (1.7 samples/s)
03:25:25 | INFO  |   epoch 4  step  360/800  loss 6.1289e-02  (1.7 samples/s)
03:25:49 | INFO  |   epoch 4  step  380/800  loss 2.2528e-01  (1.7 samples/s)
03:26:12 | INFO  |   epoch 4  step  400/800  loss 6.0141e-01  (1.7 samples/s)
03:26:36 | INFO  |   epoch 4  step  420/800  loss 1.9620e-01  (1.7 samples/s)
03:27:00 | INFO  |   epoch 4  step  440/800  loss 1.2680e-01  (1.7 samples/s)
03:27:24 | INFO  |   epoch 4  step  460/800  loss 5.4714e-01  (1.7 samples/s)
03:27:47 | INFO  |   epoch 4  step  480/800  loss 4.4743e-01  (1.7 samples/s)
03:28:11 | INFO  |   epoch 4  step  500/800  loss 2.6530e-01  (1.7 samples/s)
03:28:35 | INFO  |   epoch 4  step  520/800  loss 4.7555e-01  (1.7 samples/s)
03:28:58 | INFO  |   epoch 4  step  540/800  loss 3.1657e-01  (1.7 samples/s)
03:29:22 | INFO  |   epoch 4  step  560/800  loss 4.2435e-01  (1.7 samples/s)
03:29:46 | INFO  |   epoch 4  step  580/800  loss 1.2953e-01  (1.7 samples/s)
03:30:10 | INFO  |   epoch 4  step  600/800  loss 8.4670e-01  (1.7 samples/s)
03:30:33 | INFO  |   epoch 4  step  620/800  loss 1.9779e-01  (1.7 samples/s)
03:30:57 | INFO  |   epoch 4  step  640/800  loss 6.2046e-01  (1.7 samples/s)
03:31:21 | INFO  |   epoch 4  step  660/800  loss 3.6711e-01  (1.7 samples/s)
03:31:44 | INFO  |   epoch 4  step  680/800  loss 6.9517e-02  (1.7 samples/s)
03:32:08 | INFO  |   epoch 4  step  700/800  loss 3.9280e-01  (1.7 samples/s)
03:32:32 | INFO  |   epoch 4  step  720/800  loss 4.2296e-01  (1.7 samples/s)
03:32:55 | INFO  |   epoch 4  step  740/800  loss 5.7421e-01  (1.7 samples/s)
03:33:19 | INFO  |   epoch 4  step  760/800  loss 3.0861e-01  (1.7 samples/s)
03:33:42 | INFO  |   epoch 4  step  780/800  loss 4.2494e-01  (1.7 samples/s)
03:34:06 | INFO  |   epoch 4  step  800/800  loss 9.0814e-02  (1.7 samples/s)
03:34:56 | INFO  | epoch 4  train 4.3117e-01  val 4.7411e-01  intra 0.562  inter 3.546  [best]  (1000.1s)
03:34:56 | INFO  | === epoch 5/30  lr=9.57e-04 ===
03:35:21 | INFO  |   epoch 5  step   20/800  loss 8.0275e-01  (1.6 samples/s)
03:35:45 | INFO  |   epoch 5  step   40/800  loss 2.3597e-01  (1.6 samples/s)
03:36:08 | INFO  |   epoch 5  step   60/800  loss 5.3260e-01  (1.7 samples/s)
03:36:32 | INFO  |   epoch 5  step   80/800  loss 1.0276e-01  (1.7 samples/s)
03:36:55 | INFO  |   epoch 5  step  100/800  loss 1.2312e+00  (1.7 samples/s)
03:37:19 | INFO  |   epoch 5  step  120/800  loss 6.3981e-01  (1.7 samples/s)
03:37:43 | INFO  |   epoch 5  step  140/800  loss 7.9208e-01  (1.7 samples/s)
03:38:06 | INFO  |   epoch 5  step  160/800  loss 1.1462e+00  (1.7 samples/s)
03:38:30 | INFO  |   epoch 5  step  180/800  loss 9.2145e-01  (1.7 samples/s)
03:38:54 | INFO  |   epoch 5  step  200/800  loss 2.7147e-01  (1.7 samples/s)
03:39:18 | INFO  |   epoch 5  step  220/800  loss 1.3149e-01  (1.7 samples/s)
03:39:41 | INFO  |   epoch 5  step  240/800  loss 5.2632e-02  (1.7 samples/s)
03:40:05 | INFO  |   epoch 5  step  260/800  loss 6.5307e-02  (1.7 samples/s)
03:40:29 | INFO  |   epoch 5  step  280/800  loss 1.2246e-01  (1.7 samples/s)
03:40:52 | INFO  |   epoch 5  step  300/800  loss 5.2142e-01  (1.7 samples/s)
03:41:16 | INFO  |   epoch 5  step  320/800  loss 2.0986e-01  (1.7 samples/s)
03:41:40 | INFO  |   epoch 5  step  340/800  loss 1.8371e-01  (1.7 samples/s)
03:42:03 | INFO  |   epoch 5  step  360/800  loss 4.0886e-01  (1.7 samples/s)
03:42:27 | INFO  |   epoch 5  step  380/800  loss 9.1613e-02  (1.7 samples/s)
03:42:51 | INFO  |   epoch 5  step  400/800  loss 1.0777e-01  (1.7 samples/s)
03:43:14 | INFO  |   epoch 5  step  420/800  loss 3.8635e-01  (1.7 samples/s)
03:43:38 | INFO  |   epoch 5  step  440/800  loss 5.2542e-01  (1.7 samples/s)
03:44:02 | INFO  |   epoch 5  step  460/800  loss 1.7586e-01  (1.7 samples/s)
03:44:25 | INFO  |   epoch 5  step  480/800  loss 1.1594e-01  (1.7 samples/s)
03:44:49 | INFO  |   epoch 5  step  500/800  loss 1.3214e+00  (1.7 samples/s)
03:45:13 | INFO  |   epoch 5  step  520/800  loss 9.0107e-02  (1.7 samples/s)
03:45:36 | INFO  |   epoch 5  step  540/800  loss 1.4718e-01  (1.7 samples/s)
03:46:00 | INFO  |   epoch 5  step  560/800  loss 1.5224e-01  (1.7 samples/s)
03:46:24 | INFO  |   epoch 5  step  580/800  loss 1.1409e+00  (1.7 samples/s)
03:46:47 | INFO  |   epoch 5  step  600/800  loss 5.7612e-02  (1.7 samples/s)
03:47:11 | INFO  |   epoch 5  step  620/800  loss 3.4619e-01  (1.7 samples/s)
03:47:35 | INFO  |   epoch 5  step  640/800  loss 4.7966e-01  (1.7 samples/s)
03:47:58 | INFO  |   epoch 5  step  660/800  loss 2.0340e-01  (1.7 samples/s)
03:48:22 | INFO  |   epoch 5  step  680/800  loss 2.3067e-01  (1.7 samples/s)
03:48:46 | INFO  |   epoch 5  step  700/800  loss 1.6794e-01  (1.7 samples/s)
03:49:09 | INFO  |   epoch 5  step  720/800  loss 1.4329e-01  (1.7 samples/s)
03:49:33 | INFO  |   epoch 5  step  740/800  loss 4.1180e-01  (1.7 samples/s)
03:49:57 | INFO  |   epoch 5  step  760/800  loss 3.8612e-01  (1.7 samples/s)
03:50:20 | INFO  |   epoch 5  step  780/800  loss 2.4091e-01  (1.7 samples/s)
03:50:44 | INFO  |   epoch 5  step  800/800  loss 1.0795e-01  (1.7 samples/s)
03:51:34 | INFO  | epoch 5  train 3.6295e-01  val 3.9191e-01  intra 0.542  inter 3.188  [best]  (998.0s)
03:51:34 | INFO  | === epoch 6/30  lr=9.33e-04 ===
03:51:59 | INFO  |   epoch 6  step   20/800  loss 2.5594e-01  (1.6 samples/s)
03:52:22 | INFO  |   epoch 6  step   40/800  loss 2.2613e-01  (1.7 samples/s)
03:52:46 | INFO  |   epoch 6  step   60/800  loss 4.0098e-01  (1.7 samples/s)
03:53:10 | INFO  |   epoch 6  step   80/800  loss 1.1901e-01  (1.7 samples/s)
03:53:33 | INFO  |   epoch 6  step  100/800  loss 6.2041e-01  (1.7 samples/s)
03:53:57 | INFO  |   epoch 6  step  120/800  loss 7.9088e-01  (1.7 samples/s)
03:54:21 | INFO  |   epoch 6  step  140/800  loss 5.7150e-01  (1.7 samples/s)
03:54:44 | INFO  |   epoch 6  step  160/800  loss 5.5034e-02  (1.7 samples/s)
03:55:08 | INFO  |   epoch 6  step  180/800  loss 6.6881e-02  (1.7 samples/s)
03:55:32 | INFO  |   epoch 6  step  200/800  loss 4.9648e-01  (1.7 samples/s)
03:55:55 | INFO  |   epoch 6  step  220/800  loss 4.6140e-01  (1.7 samples/s)
03:56:19 | INFO  |   epoch 6  step  240/800  loss 5.2469e-01  (1.7 samples/s)
03:56:43 | INFO  |   epoch 6  step  260/800  loss 6.6758e-01  (1.7 samples/s)
03:57:06 | INFO  |   epoch 6  step  280/800  loss 3.4426e-01  (1.7 samples/s)
03:57:30 | INFO  |   epoch 6  step  300/800  loss 4.3725e-01  (1.7 samples/s)
03:57:54 | INFO  |   epoch 6  step  320/800  loss 4.6432e-01  (1.7 samples/s)
03:58:17 | INFO  |   epoch 6  step  340/800  loss 4.6241e-02  (1.7 samples/s)
03:58:41 | INFO  |   epoch 6  step  360/800  loss 2.0511e-01  (1.7 samples/s)
03:59:05 | INFO  |   epoch 6  step  380/800  loss 1.4797e+00  (1.7 samples/s)
03:59:28 | INFO  |   epoch 6  step  400/800  loss 3.1896e-01  (1.7 samples/s)
03:59:52 | INFO  |   epoch 6  step  420/800  loss 1.3132e-01  (1.7 samples/s)
04:00:16 | INFO  |   epoch 6  step  440/800  loss 6.3955e-01  (1.7 samples/s)
04:00:39 | INFO  |   epoch 6  step  460/800  loss 5.2284e-01  (1.7 samples/s)
04:01:03 | INFO  |   epoch 6  step  480/800  loss 5.7032e-01  (1.7 samples/s)
04:01:27 | INFO  |   epoch 6  step  500/800  loss 2.5283e-01  (1.7 samples/s)
04:01:50 | INFO  |   epoch 6  step  520/800  loss 2.7851e-01  (1.7 samples/s)
04:02:14 | INFO  |   epoch 6  step  540/800  loss 1.5051e-01  (1.7 samples/s)
04:02:38 | INFO  |   epoch 6  step  560/800  loss 3.8905e-01  (1.7 samples/s)
04:03:01 | INFO  |   epoch 6  step  580/800  loss 4.8326e-02  (1.7 samples/s)
04:03:25 | INFO  |   epoch 6  step  600/800  loss 4.3627e-02  (1.7 samples/s)
04:03:49 | INFO  |   epoch 6  step  620/800  loss 9.4588e-02  (1.7 samples/s)
04:04:13 | INFO  |   epoch 6  step  640/800  loss 2.8625e-01  (1.7 samples/s)
04:04:36 | INFO  |   epoch 6  step  660/800  loss 1.3704e-01  (1.7 samples/s)
04:05:00 | INFO  |   epoch 6  step  680/800  loss 8.3100e-01  (1.7 samples/s)
04:05:24 | INFO  |   epoch 6  step  700/800  loss 1.0613e-01  (1.7 samples/s)
04:05:47 | INFO  |   epoch 6  step  720/800  loss 2.9453e-01  (1.7 samples/s)
04:06:11 | INFO  |   epoch 6  step  740/800  loss 9.1675e-02  (1.7 samples/s)
04:06:35 | INFO  |   epoch 6  step  760/800  loss 6.3350e-01  (1.7 samples/s)
04:06:59 | INFO  |   epoch 6  step  780/800  loss 5.2477e-01  (1.7 samples/s)
04:07:23 | INFO  |   epoch 6  step  800/800  loss 7.2970e-01  (1.7 samples/s)
04:08:12 | INFO  | epoch 6  train 3.1878e-01  val 3.3482e-01  intra 0.495  inter 3.464  [best]  (998.3s)
04:08:12 | INFO  | === epoch 7/30  lr=9.05e-04 ===
04:08:38 | INFO  |   epoch 7  step   20/800  loss 2.5144e-02  (1.6 samples/s)
04:09:01 | INFO  |   epoch 7  step   40/800  loss 2.3577e-01  (1.6 samples/s)
04:09:25 | INFO  |   epoch 7  step   60/800  loss 3.8980e-02  (1.7 samples/s)
04:09:48 | INFO  |   epoch 7  step   80/800  loss 6.8306e-02  (1.7 samples/s)
04:10:12 | INFO  |   epoch 7  step  100/800  loss 1.6308e-01  (1.7 samples/s)
04:10:36 | INFO  |   epoch 7  step  120/800  loss 1.7095e-01  (1.7 samples/s)
04:10:59 | INFO  |   epoch 7  step  140/800  loss 2.9547e-01  (1.7 samples/s)
04:11:23 | INFO  |   epoch 7  step  160/800  loss 1.6506e-01  (1.7 samples/s)
04:11:47 | INFO  |   epoch 7  step  180/800  loss 4.6277e-02  (1.7 samples/s)
04:12:11 | INFO  |   epoch 7  step  200/800  loss 4.2071e-01  (1.7 samples/s)
04:12:34 | INFO  |   epoch 7  step  220/800  loss 6.4114e-02  (1.7 samples/s)
04:12:58 | INFO  |   epoch 7  step  240/800  loss 3.5839e-02  (1.7 samples/s)
04:13:22 | INFO  |   epoch 7  step  260/800  loss 1.1856e-01  (1.7 samples/s)
04:13:46 | INFO  |   epoch 7  step  280/800  loss 1.5089e-02  (1.7 samples/s)
04:14:09 | INFO  |   epoch 7  step  300/800  loss 1.0948e+00  (1.7 samples/s)
04:14:33 | INFO  |   epoch 7  step  320/800  loss 3.9616e-01  (1.7 samples/s)
04:14:57 | INFO  |   epoch 7  step  340/800  loss 5.7353e-01  (1.7 samples/s)
04:15:20 | INFO  |   epoch 7  step  360/800  loss 1.3517e-01  (1.7 samples/s)
04:15:44 | INFO  |   epoch 7  step  380/800  loss 1.7818e-01  (1.7 samples/s)
04:16:08 | INFO  |   epoch 7  step  400/800  loss 2.2728e-01  (1.7 samples/s)
04:16:31 | INFO  |   epoch 7  step  420/800  loss 1.3312e+00  (1.7 samples/s)
04:16:55 | INFO  |   epoch 7  step  440/800  loss 1.0026e-01  (1.7 samples/s)
04:17:19 | INFO  |   epoch 7  step  460/800  loss 3.7573e-01  (1.7 samples/s)
04:17:43 | INFO  |   epoch 7  step  480/800  loss 2.2968e-02  (1.7 samples/s)
04:18:06 | INFO  |   epoch 7  step  500/800  loss 1.8405e-01  (1.7 samples/s)
04:18:30 | INFO  |   epoch 7  step  520/800  loss 9.2773e-02  (1.7 samples/s)
04:18:54 | INFO  |   epoch 7  step  540/800  loss 1.7459e-01  (1.7 samples/s)
04:19:17 | INFO  |   epoch 7  step  560/800  loss 6.9776e-01  (1.7 samples/s)
04:19:41 | INFO  |   epoch 7  step  580/800  loss 1.6357e-01  (1.7 samples/s)
04:20:05 | INFO  |   epoch 7  step  600/800  loss 3.9888e-02  (1.7 samples/s)
04:20:28 | INFO  |   epoch 7  step  620/800  loss 1.8434e-01  (1.7 samples/s)
04:20:52 | INFO  |   epoch 7  step  640/800  loss 3.5893e-01  (1.7 samples/s)
04:21:16 | INFO  |   epoch 7  step  660/800  loss 1.9653e-01  (1.7 samples/s)
04:21:40 | INFO  |   epoch 7  step  680/800  loss 1.6766e-01  (1.7 samples/s)
04:22:03 | INFO  |   epoch 7  step  700/800  loss 6.5577e-01  (1.7 samples/s)
04:22:27 | INFO  |   epoch 7  step  720/800  loss 9.9311e-02  (1.7 samples/s)
04:22:50 | INFO  |   epoch 7  step  740/800  loss 4.4461e-01  (1.7 samples/s)
04:23:14 | INFO  |   epoch 7  step  760/800  loss 4.0304e-01  (1.7 samples/s)
04:23:38 | INFO  |   epoch 7  step  780/800  loss 8.4074e-02  (1.7 samples/s)
04:24:02 | INFO  |   epoch 7  step  800/800  loss 5.4538e-02  (1.7 samples/s)
04:24:52 | INFO  | epoch 7  train 2.9508e-01  val 3.3534e-01  intra 0.516  inter 3.456          (999.2s)
04:24:52 | INFO  | === epoch 8/30  lr=8.72e-04 ===
04:25:17 | INFO  |   epoch 8  step   20/800  loss 2.5231e-01  (1.6 samples/s)
04:25:40 | INFO  |   epoch 8  step   40/800  loss 1.6656e-01  (1.6 samples/s)
04:26:04 | INFO  |   epoch 8  step   60/800  loss 5.2262e-02  (1.7 samples/s)
04:26:28 | INFO  |   epoch 8  step   80/800  loss 1.6815e-01  (1.7 samples/s)
04:26:51 | INFO  |   epoch 8  step  100/800  loss 6.5979e-02  (1.7 samples/s)
04:27:15 | INFO  |   epoch 8  step  120/800  loss 9.3354e-01  (1.7 samples/s)
04:27:38 | INFO  |   epoch 8  step  140/800  loss 7.7245e-02  (1.7 samples/s)
04:28:02 | INFO  |   epoch 8  step  160/800  loss 2.1208e-01  (1.7 samples/s)
04:28:26 | INFO  |   epoch 8  step  180/800  loss 3.0372e-01  (1.7 samples/s)
04:28:50 | INFO  |   epoch 8  step  200/800  loss 4.4615e-02  (1.7 samples/s)
04:29:13 | INFO  |   epoch 8  step  220/800  loss 8.2032e-01  (1.7 samples/s)
04:29:37 | INFO  |   epoch 8  step  240/800  loss 1.6087e-01  (1.7 samples/s)
04:30:01 | INFO  |   epoch 8  step  260/800  loss 8.5947e-01  (1.7 samples/s)
04:30:25 | INFO  |   epoch 8  step  280/800  loss 1.0014e-01  (1.7 samples/s)
04:30:48 | INFO  |   epoch 8  step  300/800  loss 4.4476e-01  (1.7 samples/s)
04:31:12 | INFO  |   epoch 8  step  320/800  loss 3.7699e-02  (1.7 samples/s)
04:31:36 | INFO  |   epoch 8  step  340/800  loss 4.3054e-01  (1.7 samples/s)
04:32:00 | INFO  |   epoch 8  step  360/800  loss 9.3802e-02  (1.7 samples/s)
04:32:23 | INFO  |   epoch 8  step  380/800  loss 4.1717e-01  (1.7 samples/s)
04:32:47 | INFO  |   epoch 8  step  400/800  loss 2.2767e-01  (1.7 samples/s)
04:33:11 | INFO  |   epoch 8  step  420/800  loss 7.9288e-02  (1.7 samples/s)
04:33:35 | INFO  |   epoch 8  step  440/800  loss 2.1043e-01  (1.7 samples/s)
04:33:58 | INFO  |   epoch 8  step  460/800  loss 1.4590e-01  (1.7 samples/s)
04:34:22 | INFO  |   epoch 8  step  480/800  loss 4.6806e-01  (1.7 samples/s)
04:34:46 | INFO  |   epoch 8  step  500/800  loss 4.0466e-01  (1.7 samples/s)
04:35:09 | INFO  |   epoch 8  step  520/800  loss 1.1832e-01  (1.7 samples/s)
04:35:33 | INFO  |   epoch 8  step  540/800  loss 1.9925e-01  (1.7 samples/s)
04:35:57 | INFO  |   epoch 8  step  560/800  loss 6.1997e-01  (1.7 samples/s)
04:36:21 | INFO  |   epoch 8  step  580/800  loss 1.8789e-01  (1.7 samples/s)
04:36:44 | INFO  |   epoch 8  step  600/800  loss 1.0711e+00  (1.7 samples/s)
04:37:08 | INFO  |   epoch 8  step  620/800  loss 6.7411e-02  (1.7 samples/s)
04:37:32 | INFO  |   epoch 8  step  640/800  loss 2.5510e-01  (1.7 samples/s)
04:37:56 | INFO  |   epoch 8  step  660/800  loss 1.3624e-01  (1.7 samples/s)
04:38:19 | INFO  |   epoch 8  step  680/800  loss 2.5690e-01  (1.7 samples/s)
04:38:43 | INFO  |   epoch 8  step  700/800  loss 6.2999e-02  (1.7 samples/s)
04:39:07 | INFO  |   epoch 8  step  720/800  loss 1.0888e-01  (1.7 samples/s)
04:39:31 | INFO  |   epoch 8  step  740/800  loss 1.0508e-01  (1.7 samples/s)
04:39:55 | INFO  |   epoch 8  step  760/800  loss 1.4962e-01  (1.7 samples/s)
04:40:18 | INFO  |   epoch 8  step  780/800  loss 1.0378e-01  (1.7 samples/s)
04:40:42 | INFO  |   epoch 8  step  800/800  loss 2.4564e-01  (1.7 samples/s)
04:41:32 | INFO  | epoch 8  train 2.5877e-01  val 3.1140e-01  intra 0.478  inter 3.359  [best]  (1000.6s)
04:41:32 | INFO  | === epoch 9/30  lr=8.35e-04 ===
04:41:57 | INFO  |   epoch 9  step   20/800  loss 1.0673e-01  (1.6 samples/s)
04:42:21 | INFO  |   epoch 9  step   40/800  loss 1.9924e-01  (1.6 samples/s)
04:42:45 | INFO  |   epoch 9  step   60/800  loss 8.8201e-02  (1.7 samples/s)
04:43:08 | INFO  |   epoch 9  step   80/800  loss 3.5210e-02  (1.7 samples/s)
04:43:32 | INFO  |   epoch 9  step  100/800  loss 1.1512e-01  (1.7 samples/s)
04:43:56 | INFO  |   epoch 9  step  120/800  loss 1.3593e-02  (1.7 samples/s)
04:44:19 | INFO  |   epoch 9  step  140/800  loss 1.4934e-02  (1.7 samples/s)
04:44:43 | INFO  |   epoch 9  step  160/800  loss 2.7362e-01  (1.7 samples/s)
04:45:07 | INFO  |   epoch 9  step  180/800  loss 8.5770e-02  (1.7 samples/s)
04:45:31 | INFO  |   epoch 9  step  200/800  loss 1.5456e-01  (1.7 samples/s)
04:45:55 | INFO  |   epoch 9  step  220/800  loss 9.7668e-02  (1.7 samples/s)
04:46:18 | INFO  |   epoch 9  step  240/800  loss 6.4501e-02  (1.7 samples/s)
04:46:42 | INFO  |   epoch 9  step  260/800  loss 5.9480e-01  (1.7 samples/s)
04:47:05 | INFO  |   epoch 9  step  280/800  loss 1.6526e-01  (1.7 samples/s)
04:47:29 | INFO  |   epoch 9  step  300/800  loss 6.5617e-02  (1.7 samples/s)
04:47:53 | INFO  |   epoch 9  step  320/800  loss 4.4470e-01  (1.7 samples/s)
04:48:17 | INFO  |   epoch 9  step  340/800  loss 5.8271e-01  (1.7 samples/s)
04:48:40 | INFO  |   epoch 9  step  360/800  loss 5.1569e-02  (1.7 samples/s)
04:49:04 | INFO  |   epoch 9  step  380/800  loss 3.4628e-01  (1.7 samples/s)
04:49:28 | INFO  |   epoch 9  step  400/800  loss 3.6552e-01  (1.7 samples/s)
04:49:52 | INFO  |   epoch 9  step  420/800  loss 1.0464e-01  (1.7 samples/s)
04:50:15 | INFO  |   epoch 9  step  440/800  loss 3.9373e-01  (1.7 samples/s)
04:50:39 | INFO  |   epoch 9  step  460/800  loss 3.7566e-01  (1.7 samples/s)
04:51:03 | INFO  |   epoch 9  step  480/800  loss 6.6099e-02  (1.7 samples/s)
04:51:27 | INFO  |   epoch 9  step  500/800  loss 7.6417e-02  (1.7 samples/s)
04:51:50 | INFO  |   epoch 9  step  520/800  loss 7.9281e-02  (1.7 samples/s)
04:52:14 | INFO  |   epoch 9  step  540/800  loss 8.2413e-02  (1.7 samples/s)
04:52:38 | INFO  |   epoch 9  step  560/800  loss 2.7092e-01  (1.7 samples/s)
04:53:02 | INFO  |   epoch 9  step  580/800  loss 1.1125e-01  (1.7 samples/s)
04:53:25 | INFO  |   epoch 9  step  600/800  loss 8.2547e-01  (1.7 samples/s)
04:53:49 | INFO  |   epoch 9  step  620/800  loss 1.1131e+00  (1.7 samples/s)
04:54:13 | INFO  |   epoch 9  step  640/800  loss 3.1821e-02  (1.7 samples/s)
04:54:37 | INFO  |   epoch 9  step  660/800  loss 2.9588e-02  (1.7 samples/s)
04:55:00 | INFO  |   epoch 9  step  680/800  loss 7.8897e-01  (1.7 samples/s)
04:55:24 | INFO  |   epoch 9  step  700/800  loss 7.8251e-02  (1.7 samples/s)
04:55:48 | INFO  |   epoch 9  step  720/800  loss 2.0302e-02  (1.7 samples/s)
04:56:11 | INFO  |   epoch 9  step  740/800  loss 2.8010e-02  (1.7 samples/s)
04:56:35 | INFO  |   epoch 9  step  760/800  loss 5.8891e-01  (1.7 samples/s)
04:56:59 | INFO  |   epoch 9  step  780/800  loss 6.3109e-02  (1.7 samples/s)
04:57:22 | INFO  |   epoch 9  step  800/800  loss 2.4487e-01  (1.7 samples/s)
04:58:12 | INFO  | epoch 9  train 2.3904e-01  val 2.8702e-01  intra 0.496  inter 3.684  [best]  (999.7s)
04:58:12 | INFO  | === epoch 10/30  lr=7.94e-04 ===
04:58:37 | INFO  |   epoch 10  step   20/800  loss 1.0628e-01  (1.6 samples/s)
04:59:01 | INFO  |   epoch 10  step   40/800  loss 1.0062e-01  (1.6 samples/s)
04:59:24 | INFO  |   epoch 10  step   60/800  loss 2.6920e-02  (1.7 samples/s)
04:59:48 | INFO  |   epoch 10  step   80/800  loss 2.5677e-02  (1.7 samples/s)
05:00:12 | INFO  |   epoch 10  step  100/800  loss 1.4555e-01  (1.7 samples/s)
05:00:35 | INFO  |   epoch 10  step  120/800  loss 2.1872e-01  (1.7 samples/s)
05:00:59 | INFO  |   epoch 10  step  140/800  loss 3.2999e-01  (1.7 samples/s)
05:01:23 | INFO  |   epoch 10  step  160/800  loss 3.0068e-01  (1.7 samples/s)
05:01:47 | INFO  |   epoch 10  step  180/800  loss 5.2079e-01  (1.7 samples/s)
05:02:10 | INFO  |   epoch 10  step  200/800  loss 1.9408e-01  (1.7 samples/s)
05:02:34 | INFO  |   epoch 10  step  220/800  loss 1.0100e-01  (1.7 samples/s)
05:02:58 | INFO  |   epoch 10  step  240/800  loss 2.2130e-01  (1.7 samples/s)
05:03:21 | INFO  |   epoch 10  step  260/800  loss 5.2528e-01  (1.7 samples/s)
05:03:45 | INFO  |   epoch 10  step  280/800  loss 7.1706e-01  (1.7 samples/s)
05:04:09 | INFO  |   epoch 10  step  300/800  loss 7.5024e-01  (1.7 samples/s)
05:04:33 | INFO  |   epoch 10  step  320/800  loss 6.8758e-02  (1.7 samples/s)
05:04:56 | INFO  |   epoch 10  step  340/800  loss 1.8533e-01  (1.7 samples/s)
05:05:20 | INFO  |   epoch 10  step  360/800  loss 1.0539e-01  (1.7 samples/s)
05:05:44 | INFO  |   epoch 10  step  380/800  loss 1.2189e-01  (1.7 samples/s)
05:06:08 | INFO  |   epoch 10  step  400/800  loss 1.5562e-01  (1.7 samples/s)
05:06:31 | INFO  |   epoch 10  step  420/800  loss 3.7386e-02  (1.7 samples/s)
05:06:55 | INFO  |   epoch 10  step  440/800  loss 2.2874e-01  (1.7 samples/s)
05:07:19 | INFO  |   epoch 10  step  460/800  loss 4.4474e-02  (1.7 samples/s)
05:07:43 | INFO  |   epoch 10  step  480/800  loss 6.2094e-02  (1.7 samples/s)
05:08:06 | INFO  |   epoch 10  step  500/800  loss 4.0183e-02  (1.7 samples/s)
05:08:30 | INFO  |   epoch 10  step  520/800  loss 1.6826e-01  (1.7 samples/s)
05:08:54 | INFO  |   epoch 10  step  540/800  loss 5.1455e-01  (1.7 samples/s)
05:09:17 | INFO  |   epoch 10  step  560/800  loss 8.8590e-02  (1.7 samples/s)
05:09:41 | INFO  |   epoch 10  step  580/800  loss 7.1448e-02  (1.7 samples/s)
05:10:05 | INFO  |   epoch 10  step  600/800  loss 1.2897e-01  (1.7 samples/s)
05:10:28 | INFO  |   epoch 10  step  620/800  loss 2.5032e-01  (1.7 samples/s)
05:10:52 | INFO  |   epoch 10  step  640/800  loss 5.7320e-01  (1.7 samples/s)
05:11:16 | INFO  |   epoch 10  step  660/800  loss 4.3794e-01  (1.7 samples/s)
05:11:40 | INFO  |   epoch 10  step  680/800  loss 1.4500e-01  (1.7 samples/s)
05:12:03 | INFO  |   epoch 10  step  700/800  loss 4.2025e-02  (1.7 samples/s)
05:12:27 | INFO  |   epoch 10  step  720/800  loss 3.2521e-01  (1.7 samples/s)
05:12:50 | INFO  |   epoch 10  step  740/800  loss 7.4876e-02  (1.7 samples/s)
05:13:14 | INFO  |   epoch 10  step  760/800  loss 6.7145e-02  (1.7 samples/s)
05:13:38 | INFO  |   epoch 10  step  780/800  loss 3.4851e-01  (1.7 samples/s)
05:14:01 | INFO  |   epoch 10  step  800/800  loss 1.4636e-01  (1.7 samples/s)
05:14:51 | INFO  | epoch 10  train 2.1774e-01  val 2.7844e-01  intra 0.487  inter 3.840  [best]  (999.2s)
05:14:51 | INFO  | === epoch 11/30  lr=7.50e-04 ===
05:15:16 | INFO  |   epoch 11  step   20/800  loss 1.1205e-01  (1.6 samples/s)
05:15:40 | INFO  |   epoch 11  step   40/800  loss 4.5424e-01  (1.6 samples/s)
05:16:04 | INFO  |   epoch 11  step   60/800  loss 1.1873e-01  (1.7 samples/s)
05:16:27 | INFO  |   epoch 11  step   80/800  loss 3.8842e-01  (1.7 samples/s)
05:16:51 | INFO  |   epoch 11  step  100/800  loss 2.3663e-01  (1.7 samples/s)
05:17:15 | INFO  |   epoch 11  step  120/800  loss 5.6865e-01  (1.7 samples/s)
05:17:38 | INFO  |   epoch 11  step  140/800  loss 2.0588e-02  (1.7 samples/s)
05:18:02 | INFO  |   epoch 11  step  160/800  loss 1.5685e-01  (1.7 samples/s)
05:18:26 | INFO  |   epoch 11  step  180/800  loss 8.7538e-01  (1.7 samples/s)
05:18:50 | INFO  |   epoch 11  step  200/800  loss 6.0830e-02  (1.7 samples/s)
05:19:13 | INFO  |   epoch 11  step  220/800  loss 6.6202e-01  (1.7 samples/s)
05:19:37 | INFO  |   epoch 11  step  240/800  loss 6.4553e-01  (1.7 samples/s)
05:20:01 | INFO  |   epoch 11  step  260/800  loss 1.0587e-01  (1.7 samples/s)
05:20:24 | INFO  |   epoch 11  step  280/800  loss 1.2474e-01  (1.7 samples/s)
05:20:48 | INFO  |   epoch 11  step  300/800  loss 4.4980e-02  (1.7 samples/s)
05:21:12 | INFO  |   epoch 11  step  320/800  loss 2.5242e-01  (1.7 samples/s)
05:21:36 | INFO  |   epoch 11  step  340/800  loss 1.8481e-02  (1.7 samples/s)
05:21:59 | INFO  |   epoch 11  step  360/800  loss 1.6740e-01  (1.7 samples/s)
05:22:23 | INFO  |   epoch 11  step  380/800  loss 2.0210e-02  (1.7 samples/s)
05:22:47 | INFO  |   epoch 11  step  400/800  loss 1.5924e-01  (1.7 samples/s)
05:23:10 | INFO  |   epoch 11  step  420/800  loss 2.0212e-02  (1.7 samples/s)
05:23:34 | INFO  |   epoch 11  step  440/800  loss 2.5439e-02  (1.7 samples/s)
05:23:58 | INFO  |   epoch 11  step  460/800  loss 4.5850e-02  (1.7 samples/s)
05:24:22 | INFO  |   epoch 11  step  480/800  loss 1.4061e-01  (1.7 samples/s)
05:24:45 | INFO  |   epoch 11  step  500/800  loss 3.7449e-01  (1.7 samples/s)
05:25:09 | INFO  |   epoch 11  step  520/800  loss 1.1020e-01  (1.7 samples/s)
05:25:33 | INFO  |   epoch 11  step  540/800  loss 3.8955e-01  (1.7 samples/s)
05:25:57 | INFO  |   epoch 11  step  560/800  loss 2.6228e-01  (1.7 samples/s)
05:26:20 | INFO  |   epoch 11  step  580/800  loss 4.5133e-01  (1.7 samples/s)
05:26:44 | INFO  |   epoch 11  step  600/800  loss 6.1461e-01  (1.7 samples/s)
05:27:08 | INFO  |   epoch 11  step  620/800  loss 4.8164e-02  (1.7 samples/s)
05:27:31 | INFO  |   epoch 11  step  640/800  loss 2.1806e-02  (1.7 samples/s)
05:27:55 | INFO  |   epoch 11  step  660/800  loss 4.8277e-01  (1.7 samples/s)
05:28:18 | INFO  |   epoch 11  step  680/800  loss 2.1431e-02  (1.7 samples/s)
05:28:42 | INFO  |   epoch 11  step  700/800  loss 6.7568e-01  (1.7 samples/s)
05:29:06 | INFO  |   epoch 11  step  720/800  loss 5.1467e-02  (1.7 samples/s)
05:29:30 | INFO  |   epoch 11  step  740/800  loss 7.4190e-02  (1.7 samples/s)
05:29:53 | INFO  |   epoch 11  step  760/800  loss 5.1759e-02  (1.7 samples/s)
05:30:17 | INFO  |   epoch 11  step  780/800  loss 3.7264e-01  (1.7 samples/s)
05:30:40 | INFO  |   epoch 11  step  800/800  loss 2.2199e-01  (1.7 samples/s)
05:31:30 | INFO  | epoch 11  train 2.0621e-01  val 3.4487e-01  intra 0.522  inter 3.393          (998.9s)
05:31:30 | INFO  | === epoch 12/30  lr=7.03e-04 ===
05:31:55 | INFO  |   epoch 12  step   20/800  loss 5.1451e-01  (1.6 samples/s)
05:32:19 | INFO  |   epoch 12  step   40/800  loss 7.4615e-02  (1.6 samples/s)
05:32:43 | INFO  |   epoch 12  step   60/800  loss 1.0349e-01  (1.7 samples/s)
05:33:06 | INFO  |   epoch 12  step   80/800  loss 1.6510e-02  (1.7 samples/s)
05:33:30 | INFO  |   epoch 12  step  100/800  loss 4.9364e-01  (1.7 samples/s)
05:33:54 | INFO  |   epoch 12  step  120/800  loss 3.6810e-01  (1.7 samples/s)
05:34:17 | INFO  |   epoch 12  step  140/800  loss 6.9869e-02  (1.7 samples/s)
05:34:41 | INFO  |   epoch 12  step  160/800  loss 8.3087e-02  (1.7 samples/s)
05:35:05 | INFO  |   epoch 12  step  180/800  loss 5.2480e-02  (1.7 samples/s)
05:35:28 | INFO  |   epoch 12  step  200/800  loss 3.7077e-02  (1.7 samples/s)
05:35:52 | INFO  |   epoch 12  step  220/800  loss 3.4944e-02  (1.7 samples/s)
05:36:16 | INFO  |   epoch 12  step  240/800  loss 2.7674e-01  (1.7 samples/s)
05:36:39 | INFO  |   epoch 12  step  260/800  loss 2.1199e-01  (1.7 samples/s)
05:37:03 | INFO  |   epoch 12  step  280/800  loss 6.7066e-01  (1.7 samples/s)
05:37:27 | INFO  |   epoch 12  step  300/800  loss 5.3539e-01  (1.7 samples/s)
05:37:51 | INFO  |   epoch 12  step  320/800  loss 5.7824e-02  (1.7 samples/s)
05:38:14 | INFO  |   epoch 12  step  340/800  loss 3.0645e-02  (1.7 samples/s)
05:38:38 | INFO  |   epoch 12  step  360/800  loss 8.1322e-01  (1.7 samples/s)
05:39:02 | INFO  |   epoch 12  step  380/800  loss 3.1260e-02  (1.7 samples/s)
05:39:26 | INFO  |   epoch 12  step  400/800  loss 6.9830e-02  (1.7 samples/s)
05:39:49 | INFO  |   epoch 12  step  420/800  loss 9.1015e-03  (1.7 samples/s)
05:40:13 | INFO  |   epoch 12  step  440/800  loss 1.5519e-01  (1.7 samples/s)
05:40:37 | INFO  |   epoch 12  step  460/800  loss 3.4817e-02  (1.7 samples/s)
05:41:01 | INFO  |   epoch 12  step  480/800  loss 2.8956e-02  (1.7 samples/s)
05:41:24 | INFO  |   epoch 12  step  500/800  loss 3.9661e-01  (1.7 samples/s)
05:41:48 | INFO  |   epoch 12  step  520/800  loss 7.1539e-02  (1.7 samples/s)
05:42:12 | INFO  |   epoch 12  step  540/800  loss 2.6546e-02  (1.7 samples/s)
05:42:36 | INFO  |   epoch 12  step  560/800  loss 2.8910e-01  (1.7 samples/s)
05:43:00 | INFO  |   epoch 12  step  580/800  loss 2.6699e-01  (1.7 samples/s)
05:43:23 | INFO  |   epoch 12  step  600/800  loss 3.0568e-01  (1.7 samples/s)
05:43:47 | INFO  |   epoch 12  step  620/800  loss 1.1796e-01  (1.7 samples/s)
05:44:11 | INFO  |   epoch 12  step  640/800  loss 1.0607e-01  (1.7 samples/s)
05:44:35 | INFO  |   epoch 12  step  660/800  loss 3.0837e-02  (1.7 samples/s)
05:44:59 | INFO  |   epoch 12  step  680/800  loss 1.5413e-01  (1.7 samples/s)
05:45:22 | INFO  |   epoch 12  step  700/800  loss 5.2009e-02  (1.7 samples/s)
05:45:46 | INFO  |   epoch 12  step  720/800  loss 6.9520e-02  (1.7 samples/s)
05:46:10 | INFO  |   epoch 12  step  740/800  loss 3.6520e-02  (1.7 samples/s)
05:46:33 | INFO  |   epoch 12  step  760/800  loss 2.2895e-01  (1.7 samples/s)
05:46:57 | INFO  |   epoch 12  step  780/800  loss 6.7265e-02  (1.7 samples/s)
05:47:21 | INFO  |   epoch 12  step  800/800  loss 3.5946e-01  (1.7 samples/s)
05:48:11 | INFO  | epoch 12  train 1.9501e-01  val 2.6880e-01  intra 0.444  inter 3.576  [best]  (1000.5s)
05:48:11 | INFO  | === epoch 13/30  lr=6.55e-04 ===
05:48:36 | INFO  |   epoch 13  step   20/800  loss 3.3003e-02  (1.6 samples/s)
05:49:00 | INFO  |   epoch 13  step   40/800  loss 7.2342e-02  (1.6 samples/s)
05:49:23 | INFO  |   epoch 13  step   60/800  loss 2.4131e-01  (1.7 samples/s)
05:49:47 | INFO  |   epoch 13  step   80/800  loss 2.0566e-01  (1.7 samples/s)
05:50:11 | INFO  |   epoch 13  step  100/800  loss 8.3684e-02  (1.7 samples/s)
05:50:35 | INFO  |   epoch 13  step  120/800  loss 8.3487e-02  (1.7 samples/s)
05:50:59 | INFO  |   epoch 13  step  140/800  loss 2.3579e-02  (1.7 samples/s)
05:51:23 | INFO  |   epoch 13  step  160/800  loss 5.8114e-01  (1.7 samples/s)
05:51:46 | INFO  |   epoch 13  step  180/800  loss 1.5215e-01  (1.7 samples/s)
05:52:10 | INFO  |   epoch 13  step  200/800  loss 4.5270e-02  (1.7 samples/s)
05:52:34 | INFO  |   epoch 13  step  220/800  loss 8.9584e-02  (1.7 samples/s)
05:52:58 | INFO  |   epoch 13  step  240/800  loss 3.7866e-02  (1.7 samples/s)
05:53:21 | INFO  |   epoch 13  step  260/800  loss 2.3747e-02  (1.7 samples/s)
05:53:45 | INFO  |   epoch 13  step  280/800  loss 3.7163e-01  (1.7 samples/s)
05:54:09 | INFO  |   epoch 13  step  300/800  loss 1.9842e-02  (1.7 samples/s)
05:54:33 | INFO  |   epoch 13  step  320/800  loss 6.5537e-02  (1.7 samples/s)
05:54:57 | INFO  |   epoch 13  step  340/800  loss 5.2067e-02  (1.7 samples/s)
05:55:20 | INFO  |   epoch 13  step  360/800  loss 1.2579e-01  (1.7 samples/s)
05:55:44 | INFO  |   epoch 13  step  380/800  loss 8.8312e-02  (1.7 samples/s)
05:56:08 | INFO  |   epoch 13  step  400/800  loss 5.3327e-02  (1.7 samples/s)
05:56:32 | INFO  |   epoch 13  step  420/800  loss 1.9263e-01  (1.7 samples/s)
05:56:55 | INFO  |   epoch 13  step  440/800  loss 8.9188e-02  (1.7 samples/s)
05:57:19 | INFO  |   epoch 13  step  460/800  loss 1.9762e-01  (1.7 samples/s)
05:57:43 | INFO  |   epoch 13  step  480/800  loss 3.7720e-01  (1.7 samples/s)
05:58:06 | INFO  |   epoch 13  step  500/800  loss 1.6198e-02  (1.7 samples/s)
05:58:30 | INFO  |   epoch 13  step  520/800  loss 9.6971e-02  (1.7 samples/s)
05:58:54 | INFO  |   epoch 13  step  540/800  loss 3.6499e-02  (1.7 samples/s)
05:59:18 | INFO  |   epoch 13  step  560/800  loss 8.0469e-01  (1.7 samples/s)
05:59:42 | INFO  |   epoch 13  step  580/800  loss 1.9849e-01  (1.7 samples/s)
06:00:06 | INFO  |   epoch 13  step  600/800  loss 4.1634e-02  (1.7 samples/s)
06:00:29 | INFO  |   epoch 13  step  620/800  loss 9.7624e-02  (1.7 samples/s)
06:00:53 | INFO  |   epoch 13  step  640/800  loss 4.5510e-02  (1.7 samples/s)
06:01:17 | INFO  |   epoch 13  step  660/800  loss 4.6980e-01  (1.7 samples/s)
06:01:41 | INFO  |   epoch 13  step  680/800  loss 5.3171e-02  (1.7 samples/s)
06:02:05 | INFO  |   epoch 13  step  700/800  loss 3.8811e-01  (1.7 samples/s)
06:02:28 | INFO  |   epoch 13  step  720/800  loss 2.0102e-02  (1.7 samples/s)
06:02:52 | INFO  |   epoch 13  step  740/800  loss 5.0778e-01  (1.7 samples/s)
06:03:16 | INFO  |   epoch 13  step  760/800  loss 9.3981e-02  (1.7 samples/s)
06:03:40 | INFO  |   epoch 13  step  780/800  loss 7.2303e-02  (1.7 samples/s)
06:04:03 | INFO  |   epoch 13  step  800/800  loss 2.1996e-02  (1.7 samples/s)
06:04:54 | INFO  | epoch 13  train 1.8310e-01  val 2.5095e-01  intra 0.492  inter 3.842  [best]  (1002.8s)
06:04:54 | INFO  | === epoch 14/30  lr=6.04e-04 ===
06:05:19 | INFO  |   epoch 14  step   20/800  loss 6.3394e-02  (1.6 samples/s)
06:05:42 | INFO  |   epoch 14  step   40/800  loss 5.7009e-02  (1.6 samples/s)
06:06:06 | INFO  |   epoch 14  step   60/800  loss 1.0463e-01  (1.7 samples/s)
06:06:30 | INFO  |   epoch 14  step   80/800  loss 1.2727e-01  (1.7 samples/s)
06:06:54 | INFO  |   epoch 14  step  100/800  loss 2.0397e-02  (1.7 samples/s)
06:07:18 | INFO  |   epoch 14  step  120/800  loss 5.6193e-02  (1.7 samples/s)
06:07:41 | INFO  |   epoch 14  step  140/800  loss 2.1432e-02  (1.7 samples/s)
06:08:05 | INFO  |   epoch 14  step  160/800  loss 3.4420e-01  (1.7 samples/s)
06:08:29 | INFO  |   epoch 14  step  180/800  loss 2.2758e-01  (1.7 samples/s)
06:08:52 | INFO  |   epoch 14  step  200/800  loss 2.1604e-01  (1.7 samples/s)
06:09:16 | INFO  |   epoch 14  step  220/800  loss 3.4523e-01  (1.7 samples/s)
06:09:40 | INFO  |   epoch 14  step  240/800  loss 7.4414e-02  (1.7 samples/s)
06:10:04 | INFO  |   epoch 14  step  260/800  loss 1.4139e-01  (1.7 samples/s)
06:10:27 | INFO  |   epoch 14  step  280/800  loss 1.3226e+00  (1.7 samples/s)
06:10:51 | INFO  |   epoch 14  step  300/800  loss 2.3615e-01  (1.7 samples/s)
06:11:15 | INFO  |   epoch 14  step  320/800  loss 6.9754e-02  (1.7 samples/s)
06:11:39 | INFO  |   epoch 14  step  340/800  loss 2.5673e-01  (1.7 samples/s)
06:12:02 | INFO  |   epoch 14  step  360/800  loss 3.3257e-02  (1.7 samples/s)
06:12:26 | INFO  |   epoch 14  step  380/800  loss 2.1402e-01  (1.7 samples/s)
06:12:50 | INFO  |   epoch 14  step  400/800  loss 1.0779e-01  (1.7 samples/s)
06:13:14 | INFO  |   epoch 14  step  420/800  loss 3.0575e-02  (1.7 samples/s)
06:13:37 | INFO  |   epoch 14  step  440/800  loss 2.8663e-02  (1.7 samples/s)
06:14:01 | INFO  |   epoch 14  step  460/800  loss 3.7749e-02  (1.7 samples/s)
06:14:25 | INFO  |   epoch 14  step  480/800  loss 1.1206e-01  (1.7 samples/s)
06:14:49 | INFO  |   epoch 14  step  500/800  loss 1.3961e-01  (1.7 samples/s)
06:15:13 | INFO  |   epoch 14  step  520/800  loss 3.2193e-02  (1.7 samples/s)
06:15:37 | INFO  |   epoch 14  step  540/800  loss 9.3281e-01  (1.7 samples/s)
06:16:00 | INFO  |   epoch 14  step  560/800  loss 6.0026e-02  (1.7 samples/s)
06:16:24 | INFO  |   epoch 14  step  580/800  loss 1.7742e-01  (1.7 samples/s)
06:16:48 | INFO  |   epoch 14  step  600/800  loss 8.8174e-02  (1.7 samples/s)
06:17:12 | INFO  |   epoch 14  step  620/800  loss 6.3723e-02  (1.7 samples/s)
06:17:36 | INFO  |   epoch 14  step  640/800  loss 3.8800e-01  (1.7 samples/s)
06:18:00 | INFO  |   epoch 14  step  660/800  loss 3.9761e-02  (1.7 samples/s)
06:18:23 | INFO  |   epoch 14  step  680/800  loss 6.4302e-02  (1.7 samples/s)
06:18:47 | INFO  |   epoch 14  step  700/800  loss 3.3483e-01  (1.7 samples/s)
06:19:11 | INFO  |   epoch 14  step  720/800  loss 2.2896e-01  (1.7 samples/s)
06:19:35 | INFO  |   epoch 14  step  740/800  loss 1.8602e-02  (1.7 samples/s)
06:19:59 | INFO  |   epoch 14  step  760/800  loss 4.7838e-02  (1.7 samples/s)
06:20:22 | INFO  |   epoch 14  step  780/800  loss 2.9369e-02  (1.7 samples/s)
06:20:46 | INFO  |   epoch 14  step  800/800  loss 2.0450e-01  (1.7 samples/s)
06:21:36 | INFO  | epoch 14  train 1.6828e-01  val 2.4898e-01  intra 0.454  inter 3.722  [best]  (1002.2s)
06:21:36 | INFO  | === epoch 15/30  lr=5.52e-04 ===
06:22:01 | INFO  |   epoch 15  step   20/800  loss 6.0179e-01  (1.6 samples/s)
06:22:25 | INFO  |   epoch 15  step   40/800  loss 3.0784e-02  (1.6 samples/s)
06:22:48 | INFO  |   epoch 15  step   60/800  loss 3.2509e-02  (1.7 samples/s)
06:23:12 | INFO  |   epoch 15  step   80/800  loss 1.1432e-01  (1.7 samples/s)
06:23:36 | INFO  |   epoch 15  step  100/800  loss 5.4926e-01  (1.7 samples/s)
06:24:00 | INFO  |   epoch 15  step  120/800  loss 9.4815e-02  (1.7 samples/s)
06:24:23 | INFO  |   epoch 15  step  140/800  loss 5.0511e-01  (1.7 samples/s)
06:24:47 | INFO  |   epoch 15  step  160/800  loss 1.7423e-01  (1.7 samples/s)
06:25:11 | INFO  |   epoch 15  step  180/800  loss 1.2099e-01  (1.7 samples/s)
06:25:35 | INFO  |   epoch 15  step  200/800  loss 2.2554e-02  (1.7 samples/s)
06:25:58 | INFO  |   epoch 15  step  220/800  loss 3.8367e-01  (1.7 samples/s)
06:26:22 | INFO  |   epoch 15  step  240/800  loss 1.8889e-01  (1.7 samples/s)
06:26:46 | INFO  |   epoch 15  step  260/800  loss 2.9469e-02  (1.7 samples/s)
06:27:10 | INFO  |   epoch 15  step  280/800  loss 1.9100e-02  (1.7 samples/s)
06:27:33 | INFO  |   epoch 15  step  300/800  loss 7.7800e-02  (1.7 samples/s)
06:27:57 | INFO  |   epoch 15  step  320/800  loss 4.7197e-02  (1.7 samples/s)
06:28:21 | INFO  |   epoch 15  step  340/800  loss 2.7957e-01  (1.7 samples/s)
06:28:45 | INFO  |   epoch 15  step  360/800  loss 2.2508e-02  (1.7 samples/s)
06:29:09 | INFO  |   epoch 15  step  380/800  loss 2.3280e-02  (1.7 samples/s)
06:29:33 | INFO  |   epoch 15  step  400/800  loss 2.0553e-02  (1.7 samples/s)
06:29:56 | INFO  |   epoch 15  step  420/800  loss 2.1124e-02  (1.7 samples/s)
06:30:20 | INFO  |   epoch 15  step  440/800  loss 8.7048e-02  (1.7 samples/s)
06:30:44 | INFO  |   epoch 15  step  460/800  loss 1.0657e-01  (1.7 samples/s)
06:31:08 | INFO  |   epoch 15  step  480/800  loss 3.0876e-02  (1.7 samples/s)
06:31:31 | INFO  |   epoch 15  step  500/800  loss 4.2935e-02  (1.7 samples/s)
06:31:55 | INFO  |   epoch 15  step  520/800  loss 1.5465e-01  (1.7 samples/s)
06:32:19 | INFO  |   epoch 15  step  540/800  loss 1.9321e-01  (1.7 samples/s)
06:32:43 | INFO  |   epoch 15  step  560/800  loss 5.2174e-02  (1.7 samples/s)
06:33:06 | INFO  |   epoch 15  step  580/800  loss 1.9091e-01  (1.7 samples/s)
06:33:30 | INFO  |   epoch 15  step  600/800  loss 7.1807e-02  (1.7 samples/s)
06:33:54 | INFO  |   epoch 15  step  620/800  loss 2.0206e-01  (1.7 samples/s)
06:34:18 | INFO  |   epoch 15  step  640/800  loss 2.6500e-01  (1.7 samples/s)
06:34:42 | INFO  |   epoch 15  step  660/800  loss 1.3513e-02  (1.7 samples/s)
06:35:06 | INFO  |   epoch 15  step  680/800  loss 3.3460e-01  (1.7 samples/s)
06:35:29 | INFO  |   epoch 15  step  700/800  loss 1.4428e-01  (1.7 samples/s)
06:35:53 | INFO  |   epoch 15  step  720/800  loss 6.1695e-02  (1.7 samples/s)
06:36:17 | INFO  |   epoch 15  step  740/800  loss 4.4655e-02  (1.7 samples/s)
06:36:41 | INFO  |   epoch 15  step  760/800  loss 8.7520e-02  (1.7 samples/s)
06:37:04 | INFO  |   epoch 15  step  780/800  loss 2.0810e-01  (1.7 samples/s)
06:37:28 | INFO  |   epoch 15  step  800/800  loss 6.9548e-02  (1.7 samples/s)
06:38:18 | INFO  | epoch 15  train 1.5811e-01  val 2.4499e-01  intra 0.487  inter 4.158  [best]  (1002.1s)
06:38:18 | INFO  | === epoch 16/30  lr=5.00e-04 ===
06:38:44 | INFO  |   epoch 16  step   20/800  loss 4.1845e-01  (1.6 samples/s)
06:39:07 | INFO  |   epoch 16  step   40/800  loss 1.3016e-01  (1.6 samples/s)
06:39:31 | INFO  |   epoch 16  step   60/800  loss 1.4605e-01  (1.6 samples/s)
06:39:55 | INFO  |   epoch 16  step   80/800  loss 1.0201e-01  (1.7 samples/s)
06:40:19 | INFO  |   epoch 16  step  100/800  loss 2.8709e-02  (1.7 samples/s)
06:40:43 | INFO  |   epoch 16  step  120/800  loss 7.4442e-02  (1.7 samples/s)
06:41:06 | INFO  |   epoch 16  step  140/800  loss 2.3748e-02  (1.7 samples/s)
06:41:30 | INFO  |   epoch 16  step  160/800  loss 1.1727e-01  (1.7 samples/s)
06:41:54 | INFO  |   epoch 16  step  180/800  loss 5.4544e-02  (1.7 samples/s)
06:42:18 | INFO  |   epoch 16  step  200/800  loss 1.3603e-01  (1.7 samples/s)
06:42:42 | INFO  |   epoch 16  step  220/800  loss 2.0214e-02  (1.7 samples/s)
06:43:05 | INFO  |   epoch 16  step  240/800  loss 8.3859e-02  (1.7 samples/s)
06:43:29 | INFO  |   epoch 16  step  260/800  loss 7.8080e-02  (1.7 samples/s)
06:43:53 | INFO  |   epoch 16  step  280/800  loss 2.3641e-01  (1.7 samples/s)
06:44:17 | INFO  |   epoch 16  step  300/800  loss 4.2809e-02  (1.7 samples/s)
06:44:41 | INFO  |   epoch 16  step  320/800  loss 1.9948e-02  (1.7 samples/s)
06:45:04 | INFO  |   epoch 16  step  340/800  loss 3.6365e-01  (1.7 samples/s)
06:45:28 | INFO  |   epoch 16  step  360/800  loss 3.2429e-02  (1.7 samples/s)
06:45:52 | INFO  |   epoch 16  step  380/800  loss 6.4699e-02  (1.7 samples/s)
06:46:16 | INFO  |   epoch 16  step  400/800  loss 2.9728e-01  (1.7 samples/s)
06:46:40 | INFO  |   epoch 16  step  420/800  loss 1.8233e-01  (1.7 samples/s)
06:47:03 | INFO  |   epoch 16  step  440/800  loss 4.9652e-01  (1.7 samples/s)
06:47:27 | INFO  |   epoch 16  step  460/800  loss 9.2176e-02  (1.7 samples/s)
06:47:51 | INFO  |   epoch 16  step  480/800  loss 4.4937e-02  (1.7 samples/s)
06:48:15 | INFO  |   epoch 16  step  500/800  loss 1.0629e-01  (1.7 samples/s)
06:48:39 | INFO  |   epoch 16  step  520/800  loss 6.7901e-01  (1.7 samples/s)
06:49:03 | INFO  |   epoch 16  step  540/800  loss 9.7004e-02  (1.7 samples/s)
06:49:26 | INFO  |   epoch 16  step  560/800  loss 3.5890e-01  (1.7 samples/s)
06:49:50 | INFO  |   epoch 16  step  580/800  loss 2.4862e-01  (1.7 samples/s)
06:50:14 | INFO  |   epoch 16  step  600/800  loss 4.4600e-01  (1.7 samples/s)
06:50:38 | INFO  |   epoch 16  step  620/800  loss 1.8165e-02  (1.7 samples/s)
06:51:01 | INFO  |   epoch 16  step  640/800  loss 1.6221e-02  (1.7 samples/s)
06:51:25 | INFO  |   epoch 16  step  660/800  loss 1.3355e-01  (1.7 samples/s)
06:51:49 | INFO  |   epoch 16  step  680/800  loss 6.1642e-02  (1.7 samples/s)
06:52:13 | INFO  |   epoch 16  step  700/800  loss 6.9840e-02  (1.7 samples/s)
06:52:36 | INFO  |   epoch 16  step  720/800  loss 1.2026e-01  (1.7 samples/s)
06:53:00 | INFO  |   epoch 16  step  740/800  loss 3.8079e-02  (1.7 samples/s)
06:53:24 | INFO  |   epoch 16  step  760/800  loss 8.9109e-02  (1.7 samples/s)
06:53:48 | INFO  |   epoch 16  step  780/800  loss 2.9997e-02  (1.7 samples/s)
06:54:11 | INFO  |   epoch 16  step  800/800  loss 2.3753e-02  (1.7 samples/s)
06:55:02 | INFO  | epoch 16  train 1.5182e-01  val 2.3740e-01  intra 0.459  inter 3.985  [best]  (1003.4s)
06:55:02 | INFO  | === epoch 17/30  lr=4.48e-04 ===
06:55:27 | INFO  |   epoch 17  step   20/800  loss 8.5979e-01  (1.6 samples/s)
06:55:50 | INFO  |   epoch 17  step   40/800  loss 2.0052e-01  (1.6 samples/s)
06:56:14 | INFO  |   epoch 17  step   60/800  loss 1.0004e-01  (1.7 samples/s)
06:56:38 | INFO  |   epoch 17  step   80/800  loss 9.7464e-02  (1.7 samples/s)
06:57:02 | INFO  |   epoch 17  step  100/800  loss 5.7414e-01  (1.7 samples/s)
06:57:25 | INFO  |   epoch 17  step  120/800  loss 6.3362e-02  (1.7 samples/s)
06:57:49 | INFO  |   epoch 17  step  140/800  loss 2.4270e-02  (1.7 samples/s)
06:58:13 | INFO  |   epoch 17  step  160/800  loss 1.7769e-01  (1.7 samples/s)
06:58:36 | INFO  |   epoch 17  step  180/800  loss 1.0396e-01  (1.7 samples/s)
06:59:00 | INFO  |   epoch 17  step  200/800  loss 1.1002e-01  (1.7 samples/s)
06:59:24 | INFO  |   epoch 17  step  220/800  loss 2.6416e-02  (1.7 samples/s)
06:59:47 | INFO  |   epoch 17  step  240/800  loss 3.4394e-02  (1.7 samples/s)
07:00:11 | INFO  |   epoch 17  step  260/800  loss 1.7434e-01  (1.7 samples/s)
07:00:35 | INFO  |   epoch 17  step  280/800  loss 8.4831e-02  (1.7 samples/s)
07:00:58 | INFO  |   epoch 17  step  300/800  loss 3.3905e-02  (1.7 samples/s)
07:01:22 | INFO  |   epoch 17  step  320/800  loss 3.0119e-01  (1.7 samples/s)
07:01:46 | INFO  |   epoch 17  step  340/800  loss 3.8156e-02  (1.7 samples/s)
07:02:10 | INFO  |   epoch 17  step  360/800  loss 5.8386e-01  (1.7 samples/s)
07:02:33 | INFO  |   epoch 17  step  380/800  loss 1.0609e-01  (1.7 samples/s)
07:02:57 | INFO  |   epoch 17  step  400/800  loss 3.1673e-02  (1.7 samples/s)
07:03:21 | INFO  |   epoch 17  step  420/800  loss 5.3175e-02  (1.7 samples/s)
07:03:45 | INFO  |   epoch 17  step  440/800  loss 2.4946e-02  (1.7 samples/s)
07:04:08 | INFO  |   epoch 17  step  460/800  loss 3.0578e-02  (1.7 samples/s)
07:04:32 | INFO  |   epoch 17  step  480/800  loss 4.4400e-02  (1.7 samples/s)
07:04:56 | INFO  |   epoch 17  step  500/800  loss 5.9329e-02  (1.7 samples/s)
07:05:19 | INFO  |   epoch 17  step  520/800  loss 2.0527e-01  (1.7 samples/s)
07:05:43 | INFO  |   epoch 17  step  540/800  loss 9.6414e-03  (1.7 samples/s)
07:06:07 | INFO  |   epoch 17  step  560/800  loss 2.6996e-02  (1.7 samples/s)
07:06:30 | INFO  |   epoch 17  step  580/800  loss 3.2526e-02  (1.7 samples/s)
07:06:54 | INFO  |   epoch 17  step  600/800  loss 5.4752e-02  (1.7 samples/s)
07:07:18 | INFO  |   epoch 17  step  620/800  loss 8.0662e-02  (1.7 samples/s)
07:07:41 | INFO  |   epoch 17  step  640/800  loss 3.1966e-01  (1.7 samples/s)
07:08:05 | INFO  |   epoch 17  step  660/800  loss 3.2017e-01  (1.7 samples/s)
07:08:29 | INFO  |   epoch 17  step  680/800  loss 1.3426e-01  (1.7 samples/s)
07:08:52 | INFO  |   epoch 17  step  700/800  loss 1.2352e-02  (1.7 samples/s)
07:09:16 | INFO  |   epoch 17  step  720/800  loss 4.3917e-01  (1.7 samples/s)
07:09:40 | INFO  |   epoch 17  step  740/800  loss 3.5488e-01  (1.7 samples/s)
07:10:04 | INFO  |   epoch 17  step  760/800  loss 2.5161e-02  (1.7 samples/s)
07:10:28 | INFO  |   epoch 17  step  780/800  loss 8.8057e-02  (1.7 samples/s)
07:10:51 | INFO  |   epoch 17  step  800/800  loss 1.3429e-02  (1.7 samples/s)
07:11:41 | INFO  | epoch 17  train 1.3766e-01  val 2.3205e-01  intra 0.426  inter 4.035  [best]  (999.6s)
07:11:41 | INFO  | === epoch 18/30  lr=3.96e-04 ===
07:12:06 | INFO  |   epoch 18  step   20/800  loss 1.5833e-01  (1.6 samples/s)
07:12:30 | INFO  |   epoch 18  step   40/800  loss 3.0604e-02  (1.6 samples/s)
07:12:54 | INFO  |   epoch 18  step   60/800  loss 1.0729e-01  (1.7 samples/s)
07:13:17 | INFO  |   epoch 18  step   80/800  loss 6.5901e-03  (1.7 samples/s)
07:13:41 | INFO  |   epoch 18  step  100/800  loss 4.4113e-02  (1.7 samples/s)
07:14:05 | INFO  |   epoch 18  step  120/800  loss 6.6341e-02  (1.7 samples/s)
07:14:28 | INFO  |   epoch 18  step  140/800  loss 5.1293e-02  (1.7 samples/s)
07:14:52 | INFO  |   epoch 18  step  160/800  loss 5.5762e-02  (1.7 samples/s)
07:15:16 | INFO  |   epoch 18  step  180/800  loss 1.8299e-02  (1.7 samples/s)
07:15:39 | INFO  |   epoch 18  step  200/800  loss 3.4469e-01  (1.7 samples/s)
07:16:03 | INFO  |   epoch 18  step  220/800  loss 4.6626e-02  (1.7 samples/s)
07:16:27 | INFO  |   epoch 18  step  240/800  loss 4.2776e-01  (1.7 samples/s)
07:16:51 | INFO  |   epoch 18  step  260/800  loss 1.9756e-02  (1.7 samples/s)
07:17:15 | INFO  |   epoch 18  step  280/800  loss 2.2708e-01  (1.7 samples/s)
07:17:38 | INFO  |   epoch 18  step  300/800  loss 2.1038e-01  (1.7 samples/s)
07:18:02 | INFO  |   epoch 18  step  320/800  loss 2.5921e-01  (1.7 samples/s)
07:18:26 | INFO  |   epoch 18  step  340/800  loss 8.1966e-02  (1.7 samples/s)
07:18:50 | INFO  |   epoch 18  step  360/800  loss 3.0744e-02  (1.7 samples/s)
07:19:13 | INFO  |   epoch 18  step  380/800  loss 1.4097e-01  (1.7 samples/s)
07:19:37 | INFO  |   epoch 18  step  400/800  loss 7.9452e-02  (1.7 samples/s)
07:20:01 | INFO  |   epoch 18  step  420/800  loss 4.3844e-01  (1.7 samples/s)
07:20:25 | INFO  |   epoch 18  step  440/800  loss 3.8422e-02  (1.7 samples/s)
07:20:48 | INFO  |   epoch 18  step  460/800  loss 2.0208e-02  (1.7 samples/s)
07:21:12 | INFO  |   epoch 18  step  480/800  loss 3.3793e-01  (1.7 samples/s)
07:21:36 | INFO  |   epoch 18  step  500/800  loss 3.3049e-02  (1.7 samples/s)
07:21:59 | INFO  |   epoch 18  step  520/800  loss 3.3819e-02  (1.7 samples/s)
07:22:23 | INFO  |   epoch 18  step  540/800  loss 2.7192e-02  (1.7 samples/s)
07:22:47 | INFO  |   epoch 18  step  560/800  loss 6.6226e-02  (1.7 samples/s)
07:23:10 | INFO  |   epoch 18  step  580/800  loss 6.8183e-01  (1.7 samples/s)
07:23:34 | INFO  |   epoch 18  step  600/800  loss 4.1670e-01  (1.7 samples/s)
07:23:58 | INFO  |   epoch 18  step  620/800  loss 1.1541e-01  (1.7 samples/s)
07:24:21 | INFO  |   epoch 18  step  640/800  loss 7.4694e-02  (1.7 samples/s)
07:24:45 | INFO  |   epoch 18  step  660/800  loss 1.5037e-01  (1.7 samples/s)
07:25:09 | INFO  |   epoch 18  step  680/800  loss 3.3998e-01  (1.7 samples/s)
07:25:33 | INFO  |   epoch 18  step  700/800  loss 5.1320e-02  (1.7 samples/s)
07:25:56 | INFO  |   epoch 18  step  720/800  loss 4.4324e-02  (1.7 samples/s)
07:26:20 | INFO  |   epoch 18  step  740/800  loss 1.5036e-01  (1.7 samples/s)
07:26:44 | INFO  |   epoch 18  step  760/800  loss 2.4787e-02  (1.7 samples/s)
07:27:08 | INFO  |   epoch 18  step  780/800  loss 1.3613e-02  (1.7 samples/s)
07:27:31 | INFO  |   epoch 18  step  800/800  loss 4.9677e-02  (1.7 samples/s)
07:28:21 | INFO  | epoch 18  train 1.3292e-01  val 2.2917e-01  intra 0.440  inter 3.932  [best]  (999.9s)
07:28:21 | INFO  | === epoch 19/30  lr=3.45e-04 ===
07:28:46 | INFO  |   epoch 19  step   20/800  loss 2.3809e-02  (1.6 samples/s)
07:29:10 | INFO  |   epoch 19  step   40/800  loss 3.8786e-02  (1.6 samples/s)
07:29:33 | INFO  |   epoch 19  step   60/800  loss 3.1395e-02  (1.7 samples/s)
07:29:57 | INFO  |   epoch 19  step   80/800  loss 1.1299e-01  (1.7 samples/s)
07:30:21 | INFO  |   epoch 19  step  100/800  loss 5.6728e-02  (1.7 samples/s)
07:30:45 | INFO  |   epoch 19  step  120/800  loss 8.6004e-02  (1.7 samples/s)
07:31:08 | INFO  |   epoch 19  step  140/800  loss 1.2439e-01  (1.7 samples/s)
07:31:32 | INFO  |   epoch 19  step  160/800  loss 2.9707e-02  (1.7 samples/s)
07:31:56 | INFO  |   epoch 19  step  180/800  loss 1.4306e-02  (1.7 samples/s)
07:32:19 | INFO  |   epoch 19  step  200/800  loss 6.0463e-02  (1.7 samples/s)
07:32:43 | INFO  |   epoch 19  step  220/800  loss 1.7154e-02  (1.7 samples/s)
07:33:07 | INFO  |   epoch 19  step  240/800  loss 6.9650e-02  (1.7 samples/s)
07:33:30 | INFO  |   epoch 19  step  260/800  loss 5.2140e-02  (1.7 samples/s)
07:33:54 | INFO  |   epoch 19  step  280/800  loss 2.9738e-02  (1.7 samples/s)
07:34:18 | INFO  |   epoch 19  step  300/800  loss 5.4633e-02  (1.7 samples/s)
07:34:41 | INFO  |   epoch 19  step  320/800  loss 5.4879e-02  (1.7 samples/s)
07:35:05 | INFO  |   epoch 19  step  340/800  loss 5.8303e-02  (1.7 samples/s)
07:35:29 | INFO  |   epoch 19  step  360/800  loss 2.7517e-02  (1.7 samples/s)
07:35:53 | INFO  |   epoch 19  step  380/800  loss 3.1949e-02  (1.7 samples/s)
07:36:16 | INFO  |   epoch 19  step  400/800  loss 2.7970e-02  (1.7 samples/s)
07:36:40 | INFO  |   epoch 19  step  420/800  loss 2.4087e-01  (1.7 samples/s)
07:37:04 | INFO  |   epoch 19  step  440/800  loss 1.8052e-01  (1.7 samples/s)
07:37:28 | INFO  |   epoch 19  step  460/800  loss 9.4304e-03  (1.7 samples/s)
07:37:51 | INFO  |   epoch 19  step  480/800  loss 2.0348e-01  (1.7 samples/s)
07:38:15 | INFO  |   epoch 19  step  500/800  loss 1.4427e-01  (1.7 samples/s)
07:38:39 | INFO  |   epoch 19  step  520/800  loss 1.2761e-01  (1.7 samples/s)
07:39:03 | INFO  |   epoch 19  step  540/800  loss 7.7784e-02  (1.7 samples/s)
07:39:26 | INFO  |   epoch 19  step  560/800  loss 3.7589e-02  (1.7 samples/s)
07:39:50 | INFO  |   epoch 19  step  580/800  loss 9.7653e-02  (1.7 samples/s)
07:40:14 | INFO  |   epoch 19  step  600/800  loss 1.0837e-01  (1.7 samples/s)
07:40:37 | INFO  |   epoch 19  step  620/800  loss 2.8618e-02  (1.7 samples/s)
07:41:01 | INFO  |   epoch 19  step  640/800  loss 1.6468e-01  (1.7 samples/s)
07:41:25 | INFO  |   epoch 19  step  660/800  loss 1.5389e-01  (1.7 samples/s)
07:41:49 | INFO  |   epoch 19  step  680/800  loss 4.4606e-02  (1.7 samples/s)
07:42:13 | INFO  |   epoch 19  step  700/800  loss 2.4468e-02  (1.7 samples/s)
07:42:36 | INFO  |   epoch 19  step  720/800  loss 2.9222e-02  (1.7 samples/s)
07:43:00 | INFO  |   epoch 19  step  740/800  loss 2.6257e-02  (1.7 samples/s)
07:43:24 | INFO  |   epoch 19  step  760/800  loss 4.0628e-02  (1.7 samples/s)
07:43:48 | INFO  |   epoch 19  step  780/800  loss 3.7456e-01  (1.7 samples/s)
07:44:11 | INFO  |   epoch 19  step  800/800  loss 2.6128e-01  (1.7 samples/s)
07:45:01 | INFO  | epoch 19  train 1.2519e-01  val 2.1761e-01  intra 0.417  inter 4.030  [best]  (999.8s)
07:45:01 | INFO  | === epoch 20/30  lr=2.97e-04 ===
07:45:26 | INFO  |   epoch 20  step   20/800  loss 4.3972e-02  (1.6 samples/s)
07:45:50 | INFO  |   epoch 20  step   40/800  loss 3.7497e-02  (1.6 samples/s)
07:46:13 | INFO  |   epoch 20  step   60/800  loss 2.6887e-01  (1.7 samples/s)
07:46:37 | INFO  |   epoch 20  step   80/800  loss 5.6793e-02  (1.7 samples/s)
07:47:01 | INFO  |   epoch 20  step  100/800  loss 8.0060e-02  (1.7 samples/s)
07:47:24 | INFO  |   epoch 20  step  120/800  loss 2.3554e-02  (1.7 samples/s)
07:47:48 | INFO  |   epoch 20  step  140/800  loss 1.2408e-02  (1.7 samples/s)
07:48:12 | INFO  |   epoch 20  step  160/800  loss 4.1216e-02  (1.7 samples/s)
07:48:35 | INFO  |   epoch 20  step  180/800  loss 2.0708e-02  (1.7 samples/s)
07:48:59 | INFO  |   epoch 20  step  200/800  loss 2.1156e-02  (1.7 samples/s)
07:49:23 | INFO  |   epoch 20  step  220/800  loss 1.5211e-01  (1.7 samples/s)
07:49:46 | INFO  |   epoch 20  step  240/800  loss 1.6780e-01  (1.7 samples/s)
07:50:10 | INFO  |   epoch 20  step  260/800  loss 3.7269e-02  (1.7 samples/s)
07:50:33 | INFO  |   epoch 20  step  280/800  loss 4.2783e-02  (1.7 samples/s)
07:50:57 | INFO  |   epoch 20  step  300/800  loss 1.8074e-01  (1.7 samples/s)
07:51:21 | INFO  |   epoch 20  step  320/800  loss 2.9068e-02  (1.7 samples/s)
07:51:45 | INFO  |   epoch 20  step  340/800  loss 2.1533e-02  (1.7 samples/s)
07:52:08 | INFO  |   epoch 20  step  360/800  loss 1.4045e-02  (1.7 samples/s)
07:52:32 | INFO  |   epoch 20  step  380/800  loss 7.1463e-02  (1.7 samples/s)
07:52:56 | INFO  |   epoch 20  step  400/800  loss 1.4234e-01  (1.7 samples/s)
07:53:19 | INFO  |   epoch 20  step  420/800  loss 6.4150e-01  (1.7 samples/s)
07:53:43 | INFO  |   epoch 20  step  440/800  loss 1.7157e-01  (1.7 samples/s)
07:54:07 | INFO  |   epoch 20  step  460/800  loss 2.0384e-01  (1.7 samples/s)
07:54:31 | INFO  |   epoch 20  step  480/800  loss 4.2261e-02  (1.7 samples/s)
07:54:54 | INFO  |   epoch 20  step  500/800  loss 8.4040e-02  (1.7 samples/s)
07:55:18 | INFO  |   epoch 20  step  520/800  loss 2.8287e-02  (1.7 samples/s)
07:55:41 | INFO  |   epoch 20  step  540/800  loss 6.7023e-02  (1.7 samples/s)
07:56:05 | INFO  |   epoch 20  step  560/800  loss 1.5972e-02  (1.7 samples/s)
07:56:29 | INFO  |   epoch 20  step  580/800  loss 4.3746e-01  (1.7 samples/s)
07:56:53 | INFO  |   epoch 20  step  600/800  loss 1.8248e-01  (1.7 samples/s)
07:57:16 | INFO  |   epoch 20  step  620/800  loss 7.3703e-01  (1.7 samples/s)
07:57:40 | INFO  |   epoch 20  step  640/800  loss 2.6825e-02  (1.7 samples/s)
07:58:03 | INFO  |   epoch 20  step  660/800  loss 3.2995e-02  (1.7 samples/s)
07:58:27 | INFO  |   epoch 20  step  680/800  loss 8.0551e-02  (1.7 samples/s)
07:58:51 | INFO  |   epoch 20  step  700/800  loss 2.7390e-02  (1.7 samples/s)
07:59:15 | INFO  |   epoch 20  step  720/800  loss 1.0666e-01  (1.7 samples/s)
07:59:38 | INFO  |   epoch 20  step  740/800  loss 1.0947e-02  (1.7 samples/s)
08:00:02 | INFO  |   epoch 20  step  760/800  loss 4.0371e-01  (1.7 samples/s)
08:00:26 | INFO  |   epoch 20  step  780/800  loss 3.9658e-02  (1.7 samples/s)
08:00:50 | INFO  |   epoch 20  step  800/800  loss 4.7826e-01  (1.7 samples/s)
08:01:39 | INFO  | epoch 20  train 1.1734e-01  val 2.1976e-01  intra 0.450  inter 4.023          (998.3s)
08:01:39 | INFO  | === epoch 21/30  lr=2.50e-04 ===
08:02:04 | INFO  |   epoch 21  step   20/800  loss 1.7334e-02  (1.6 samples/s)
08:02:28 | INFO  |   epoch 21  step   40/800  loss 2.2322e-01  (1.6 samples/s)
08:02:52 | INFO  |   epoch 21  step   60/800  loss 3.9554e-02  (1.7 samples/s)
08:03:15 | INFO  |   epoch 21  step   80/800  loss 5.2316e-01  (1.7 samples/s)
08:03:39 | INFO  |   epoch 21  step  100/800  loss 1.9116e-02  (1.7 samples/s)
08:04:03 | INFO  |   epoch 21  step  120/800  loss 1.5446e-02  (1.7 samples/s)
08:04:26 | INFO  |   epoch 21  step  140/800  loss 4.4354e-02  (1.7 samples/s)
08:04:50 | INFO  |   epoch 21  step  160/800  loss 4.1262e-02  (1.7 samples/s)
08:05:14 | INFO  |   epoch 21  step  180/800  loss 1.0590e-01  (1.7 samples/s)
08:05:37 | INFO  |   epoch 21  step  200/800  loss 2.1778e-01  (1.7 samples/s)
08:06:01 | INFO  |   epoch 21  step  220/800  loss 1.4502e-01  (1.7 samples/s)
08:06:25 | INFO  |   epoch 21  step  240/800  loss 8.7783e-03  (1.7 samples/s)
08:06:48 | INFO  |   epoch 21  step  260/800  loss 2.2335e-01  (1.7 samples/s)
08:07:12 | INFO  |   epoch 21  step  280/800  loss 2.3227e-01  (1.7 samples/s)
08:07:36 | INFO  |   epoch 21  step  300/800  loss 1.8979e-02  (1.7 samples/s)
08:07:59 | INFO  |   epoch 21  step  320/800  loss 1.0367e-01  (1.7 samples/s)
08:08:23 | INFO  |   epoch 21  step  340/800  loss 5.1705e-01  (1.7 samples/s)
08:08:47 | INFO  |   epoch 21  step  360/800  loss 1.9020e-01  (1.7 samples/s)
08:09:10 | INFO  |   epoch 21  step  380/800  loss 4.7922e-02  (1.7 samples/s)
08:09:34 | INFO  |   epoch 21  step  400/800  loss 2.9350e-01  (1.7 samples/s)
08:09:58 | INFO  |   epoch 21  step  420/800  loss 3.5816e-02  (1.7 samples/s)
08:10:21 | INFO  |   epoch 21  step  440/800  loss 1.8576e-01  (1.7 samples/s)
08:10:45 | INFO  |   epoch 21  step  460/800  loss 4.3117e-01  (1.7 samples/s)
08:11:09 | INFO  |   epoch 21  step  480/800  loss 3.8001e-02  (1.7 samples/s)
08:11:32 | INFO  |   epoch 21  step  500/800  loss 8.0969e-02  (1.7 samples/s)
08:11:56 | INFO  |   epoch 21  step  520/800  loss 7.5118e-02  (1.7 samples/s)
08:12:20 | INFO  |   epoch 21  step  540/800  loss 1.7031e-01  (1.7 samples/s)
08:12:43 | INFO  |   epoch 21  step  560/800  loss 5.2486e-02  (1.7 samples/s)
08:13:07 | INFO  |   epoch 21  step  580/800  loss 2.3030e-02  (1.7 samples/s)
08:13:31 | INFO  |   epoch 21  step  600/800  loss 8.2963e-02  (1.7 samples/s)
08:13:55 | INFO  |   epoch 21  step  620/800  loss 1.2492e-02  (1.7 samples/s)
08:14:18 | INFO  |   epoch 21  step  640/800  loss 2.5457e-02  (1.7 samples/s)
08:14:42 | INFO  |   epoch 21  step  660/800  loss 1.9390e-02  (1.7 samples/s)
08:15:06 | INFO  |   epoch 21  step  680/800  loss 1.0376e-01  (1.7 samples/s)
08:15:30 | INFO  |   epoch 21  step  700/800  loss 7.7677e-02  (1.7 samples/s)
08:15:53 | INFO  |   epoch 21  step  720/800  loss 4.0763e-01  (1.7 samples/s)
08:16:17 | INFO  |   epoch 21  step  740/800  loss 2.7368e-02  (1.7 samples/s)
08:16:41 | INFO  |   epoch 21  step  760/800  loss 9.8347e-02  (1.7 samples/s)
08:17:05 | INFO  |   epoch 21  step  780/800  loss 2.6585e-01  (1.7 samples/s)
08:17:28 | INFO  |   epoch 21  step  800/800  loss 6.2922e-02  (1.7 samples/s)
08:18:18 | INFO  | epoch 21  train 1.1230e-01  val 2.1785e-01  intra 0.432  inter 3.986          (998.7s)
08:18:18 | INFO  | === epoch 22/30  lr=2.06e-04 ===
08:18:43 | INFO  |   epoch 22  step   20/800  loss 1.1544e-02  (1.6 samples/s)
08:19:07 | INFO  |   epoch 22  step   40/800  loss 9.7752e-03  (1.6 samples/s)
08:19:31 | INFO  |   epoch 22  step   60/800  loss 2.2228e-02  (1.7 samples/s)
08:19:54 | INFO  |   epoch 22  step   80/800  loss 2.8453e-01  (1.7 samples/s)
08:20:18 | INFO  |   epoch 22  step  100/800  loss 9.3052e-02  (1.7 samples/s)
08:20:42 | INFO  |   epoch 22  step  120/800  loss 1.4255e-02  (1.7 samples/s)
08:21:06 | INFO  |   epoch 22  step  140/800  loss 6.1062e-02  (1.7 samples/s)
08:21:29 | INFO  |   epoch 22  step  160/800  loss 3.0460e-02  (1.7 samples/s)
08:21:53 | INFO  |   epoch 22  step  180/800  loss 2.9796e-02  (1.7 samples/s)
08:22:16 | INFO  |   epoch 22  step  200/800  loss 8.4298e-03  (1.7 samples/s)
08:22:40 | INFO  |   epoch 22  step  220/800  loss 3.7985e-01  (1.7 samples/s)
08:23:04 | INFO  |   epoch 22  step  240/800  loss 8.3151e-02  (1.7 samples/s)
08:23:27 | INFO  |   epoch 22  step  260/800  loss 1.8749e-02  (1.7 samples/s)
08:23:51 | INFO  |   epoch 22  step  280/800  loss 2.1913e-02  (1.7 samples/s)
08:24:15 | INFO  |   epoch 22  step  300/800  loss 1.9325e-02  (1.7 samples/s)
08:24:39 | INFO  |   epoch 22  step  320/800  loss 2.5480e-02  (1.7 samples/s)
08:25:02 | INFO  |   epoch 22  step  340/800  loss 2.0193e-02  (1.7 samples/s)
08:25:26 | INFO  |   epoch 22  step  360/800  loss 5.1297e-02  (1.7 samples/s)
08:25:50 | INFO  |   epoch 22  step  380/800  loss 3.1471e-02  (1.7 samples/s)
08:26:14 | INFO  |   epoch 22  step  400/800  loss 2.1432e-02  (1.7 samples/s)
08:26:37 | INFO  |   epoch 22  step  420/800  loss 9.9310e-02  (1.7 samples/s)
08:27:01 | INFO  |   epoch 22  step  440/800  loss 1.7716e-02  (1.7 samples/s)
08:27:25 | INFO  |   epoch 22  step  460/800  loss 2.8846e-02  (1.7 samples/s)
08:27:48 | INFO  |   epoch 22  step  480/800  loss 8.1785e-02  (1.7 samples/s)
08:28:12 | INFO  |   epoch 22  step  500/800  loss 3.7494e-02  (1.7 samples/s)
08:28:36 | INFO  |   epoch 22  step  520/800  loss 4.0352e-02  (1.7 samples/s)
08:29:00 | INFO  |   epoch 22  step  540/800  loss 1.9009e-02  (1.7 samples/s)
08:29:23 | INFO  |   epoch 22  step  560/800  loss 1.5521e-02  (1.7 samples/s)
08:29:47 | INFO  |   epoch 22  step  580/800  loss 5.4744e-02  (1.7 samples/s)
08:30:11 | INFO  |   epoch 22  step  600/800  loss 4.6248e-02  (1.7 samples/s)
08:30:34 | INFO  |   epoch 22  step  620/800  loss 6.1265e-02  (1.7 samples/s)
08:30:58 | INFO  |   epoch 22  step  640/800  loss 1.4951e-01  (1.7 samples/s)
08:31:22 | INFO  |   epoch 22  step  660/800  loss 2.2447e-02  (1.7 samples/s)
08:31:46 | INFO  |   epoch 22  step  680/800  loss 5.4278e-02  (1.7 samples/s)
08:32:09 | INFO  |   epoch 22  step  700/800  loss 3.5916e-02  (1.7 samples/s)
08:32:33 | INFO  |   epoch 22  step  720/800  loss 3.1175e-01  (1.7 samples/s)
08:32:57 | INFO  |   epoch 22  step  740/800  loss 1.5312e-02  (1.7 samples/s)
08:33:21 | INFO  |   epoch 22  step  760/800  loss 3.7746e-01  (1.7 samples/s)
08:33:45 | INFO  |   epoch 22  step  780/800  loss 7.8601e-02  (1.7 samples/s)
08:34:08 | INFO  |   epoch 22  step  800/800  loss 1.6956e-02  (1.7 samples/s)
08:34:58 | INFO  | epoch 22  train 1.0703e-01  val 2.1820e-01  intra 0.405  inter 3.792          (1000.1s)
08:34:58 | INFO  | === epoch 23/30  lr=1.65e-04 ===
08:35:23 | INFO  |   epoch 23  step   20/800  loss 1.6157e-01  (1.6 samples/s)
08:35:47 | INFO  |   epoch 23  step   40/800  loss 2.4401e-02  (1.6 samples/s)
08:36:11 | INFO  |   epoch 23  step   60/800  loss 9.0620e-02  (1.7 samples/s)
08:36:35 | INFO  |   epoch 23  step   80/800  loss 6.2053e-02  (1.7 samples/s)
08:36:58 | INFO  |   epoch 23  step  100/800  loss 5.2662e-02  (1.7 samples/s)
08:37:22 | INFO  |   epoch 23  step  120/800  loss 1.0333e-01  (1.7 samples/s)
08:37:46 | INFO  |   epoch 23  step  140/800  loss 1.0179e-01  (1.7 samples/s)
08:38:10 | INFO  |   epoch 23  step  160/800  loss 1.9089e-02  (1.7 samples/s)
08:38:33 | INFO  |   epoch 23  step  180/800  loss 4.2832e-02  (1.7 samples/s)
08:38:57 | INFO  |   epoch 23  step  200/800  loss 2.9857e-01  (1.7 samples/s)
08:39:21 | INFO  |   epoch 23  step  220/800  loss 4.7385e-02  (1.7 samples/s)
08:39:45 | INFO  |   epoch 23  step  240/800  loss 1.8608e-01  (1.7 samples/s)
08:40:09 | INFO  |   epoch 23  step  260/800  loss 1.0169e-02  (1.7 samples/s)
08:40:32 | INFO  |   epoch 23  step  280/800  loss 5.5735e-02  (1.7 samples/s)
08:40:56 | INFO  |   epoch 23  step  300/800  loss 3.2868e-02  (1.7 samples/s)
08:41:20 | INFO  |   epoch 23  step  320/800  loss 1.7735e-01  (1.7 samples/s)
08:41:44 | INFO  |   epoch 23  step  340/800  loss 1.1601e-02  (1.7 samples/s)
08:42:07 | INFO  |   epoch 23  step  360/800  loss 3.2985e-02  (1.7 samples/s)
08:42:31 | INFO  |   epoch 23  step  380/800  loss 1.0779e-01  (1.7 samples/s)
08:42:55 | INFO  |   epoch 23  step  400/800  loss 2.4996e-02  (1.7 samples/s)
08:43:19 | INFO  |   epoch 23  step  420/800  loss 1.3953e-01  (1.7 samples/s)
08:43:42 | INFO  |   epoch 23  step  440/800  loss 4.6887e-02  (1.7 samples/s)
08:44:06 | INFO  |   epoch 23  step  460/800  loss 2.6086e-02  (1.7 samples/s)
08:44:30 | INFO  |   epoch 23  step  480/800  loss 3.1668e-01  (1.7 samples/s)
08:44:54 | INFO  |   epoch 23  step  500/800  loss 2.9853e-02  (1.7 samples/s)
08:45:18 | INFO  |   epoch 23  step  520/800  loss 1.7548e-01  (1.7 samples/s)
08:45:41 | INFO  |   epoch 23  step  540/800  loss 4.3210e-02  (1.7 samples/s)
08:46:05 | INFO  |   epoch 23  step  560/800  loss 2.9771e-02  (1.7 samples/s)
08:46:29 | INFO  |   epoch 23  step  580/800  loss 2.5162e-01  (1.7 samples/s)
08:46:52 | INFO  |   epoch 23  step  600/800  loss 4.5665e-02  (1.7 samples/s)
08:47:16 | INFO  |   epoch 23  step  620/800  loss 1.1594e-02  (1.7 samples/s)
08:47:40 | INFO  |   epoch 23  step  640/800  loss 4.3518e-02  (1.7 samples/s)
08:48:04 | INFO  |   epoch 23  step  660/800  loss 4.5269e-02  (1.7 samples/s)
08:48:27 | INFO  |   epoch 23  step  680/800  loss 1.9891e-02  (1.7 samples/s)
08:48:51 | INFO  |   epoch 23  step  700/800  loss 1.0638e-01  (1.7 samples/s)
08:49:15 | INFO  |   epoch 23  step  720/800  loss 7.1343e-02  (1.7 samples/s)
08:49:38 | INFO  |   epoch 23  step  740/800  loss 9.4429e-03  (1.7 samples/s)
08:50:02 | INFO  |   epoch 23  step  760/800  loss 3.7295e-02  (1.7 samples/s)
08:50:26 | INFO  |   epoch 23  step  780/800  loss 3.5301e-02  (1.7 samples/s)
08:50:49 | INFO  |   epoch 23  step  800/800  loss 8.9718e-03  (1.7 samples/s)
08:51:39 | INFO  | epoch 23  train 1.0143e-01  val 2.0547e-01  intra 0.401  inter 3.854  [best]  (1000.9s)
08:51:39 | INFO  | === epoch 24/30  lr=1.28e-04 ===
08:52:04 | INFO  |   epoch 24  step   20/800  loss 2.6564e-01  (1.6 samples/s)
08:52:28 | INFO  |   epoch 24  step   40/800  loss 1.1942e-01  (1.6 samples/s)
08:52:52 | INFO  |   epoch 24  step   60/800  loss 5.3316e-01  (1.7 samples/s)
08:53:15 | INFO  |   epoch 24  step   80/800  loss 8.8948e-03  (1.7 samples/s)
08:53:39 | INFO  |   epoch 24  step  100/800  loss 3.2808e-02  (1.7 samples/s)
08:54:03 | INFO  |   epoch 24  step  120/800  loss 2.1252e-02  (1.7 samples/s)
08:54:26 | INFO  |   epoch 24  step  140/800  loss 1.2108e-01  (1.7 samples/s)
08:54:50 | INFO  |   epoch 24  step  160/800  loss 7.6927e-02  (1.7 samples/s)
08:55:14 | INFO  |   epoch 24  step  180/800  loss 4.1855e-01  (1.7 samples/s)
08:55:37 | INFO  |   epoch 24  step  200/800  loss 2.1199e-02  (1.7 samples/s)
08:56:01 | INFO  |   epoch 24  step  220/800  loss 1.6559e-02  (1.7 samples/s)
08:56:25 | INFO  |   epoch 24  step  240/800  loss 3.1583e-02  (1.7 samples/s)
08:56:49 | INFO  |   epoch 24  step  260/800  loss 3.1761e-01  (1.7 samples/s)
08:57:12 | INFO  |   epoch 24  step  280/800  loss 1.7807e-02  (1.7 samples/s)
08:57:36 | INFO  |   epoch 24  step  300/800  loss 9.9232e-02  (1.7 samples/s)
08:58:00 | INFO  |   epoch 24  step  320/800  loss 9.1328e-02  (1.7 samples/s)
08:58:23 | INFO  |   epoch 24  step  340/800  loss 1.7837e-01  (1.7 samples/s)
08:58:47 | INFO  |   epoch 24  step  360/800  loss 1.6596e-01  (1.7 samples/s)
08:59:11 | INFO  |   epoch 24  step  380/800  loss 3.3964e-02  (1.7 samples/s)
08:59:34 | INFO  |   epoch 24  step  400/800  loss 2.2429e-02  (1.7 samples/s)
08:59:58 | INFO  |   epoch 24  step  420/800  loss 7.1643e-02  (1.7 samples/s)
09:00:22 | INFO  |   epoch 24  step  440/800  loss 3.0706e-01  (1.7 samples/s)
09:00:45 | INFO  |   epoch 24  step  460/800  loss 2.4544e-01  (1.7 samples/s)
09:01:09 | INFO  |   epoch 24  step  480/800  loss 1.3876e-01  (1.7 samples/s)
09:01:33 | INFO  |   epoch 24  step  500/800  loss 2.6638e-02  (1.7 samples/s)
09:01:57 | INFO  |   epoch 24  step  520/800  loss 1.7811e-01  (1.7 samples/s)
09:02:20 | INFO  |   epoch 24  step  540/800  loss 1.7674e-02  (1.7 samples/s)
09:02:44 | INFO  |   epoch 24  step  560/800  loss 4.0958e-02  (1.7 samples/s)
09:03:08 | INFO  |   epoch 24  step  580/800  loss 9.0985e-02  (1.7 samples/s)
09:03:31 | INFO  |   epoch 24  step  600/800  loss 1.8819e-02  (1.7 samples/s)
09:03:55 | INFO  |   epoch 24  step  620/800  loss 2.1290e-02  (1.7 samples/s)
09:04:19 | INFO  |   epoch 24  step  640/800  loss 2.0606e-02  (1.7 samples/s)
09:04:43 | INFO  |   epoch 24  step  660/800  loss 3.2075e-02  (1.7 samples/s)
09:05:06 | INFO  |   epoch 24  step  680/800  loss 1.1152e-02  (1.7 samples/s)
09:05:30 | INFO  |   epoch 24  step  700/800  loss 4.6548e-02  (1.7 samples/s)
09:05:54 | INFO  |   epoch 24  step  720/800  loss 7.4270e-02  (1.7 samples/s)
09:06:18 | INFO  |   epoch 24  step  740/800  loss 9.3082e-03  (1.7 samples/s)
09:06:42 | INFO  |   epoch 24  step  760/800  loss 5.1142e-02  (1.7 samples/s)
09:07:05 | INFO  |   epoch 24  step  780/800  loss 8.4010e-03  (1.7 samples/s)
09:07:29 | INFO  |   epoch 24  step  800/800  loss 3.2682e-02  (1.7 samples/s)
09:08:19 | INFO  | epoch 24  train 9.7733e-02  val 2.0661e-01  intra 0.399  inter 3.813          (999.4s)
09:08:19 | INFO  | === epoch 25/30  lr=9.55e-05 ===
09:08:44 | INFO  |   epoch 25  step   20/800  loss 2.1522e-02  (1.6 samples/s)
09:09:07 | INFO  |   epoch 25  step   40/800  loss 1.3504e-01  (1.6 samples/s)
09:09:31 | INFO  |   epoch 25  step   60/800  loss 2.1386e-02  (1.7 samples/s)
09:09:55 | INFO  |   epoch 25  step   80/800  loss 1.0372e-02  (1.7 samples/s)
09:10:18 | INFO  |   epoch 25  step  100/800  loss 3.6584e-02  (1.7 samples/s)
09:10:42 | INFO  |   epoch 25  step  120/800  loss 1.9650e-02  (1.7 samples/s)
09:11:06 | INFO  |   epoch 25  step  140/800  loss 1.4550e-02  (1.7 samples/s)
09:11:29 | INFO  |   epoch 25  step  160/800  loss 2.4619e-02  (1.7 samples/s)
09:11:53 | INFO  |   epoch 25  step  180/800  loss 9.0953e-02  (1.7 samples/s)
09:12:17 | INFO  |   epoch 25  step  200/800  loss 2.3014e-01  (1.7 samples/s)
09:12:40 | INFO  |   epoch 25  step  220/800  loss 3.1457e-02  (1.7 samples/s)
09:13:04 | INFO  |   epoch 25  step  240/800  loss 2.7631e-02  (1.7 samples/s)
09:13:28 | INFO  |   epoch 25  step  260/800  loss 3.6862e-02  (1.7 samples/s)
09:13:51 | INFO  |   epoch 25  step  280/800  loss 2.0239e-01  (1.7 samples/s)
09:14:15 | INFO  |   epoch 25  step  300/800  loss 5.7118e-01  (1.7 samples/s)
09:14:39 | INFO  |   epoch 25  step  320/800  loss 2.4852e-02  (1.7 samples/s)
09:15:03 | INFO  |   epoch 25  step  340/800  loss 3.8174e-01  (1.7 samples/s)
09:15:26 | INFO  |   epoch 25  step  360/800  loss 1.9324e-02  (1.7 samples/s)
09:15:50 | INFO  |   epoch 25  step  380/800  loss 2.4916e-01  (1.7 samples/s)
09:16:14 | INFO  |   epoch 25  step  400/800  loss 3.2976e-02  (1.7 samples/s)
09:16:38 | INFO  |   epoch 25  step  420/800  loss 9.2872e-03  (1.7 samples/s)
09:17:01 | INFO  |   epoch 25  step  440/800  loss 2.0101e-02  (1.7 samples/s)
09:17:25 | INFO  |   epoch 25  step  460/800  loss 5.4339e-02  (1.7 samples/s)
09:17:49 | INFO  |   epoch 25  step  480/800  loss 3.2106e-02  (1.7 samples/s)
09:18:13 | INFO  |   epoch 25  step  500/800  loss 1.0823e-01  (1.7 samples/s)
09:18:36 | INFO  |   epoch 25  step  520/800  loss 4.2859e-02  (1.7 samples/s)
09:19:00 | INFO  |   epoch 25  step  540/800  loss 5.1368e-02  (1.7 samples/s)
09:19:24 | INFO  |   epoch 25  step  560/800  loss 1.3331e-02  (1.7 samples/s)
09:19:47 | INFO  |   epoch 25  step  580/800  loss 2.0538e-02  (1.7 samples/s)
09:20:11 | INFO  |   epoch 25  step  600/800  loss 6.2736e-01  (1.7 samples/s)
09:20:35 | INFO  |   epoch 25  step  620/800  loss 1.3906e-02  (1.7 samples/s)
09:20:59 | INFO  |   epoch 25  step  640/800  loss 8.2250e-02  (1.7 samples/s)
09:21:22 | INFO  |   epoch 25  step  660/800  loss 7.1642e-02  (1.7 samples/s)
09:21:46 | INFO  |   epoch 25  step  680/800  loss 1.4206e-01  (1.7 samples/s)
09:22:10 | INFO  |   epoch 25  step  700/800  loss 1.5657e-02  (1.7 samples/s)
09:22:34 | INFO  |   epoch 25  step  720/800  loss 1.2029e-01  (1.7 samples/s)
09:22:57 | INFO  |   epoch 25  step  740/800  loss 1.7361e-01  (1.7 samples/s)
09:23:21 | INFO  |   epoch 25  step  760/800  loss 1.9342e-02  (1.7 samples/s)
09:23:45 | INFO  |   epoch 25  step  780/800  loss 2.9151e-01  (1.7 samples/s)
09:24:09 | INFO  |   epoch 25  step  800/800  loss 2.0515e-02  (1.7 samples/s)
09:24:59 | INFO  | epoch 25  train 9.4078e-02  val 2.0525e-01  intra 0.430  inter 4.011  [best]  (1000.5s)
09:24:59 | INFO  | === epoch 26/30  lr=6.70e-05 ===
09:25:24 | INFO  |   epoch 26  step   20/800  loss 8.7169e-02  (1.6 samples/s)
09:25:48 | INFO  |   epoch 26  step   40/800  loss 4.0839e-02  (1.6 samples/s)
09:26:12 | INFO  |   epoch 26  step   60/800  loss 1.8063e-02  (1.7 samples/s)
09:26:36 | INFO  |   epoch 26  step   80/800  loss 2.5890e-02  (1.7 samples/s)
09:26:59 | INFO  |   epoch 26  step  100/800  loss 4.7306e-02  (1.7 samples/s)
09:27:23 | INFO  |   epoch 26  step  120/800  loss 1.0126e-01  (1.7 samples/s)
09:27:47 | INFO  |   epoch 26  step  140/800  loss 1.9468e-01  (1.7 samples/s)
09:28:10 | INFO  |   epoch 26  step  160/800  loss 1.3796e-01  (1.7 samples/s)
09:28:34 | INFO  |   epoch 26  step  180/800  loss 2.7350e-02  (1.7 samples/s)
09:28:58 | INFO  |   epoch 26  step  200/800  loss 6.8691e-02  (1.7 samples/s)
09:29:21 | INFO  |   epoch 26  step  220/800  loss 3.1846e-02  (1.7 samples/s)
09:29:45 | INFO  |   epoch 26  step  240/800  loss 1.4624e-02  (1.7 samples/s)
09:30:09 | INFO  |   epoch 26  step  260/800  loss 2.3488e-01  (1.7 samples/s)
09:30:33 | INFO  |   epoch 26  step  280/800  loss 2.0386e-02  (1.7 samples/s)
09:30:57 | INFO  |   epoch 26  step  300/800  loss 4.2702e-02  (1.7 samples/s)
09:31:20 | INFO  |   epoch 26  step  320/800  loss 1.4747e-02  (1.7 samples/s)
09:31:44 | INFO  |   epoch 26  step  340/800  loss 1.1927e-01  (1.7 samples/s)
09:32:08 | INFO  |   epoch 26  step  360/800  loss 2.8185e-02  (1.7 samples/s)
09:32:32 | INFO  |   epoch 26  step  380/800  loss 1.5074e-02  (1.7 samples/s)
09:32:55 | INFO  |   epoch 26  step  400/800  loss 3.4441e-02  (1.7 samples/s)
09:33:19 | INFO  |   epoch 26  step  420/800  loss 3.4380e-02  (1.7 samples/s)
09:33:43 | INFO  |   epoch 26  step  440/800  loss 2.9186e-02  (1.7 samples/s)
09:34:07 | INFO  |   epoch 26  step  460/800  loss 2.0864e-02  (1.7 samples/s)
09:34:30 | INFO  |   epoch 26  step  480/800  loss 4.3637e-03  (1.7 samples/s)
09:34:54 | INFO  |   epoch 26  step  500/800  loss 1.7010e-01  (1.7 samples/s)
09:35:18 | INFO  |   epoch 26  step  520/800  loss 9.3630e-03  (1.7 samples/s)
09:35:42 | INFO  |   epoch 26  step  540/800  loss 3.8569e-02  (1.7 samples/s)
09:36:05 | INFO  |   epoch 26  step  560/800  loss 1.0135e-02  (1.7 samples/s)
09:36:29 | INFO  |   epoch 26  step  580/800  loss 1.3018e-02  (1.7 samples/s)
09:36:53 | INFO  |   epoch 26  step  600/800  loss 5.7746e-02  (1.7 samples/s)
09:37:17 | INFO  |   epoch 26  step  620/800  loss 3.7190e-02  (1.7 samples/s)
09:37:40 | INFO  |   epoch 26  step  640/800  loss 1.5688e-02  (1.7 samples/s)
09:38:04 | INFO  |   epoch 26  step  660/800  loss 1.0932e-02  (1.7 samples/s)
09:38:28 | INFO  |   epoch 26  step  680/800  loss 1.4135e-02  (1.7 samples/s)
09:38:52 | INFO  |   epoch 26  step  700/800  loss 4.8052e-02  (1.7 samples/s)
09:39:16 | INFO  |   epoch 26  step  720/800  loss 1.8003e-01  (1.7 samples/s)
09:39:40 | INFO  |   epoch 26  step  740/800  loss 1.6003e-01  (1.7 samples/s)
09:40:04 | INFO  |   epoch 26  step  760/800  loss 2.4653e-02  (1.7 samples/s)
09:40:27 | INFO  |   epoch 26  step  780/800  loss 4.1476e-02  (1.7 samples/s)
09:40:51 | INFO  |   epoch 26  step  800/800  loss 3.5659e-02  (1.7 samples/s)
09:41:41 | INFO  | epoch 26  train 9.1045e-02  val 2.0260e-01  intra 0.408  inter 3.997  [best]  (1002.1s)
09:41:41 | INFO  | === epoch 27/30  lr=4.32e-05 ===
09:42:07 | INFO  |   epoch 27  step   20/800  loss 3.3583e-02  (1.6 samples/s)
09:42:30 | INFO  |   epoch 27  step   40/800  loss 2.4993e-02  (1.6 samples/s)
09:42:54 | INFO  |   epoch 27  step   60/800  loss 4.8905e-01  (1.7 samples/s)
09:43:18 | INFO  |   epoch 27  step   80/800  loss 3.7999e-01  (1.7 samples/s)
09:43:41 | INFO  |   epoch 27  step  100/800  loss 9.1737e-02  (1.7 samples/s)
09:44:05 | INFO  |   epoch 27  step  120/800  loss 4.5298e-02  (1.7 samples/s)
09:44:29 | INFO  |   epoch 27  step  140/800  loss 8.9950e-02  (1.7 samples/s)
09:44:53 | INFO  |   epoch 27  step  160/800  loss 8.9327e-02  (1.7 samples/s)
09:45:17 | INFO  |   epoch 27  step  180/800  loss 2.2396e-02  (1.7 samples/s)
09:45:40 | INFO  |   epoch 27  step  200/800  loss 1.9905e-01  (1.7 samples/s)
09:46:04 | INFO  |   epoch 27  step  220/800  loss 9.9547e-03  (1.7 samples/s)
09:46:28 | INFO  |   epoch 27  step  240/800  loss 3.0753e-02  (1.7 samples/s)
09:46:52 | INFO  |   epoch 27  step  260/800  loss 9.9233e-03  (1.7 samples/s)
09:47:15 | INFO  |   epoch 27  step  280/800  loss 1.1927e-02  (1.7 samples/s)
09:47:39 | INFO  |   epoch 27  step  300/800  loss 6.0632e-02  (1.7 samples/s)
09:48:03 | INFO  |   epoch 27  step  320/800  loss 2.5356e-02  (1.7 samples/s)
09:48:27 | INFO  |   epoch 27  step  340/800  loss 1.1314e-02  (1.7 samples/s)
09:48:50 | INFO  |   epoch 27  step  360/800  loss 1.5157e-02  (1.7 samples/s)
09:49:14 | INFO  |   epoch 27  step  380/800  loss 1.2554e-02  (1.7 samples/s)
09:49:38 | INFO  |   epoch 27  step  400/800  loss 1.6156e-02  (1.7 samples/s)
09:50:02 | INFO  |   epoch 27  step  420/800  loss 8.4828e-02  (1.7 samples/s)
09:50:25 | INFO  |   epoch 27  step  440/800  loss 2.4920e-02  (1.7 samples/s)
09:50:49 | INFO  |   epoch 27  step  460/800  loss 1.8750e-01  (1.7 samples/s)
09:51:13 | INFO  |   epoch 27  step  480/800  loss 1.0028e-02  (1.7 samples/s)
09:51:37 | INFO  |   epoch 27  step  500/800  loss 3.4721e-02  (1.7 samples/s)
09:52:00 | INFO  |   epoch 27  step  520/800  loss 1.8410e-02  (1.7 samples/s)
09:52:24 | INFO  |   epoch 27  step  540/800  loss 6.4764e-02  (1.7 samples/s)
09:52:48 | INFO  |   epoch 27  step  560/800  loss 1.0210e-02  (1.7 samples/s)
09:53:12 | INFO  |   epoch 27  step  580/800  loss 6.4696e-02  (1.7 samples/s)
09:53:35 | INFO  |   epoch 27  step  600/800  loss 2.7559e-02  (1.7 samples/s)
09:53:59 | INFO  |   epoch 27  step  620/800  loss 5.6211e-02  (1.7 samples/s)
09:54:23 | INFO  |   epoch 27  step  640/800  loss 6.4133e-02  (1.7 samples/s)
09:54:47 | INFO  |   epoch 27  step  660/800  loss 2.0777e-02  (1.7 samples/s)
09:55:10 | INFO  |   epoch 27  step  680/800  loss 6.7342e-03  (1.7 samples/s)
09:55:34 | INFO  |   epoch 27  step  700/800  loss 3.8638e-01  (1.7 samples/s)
09:55:58 | INFO  |   epoch 27  step  720/800  loss 1.1516e-01  (1.7 samples/s)
09:56:22 | INFO  |   epoch 27  step  740/800  loss 1.3992e-02  (1.7 samples/s)
09:56:45 | INFO  |   epoch 27  step  760/800  loss 2.7068e-02  (1.7 samples/s)
09:57:09 | INFO  |   epoch 27  step  780/800  loss 2.2375e-02  (1.7 samples/s)
09:57:33 | INFO  |   epoch 27  step  800/800  loss 1.2941e-01  (1.7 samples/s)
09:58:23 | INFO  | epoch 27  train 8.8570e-02  val 2.0306e-01  intra 0.402  inter 3.920          (1001.0s)
09:58:23 | INFO  | === epoch 28/30  lr=2.45e-05 ===
09:58:48 | INFO  |   epoch 28  step   20/800  loss 7.3812e-02  (1.6 samples/s)
09:59:11 | INFO  |   epoch 28  step   40/800  loss 4.4066e-02  (1.6 samples/s)
09:59:35 | INFO  |   epoch 28  step   60/800  loss 2.9992e-02  (1.7 samples/s)
09:59:59 | INFO  |   epoch 28  step   80/800  loss 3.6535e-02  (1.7 samples/s)
10:00:22 | INFO  |   epoch 28  step  100/800  loss 3.5861e-02  (1.7 samples/s)
10:00:46 | INFO  |   epoch 28  step  120/800  loss 5.2528e-01  (1.7 samples/s)
10:01:10 | INFO  |   epoch 28  step  140/800  loss 4.9383e-02  (1.7 samples/s)
10:01:34 | INFO  |   epoch 28  step  160/800  loss 4.7984e-02  (1.7 samples/s)
10:01:57 | INFO  |   epoch 28  step  180/800  loss 1.7856e-02  (1.7 samples/s)
10:02:21 | INFO  |   epoch 28  step  200/800  loss 3.7356e-02  (1.7 samples/s)
10:02:45 | INFO  |   epoch 28  step  220/800  loss 7.7722e-02  (1.7 samples/s)
10:03:08 | INFO  |   epoch 28  step  240/800  loss 6.8075e-03  (1.7 samples/s)
10:03:32 | INFO  |   epoch 28  step  260/800  loss 1.7389e-02  (1.7 samples/s)
10:03:56 | INFO  |   epoch 28  step  280/800  loss 9.0633e-02  (1.7 samples/s)
10:04:20 | INFO  |   epoch 28  step  300/800  loss 2.3152e-01  (1.7 samples/s)
10:04:43 | INFO  |   epoch 28  step  320/800  loss 2.4649e-02  (1.7 samples/s)
10:05:07 | INFO  |   epoch 28  step  340/800  loss 7.3176e-02  (1.7 samples/s)
10:05:31 | INFO  |   epoch 28  step  360/800  loss 1.7114e-02  (1.7 samples/s)
10:05:55 | INFO  |   epoch 28  step  380/800  loss 1.2937e-02  (1.7 samples/s)
10:06:19 | INFO  |   epoch 28  step  400/800  loss 9.9033e-03  (1.7 samples/s)
10:06:42 | INFO  |   epoch 28  step  420/800  loss 2.3563e-02  (1.7 samples/s)
10:07:06 | INFO  |   epoch 28  step  440/800  loss 2.7857e-01  (1.7 samples/s)
10:07:30 | INFO  |   epoch 28  step  460/800  loss 1.0698e-02  (1.7 samples/s)
10:07:54 | INFO  |   epoch 28  step  480/800  loss 2.1086e-02  (1.7 samples/s)
10:08:17 | INFO  |   epoch 28  step  500/800  loss 1.7727e-01  (1.7 samples/s)
10:08:41 | INFO  |   epoch 28  step  520/800  loss 1.9064e-02  (1.7 samples/s)
10:09:05 | INFO  |   epoch 28  step  540/800  loss 2.2006e-02  (1.7 samples/s)
10:09:29 | INFO  |   epoch 28  step  560/800  loss 7.0634e-03  (1.7 samples/s)
10:09:53 | INFO  |   epoch 28  step  580/800  loss 1.8312e-02  (1.7 samples/s)
10:10:16 | INFO  |   epoch 28  step  600/800  loss 1.3571e-02  (1.7 samples/s)
10:10:40 | INFO  |   epoch 28  step  620/800  loss 3.6042e-02  (1.7 samples/s)
10:11:04 | INFO  |   epoch 28  step  640/800  loss 1.1083e-01  (1.7 samples/s)
10:11:28 | INFO  |   epoch 28  step  660/800  loss 2.2539e-02  (1.7 samples/s)
10:11:52 | INFO  |   epoch 28  step  680/800  loss 1.9098e-02  (1.7 samples/s)
10:12:15 | INFO  |   epoch 28  step  700/800  loss 9.8681e-02  (1.7 samples/s)
10:12:39 | INFO  |   epoch 28  step  720/800  loss 1.1182e-01  (1.7 samples/s)
10:13:03 | INFO  |   epoch 28  step  740/800  loss 3.9858e-02  (1.7 samples/s)
10:13:27 | INFO  |   epoch 28  step  760/800  loss 2.4470e-02  (1.7 samples/s)
10:13:50 | INFO  |   epoch 28  step  780/800  loss 3.5421e-02  (1.7 samples/s)
10:14:14 | INFO  |   epoch 28  step  800/800  loss 1.7607e-02  (1.7 samples/s)
10:15:04 | INFO  | epoch 28  train 8.6857e-02  val 2.0383e-01  intra 0.400  inter 3.931          (1001.7s)
10:15:04 | INFO  | === epoch 29/30  lr=1.09e-05 ===
10:15:30 | INFO  |   epoch 29  step   20/800  loss 6.2779e-02  (1.6 samples/s)
10:15:53 | INFO  |   epoch 29  step   40/800  loss 9.3032e-02  (1.6 samples/s)
10:16:17 | INFO  |   epoch 29  step   60/800  loss 5.4870e-02  (1.6 samples/s)
10:16:41 | INFO  |   epoch 29  step   80/800  loss 1.1778e-02  (1.7 samples/s)
10:17:05 | INFO  |   epoch 29  step  100/800  loss 2.1400e-02  (1.7 samples/s)
10:17:29 | INFO  |   epoch 29  step  120/800  loss 3.5683e-02  (1.7 samples/s)
10:17:52 | INFO  |   epoch 29  step  140/800  loss 1.1772e-02  (1.7 samples/s)
10:18:16 | INFO  |   epoch 29  step  160/800  loss 1.4256e-01  (1.7 samples/s)
10:18:40 | INFO  |   epoch 29  step  180/800  loss 8.2922e-02  (1.7 samples/s)
10:19:04 | INFO  |   epoch 29  step  200/800  loss 4.7890e-01  (1.7 samples/s)
10:19:28 | INFO  |   epoch 29  step  220/800  loss 3.5388e-01  (1.7 samples/s)
10:19:51 | INFO  |   epoch 29  step  240/800  loss 2.6576e-02  (1.7 samples/s)
10:20:15 | INFO  |   epoch 29  step  260/800  loss 4.3922e-02  (1.7 samples/s)
10:20:39 | INFO  |   epoch 29  step  280/800  loss 3.3048e-02  (1.7 samples/s)
10:21:03 | INFO  |   epoch 29  step  300/800  loss 1.0208e-02  (1.7 samples/s)
10:21:26 | INFO  |   epoch 29  step  320/800  loss 1.8721e-02  (1.7 samples/s)
10:21:50 | INFO  |   epoch 29  step  340/800  loss 1.5764e-02  (1.7 samples/s)
10:22:14 | INFO  |   epoch 29  step  360/800  loss 1.3482e-02  (1.7 samples/s)
10:22:38 | INFO  |   epoch 29  step  380/800  loss 1.1831e-02  (1.7 samples/s)
10:23:01 | INFO  |   epoch 29  step  400/800  loss 4.3551e-02  (1.7 samples/s)
10:23:25 | INFO  |   epoch 29  step  420/800  loss 3.0068e-02  (1.7 samples/s)
10:23:49 | INFO  |   epoch 29  step  440/800  loss 1.4481e-01  (1.7 samples/s)
10:24:13 | INFO  |   epoch 29  step  460/800  loss 3.8605e-02  (1.7 samples/s)
10:24:36 | INFO  |   epoch 29  step  480/800  loss 2.4229e-02  (1.7 samples/s)
10:25:00 | INFO  |   epoch 29  step  500/800  loss 3.1544e-01  (1.7 samples/s)
10:25:24 | INFO  |   epoch 29  step  520/800  loss 7.4264e-03  (1.7 samples/s)
10:25:47 | INFO  |   epoch 29  step  540/800  loss 7.3332e-02  (1.7 samples/s)
10:26:11 | INFO  |   epoch 29  step  560/800  loss 2.3091e-02  (1.7 samples/s)
10:26:35 | INFO  |   epoch 29  step  580/800  loss 6.5613e-02  (1.7 samples/s)
10:26:59 | INFO  |   epoch 29  step  600/800  loss 4.6322e-01  (1.7 samples/s)
10:27:23 | INFO  |   epoch 29  step  620/800  loss 1.9813e-02  (1.7 samples/s)
10:27:46 | INFO  |   epoch 29  step  640/800  loss 1.6501e-02  (1.7 samples/s)
10:28:10 | INFO  |   epoch 29  step  660/800  loss 1.1559e-02  (1.7 samples/s)
10:28:34 | INFO  |   epoch 29  step  680/800  loss 2.3658e-01  (1.7 samples/s)
10:28:58 | INFO  |   epoch 29  step  700/800  loss 1.6997e-01  (1.7 samples/s)
10:29:22 | INFO  |   epoch 29  step  720/800  loss 4.7882e-02  (1.7 samples/s)
10:29:45 | INFO  |   epoch 29  step  740/800  loss 2.2111e-01  (1.7 samples/s)
10:30:09 | INFO  |   epoch 29  step  760/800  loss 1.6570e-01  (1.7 samples/s)
10:30:33 | INFO  |   epoch 29  step  780/800  loss 5.1384e-02  (1.7 samples/s)
10:30:57 | INFO  |   epoch 29  step  800/800  loss 9.6762e-03  (1.7 samples/s)
10:31:47 | INFO  | epoch 29  train 8.5494e-02  val 2.0392e-01  intra 0.399  inter 3.920          (1002.3s)
10:31:47 | INFO  | === epoch 30/30  lr=2.74e-06 ===
10:32:12 | INFO  |   epoch 30  step   20/800  loss 2.4216e-02  (1.6 samples/s)
10:32:35 | INFO  |   epoch 30  step   40/800  loss 6.8437e-02  (1.6 samples/s)
10:32:59 | INFO  |   epoch 30  step   60/800  loss 1.9634e-02  (1.7 samples/s)
10:33:23 | INFO  |   epoch 30  step   80/800  loss 5.9937e-02  (1.7 samples/s)
10:33:46 | INFO  |   epoch 30  step  100/800  loss 2.9554e-02  (1.7 samples/s)
10:34:10 | INFO  |   epoch 30  step  120/800  loss 4.2497e-02  (1.7 samples/s)
10:34:34 | INFO  |   epoch 30  step  140/800  loss 2.4975e-02  (1.7 samples/s)
10:34:57 | INFO  |   epoch 30  step  160/800  loss 3.5430e-02  (1.7 samples/s)
10:35:21 | INFO  |   epoch 30  step  180/800  loss 3.3608e-01  (1.7 samples/s)
10:35:45 | INFO  |   epoch 30  step  200/800  loss 1.5791e-02  (1.7 samples/s)
10:36:09 | INFO  |   epoch 30  step  220/800  loss 1.9175e-02  (1.7 samples/s)
10:36:32 | INFO  |   epoch 30  step  240/800  loss 3.9847e-02  (1.7 samples/s)
10:36:56 | INFO  |   epoch 30  step  260/800  loss 2.0688e-02  (1.7 samples/s)
10:37:20 | INFO  |   epoch 30  step  280/800  loss 1.4447e-01  (1.7 samples/s)
10:37:43 | INFO  |   epoch 30  step  300/800  loss 4.1224e-02  (1.7 samples/s)
10:38:07 | INFO  |   epoch 30  step  320/800  loss 2.2042e-02  (1.7 samples/s)
10:38:31 | INFO  |   epoch 30  step  340/800  loss 1.6581e-02  (1.7 samples/s)
10:38:54 | INFO  |   epoch 30  step  360/800  loss 1.3942e-01  (1.7 samples/s)
10:39:18 | INFO  |   epoch 30  step  380/800  loss 1.1515e-02  (1.7 samples/s)
10:39:42 | INFO  |   epoch 30  step  400/800  loss 2.6667e-02  (1.7 samples/s)
10:40:06 | INFO  |   epoch 30  step  420/800  loss 6.2775e-02  (1.7 samples/s)
10:40:29 | INFO  |   epoch 30  step  440/800  loss 2.7042e-02  (1.7 samples/s)
10:40:53 | INFO  |   epoch 30  step  460/800  loss 2.1796e-02  (1.7 samples/s)
10:41:17 | INFO  |   epoch 30  step  480/800  loss 1.2417e-01  (1.7 samples/s)
10:41:40 | INFO  |   epoch 30  step  500/800  loss 9.6359e-02  (1.7 samples/s)
10:42:04 | INFO  |   epoch 30  step  520/800  loss 1.5679e-01  (1.7 samples/s)
10:42:28 | INFO  |   epoch 30  step  540/800  loss 2.3525e-01  (1.7 samples/s)
10:42:51 | INFO  |   epoch 30  step  560/800  loss 8.3731e-02  (1.7 samples/s)
10:43:15 | INFO  |   epoch 30  step  580/800  loss 2.0037e-02  (1.7 samples/s)
10:43:39 | INFO  |   epoch 30  step  600/800  loss 5.5755e-02  (1.7 samples/s)
10:44:02 | INFO  |   epoch 30  step  620/800  loss 4.1555e-01  (1.7 samples/s)
10:44:26 | INFO  |   epoch 30  step  640/800  loss 8.7625e-02  (1.7 samples/s)
10:44:50 | INFO  |   epoch 30  step  660/800  loss 1.0078e-02  (1.7 samples/s)
10:45:14 | INFO  |   epoch 30  step  680/800  loss 1.0032e-02  (1.7 samples/s)
10:45:38 | INFO  |   epoch 30  step  700/800  loss 1.6192e-02  (1.7 samples/s)
10:46:01 | INFO  |   epoch 30  step  720/800  loss 6.4649e-02  (1.7 samples/s)
10:46:25 | INFO  |   epoch 30  step  740/800  loss 5.4399e-02  (1.7 samples/s)
10:46:49 | INFO  |   epoch 30  step  760/800  loss 6.6030e-01  (1.7 samples/s)
10:47:13 | INFO  |   epoch 30  step  780/800  loss 5.7321e-02  (1.7 samples/s)
10:47:37 | INFO  |   epoch 30  step  800/800  loss 9.2320e-03  (1.7 samples/s)
10:48:26 | INFO  | epoch 30  train 8.4746e-02  val 2.0417e-01  intra 0.397  inter 3.919          (999.7s)
10:48:26 | INFO  | Training complete. Best val loss: 2.0260e-01
