12:40:45 | INFO  | Run directory: /Users/arnablahiry/repos/GalCubeCraft-SourceID/experiments/extract_v1/train
12:40:45 | INFO  | Config: {
  "data": "experiments/sep_v1/data",
  "out": "experiments/extract_v1/train",
  "epochs": 30,
  "batch_size": 4,
  "lr": 0.001,
  "base": 16,
  "query_sigma": 2.0,
  "center_jitter": 0.5,
  "no_rebalance": false,
  "num_workers": 2,
  "val_fraction": 0.1,
  "test_fraction": 0.1,
  "device": null,
  "log_every": 50,
  "seed": 0
}
12:40:45 | INFO  | Device: mps
12:40:45 | INFO  | Scanning dataset at experiments/sep_v1/data
12:40:46 | INFO  | Loaded 2000 cubes.  max_n_gals=5
12:40:46 | INFO  | Split (cubes): train=1600  val=200  test=200
12:40:46 | INFO  | Per-galaxy expansion: train=5617  val=689
12:40:46 | INFO  | Model: ExtractorUNet3D(base=16)  | 1401697 trainable params
12:40:47 | INFO  | === epoch 1/30  lr=1.00e-03 ===
12:42:43 | INFO  |   epoch 1  step   50/1405  loss 7.6413e+00  (1.7 samples/s)
12:44:37 | INFO  |   epoch 1  step  100/1405  loss 5.2630e+00  (1.7 samples/s)
12:46:30 | INFO  |   epoch 1  step  150/1405  loss 2.7799e+00  (1.7 samples/s)
12:48:25 | INFO  |   epoch 1  step  200/1405  loss 1.9087e+00  (1.7 samples/s)
12:50:21 | INFO  |   epoch 1  step  250/1405  loss 1.4474e+00  (1.7 samples/s)
12:52:15 | INFO  |   epoch 1  step  300/1405  loss 9.9304e-01  (1.7 samples/s)
12:54:12 | INFO  |   epoch 1  step  350/1405  loss 7.2450e-01  (1.7 samples/s)
12:56:06 | INFO  |   epoch 1  step  400/1405  loss 6.3991e-01  (1.7 samples/s)
12:57:58 | INFO  |   epoch 1  step  450/1405  loss 4.2662e-01  (1.7 samples/s)
12:59:51 | INFO  |   epoch 1  step  500/1405  loss 3.8398e-01  (1.7 samples/s)
13:01:45 | INFO  |   epoch 1  step  550/1405  loss 3.5672e-01  (1.7 samples/s)
13:03:39 | INFO  |   epoch 1  step  600/1405  loss 2.6079e-01  (1.8 samples/s)
13:05:33 | INFO  |   epoch 1  step  650/1405  loss 2.1466e-01  (1.7 samples/s)
13:07:50 | INFO  |   epoch 1  step  700/1405  loss 2.0708e-01  (1.7 samples/s)
13:22:02 | INFO  |   epoch 1  step  750/1405  loss 1.9951e-01  (1.2 samples/s)
13:23:53 | INFO  |   epoch 1  step  800/1405  loss 1.5539e-01  (1.2 samples/s)
13:25:47 | INFO  |   epoch 1  step  850/1405  loss 1.4085e-01  (1.3 samples/s)
13:27:40 | INFO  |   epoch 1  step  900/1405  loss 1.4071e-01  (1.3 samples/s)
13:29:33 | INFO  |   epoch 1  step  950/1405  loss 1.1879e-01  (1.3 samples/s)
13:31:25 | INFO  |   epoch 1  step 1000/1405  loss 1.1510e-01  (1.3 samples/s)
13:33:17 | INFO  |   epoch 1  step 1050/1405  loss 1.0521e-01  (1.3 samples/s)
13:35:10 | INFO  |   epoch 1  step 1100/1405  loss 8.7885e-02  (1.3 samples/s)
13:37:03 | INFO  |   epoch 1  step 1150/1405  loss 8.7857e-02  (1.4 samples/s)
13:38:55 | INFO  |   epoch 1  step 1200/1405  loss 7.2208e-02  (1.4 samples/s)
13:40:49 | INFO  |   epoch 1  step 1250/1405  loss 7.6998e-02  (1.4 samples/s)
13:42:41 | INFO  |   epoch 1  step 1300/1405  loss 6.2472e-02  (1.4 samples/s)
13:44:35 | INFO  |   epoch 1  step 1350/1405  loss 6.0324e-02  (1.4 samples/s)
13:46:27 | INFO  |   epoch 1  step 1400/1405  loss 5.5210e-02  (1.4 samples/s)
13:48:20 | INFO  | epoch 1  train 1.4037e+00  val 5.7554e-02  mse 6.2084e-04  flux_rel_err 264.986  [best]  (4052.9s)
13:48:20 | INFO  | === epoch 2/30  lr=9.97e-04 ===
13:50:14 | INFO  |   epoch 2  step   50/1405  loss 5.5445e-02  (1.7 samples/s)
13:52:07 | INFO  |   epoch 2  step  100/1405  loss 4.9869e-02  (1.8 samples/s)
13:54:00 | INFO  |   epoch 2  step  150/1405  loss 4.6384e-02  (1.8 samples/s)
13:55:54 | INFO  |   epoch 2  step  200/1405  loss 4.6753e-02  (1.8 samples/s)
13:57:49 | INFO  |   epoch 2  step  250/1405  loss 4.3651e-02  (1.8 samples/s)
13:59:42 | INFO  |   epoch 2  step  300/1405  loss 3.7369e-02  (1.8 samples/s)
14:01:35 | INFO  |   epoch 2  step  350/1405  loss 3.7136e-02  (1.8 samples/s)
14:03:27 | INFO  |   epoch 2  step  400/1405  loss 3.6828e-02  (1.8 samples/s)
14:05:21 | INFO  |   epoch 2  step  450/1405  loss 3.3531e-02  (1.8 samples/s)
14:07:14 | INFO  |   epoch 2  step  500/1405  loss 3.4605e-02  (1.8 samples/s)
14:09:07 | INFO  |   epoch 2  step  550/1405  loss 3.0480e-02  (1.8 samples/s)
14:11:00 | INFO  |   epoch 2  step  600/1405  loss 2.8774e-02  (1.8 samples/s)
14:12:54 | INFO  |   epoch 2  step  650/1405  loss 2.7722e-02  (1.8 samples/s)
14:14:51 | INFO  |   epoch 2  step  700/1405  loss 2.7066e-02  (1.8 samples/s)
14:16:51 | INFO  |   epoch 2  step  750/1405  loss 2.5244e-02  (1.8 samples/s)
14:18:50 | INFO  |   epoch 2  step  800/1405  loss 2.4319e-02  (1.7 samples/s)
14:20:45 | INFO  |   epoch 2  step  850/1405  loss 2.2750e-02  (1.7 samples/s)
14:22:37 | INFO  |   epoch 2  step  900/1405  loss 2.2854e-02  (1.8 samples/s)
14:24:29 | INFO  |   epoch 2  step  950/1405  loss 2.2560e-02  (1.8 samples/s)
14:26:22 | INFO  |   epoch 2  step 1000/1405  loss 2.0440e-02  (1.8 samples/s)
14:28:14 | INFO  |   epoch 2  step 1050/1405  loss 2.0869e-02  (1.8 samples/s)
14:30:06 | INFO  |   epoch 2  step 1100/1405  loss 2.0350e-02  (1.8 samples/s)
14:31:58 | INFO  |   epoch 2  step 1150/1405  loss 1.8236e-02  (1.8 samples/s)
14:33:51 | INFO  |   epoch 2  step 1200/1405  loss 1.7666e-02  (1.8 samples/s)
14:35:43 | INFO  |   epoch 2  step 1250/1405  loss 1.6887e-02  (1.8 samples/s)
14:37:36 | INFO  |   epoch 2  step 1300/1405  loss 1.7374e-02  (1.8 samples/s)
14:39:29 | INFO  |   epoch 2  step 1350/1405  loss 1.4761e-02  (1.8 samples/s)
14:41:21 | INFO  |   epoch 2  step 1400/1405  loss 1.3591e-02  (1.8 samples/s)
14:43:10 | INFO  | epoch 2  train 2.9720e-02  val 1.4028e-02  mse 1.5272e-04  flux_rel_err 128.866  [best]  (3290.0s)
14:43:10 | INFO  | === epoch 3/30  lr=9.89e-04 ===
14:45:04 | INFO  |   epoch 3  step   50/1405  loss 1.3436e-02  (1.8 samples/s)
14:46:57 | INFO  |   epoch 3  step  100/1405  loss 1.7169e-02  (1.8 samples/s)
14:48:50 | INFO  |   epoch 3  step  150/1405  loss 1.1925e-02  (1.8 samples/s)
14:50:49 | INFO  |   epoch 3  step  200/1405  loss 1.1937e-02  (1.7 samples/s)
14:52:47 | INFO  |   epoch 3  step  250/1405  loss 1.2305e-02  (1.7 samples/s)
14:54:40 | INFO  |   epoch 3  step  300/1405  loss 1.1590e-02  (1.7 samples/s)
14:56:33 | INFO  |   epoch 3  step  350/1405  loss 1.0677e-02  (1.7 samples/s)
14:58:27 | INFO  |   epoch 3  step  400/1405  loss 1.0616e-02  (1.7 samples/s)
15:00:22 | INFO  |   epoch 3  step  450/1405  loss 9.8954e-03  (1.7 samples/s)
15:02:14 | INFO  |   epoch 3  step  500/1405  loss 9.6471e-03  (1.7 samples/s)
15:04:07 | INFO  |   epoch 3  step  550/1405  loss 1.0169e-02  (1.8 samples/s)
15:06:00 | INFO  |   epoch 3  step  600/1405  loss 1.1841e-02  (1.8 samples/s)
15:07:52 | INFO  |   epoch 3  step  650/1405  loss 9.0066e-03  (1.8 samples/s)
15:09:45 | INFO  |   epoch 3  step  700/1405  loss 1.2574e-02  (1.8 samples/s)
15:11:37 | INFO  |   epoch 3  step  750/1405  loss 7.9103e-03  (1.8 samples/s)
15:13:30 | INFO  |   epoch 3  step  800/1405  loss 7.6856e-03  (1.8 samples/s)
15:15:22 | INFO  |   epoch 3  step  850/1405  loss 9.4123e-03  (1.8 samples/s)
15:17:15 | INFO  |   epoch 3  step  900/1405  loss 7.2109e-03  (1.8 samples/s)
15:19:07 | INFO  |   epoch 3  step  950/1405  loss 8.1400e-03  (1.8 samples/s)
15:21:00 | INFO  |   epoch 3  step 1000/1405  loss 6.7807e-03  (1.8 samples/s)
15:22:52 | INFO  |   epoch 3  step 1050/1405  loss 9.0129e-03  (1.8 samples/s)
15:24:45 | INFO  |   epoch 3  step 1100/1405  loss 6.7591e-03  (1.8 samples/s)
15:26:37 | INFO  |   epoch 3  step 1150/1405  loss 6.9432e-03  (1.8 samples/s)
15:28:30 | INFO  |   epoch 3  step 1200/1405  loss 5.8047e-03  (1.8 samples/s)
15:30:22 | INFO  |   epoch 3  step 1250/1405  loss 6.2348e-03  (1.8 samples/s)
15:32:14 | INFO  |   epoch 3  step 1300/1405  loss 6.2725e-03  (1.8 samples/s)
15:34:07 | INFO  |   epoch 3  step 1350/1405  loss 5.7351e-03  (1.8 samples/s)
15:35:59 | INFO  |   epoch 3  step 1400/1405  loss 6.1430e-03  (1.8 samples/s)
15:38:01 | INFO  | epoch 3  train 9.3977e-03  val 5.5181e-03  mse 6.1019e-05  flux_rel_err 77.991  [best]  (3290.7s)
15:38:01 | INFO  | === epoch 4/30  lr=9.76e-04 ===
15:39:56 | INFO  |   epoch 4  step   50/1405  loss 6.4725e-03  (1.7 samples/s)
15:41:49 | INFO  |   epoch 4  step  100/1405  loss 4.8546e-03  (1.8 samples/s)
15:43:44 | INFO  |   epoch 4  step  150/1405  loss 7.2350e-03  (1.7 samples/s)
15:45:37 | INFO  |   epoch 4  step  200/1405  loss 4.6435e-03  (1.8 samples/s)
15:47:29 | INFO  |   epoch 4  step  250/1405  loss 4.4248e-03  (1.8 samples/s)
15:49:22 | INFO  |   epoch 4  step  300/1405  loss 4.3198e-03  (1.8 samples/s)
15:51:14 | INFO  |   epoch 4  step  350/1405  loss 4.2474e-03  (1.8 samples/s)
15:53:07 | INFO  |   epoch 4  step  400/1405  loss 4.2775e-03  (1.8 samples/s)
15:55:01 | INFO  |   epoch 4  step  450/1405  loss 3.9842e-03  (1.8 samples/s)
15:56:56 | INFO  |   epoch 4  step  500/1405  loss 4.4802e-03  (1.8 samples/s)
15:58:52 | INFO  |   epoch 4  step  550/1405  loss 3.6930e-03  (1.8 samples/s)
16:00:47 | INFO  |   epoch 4  step  600/1405  loss 3.5846e-03  (1.8 samples/s)
16:02:41 | INFO  |   epoch 4  step  650/1405  loss 3.4525e-03  (1.8 samples/s)
16:04:33 | INFO  |   epoch 4  step  700/1405  loss 3.4508e-03  (1.8 samples/s)
16:06:26 | INFO  |   epoch 4  step  750/1405  loss 7.0823e-03  (1.8 samples/s)
16:08:18 | INFO  |   epoch 4  step  800/1405  loss 3.2035e-03  (1.8 samples/s)
16:10:10 | INFO  |   epoch 4  step  850/1405  loss 4.9917e-03  (1.8 samples/s)
16:12:03 | INFO  |   epoch 4  step  900/1405  loss 3.0948e-03  (1.8 samples/s)
16:13:55 | INFO  |   epoch 4  step  950/1405  loss 3.4368e-03  (1.8 samples/s)
16:15:49 | INFO  |   epoch 4  step 1000/1405  loss 2.7730e-03  (1.8 samples/s)
16:17:43 | INFO  |   epoch 4  step 1050/1405  loss 2.7497e-03  (1.8 samples/s)
16:19:36 | INFO  |   epoch 4  step 1100/1405  loss 2.6834e-03  (1.8 samples/s)
16:21:31 | INFO  |   epoch 4  step 1150/1405  loss 2.9580e-03  (1.8 samples/s)
16:23:26 | INFO  |   epoch 4  step 1200/1405  loss 2.9190e-03  (1.8 samples/s)
16:25:20 | INFO  |   epoch 4  step 1250/1405  loss 2.4351e-03  (1.8 samples/s)
16:27:13 | INFO  |   epoch 4  step 1300/1405  loss 2.3737e-03  (1.8 samples/s)
16:29:09 | INFO  |   epoch 4  step 1350/1405  loss 2.2785e-03  (1.8 samples/s)
16:32:14 | INFO  |   epoch 4  step 1400/1405  loss 2.2313e-03  (1.7 samples/s)
16:36:28 | INFO  | epoch 4  train 4.0888e-03  val 2.8650e-03  mse 3.4021e-05  flux_rel_err 50.855  [best]  (3507.1s)
16:36:28 | INFO  | === epoch 5/30  lr=9.57e-04 ===
16:38:25 | INFO  |   epoch 5  step   50/1405  loss 3.5712e-03  (1.7 samples/s)
16:40:23 | INFO  |   epoch 5  step  100/1405  loss 2.4985e-03  (1.7 samples/s)
16:42:19 | INFO  |   epoch 5  step  150/1405  loss 2.4272e-03  (1.7 samples/s)
16:44:14 | INFO  |   epoch 5  step  200/1405  loss 1.9918e-03  (1.7 samples/s)
16:46:11 | INFO  |   epoch 5  step  250/1405  loss 2.1849e-03  (1.7 samples/s)
16:48:05 | INFO  |   epoch 5  step  300/1405  loss 1.8777e-03  (1.7 samples/s)
16:49:59 | INFO  |   epoch 5  step  350/1405  loss 2.3979e-03  (1.7 samples/s)
16:51:52 | INFO  |   epoch 5  step  400/1405  loss 2.0012e-03  (1.7 samples/s)
16:53:45 | INFO  |   epoch 5  step  450/1405  loss 2.3769e-03  (1.7 samples/s)
16:55:38 | INFO  |   epoch 5  step  500/1405  loss 1.7591e-03  (1.7 samples/s)
16:57:32 | INFO  |   epoch 5  step  550/1405  loss 1.8996e-03  (1.7 samples/s)
16:59:25 | INFO  |   epoch 5  step  600/1405  loss 1.7224e-03  (1.7 samples/s)
17:01:18 | INFO  |   epoch 5  step  650/1405  loss 1.8840e-03  (1.7 samples/s)
17:03:11 | INFO  |   epoch 5  step  700/1405  loss 1.5377e-03  (1.7 samples/s)
17:05:04 | INFO  |   epoch 5  step  750/1405  loss 1.8943e-03  (1.7 samples/s)
17:06:57 | INFO  |   epoch 5  step  800/1405  loss 1.4369e-03  (1.7 samples/s)
17:08:50 | INFO  |   epoch 5  step  850/1405  loss 2.6915e-03  (1.8 samples/s)
17:10:43 | INFO  |   epoch 5  step  900/1405  loss 1.8881e-03  (1.8 samples/s)
17:12:35 | INFO  |   epoch 5  step  950/1405  loss 1.3370e-03  (1.8 samples/s)
17:14:27 | INFO  |   epoch 5  step 1000/1405  loss 3.1890e-03  (1.8 samples/s)
17:16:20 | INFO  |   epoch 5  step 1050/1405  loss 1.3113e-03  (1.8 samples/s)
17:18:13 | INFO  |   epoch 5  step 1100/1405  loss 2.6067e-03  (1.8 samples/s)
17:20:05 | INFO  |   epoch 5  step 1150/1405  loss 3.4814e-03  (1.8 samples/s)
17:21:58 | INFO  |   epoch 5  step 1200/1405  loss 1.3170e-03  (1.8 samples/s)
17:23:50 | INFO  |   epoch 5  step 1250/1405  loss 1.6181e-03  (1.8 samples/s)
17:25:43 | INFO  |   epoch 5  step 1300/1405  loss 1.1677e-03  (1.8 samples/s)
17:27:35 | INFO  |   epoch 5  step 1350/1405  loss 1.0669e-03  (1.8 samples/s)
17:29:30 | INFO  |   epoch 5  step 1400/1405  loss 1.2683e-03  (1.8 samples/s)
17:31:19 | INFO  | epoch 5  train 2.5562e-03  val 1.7002e-03  mse 2.0805e-05  flux_rel_err 34.738  [best]  (3290.8s)
17:31:19 | INFO  | === epoch 6/30  lr=9.33e-04 ===
17:33:13 | INFO  |   epoch 6  step   50/1405  loss 2.6437e-03  (1.8 samples/s)
17:35:05 | INFO  |   epoch 6  step  100/1405  loss 1.4331e-03  (1.8 samples/s)
17:36:57 | INFO  |   epoch 6  step  150/1405  loss 9.5248e-04  (1.8 samples/s)
17:38:49 | INFO  |   epoch 6  step  200/1405  loss 1.1957e-03  (1.8 samples/s)
17:40:42 | INFO  |   epoch 6  step  250/1405  loss 1.4328e-03  (1.8 samples/s)
17:42:34 | INFO  |   epoch 6  step  300/1405  loss 8.9223e-04  (1.8 samples/s)
17:44:26 | INFO  |   epoch 6  step  350/1405  loss 8.5854e-04  (1.8 samples/s)
17:46:19 | INFO  |   epoch 6  step  400/1405  loss 8.3768e-04  (1.8 samples/s)
17:48:11 | INFO  |   epoch 6  step  450/1405  loss 8.3384e-04  (1.8 samples/s)
17:50:03 | INFO  |   epoch 6  step  500/1405  loss 9.6910e-04  (1.8 samples/s)
17:51:56 | INFO  |   epoch 6  step  550/1405  loss 8.0738e-04  (1.8 samples/s)
17:53:48 | INFO  |   epoch 6  step  600/1405  loss 8.1249e-04  (1.8 samples/s)
17:55:41 | INFO  |   epoch 6  step  650/1405  loss 1.1912e-03  (1.8 samples/s)
17:57:33 | INFO  |   epoch 6  step  700/1405  loss 1.9033e-03  (1.8 samples/s)
17:59:25 | INFO  |   epoch 6  step  750/1405  loss 2.0029e-03  (1.8 samples/s)
18:01:18 | INFO  |   epoch 6  step  800/1405  loss 9.4375e-04  (1.8 samples/s)
18:03:11 | INFO  |   epoch 6  step  850/1405  loss 8.6552e-04  (1.8 samples/s)
18:05:04 | INFO  |   epoch 6  step  900/1405  loss 1.5255e-03  (1.8 samples/s)
18:06:58 | INFO  |   epoch 6  step  950/1405  loss 6.9967e-04  (1.8 samples/s)
18:08:50 | INFO  |   epoch 6  step 1000/1405  loss 1.1269e-03  (1.8 samples/s)
18:10:42 | INFO  |   epoch 6  step 1050/1405  loss 8.2916e-04  (1.8 samples/s)
18:12:34 | INFO  |   epoch 6  step 1100/1405  loss 5.9694e-04  (1.8 samples/s)
18:14:28 | INFO  |   epoch 6  step 1150/1405  loss 1.5045e-03  (1.8 samples/s)
18:16:28 | INFO  |   epoch 6  step 1200/1405  loss 1.3903e-03  (1.8 samples/s)
18:18:26 | INFO  |   epoch 6  step 1250/1405  loss 9.2425e-04  (1.8 samples/s)
18:20:23 | INFO  |   epoch 6  step 1300/1405  loss 6.8307e-04  (1.8 samples/s)
18:22:20 | INFO  |   epoch 6  step 1350/1405  loss 9.3300e-04  (1.8 samples/s)
18:24:17 | INFO  |   epoch 6  step 1400/1405  loss 8.6190e-04  (1.8 samples/s)
18:26:11 | INFO  | epoch 6  train 1.2727e-03  val 7.7016e-04  mse 8.9252e-06  flux_rel_err 23.706  [best]  (3291.6s)
18:26:11 | INFO  | === epoch 7/30  lr=9.05e-04 ===
18:28:12 | INFO  |   epoch 7  step   50/1405  loss 4.8916e-04  (1.6 samples/s)
18:30:09 | INFO  |   epoch 7  step  100/1405  loss 7.2604e-04  (1.7 samples/s)
18:32:06 | INFO  |   epoch 7  step  150/1405  loss 1.5949e-03  (1.7 samples/s)
18:34:05 | INFO  |   epoch 7  step  200/1405  loss 6.8818e-04  (1.7 samples/s)
18:36:04 | INFO  |   epoch 7  step  250/1405  loss 8.0832e-04  (1.7 samples/s)
18:38:02 | INFO  |   epoch 7  step  300/1405  loss 4.2568e-04  (1.7 samples/s)
18:39:58 | INFO  |   epoch 7  step  350/1405  loss 5.8519e-04  (1.7 samples/s)
18:41:55 | INFO  |   epoch 7  step  400/1405  loss 4.1607e-04  (1.7 samples/s)
18:43:52 | INFO  |   epoch 7  step  450/1405  loss 3.4704e-03  (1.7 samples/s)
18:45:49 | INFO  |   epoch 7  step  500/1405  loss 6.5183e-04  (1.7 samples/s)
18:47:45 | INFO  |   epoch 7  step  550/1405  loss 8.3695e-04  (1.7 samples/s)
18:49:41 | INFO  |   epoch 7  step  600/1405  loss 3.7447e-04  (1.7 samples/s)
18:51:38 | INFO  |   epoch 7  step  650/1405  loss 3.9910e-04  (1.7 samples/s)
18:53:36 | INFO  |   epoch 7  step  700/1405  loss 7.3494e-04  (1.7 samples/s)
18:55:33 | INFO  |   epoch 7  step  750/1405  loss 7.3872e-04  (1.7 samples/s)
18:57:39 | INFO  |   epoch 7  step  800/1405  loss 5.5473e-03  (1.7 samples/s)
18:59:53 | INFO  |   epoch 7  step  850/1405  loss 4.1479e-04  (1.7 samples/s)
19:02:04 | INFO  |   epoch 7  step  900/1405  loss 3.2088e-04  (1.7 samples/s)
19:04:25 | INFO  |   epoch 7  step  950/1405  loss 5.6138e-04  (1.7 samples/s)
19:06:53 | INFO  |   epoch 7  step 1000/1405  loss 3.1488e-04  (1.6 samples/s)
19:09:17 | INFO  |   epoch 7  step 1050/1405  loss 5.4379e-04  (1.6 samples/s)
19:11:16 | INFO  |   epoch 7  step 1100/1405  loss 4.5487e-04  (1.6 samples/s)
19:13:14 | INFO  |   epoch 7  step 1150/1405  loss 3.4565e-04  (1.6 samples/s)
19:15:10 | INFO  |   epoch 7  step 1200/1405  loss 5.7376e-04  (1.6 samples/s)
19:17:07 | INFO  |   epoch 7  step 1250/1405  loss 2.7145e-03  (1.6 samples/s)
19:19:04 | INFO  |   epoch 7  step 1300/1405  loss 2.5171e-04  (1.6 samples/s)
19:21:00 | INFO  |   epoch 7  step 1350/1405  loss 3.7488e-04  (1.6 samples/s)
19:22:57 | INFO  |   epoch 7  step 1400/1405  loss 3.8249e-04  (1.6 samples/s)
19:24:51 | INFO  | epoch 7  train 8.0997e-04  val 5.7980e-04  mse 6.7362e-06  flux_rel_err 16.523  [best]  (3520.1s)
19:24:51 | INFO  | === epoch 8/30  lr=8.72e-04 ===
19:26:50 | INFO  |   epoch 8  step   50/1405  loss 2.6841e-04  (1.7 samples/s)
19:28:47 | INFO  |   epoch 8  step  100/1405  loss 9.7343e-04  (1.7 samples/s)
19:30:44 | INFO  |   epoch 8  step  150/1405  loss 6.8767e-04  (1.7 samples/s)
19:32:40 | INFO  |   epoch 8  step  200/1405  loss 2.3402e-04  (1.7 samples/s)
19:34:37 | INFO  |   epoch 8  step  250/1405  loss 3.9320e-04  (1.7 samples/s)
19:36:33 | INFO  |   epoch 8  step  300/1405  loss 2.1614e-04  (1.7 samples/s)
19:38:30 | INFO  |   epoch 8  step  350/1405  loss 5.0659e-04  (1.7 samples/s)
19:40:27 | INFO  |   epoch 8  step  400/1405  loss 2.0613e-03  (1.7 samples/s)
19:42:24 | INFO  |   epoch 8  step  450/1405  loss 3.1926e-04  (1.7 samples/s)
19:44:21 | INFO  |   epoch 8  step  500/1405  loss 1.8392e-03  (1.7 samples/s)
19:46:18 | INFO  |   epoch 8  step  550/1405  loss 9.7482e-04  (1.7 samples/s)
19:48:15 | INFO  |   epoch 8  step  600/1405  loss 2.1066e-04  (1.7 samples/s)
19:50:12 | INFO  |   epoch 8  step  650/1405  loss 2.8668e-04  (1.7 samples/s)
19:52:10 | INFO  |   epoch 8  step  700/1405  loss 2.1733e-04  (1.7 samples/s)
19:54:07 | INFO  |   epoch 8  step  750/1405  loss 1.7446e-04  (1.7 samples/s)
19:56:04 | INFO  |   epoch 8  step  800/1405  loss 3.1400e-04  (1.7 samples/s)
19:58:02 | INFO  |   epoch 8  step  850/1405  loss 6.0369e-04  (1.7 samples/s)
19:59:59 | INFO  |   epoch 8  step  900/1405  loss 9.0491e-04  (1.7 samples/s)
20:01:56 | INFO  |   epoch 8  step  950/1405  loss 5.5087e-04  (1.7 samples/s)
20:03:53 | INFO  |   epoch 8  step 1000/1405  loss 1.7655e-04  (1.7 samples/s)
20:05:51 | INFO  |   epoch 8  step 1050/1405  loss 3.3619e-04  (1.7 samples/s)
20:07:48 | INFO  |   epoch 8  step 1100/1405  loss 5.6046e-04  (1.7 samples/s)
20:09:45 | INFO  |   epoch 8  step 1150/1405  loss 2.5864e-04  (1.7 samples/s)
20:11:43 | INFO  |   epoch 8  step 1200/1405  loss 3.5824e-03  (1.7 samples/s)
20:13:40 | INFO  |   epoch 8  step 1250/1405  loss 4.7751e-04  (1.7 samples/s)
20:15:38 | INFO  |   epoch 8  step 1300/1405  loss 1.3793e-04  (1.7 samples/s)
20:17:35 | INFO  |   epoch 8  step 1350/1405  loss 1.4960e-03  (1.7 samples/s)
20:19:33 | INFO  |   epoch 8  step 1400/1405  loss 2.4202e-04  (1.7 samples/s)
20:21:26 | INFO  | epoch 8  train 6.0801e-04  val 4.6095e-04  mse 5.5495e-06  flux_rel_err 11.527  [best]  (3395.3s)
20:21:26 | INFO  | === epoch 9/30  lr=8.35e-04 ===
20:23:27 | INFO  |   epoch 9  step   50/1405  loss 2.9757e-04  (1.7 samples/s)
20:25:23 | INFO  |   epoch 9  step  100/1405  loss 1.0587e-03  (1.7 samples/s)
20:27:20 | INFO  |   epoch 9  step  150/1405  loss 3.4244e-04  (1.7 samples/s)
20:29:18 | INFO  |   epoch 9  step  200/1405  loss 3.3230e-04  (1.7 samples/s)
20:31:15 | INFO  |   epoch 9  step  250/1405  loss 1.0203e-03  (1.7 samples/s)
20:33:14 | INFO  |   epoch 9  step  300/1405  loss 1.9035e-03  (1.7 samples/s)
20:35:11 | INFO  |   epoch 9  step  350/1405  loss 1.8150e-03  (1.7 samples/s)
20:37:08 | INFO  |   epoch 9  step  400/1405  loss 4.5333e-04  (1.7 samples/s)
20:39:04 | INFO  |   epoch 9  step  450/1405  loss 4.7140e-04  (1.7 samples/s)
20:41:01 | INFO  |   epoch 9  step  500/1405  loss 3.2246e-04  (1.7 samples/s)
20:42:58 | INFO  |   epoch 9  step  550/1405  loss 5.0422e-04  (1.7 samples/s)
20:44:55 | INFO  |   epoch 9  step  600/1405  loss 6.8587e-04  (1.7 samples/s)
20:46:52 | INFO  |   epoch 9  step  650/1405  loss 3.4318e-04  (1.7 samples/s)
20:48:48 | INFO  |   epoch 9  step  700/1405  loss 2.0525e-04  (1.7 samples/s)
20:50:46 | INFO  |   epoch 9  step  750/1405  loss 3.1882e-04  (1.7 samples/s)
20:52:42 | INFO  |   epoch 9  step  800/1405  loss 3.6317e-04  (1.7 samples/s)
20:54:39 | INFO  |   epoch 9  step  850/1405  loss 2.1603e-04  (1.7 samples/s)
20:56:36 | INFO  |   epoch 9  step  900/1405  loss 1.6433e-04  (1.7 samples/s)
20:58:33 | INFO  |   epoch 9  step  950/1405  loss 2.6018e-04  (1.7 samples/s)
21:00:30 | INFO  |   epoch 9  step 1000/1405  loss 2.6914e-04  (1.7 samples/s)
21:02:27 | INFO  |   epoch 9  step 1050/1405  loss 5.9112e-04  (1.7 samples/s)
21:04:24 | INFO  |   epoch 9  step 1100/1405  loss 1.1578e-04  (1.7 samples/s)
21:06:21 | INFO  |   epoch 9  step 1150/1405  loss 1.1983e-04  (1.7 samples/s)
21:08:18 | INFO  |   epoch 9  step 1200/1405  loss 7.4720e-04  (1.7 samples/s)
21:10:14 | INFO  |   epoch 9  step 1250/1405  loss 7.7414e-05  (1.7 samples/s)
21:12:11 | INFO  |   epoch 9  step 1300/1405  loss 2.0726e-04  (1.7 samples/s)
21:14:08 | INFO  |   epoch 9  step 1350/1405  loss 6.2937e-05  (1.7 samples/s)
21:16:05 | INFO  |   epoch 9  step 1400/1405  loss 1.2062e-04  (1.7 samples/s)
21:17:59 | INFO  | epoch 9  train 5.5352e-04  val 2.7972e-04  mse 3.2734e-06  flux_rel_err 8.098  [best]  (3392.3s)
21:17:59 | INFO  | === epoch 10/30  lr=7.94e-04 ===
21:19:58 | INFO  |   epoch 10  step   50/1405  loss 2.0344e-04  (1.7 samples/s)
21:21:55 | INFO  |   epoch 10  step  100/1405  loss 4.2555e-04  (1.7 samples/s)
21:23:52 | INFO  |   epoch 10  step  150/1405  loss 2.6746e-04  (1.7 samples/s)
21:25:50 | INFO  |   epoch 10  step  200/1405  loss 4.9052e-04  (1.7 samples/s)
21:27:46 | INFO  |   epoch 10  step  250/1405  loss 6.4398e-05  (1.7 samples/s)
21:29:43 | INFO  |   epoch 10  step  300/1405  loss 2.2847e-04  (1.7 samples/s)
21:31:40 | INFO  |   epoch 10  step  350/1405  loss 1.7540e-04  (1.7 samples/s)
21:33:37 | INFO  |   epoch 10  step  400/1405  loss 2.1720e-04  (1.7 samples/s)
21:35:34 | INFO  |   epoch 10  step  450/1405  loss 1.2883e-04  (1.7 samples/s)
21:37:30 | INFO  |   epoch 10  step  500/1405  loss 1.1110e-04  (1.7 samples/s)
21:39:28 | INFO  |   epoch 10  step  550/1405  loss 4.8383e-05  (1.7 samples/s)
21:41:25 | INFO  |   epoch 10  step  600/1405  loss 2.2382e-03  (1.7 samples/s)
21:43:22 | INFO  |   epoch 10  step  650/1405  loss 2.6057e-03  (1.7 samples/s)
21:45:19 | INFO  |   epoch 10  step  700/1405  loss 2.1639e-04  (1.7 samples/s)
21:47:16 | INFO  |   epoch 10  step  750/1405  loss 6.2838e-05  (1.7 samples/s)
21:49:13 | INFO  |   epoch 10  step  800/1405  loss 1.3542e-03  (1.7 samples/s)
21:51:10 | INFO  |   epoch 10  step  850/1405  loss 1.9510e-04  (1.7 samples/s)
21:53:07 | INFO  |   epoch 10  step  900/1405  loss 6.3569e-04  (1.7 samples/s)
21:54:59 | INFO  |   epoch 10  step  950/1405  loss 2.3732e-04  (1.7 samples/s)
21:56:51 | INFO  |   epoch 10  step 1000/1405  loss 3.6550e-04  (1.7 samples/s)
21:58:43 | INFO  |   epoch 10  step 1050/1405  loss 3.4770e-04  (1.7 samples/s)
22:00:35 | INFO  |   epoch 10  step 1100/1405  loss 5.5044e-04  (1.7 samples/s)
22:02:27 | INFO  |   epoch 10  step 1150/1405  loss 2.3198e-04  (1.7 samples/s)
22:04:19 | INFO  |   epoch 10  step 1200/1405  loss 1.6309e-04  (1.7 samples/s)
22:06:11 | INFO  |   epoch 10  step 1250/1405  loss 8.2476e-05  (1.7 samples/s)
22:08:03 | INFO  |   epoch 10  step 1300/1405  loss 4.7629e-04  (1.7 samples/s)
22:09:55 | INFO  |   epoch 10  step 1350/1405  loss 1.1754e-04  (1.7 samples/s)
22:11:47 | INFO  |   epoch 10  step 1400/1405  loss 7.8848e-04  (1.7 samples/s)
22:13:35 | INFO  | epoch 10  train 4.3632e-04  val 2.8469e-04  mse 3.8411e-06  flux_rel_err 5.516          (3336.2s)
22:13:35 | INFO  | === epoch 11/30  lr=7.50e-04 ===
22:15:28 | INFO  |   epoch 11  step   50/1405  loss 7.2770e-05  (1.8 samples/s)
22:17:20 | INFO  |   epoch 11  step  100/1405  loss 7.0337e-05  (1.8 samples/s)
22:19:12 | INFO  |   epoch 11  step  150/1405  loss 2.8858e-04  (1.8 samples/s)
22:21:03 | INFO  |   epoch 11  step  200/1405  loss 4.8040e-05  (1.8 samples/s)
22:22:54 | INFO  |   epoch 11  step  250/1405  loss 1.1460e-03  (1.8 samples/s)
22:24:45 | INFO  |   epoch 11  step  300/1405  loss 5.4439e-04  (1.8 samples/s)
22:26:37 | INFO  |   epoch 11  step  350/1405  loss 2.7691e-05  (1.8 samples/s)
22:28:28 | INFO  |   epoch 11  step  400/1405  loss 2.3161e-04  (1.8 samples/s)
22:30:19 | INFO  |   epoch 11  step  450/1405  loss 4.4234e-04  (1.8 samples/s)
22:32:11 | INFO  |   epoch 11  step  500/1405  loss 2.3945e-04  (1.8 samples/s)
22:34:02 | INFO  |   epoch 11  step  550/1405  loss 9.5108e-05  (1.8 samples/s)
22:35:53 | INFO  |   epoch 11  step  600/1405  loss 3.2151e-05  (1.8 samples/s)
22:37:44 | INFO  |   epoch 11  step  650/1405  loss 4.7380e-05  (1.8 samples/s)
22:39:36 | INFO  |   epoch 11  step  700/1405  loss 1.7721e-04  (1.8 samples/s)
22:41:27 | INFO  |   epoch 11  step  750/1405  loss 1.7993e-04  (1.8 samples/s)
22:43:19 | INFO  |   epoch 11  step  800/1405  loss 2.1942e-04  (1.8 samples/s)
22:45:10 | INFO  |   epoch 11  step  850/1405  loss 1.2976e-04  (1.8 samples/s)
22:47:01 | INFO  |   epoch 11  step  900/1405  loss 6.7883e-05  (1.8 samples/s)
22:48:52 | INFO  |   epoch 11  step  950/1405  loss 3.0906e-04  (1.8 samples/s)
22:50:44 | INFO  |   epoch 11  step 1000/1405  loss 1.0670e-04  (1.8 samples/s)
22:52:35 | INFO  |   epoch 11  step 1050/1405  loss 1.0712e-04  (1.8 samples/s)
22:54:26 | INFO  |   epoch 11  step 1100/1405  loss 2.4090e-04  (1.8 samples/s)
22:56:18 | INFO  |   epoch 11  step 1150/1405  loss 2.8027e-05  (1.8 samples/s)
22:58:09 | INFO  |   epoch 11  step 1200/1405  loss 7.9834e-04  (1.8 samples/s)
23:00:00 | INFO  |   epoch 11  step 1250/1405  loss 3.9070e-05  (1.8 samples/s)
23:01:51 | INFO  |   epoch 11  step 1300/1405  loss 3.0628e-04  (1.8 samples/s)
23:03:43 | INFO  |   epoch 11  step 1350/1405  loss 1.0778e-04  (1.8 samples/s)
23:05:34 | INFO  |   epoch 11  step 1400/1405  loss 1.2642e-04  (1.8 samples/s)
23:07:22 | INFO  | epoch 11  train 3.3696e-04  val 2.2940e-04  mse 2.6063e-06  flux_rel_err 4.062  [best]  (3226.4s)
23:07:22 | INFO  | === epoch 12/30  lr=7.03e-04 ===
23:09:14 | INFO  |   epoch 12  step   50/1405  loss 2.2557e-04  (1.8 samples/s)
23:11:06 | INFO  |   epoch 12  step  100/1405  loss 3.1560e-04  (1.8 samples/s)
23:12:57 | INFO  |   epoch 12  step  150/1405  loss 1.6318e-04  (1.8 samples/s)
23:14:49 | INFO  |   epoch 12  step  200/1405  loss 2.3639e-04  (1.8 samples/s)
23:16:43 | INFO  |   epoch 12  step  250/1405  loss 6.5471e-05  (1.8 samples/s)
23:18:36 | INFO  |   epoch 12  step  300/1405  loss 5.4445e-04  (1.8 samples/s)
23:20:29 | INFO  |   epoch 12  step  350/1405  loss 3.2918e-05  (1.8 samples/s)
23:22:23 | INFO  |   epoch 12  step  400/1405  loss 1.7009e-04  (1.8 samples/s)
23:24:15 | INFO  |   epoch 12  step  450/1405  loss 1.9909e-04  (1.8 samples/s)
23:39:47 | INFO  |   epoch 12  step  500/1405  loss 1.0982e-04  (1.0 samples/s)
23:41:41 | INFO  |   epoch 12  step  550/1405  loss 4.2183e-05  (1.1 samples/s)
23:43:34 | INFO  |   epoch 12  step  600/1405  loss 4.0785e-05  (1.1 samples/s)
23:45:28 | INFO  |   epoch 12  step  650/1405  loss 1.5945e-04  (1.1 samples/s)
23:47:21 | INFO  |   epoch 12  step  700/1405  loss 1.8673e-04  (1.2 samples/s)
23:49:14 | INFO  |   epoch 12  step  750/1405  loss 2.1087e-04  (1.2 samples/s)
23:51:07 | INFO  |   epoch 12  step  800/1405  loss 2.3279e-04  (1.2 samples/s)
23:53:01 | INFO  |   epoch 12  step  850/1405  loss 3.0176e-05  (1.2 samples/s)
23:54:54 | INFO  |   epoch 12  step  900/1405  loss 2.6618e-04  (1.3 samples/s)
23:56:47 | INFO  |   epoch 12  step  950/1405  loss 2.9344e-05  (1.3 samples/s)
23:58:40 | INFO  |   epoch 12  step 1000/1405  loss 1.3427e-04  (1.3 samples/s)
00:00:32 | INFO  |   epoch 12  step 1050/1405  loss 1.6842e-04  (1.3 samples/s)
00:02:25 | INFO  |   epoch 12  step 1100/1405  loss 1.1803e-04  (1.3 samples/s)
00:04:17 | INFO  |   epoch 12  step 1150/1405  loss 1.3534e-04  (1.3 samples/s)
00:06:10 | INFO  |   epoch 12  step 1200/1405  loss 1.2961e-04  (1.4 samples/s)
00:08:04 | INFO  |   epoch 12  step 1250/1405  loss 3.0215e-04  (1.4 samples/s)
00:10:00 | INFO  |   epoch 12  step 1300/1405  loss 9.6445e-05  (1.4 samples/s)
00:11:55 | INFO  |   epoch 12  step 1350/1405  loss 1.1793e-03  (1.4 samples/s)
00:13:51 | INFO  |   epoch 12  step 1400/1405  loss 1.1542e-04  (1.4 samples/s)
00:15:56 | INFO  | epoch 12  train 3.3929e-04  val 2.5082e-04  mse 3.1354e-06  flux_rel_err 2.990          (4114.0s)
00:15:56 | INFO  | === epoch 13/30  lr=6.55e-04 ===
00:17:52 | INFO  |   epoch 13  step   50/1405  loss 1.3326e-04  (1.7 samples/s)
00:19:48 | INFO  |   epoch 13  step  100/1405  loss 2.5382e-04  (1.7 samples/s)
00:21:43 | INFO  |   epoch 13  step  150/1405  loss 5.2451e-04  (1.7 samples/s)
00:23:38 | INFO  |   epoch 13  step  200/1405  loss 2.4418e-04  (1.7 samples/s)
00:25:33 | INFO  |   epoch 13  step  250/1405  loss 2.4105e-04  (1.7 samples/s)
00:27:28 | INFO  |   epoch 13  step  300/1405  loss 7.2443e-05  (1.7 samples/s)
00:29:24 | INFO  |   epoch 13  step  350/1405  loss 6.2054e-05  (1.7 samples/s)
00:31:19 | INFO  |   epoch 13  step  400/1405  loss 1.2004e-04  (1.7 samples/s)
00:33:14 | INFO  |   epoch 13  step  450/1405  loss 2.8776e-05  (1.7 samples/s)
00:35:10 | INFO  |   epoch 13  step  500/1405  loss 5.7827e-05  (1.7 samples/s)
00:37:04 | INFO  |   epoch 13  step  550/1405  loss 1.0512e-04  (1.7 samples/s)
00:38:57 | INFO  |   epoch 13  step  600/1405  loss 6.7629e-05  (1.7 samples/s)
00:40:50 | INFO  |   epoch 13  step  650/1405  loss 2.4607e-05  (1.7 samples/s)
00:42:44 | INFO  |   epoch 13  step  700/1405  loss 2.7990e-05  (1.7 samples/s)
00:44:37 | INFO  |   epoch 13  step  750/1405  loss 3.5654e-04  (1.7 samples/s)
00:46:30 | INFO  |   epoch 13  step  800/1405  loss 2.1507e-04  (1.7 samples/s)
00:48:23 | INFO  |   epoch 13  step  850/1405  loss 2.7082e-04  (1.7 samples/s)
00:50:16 | INFO  |   epoch 13  step  900/1405  loss 1.7615e-04  (1.7 samples/s)
00:52:08 | INFO  |   epoch 13  step  950/1405  loss 1.4531e-04  (1.7 samples/s)
00:54:01 | INFO  |   epoch 13  step 1000/1405  loss 7.0781e-04  (1.8 samples/s)
00:55:54 | INFO  |   epoch 13  step 1050/1405  loss 1.8885e-05  (1.8 samples/s)
00:57:47 | INFO  |   epoch 13  step 1100/1405  loss 8.7934e-05  (1.8 samples/s)
00:59:41 | INFO  |   epoch 13  step 1150/1405  loss 2.9924e-03  (1.8 samples/s)
01:01:34 | INFO  |   epoch 13  step 1200/1405  loss 1.1357e-04  (1.8 samples/s)
01:03:27 | INFO  |   epoch 13  step 1250/1405  loss 1.4729e-04  (1.8 samples/s)
01:05:20 | INFO  |   epoch 13  step 1300/1405  loss 1.7133e-04  (1.8 samples/s)
01:07:14 | INFO  |   epoch 13  step 1350/1405  loss 5.0777e-04  (1.8 samples/s)
01:09:09 | INFO  |   epoch 13  step 1400/1405  loss 2.7699e-04  (1.8 samples/s)
01:11:14 | INFO  | epoch 13  train 3.0253e-04  val 3.3140e-04  mse 3.7220e-06  flux_rel_err 2.440          (3317.9s)
01:11:14 | INFO  | === epoch 14/30  lr=6.04e-04 ===
01:13:10 | INFO  |   epoch 14  step   50/1405  loss 3.6672e-05  (1.7 samples/s)
01:15:03 | INFO  |   epoch 14  step  100/1405  loss 1.1911e-04  (1.7 samples/s)
01:22:23 | INFO  |   epoch 14  step  150/1405  loss 1.4400e-05  (0.9 samples/s)
01:24:17 | INFO  |   epoch 14  step  200/1405  loss 9.9096e-05  (1.0 samples/s)
01:26:11 | INFO  |   epoch 14  step  250/1405  loss 3.0788e-04  (1.1 samples/s)
01:28:05 | INFO  |   epoch 14  step  300/1405  loss 2.5865e-04  (1.2 samples/s)
01:29:59 | INFO  |   epoch 14  step  350/1405  loss 5.5401e-05  (1.2 samples/s)
01:31:51 | INFO  |   epoch 14  step  400/1405  loss 6.5131e-04  (1.3 samples/s)
01:33:43 | INFO  |   epoch 14  step  450/1405  loss 1.5977e-04  (1.3 samples/s)
01:35:34 | INFO  |   epoch 14  step  500/1405  loss 6.1581e-05  (1.4 samples/s)
01:37:26 | INFO  |   epoch 14  step  550/1405  loss 9.2721e-05  (1.4 samples/s)
01:39:17 | INFO  |   epoch 14  step  600/1405  loss 2.3246e-04  (1.4 samples/s)
01:41:10 | INFO  |   epoch 14  step  650/1405  loss 6.4406e-05  (1.4 samples/s)
01:43:03 | INFO  |   epoch 14  step  700/1405  loss 7.9382e-05  (1.5 samples/s)
01:44:56 | INFO  |   epoch 14  step  750/1405  loss 1.2288e-04  (1.5 samples/s)
01:46:49 | INFO  |   epoch 14  step  800/1405  loss 2.9382e-05  (1.5 samples/s)
01:48:43 | INFO  |   epoch 14  step  850/1405  loss 1.3446e-03  (1.5 samples/s)
01:50:36 | INFO  |   epoch 14  step  900/1405  loss 3.1947e-05  (1.5 samples/s)
01:52:30 | INFO  |   epoch 14  step  950/1405  loss 1.8230e-04  (1.5 samples/s)
01:54:23 | INFO  |   epoch 14  step 1000/1405  loss 6.2903e-05  (1.5 samples/s)
01:56:17 | INFO  |   epoch 14  step 1050/1405  loss 7.7825e-05  (1.6 samples/s)
01:58:10 | INFO  |   epoch 14  step 1100/1405  loss 2.3654e-04  (1.6 samples/s)
02:00:04 | INFO  |   epoch 14  step 1150/1405  loss 1.5873e-04  (1.6 samples/s)
02:01:57 | INFO  |   epoch 14  step 1200/1405  loss 2.1908e-04  (1.6 samples/s)
02:03:51 | INFO  |   epoch 14  step 1250/1405  loss 2.5369e-03  (1.6 samples/s)
02:05:43 | INFO  |   epoch 14  step 1300/1405  loss 1.1479e-04  (1.6 samples/s)
02:07:35 | INFO  |   epoch 14  step 1350/1405  loss 6.1364e-04  (1.6 samples/s)
02:09:28 | INFO  |   epoch 14  step 1400/1405  loss 9.5566e-05  (1.6 samples/s)
02:11:16 | INFO  | epoch 14  train 2.6159e-04  val 1.6921e-04  mse 1.9625e-06  flux_rel_err 1.713  [best]  (3602.5s)
02:11:16 | INFO  | === epoch 15/30  lr=5.52e-04 ===
02:13:11 | INFO  |   epoch 15  step   50/1405  loss 7.2599e-04  (1.7 samples/s)
02:15:05 | INFO  |   epoch 15  step  100/1405  loss 1.1288e-04  (1.7 samples/s)
02:17:00 | INFO  |   epoch 15  step  150/1405  loss 8.7657e-05  (1.7 samples/s)
02:18:52 | INFO  |   epoch 15  step  200/1405  loss 1.0895e-04  (1.8 samples/s)
02:20:44 | INFO  |   epoch 15  step  250/1405  loss 4.2710e-05  (1.8 samples/s)
02:22:35 | INFO  |   epoch 15  step  300/1405  loss 5.9945e-05  (1.8 samples/s)
02:24:26 | INFO  |   epoch 15  step  350/1405  loss 1.4645e-04  (1.8 samples/s)
02:26:18 | INFO  |   epoch 15  step  400/1405  loss 2.0420e-04  (1.8 samples/s)
02:28:11 | INFO  |   epoch 15  step  450/1405  loss 3.0759e-05  (1.8 samples/s)
02:30:04 | INFO  |   epoch 15  step  500/1405  loss 1.1175e-04  (1.8 samples/s)
02:31:58 | INFO  |   epoch 15  step  550/1405  loss 2.0644e-04  (1.8 samples/s)
02:33:50 | INFO  |   epoch 15  step  600/1405  loss 1.4324e-04  (1.8 samples/s)
02:35:43 | INFO  |   epoch 15  step  650/1405  loss 4.6187e-04  (1.8 samples/s)
02:37:36 | INFO  |   epoch 15  step  700/1405  loss 5.9184e-05  (1.8 samples/s)
02:39:30 | INFO  |   epoch 15  step  750/1405  loss 1.4461e-04  (1.8 samples/s)
02:41:25 | INFO  |   epoch 15  step  800/1405  loss 8.5879e-05  (1.8 samples/s)
02:43:25 | INFO  |   epoch 15  step  850/1405  loss 1.2510e-04  (1.8 samples/s)
02:45:22 | INFO  |   epoch 15  step  900/1405  loss 1.3778e-04  (1.8 samples/s)
02:47:18 | INFO  |   epoch 15  step  950/1405  loss 8.1248e-05  (1.8 samples/s)
02:49:14 | INFO  |   epoch 15  step 1000/1405  loss 1.1019e-04  (1.8 samples/s)
02:51:10 | INFO  |   epoch 15  step 1050/1405  loss 3.4417e-04  (1.8 samples/s)
02:53:06 | INFO  |   epoch 15  step 1100/1405  loss 1.5124e-04  (1.8 samples/s)
02:54:59 | INFO  |   epoch 15  step 1150/1405  loss 5.3170e-05  (1.8 samples/s)
02:56:53 | INFO  |   epoch 15  step 1200/1405  loss 1.4398e-04  (1.8 samples/s)
02:58:46 | INFO  |   epoch 15  step 1250/1405  loss 1.6257e-03  (1.8 samples/s)
03:00:39 | INFO  |   epoch 15  step 1300/1405  loss 2.1407e-04  (1.8 samples/s)
03:02:32 | INFO  |   epoch 15  step 1350/1405  loss 2.0061e-04  (1.8 samples/s)
03:04:25 | INFO  |   epoch 15  step 1400/1405  loss 4.9519e-04  (1.8 samples/s)
03:06:29 | INFO  | epoch 15  train 2.5827e-04  val 2.7109e-04  mse 3.6347e-06  flux_rel_err 1.192          (3312.8s)
03:06:29 | INFO  | === epoch 16/30  lr=5.00e-04 ===
03:08:25 | INFO  |   epoch 16  step   50/1405  loss 4.1540e-05  (1.7 samples/s)
03:10:20 | INFO  |   epoch 16  step  100/1405  loss 5.7025e-05  (1.7 samples/s)
03:12:13 | INFO  |   epoch 16  step  150/1405  loss 5.4499e-05  (1.7 samples/s)
03:14:06 | INFO  |   epoch 16  step  200/1405  loss 1.0854e-04  (1.8 samples/s)
03:15:59 | INFO  |   epoch 16  step  250/1405  loss 6.7935e-05  (1.8 samples/s)
03:17:53 | INFO  |   epoch 16  step  300/1405  loss 4.6733e-05  (1.8 samples/s)
03:19:46 | INFO  |   epoch 16  step  350/1405  loss 1.7865e-04  (1.8 samples/s)
03:21:40 | INFO  |   epoch 16  step  400/1405  loss 1.0730e-04  (1.8 samples/s)
03:23:33 | INFO  |   epoch 16  step  450/1405  loss 1.1007e-04  (1.8 samples/s)
03:25:26 | INFO  |   epoch 16  step  500/1405  loss 1.0696e-04  (1.8 samples/s)
03:27:19 | INFO  |   epoch 16  step  550/1405  loss 4.2536e-04  (1.8 samples/s)
03:29:13 | INFO  |   epoch 16  step  600/1405  loss 1.0499e-04  (1.8 samples/s)
03:31:06 | INFO  |   epoch 16  step  650/1405  loss 6.6130e-05  (1.8 samples/s)
03:32:59 | INFO  |   epoch 16  step  700/1405  loss 7.1524e-05  (1.8 samples/s)
03:34:53 | INFO  |   epoch 16  step  750/1405  loss 3.7699e-05  (1.8 samples/s)
03:36:46 | INFO  |   epoch 16  step  800/1405  loss 4.6318e-05  (1.8 samples/s)
03:38:40 | INFO  |   epoch 16  step  850/1405  loss 5.4161e-05  (1.8 samples/s)
05:32:14 | INFO  |   epoch 16  step  900/1405  loss 2.1907e-04  (0.4 samples/s)
11:02:54 | INFO  |   epoch 16  step  950/1405  loss 2.4525e-04  (0.1 samples/s)
11:57:19 | INFO  |   epoch 16  step 1000/1405  loss 9.9723e-06  (0.1 samples/s)
11:59:11 | INFO  |   epoch 16  step 1050/1405  loss 1.3753e-04  (0.1 samples/s)
12:01:03 | INFO  |   epoch 16  step 1100/1405  loss 3.0846e-05  (0.1 samples/s)
12:02:56 | INFO  |   epoch 16  step 1150/1405  loss 2.4918e-05  (0.1 samples/s)
12:04:49 | INFO  |   epoch 16  step 1200/1405  loss 5.6363e-05  (0.1 samples/s)
12:06:44 | INFO  |   epoch 16  step 1250/1405  loss 1.3058e-04  (0.2 samples/s)
12:08:39 | INFO  |   epoch 16  step 1300/1405  loss 1.5165e-05  (0.2 samples/s)
12:10:31 | INFO  |   epoch 16  step 1350/1405  loss 1.4004e-04  (0.2 samples/s)
12:12:24 | INFO  |   epoch 16  step 1400/1405  loss 2.3476e-04  (0.2 samples/s)
12:14:14 | INFO  | epoch 16  train 2.2506e-04  val 1.5393e-04  mse 1.7469e-06  flux_rel_err 1.014  [best]  (32864.5s)
12:14:14 | INFO  | === epoch 17/30  lr=4.48e-04 ===
12:16:08 | INFO  |   epoch 17  step   50/1405  loss 1.8257e-05  (1.7 samples/s)
12:18:00 | INFO  |   epoch 17  step  100/1405  loss 1.8104e-04  (1.8 samples/s)
12:19:52 | INFO  |   epoch 17  step  150/1405  loss 4.1266e-05  (1.8 samples/s)
12:21:44 | INFO  |   epoch 17  step  200/1405  loss 1.8492e-04  (1.8 samples/s)
12:23:37 | INFO  |   epoch 17  step  250/1405  loss 7.1172e-05  (1.8 samples/s)
12:25:29 | INFO  |   epoch 17  step  300/1405  loss 2.8659e-04  (1.8 samples/s)
12:27:21 | INFO  |   epoch 17  step  350/1405  loss 1.4960e-05  (1.8 samples/s)
12:29:14 | INFO  |   epoch 17  step  400/1405  loss 4.6824e-05  (1.8 samples/s)
12:31:07 | INFO  |   epoch 17  step  450/1405  loss 1.8497e-04  (1.8 samples/s)
12:32:59 | INFO  |   epoch 17  step  500/1405  loss 3.6565e-05  (1.8 samples/s)
12:34:51 | INFO  |   epoch 17  step  550/1405  loss 1.4701e-05  (1.8 samples/s)
12:36:44 | INFO  |   epoch 17  step  600/1405  loss 7.5914e-05  (1.8 samples/s)
12:38:35 | INFO  |   epoch 17  step  650/1405  loss 1.0107e-04  (1.8 samples/s)
12:40:27 | INFO  |   epoch 17  step  700/1405  loss 4.8349e-04  (1.8 samples/s)
12:42:21 | INFO  |   epoch 17  step  750/1405  loss 1.1196e-04  (1.8 samples/s)
12:44:13 | INFO  |   epoch 17  step  800/1405  loss 4.7278e-05  (1.8 samples/s)
12:46:05 | INFO  |   epoch 17  step  850/1405  loss 2.2107e-04  (1.8 samples/s)
12:47:57 | INFO  |   epoch 17  step  900/1405  loss 1.7395e-04  (1.8 samples/s)
12:49:49 | INFO  |   epoch 17  step  950/1405  loss 9.9308e-05  (1.8 samples/s)
12:51:41 | INFO  |   epoch 17  step 1000/1405  loss 6.6852e-05  (1.8 samples/s)
12:53:33 | INFO  |   epoch 17  step 1050/1405  loss 3.6670e-04  (1.8 samples/s)
12:55:25 | INFO  |   epoch 17  step 1100/1405  loss 4.0576e-03  (1.8 samples/s)
12:57:19 | INFO  |   epoch 17  step 1150/1405  loss 1.6140e-04  (1.8 samples/s)
12:59:11 | INFO  |   epoch 17  step 1200/1405  loss 1.5271e-05  (1.8 samples/s)
13:01:03 | INFO  |   epoch 17  step 1250/1405  loss 8.3439e-05  (1.8 samples/s)
13:02:56 | INFO  |   epoch 17  step 1300/1405  loss 1.0103e-04  (1.8 samples/s)
13:04:48 | INFO  |   epoch 17  step 1350/1405  loss 1.1245e-04  (1.8 samples/s)
13:06:41 | INFO  |   epoch 17  step 1400/1405  loss 8.7951e-05  (1.8 samples/s)
13:08:31 | INFO  | epoch 17  train 2.2896e-04  val 1.6703e-04  mse 1.9269e-06  flux_rel_err 0.779          (3256.6s)
13:08:31 | INFO  | === epoch 18/30  lr=3.96e-04 ===
13:10:25 | INFO  |   epoch 18  step   50/1405  loss 7.8144e-05  (1.7 samples/s)
13:12:17 | INFO  |   epoch 18  step  100/1405  loss 2.9504e-05  (1.8 samples/s)
13:14:09 | INFO  |   epoch 18  step  150/1405  loss 5.5938e-04  (1.8 samples/s)
13:16:01 | INFO  |   epoch 18  step  200/1405  loss 4.3990e-05  (1.8 samples/s)
13:17:53 | INFO  |   epoch 18  step  250/1405  loss 1.5223e-05  (1.8 samples/s)
13:19:46 | INFO  |   epoch 18  step  300/1405  loss 1.2118e-04  (1.8 samples/s)
13:21:37 | INFO  |   epoch 18  step  350/1405  loss 5.5791e-05  (1.8 samples/s)
13:23:29 | INFO  |   epoch 18  step  400/1405  loss 2.6724e-05  (1.8 samples/s)
13:25:22 | INFO  |   epoch 18  step  450/1405  loss 1.8386e-04  (1.8 samples/s)
13:27:15 | INFO  |   epoch 18  step  500/1405  loss 1.8555e-04  (1.8 samples/s)
13:29:07 | INFO  |   epoch 18  step  550/1405  loss 1.3533e-04  (1.8 samples/s)
13:30:58 | INFO  |   epoch 18  step  600/1405  loss 1.1499e-04  (1.8 samples/s)
13:32:50 | INFO  |   epoch 18  step  650/1405  loss 8.9229e-05  (1.8 samples/s)
13:34:41 | INFO  |   epoch 18  step  700/1405  loss 2.9601e-05  (1.8 samples/s)
13:36:33 | INFO  |   epoch 18  step  750/1405  loss 4.8977e-05  (1.8 samples/s)
13:38:24 | INFO  |   epoch 18  step  800/1405  loss 2.6827e-05  (1.8 samples/s)
13:40:15 | INFO  |   epoch 18  step  850/1405  loss 7.9371e-06  (1.8 samples/s)
13:42:07 | INFO  |   epoch 18  step  900/1405  loss 8.0861e-05  (1.8 samples/s)
13:43:58 | INFO  |   epoch 18  step  950/1405  loss 7.1199e-05  (1.8 samples/s)
13:45:50 | INFO  |   epoch 18  step 1000/1405  loss 2.7658e-05  (1.8 samples/s)
13:47:41 | INFO  |   epoch 18  step 1050/1405  loss 9.7445e-05  (1.8 samples/s)
13:49:32 | INFO  |   epoch 18  step 1100/1405  loss 2.8179e-03  (1.8 samples/s)
13:51:23 | INFO  |   epoch 18  step 1150/1405  loss 1.3527e-04  (1.8 samples/s)
13:53:15 | INFO  |   epoch 18  step 1200/1405  loss 2.2336e-04  (1.8 samples/s)
13:55:06 | INFO  |   epoch 18  step 1250/1405  loss 1.0447e-04  (1.8 samples/s)
13:56:58 | INFO  |   epoch 18  step 1300/1405  loss 3.0491e-05  (1.8 samples/s)
13:58:49 | INFO  |   epoch 18  step 1350/1405  loss 9.1425e-05  (1.8 samples/s)
14:00:40 | INFO  |   epoch 18  step 1400/1405  loss 2.1807e-05  (1.8 samples/s)
14:02:29 | INFO  | epoch 18  train 2.0721e-04  val 1.4091e-04  mse 1.6324e-06  flux_rel_err 0.661  [best]  (3238.0s)
14:02:29 | INFO  | === epoch 19/30  lr=3.45e-04 ===
14:04:21 | INFO  |   epoch 19  step   50/1405  loss 1.7586e-04  (1.8 samples/s)
14:06:13 | INFO  |   epoch 19  step  100/1405  loss 7.6676e-04  (1.8 samples/s)
14:08:04 | INFO  |   epoch 19  step  150/1405  loss 1.2022e-05  (1.8 samples/s)
14:09:56 | INFO  |   epoch 19  step  200/1405  loss 5.7990e-05  (1.8 samples/s)
14:11:47 | INFO  |   epoch 19  step  250/1405  loss 3.9391e-05  (1.8 samples/s)
14:13:38 | INFO  |   epoch 19  step  300/1405  loss 7.1892e-05  (1.8 samples/s)
14:15:30 | INFO  |   epoch 19  step  350/1405  loss 1.0162e-03  (1.8 samples/s)
14:17:21 | INFO  |   epoch 19  step  400/1405  loss 5.7855e-04  (1.8 samples/s)
14:19:12 | INFO  |   epoch 19  step  450/1405  loss 3.9756e-04  (1.8 samples/s)
14:21:06 | INFO  |   epoch 19  step  500/1405  loss 2.8356e-05  (1.8 samples/s)
14:22:59 | INFO  |   epoch 19  step  550/1405  loss 8.4331e-06  (1.8 samples/s)
14:24:52 | INFO  |   epoch 19  step  600/1405  loss 1.4679e-04  (1.8 samples/s)
14:26:46 | INFO  |   epoch 19  step  650/1405  loss 1.1185e-04  (1.8 samples/s)
14:28:38 | INFO  |   epoch 19  step  700/1405  loss 8.9951e-05  (1.8 samples/s)
14:30:32 | INFO  |   epoch 19  step  750/1405  loss 3.0885e-05  (1.8 samples/s)
14:32:26 | INFO  |   epoch 19  step  800/1405  loss 4.3425e-05  (1.8 samples/s)
14:34:20 | INFO  |   epoch 19  step  850/1405  loss 1.1713e-04  (1.8 samples/s)
14:36:13 | INFO  |   epoch 19  step  900/1405  loss 6.1309e-05  (1.8 samples/s)
14:38:07 | INFO  |   epoch 19  step  950/1405  loss 9.1492e-05  (1.8 samples/s)
14:40:00 | INFO  |   epoch 19  step 1000/1405  loss 2.3735e-04  (1.8 samples/s)
14:41:53 | INFO  |   epoch 19  step 1050/1405  loss 1.1705e-04  (1.8 samples/s)
14:43:46 | INFO  |   epoch 19  step 1100/1405  loss 9.7243e-05  (1.8 samples/s)
14:45:39 | INFO  |   epoch 19  step 1150/1405  loss 1.3826e-04  (1.8 samples/s)
14:47:32 | INFO  |   epoch 19  step 1200/1405  loss 3.3215e-04  (1.8 samples/s)
14:49:26 | INFO  |   epoch 19  step 1250/1405  loss 3.3887e-05  (1.8 samples/s)
14:51:20 | INFO  |   epoch 19  step 1300/1405  loss 2.9185e-05  (1.8 samples/s)
14:53:13 | INFO  |   epoch 19  step 1350/1405  loss 3.2163e-04  (1.8 samples/s)
14:55:06 | INFO  |   epoch 19  step 1400/1405  loss 3.4650e-05  (1.8 samples/s)
14:57:09 | INFO  | epoch 19  train 1.9575e-04  val 1.4997e-04  mse 1.8672e-06  flux_rel_err 0.582          (3280.0s)
14:57:09 | INFO  | === epoch 20/30  lr=2.97e-04 ===
14:59:04 | INFO  |   epoch 20  step   50/1405  loss 7.1992e-05  (1.7 samples/s)
15:00:58 | INFO  |   epoch 20  step  100/1405  loss 1.4315e-04  (1.7 samples/s)
15:02:50 | INFO  |   epoch 20  step  150/1405  loss 1.1079e-04  (1.8 samples/s)
15:04:44 | INFO  |   epoch 20  step  200/1405  loss 1.2116e-04  (1.8 samples/s)
15:06:39 | INFO  |   epoch 20  step  250/1405  loss 5.6316e-05  (1.8 samples/s)
15:08:31 | INFO  |   epoch 20  step  300/1405  loss 7.1718e-05  (1.8 samples/s)
15:10:25 | INFO  |   epoch 20  step  350/1405  loss 7.7915e-05  (1.8 samples/s)
15:12:19 | INFO  |   epoch 20  step  400/1405  loss 7.5550e-05  (1.8 samples/s)
15:14:12 | INFO  |   epoch 20  step  450/1405  loss 6.6884e-05  (1.8 samples/s)
15:16:06 | INFO  |   epoch 20  step  500/1405  loss 1.3208e-04  (1.8 samples/s)
16:08:50 | INFO  |   epoch 20  step  550/1405  loss 6.6521e-05  (0.5 samples/s)
16:10:46 | INFO  |   epoch 20  step  600/1405  loss 7.9532e-05  (0.5 samples/s)
16:12:39 | INFO  |   epoch 20  step  650/1405  loss 3.4463e-05  (0.6 samples/s)
16:14:32 | INFO  |   epoch 20  step  700/1405  loss 2.3221e-05  (0.6 samples/s)
16:16:25 | INFO  |   epoch 20  step  750/1405  loss 1.6601e-05  (0.6 samples/s)
16:18:20 | INFO  |   epoch 20  step  800/1405  loss 8.1590e-05  (0.7 samples/s)
16:20:14 | INFO  |   epoch 20  step  850/1405  loss 1.5059e-04  (0.7 samples/s)
16:22:06 | INFO  |   epoch 20  step  900/1405  loss 1.7872e-05  (0.7 samples/s)
16:23:59 | INFO  |   epoch 20  step  950/1405  loss 1.4299e-04  (0.7 samples/s)
16:25:51 | INFO  |   epoch 20  step 1000/1405  loss 1.1917e-04  (0.8 samples/s)
16:27:44 | INFO  |   epoch 20  step 1050/1405  loss 4.5689e-04  (0.8 samples/s)
16:29:37 | INFO  |   epoch 20  step 1100/1405  loss 9.8898e-05  (0.8 samples/s)
16:31:31 | INFO  |   epoch 20  step 1150/1405  loss 7.0175e-05  (0.8 samples/s)
16:33:24 | INFO  |   epoch 20  step 1200/1405  loss 2.2162e-04  (0.8 samples/s)
16:35:18 | INFO  |   epoch 20  step 1250/1405  loss 6.1123e-05  (0.8 samples/s)
16:37:12 | INFO  |   epoch 20  step 1300/1405  loss 5.0865e-05  (0.9 samples/s)
16:39:06 | INFO  |   epoch 20  step 1350/1405  loss 5.8966e-05  (0.9 samples/s)
16:40:59 | INFO  |   epoch 20  step 1400/1405  loss 8.5907e-05  (0.9 samples/s)
16:42:59 | INFO  | epoch 20  train 1.6971e-04  val 1.4265e-04  mse 1.6828e-06  flux_rel_err 0.410          (6350.5s)
16:42:59 | INFO  | === epoch 21/30  lr=2.50e-04 ===
16:44:54 | INFO  |   epoch 21  step   50/1405  loss 7.3873e-05  (1.7 samples/s)
16:46:47 | INFO  |   epoch 21  step  100/1405  loss 1.1337e-04  (1.8 samples/s)
16:48:39 | INFO  |   epoch 21  step  150/1405  loss 7.0901e-06  (1.8 samples/s)
16:50:32 | INFO  |   epoch 21  step  200/1405  loss 3.3693e-05  (1.8 samples/s)
16:52:24 | INFO  |   epoch 21  step  250/1405  loss 6.0154e-05  (1.8 samples/s)
16:54:17 | INFO  |   epoch 21  step  300/1405  loss 7.3644e-05  (1.8 samples/s)
16:56:10 | INFO  |   epoch 21  step  350/1405  loss 7.4236e-06  (1.8 samples/s)
16:58:03 | INFO  |   epoch 21  step  400/1405  loss 1.2883e-05  (1.8 samples/s)
16:59:55 | INFO  |   epoch 21  step  450/1405  loss 6.5696e-05  (1.8 samples/s)
17:01:48 | INFO  |   epoch 21  step  500/1405  loss 6.3370e-04  (1.8 samples/s)
17:12:35 | INFO  |   epoch 21  step  550/1405  loss 4.9832e-05  (1.2 samples/s)
17:24:16 | INFO  |   epoch 21  step  600/1405  loss 8.4712e-05  (1.0 samples/s)
20:07:40 | INFO  |   epoch 21  step  650/1405  loss 1.6859e-04  (0.2 samples/s)
20:09:40 | INFO  |   epoch 21  step  700/1405  loss 4.6295e-05  (0.2 samples/s)
20:11:41 | INFO  |   epoch 21  step  750/1405  loss 8.0070e-05  (0.2 samples/s)
20:13:43 | INFO  |   epoch 21  step  800/1405  loss 3.5737e-05  (0.3 samples/s)
20:15:44 | INFO  |   epoch 21  step  850/1405  loss 2.3312e-05  (0.3 samples/s)
20:17:45 | INFO  |   epoch 21  step  900/1405  loss 1.1089e-04  (0.3 samples/s)
20:19:45 | INFO  |   epoch 21  step  950/1405  loss 8.7957e-05  (0.3 samples/s)
20:21:42 | INFO  |   epoch 21  step 1000/1405  loss 2.7710e-05  (0.3 samples/s)
20:23:38 | INFO  |   epoch 21  step 1050/1405  loss 7.8498e-05  (0.3 samples/s)
20:25:32 | INFO  |   epoch 21  step 1100/1405  loss 1.9123e-05  (0.3 samples/s)
20:27:27 | INFO  |   epoch 21  step 1150/1405  loss 1.4345e-04  (0.3 samples/s)
20:29:22 | INFO  |   epoch 21  step 1200/1405  loss 8.4142e-06  (0.4 samples/s)
20:31:17 | INFO  |   epoch 21  step 1250/1405  loss 1.0211e-05  (0.4 samples/s)
20:33:32 | INFO  |   epoch 21  step 1300/1405  loss 1.0249e-04  (0.4 samples/s)
20:35:42 | INFO  |   epoch 21  step 1350/1405  loss 4.5034e-05  (0.4 samples/s)
20:37:35 | INFO  |   epoch 21  step 1400/1405  loss 1.3171e-04  (0.4 samples/s)
20:39:23 | INFO  | epoch 21  train 1.6068e-04  val 2.4199e-04  mse 3.0062e-06  flux_rel_err 0.450          (14183.4s)
20:39:23 | INFO  | === epoch 22/30  lr=2.06e-04 ===
20:41:16 | INFO  |   epoch 22  step   50/1405  loss 1.0928e-04  (1.8 samples/s)
20:43:08 | INFO  |   epoch 22  step  100/1405  loss 5.4340e-05  (1.8 samples/s)
20:45:00 | INFO  |   epoch 22  step  150/1405  loss 3.0201e-05  (1.8 samples/s)
20:46:51 | INFO  |   epoch 22  step  200/1405  loss 1.1984e-05  (1.8 samples/s)
20:48:43 | INFO  |   epoch 22  step  250/1405  loss 5.7634e-05  (1.8 samples/s)
20:50:35 | INFO  |   epoch 22  step  300/1405  loss 1.2978e-04  (1.8 samples/s)
20:52:27 | INFO  |   epoch 22  step  350/1405  loss 7.3593e-05  (1.8 samples/s)
20:54:19 | INFO  |   epoch 22  step  400/1405  loss 1.1039e-04  (1.8 samples/s)
20:56:10 | INFO  |   epoch 22  step  450/1405  loss 6.5828e-05  (1.8 samples/s)
20:58:02 | INFO  |   epoch 22  step  500/1405  loss 8.2958e-05  (1.8 samples/s)
20:59:53 | INFO  |   epoch 22  step  550/1405  loss 4.8033e-05  (1.8 samples/s)
21:01:45 | INFO  |   epoch 22  step  600/1405  loss 4.9650e-05  (1.8 samples/s)
21:03:37 | INFO  |   epoch 22  step  650/1405  loss 3.8221e-05  (1.8 samples/s)
21:05:28 | INFO  |   epoch 22  step  700/1405  loss 2.7917e-05  (1.8 samples/s)
21:07:20 | INFO  |   epoch 22  step  750/1405  loss 1.2329e-04  (1.8 samples/s)
21:09:12 | INFO  |   epoch 22  step  800/1405  loss 2.9045e-05  (1.8 samples/s)
21:11:03 | INFO  |   epoch 22  step  850/1405  loss 1.1573e-04  (1.8 samples/s)
21:12:55 | INFO  |   epoch 22  step  900/1405  loss 1.1621e-05  (1.8 samples/s)
21:14:47 | INFO  |   epoch 22  step  950/1405  loss 6.5391e-05  (1.8 samples/s)
21:16:38 | INFO  |   epoch 22  step 1000/1405  loss 7.4569e-05  (1.8 samples/s)
21:18:30 | INFO  |   epoch 22  step 1050/1405  loss 1.3435e-04  (1.8 samples/s)
21:20:21 | INFO  |   epoch 22  step 1100/1405  loss 9.7415e-06  (1.8 samples/s)
21:22:13 | INFO  |   epoch 22  step 1150/1405  loss 6.3793e-05  (1.8 samples/s)
21:24:05 | INFO  |   epoch 22  step 1200/1405  loss 3.2897e-05  (1.8 samples/s)
21:25:56 | INFO  |   epoch 22  step 1250/1405  loss 5.7649e-05  (1.8 samples/s)
21:27:48 | INFO  |   epoch 22  step 1300/1405  loss 3.5145e-05  (1.8 samples/s)
21:29:39 | INFO  |   epoch 22  step 1350/1405  loss 1.8983e-05  (1.8 samples/s)
21:31:31 | INFO  |   epoch 22  step 1400/1405  loss 7.4172e-05  (1.8 samples/s)
21:33:19 | INFO  | epoch 22  train 1.5121e-04  val 1.2957e-04  mse 1.4591e-06  flux_rel_err 0.458  [best]  (3236.1s)
21:33:19 | INFO  | === epoch 23/30  lr=1.65e-04 ===
21:35:12 | INFO  |   epoch 23  step   50/1405  loss 1.1089e-04  (1.8 samples/s)
21:37:04 | INFO  |   epoch 23  step  100/1405  loss 4.9942e-05  (1.8 samples/s)
21:38:56 | INFO  |   epoch 23  step  150/1405  loss 1.2845e-05  (1.8 samples/s)
21:40:47 | INFO  |   epoch 23  step  200/1405  loss 1.0641e-04  (1.8 samples/s)
21:42:39 | INFO  |   epoch 23  step  250/1405  loss 1.4961e-05  (1.8 samples/s)
21:44:30 | INFO  |   epoch 23  step  300/1405  loss 1.4455e-05  (1.8 samples/s)
21:46:22 | INFO  |   epoch 23  step  350/1405  loss 1.6766e-04  (1.8 samples/s)
21:48:13 | INFO  |   epoch 23  step  400/1405  loss 6.5142e-06  (1.8 samples/s)
21:50:05 | INFO  |   epoch 23  step  450/1405  loss 1.4841e-04  (1.8 samples/s)
21:51:58 | INFO  |   epoch 23  step  500/1405  loss 4.9948e-06  (1.8 samples/s)
21:53:51 | INFO  |   epoch 23  step  550/1405  loss 3.2944e-05  (1.8 samples/s)
21:55:47 | INFO  |   epoch 23  step  600/1405  loss 2.7479e-05  (1.8 samples/s)
21:57:40 | INFO  |   epoch 23  step  650/1405  loss 1.3632e-05  (1.8 samples/s)
21:59:32 | INFO  |   epoch 23  step  700/1405  loss 4.6885e-05  (1.8 samples/s)
22:01:25 | INFO  |   epoch 23  step  750/1405  loss 5.2555e-05  (1.8 samples/s)
22:03:17 | INFO  |   epoch 23  step  800/1405  loss 1.2850e-04  (1.8 samples/s)
22:05:10 | INFO  |   epoch 23  step  850/1405  loss 1.4289e-05  (1.8 samples/s)
22:07:02 | INFO  |   epoch 23  step  900/1405  loss 1.6879e-04  (1.8 samples/s)
22:08:55 | INFO  |   epoch 23  step  950/1405  loss 2.4793e-03  (1.8 samples/s)
22:10:49 | INFO  |   epoch 23  step 1000/1405  loss 4.2303e-06  (1.8 samples/s)
22:12:42 | INFO  |   epoch 23  step 1050/1405  loss 4.6361e-03  (1.8 samples/s)
22:14:36 | INFO  |   epoch 23  step 1100/1405  loss 6.3901e-05  (1.8 samples/s)
22:16:29 | INFO  |   epoch 23  step 1150/1405  loss 5.3413e-03  (1.8 samples/s)
22:18:22 | INFO  |   epoch 23  step 1200/1405  loss 2.2035e-05  (1.8 samples/s)
22:20:15 | INFO  |   epoch 23  step 1250/1405  loss 5.1920e-04  (1.8 samples/s)
22:22:07 | INFO  |   epoch 23  step 1300/1405  loss 1.6496e-05  (1.8 samples/s)
22:24:00 | INFO  |   epoch 23  step 1350/1405  loss 1.8604e-04  (1.8 samples/s)
22:25:52 | INFO  |   epoch 23  step 1400/1405  loss 6.7115e-05  (1.8 samples/s)
22:27:59 | INFO  | epoch 23  train 1.4014e-04  val 1.2520e-04  mse 1.4712e-06  flux_rel_err 0.409  [best]  (3280.0s)
22:27:59 | INFO  | === epoch 24/30  lr=1.28e-04 ===
22:29:57 | INFO  |   epoch 24  step   50/1405  loss 2.8567e-05  (1.7 samples/s)
00:20:51 | INFO  |   epoch 24  step  100/1405  loss 1.1270e-04  (0.1 samples/s)
03:23:14 | INFO  |   epoch 24  step  150/1405  loss 1.2571e-04  (0.0 samples/s)
07:20:34 | INFO  |   epoch 24  step  200/1405  loss 2.0548e-05  (0.0 samples/s)
10:30:52 | INFO  |   epoch 24  step  250/1405  loss 1.4909e-04  (0.0 samples/s)
12:54:23 | INFO  |   epoch 24  step  300/1405  loss 2.1875e-05  (0.0 samples/s)
12:56:17 | INFO  |   epoch 24  step  350/1405  loss 4.2693e-05  (0.0 samples/s)
12:58:11 | INFO  |   epoch 24  step  400/1405  loss 1.9196e-04  (0.0 samples/s)
13:00:04 | INFO  |   epoch 24  step  450/1405  loss 1.7192e-05  (0.0 samples/s)
13:01:58 | INFO  |   epoch 24  step  500/1405  loss 4.7058e-05  (0.0 samples/s)
13:03:51 | INFO  |   epoch 24  step  550/1405  loss 5.7505e-05  (0.0 samples/s)
13:05:44 | INFO  |   epoch 24  step  600/1405  loss 5.7118e-05  (0.0 samples/s)
13:07:36 | INFO  |   epoch 24  step  650/1405  loss 2.0989e-04  (0.0 samples/s)
13:09:29 | INFO  |   epoch 24  step  700/1405  loss 2.2908e-05  (0.1 samples/s)
13:11:21 | INFO  |   epoch 24  step  750/1405  loss 2.4262e-05  (0.1 samples/s)
13:13:15 | INFO  |   epoch 24  step  800/1405  loss 7.8212e-05  (0.1 samples/s)
13:15:08 | INFO  |   epoch 24  step  850/1405  loss 5.2259e-05  (0.1 samples/s)
13:17:01 | INFO  |   epoch 24  step  900/1405  loss 2.2221e-05  (0.1 samples/s)
13:18:53 | INFO  |   epoch 24  step  950/1405  loss 2.9982e-05  (0.1 samples/s)
13:20:46 | INFO  |   epoch 24  step 1000/1405  loss 5.7148e-05  (0.1 samples/s)
13:22:39 | INFO  |   epoch 24  step 1050/1405  loss 4.3491e-06  (0.1 samples/s)
13:24:33 | INFO  |   epoch 24  step 1100/1405  loss 5.4860e-05  (0.1 samples/s)
13:26:26 | INFO  |   epoch 24  step 1150/1405  loss 6.5460e-05  (0.1 samples/s)
13:28:20 | INFO  |   epoch 24  step 1200/1405  loss 6.2246e-05  (0.1 samples/s)
13:30:14 | INFO  |   epoch 24  step 1250/1405  loss 9.9286e-05  (0.1 samples/s)
13:32:08 | INFO  |   epoch 24  step 1300/1405  loss 7.4171e-05  (0.1 samples/s)
13:34:01 | INFO  |   epoch 24  step 1350/1405  loss 8.3284e-04  (0.1 samples/s)
13:37:23 | INFO  |   epoch 24  step 1400/1405  loss 1.6299e-03  (0.1 samples/s)
19:01:26 | INFO  | epoch 24  train 1.2457e-04  val 1.1982e-04  mse 1.3214e-06  flux_rel_err 0.323  [best]  (74006.3s)
19:01:26 | INFO  | === epoch 25/30  lr=9.55e-05 ===
19:03:25 | INFO  |   epoch 25  step   50/1405  loss 5.4564e-05  (1.7 samples/s)
19:05:19 | INFO  |   epoch 25  step  100/1405  loss 3.7041e-05  (1.7 samples/s)
19:07:13 | INFO  |   epoch 25  step  150/1405  loss 4.2988e-05  (1.7 samples/s)
19:09:06 | INFO  |   epoch 25  step  200/1405  loss 7.2524e-05  (1.7 samples/s)
19:11:00 | INFO  |   epoch 25  step  250/1405  loss 3.8758e-05  (1.7 samples/s)
19:12:54 | INFO  |   epoch 25  step  300/1405  loss 1.2597e-05  (1.7 samples/s)
19:14:48 | INFO  |   epoch 25  step  350/1405  loss 2.2782e-05  (1.7 samples/s)
19:16:42 | INFO  |   epoch 25  step  400/1405  loss 5.6569e-05  (1.7 samples/s)
19:18:38 | INFO  |   epoch 25  step  450/1405  loss 3.1872e-05  (1.7 samples/s)
19:20:32 | INFO  |   epoch 25  step  500/1405  loss 8.8209e-05  (1.7 samples/s)
19:22:27 | INFO  |   epoch 25  step  550/1405  loss 2.9081e-05  (1.7 samples/s)
19:24:22 | INFO  |   epoch 25  step  600/1405  loss 2.3720e-05  (1.7 samples/s)
19:28:44 | INFO  |   epoch 25  step  650/1405  loss 1.8569e-05  (1.6 samples/s)
19:30:37 | INFO  |   epoch 25  step  700/1405  loss 4.6643e-05  (1.6 samples/s)
19:32:29 | INFO  |   epoch 25  step  750/1405  loss 2.3040e-05  (1.6 samples/s)
19:34:21 | INFO  |   epoch 25  step  800/1405  loss 6.0653e-05  (1.6 samples/s)
19:36:13 | INFO  |   epoch 25  step  850/1405  loss 1.0211e-04  (1.6 samples/s)
19:38:04 | INFO  |   epoch 25  step  900/1405  loss 4.9912e-05  (1.6 samples/s)
19:39:56 | INFO  |   epoch 25  step  950/1405  loss 1.5611e-05  (1.6 samples/s)
19:41:48 | INFO  |   epoch 25  step 1000/1405  loss 9.8438e-05  (1.7 samples/s)
19:43:40 | INFO  |   epoch 25  step 1050/1405  loss 1.5854e-05  (1.7 samples/s)
19:45:31 | INFO  |   epoch 25  step 1100/1405  loss 3.2756e-05  (1.7 samples/s)
19:47:23 | INFO  |   epoch 25  step 1150/1405  loss 6.5255e-05  (1.7 samples/s)
19:49:14 | INFO  |   epoch 25  step 1200/1405  loss 4.6895e-05  (1.7 samples/s)
19:51:06 | INFO  |   epoch 25  step 1250/1405  loss 2.3031e-04  (1.7 samples/s)
19:52:58 | INFO  |   epoch 25  step 1300/1405  loss 6.6599e-05  (1.7 samples/s)
19:54:49 | INFO  |   epoch 25  step 1350/1405  loss 6.3240e-05  (1.7 samples/s)
19:56:41 | INFO  |   epoch 25  step 1400/1405  loss 7.1296e-05  (1.7 samples/s)
19:58:29 | INFO  | epoch 25  train 1.1683e-04  val 1.3030e-04  mse 1.4388e-06  flux_rel_err 0.462          (3423.2s)
19:58:29 | INFO  | === epoch 26/30  lr=6.70e-05 ===
20:00:22 | INFO  |   epoch 26  step   50/1405  loss 5.5654e-05  (1.8 samples/s)
20:02:14 | INFO  |   epoch 26  step  100/1405  loss 8.6991e-05  (1.8 samples/s)
20:04:06 | INFO  |   epoch 26  step  150/1405  loss 1.5574e-05  (1.8 samples/s)
20:05:59 | INFO  |   epoch 26  step  200/1405  loss 9.9760e-05  (1.8 samples/s)
20:07:52 | INFO  |   epoch 26  step  250/1405  loss 7.9556e-05  (1.8 samples/s)
20:09:45 | INFO  |   epoch 26  step  300/1405  loss 2.6346e-05  (1.8 samples/s)
20:11:39 | INFO  |   epoch 26  step  350/1405  loss 1.4991e-05  (1.8 samples/s)
20:13:32 | INFO  |   epoch 26  step  400/1405  loss 3.6204e-04  (1.8 samples/s)
20:15:25 | INFO  |   epoch 26  step  450/1405  loss 3.0082e-04  (1.8 samples/s)
20:17:19 | INFO  |   epoch 26  step  500/1405  loss 1.8378e-05  (1.8 samples/s)
20:19:13 | INFO  |   epoch 26  step  550/1405  loss 3.8120e-05  (1.8 samples/s)
20:21:06 | INFO  |   epoch 26  step  600/1405  loss 1.5819e-05  (1.8 samples/s)
20:23:00 | INFO  |   epoch 26  step  650/1405  loss 1.9083e-05  (1.8 samples/s)
20:24:53 | INFO  |   epoch 26  step  700/1405  loss 5.3317e-05  (1.8 samples/s)
20:26:47 | INFO  |   epoch 26  step  750/1405  loss 6.7298e-05  (1.8 samples/s)
20:28:40 | INFO  |   epoch 26  step  800/1405  loss 2.9746e-05  (1.8 samples/s)
20:30:34 | INFO  |   epoch 26  step  850/1405  loss 3.3727e-05  (1.8 samples/s)
20:32:27 | INFO  |   epoch 26  step  900/1405  loss 1.0014e-04  (1.8 samples/s)
20:34:20 | INFO  |   epoch 26  step  950/1405  loss 1.7022e-05  (1.8 samples/s)
20:36:14 | INFO  |   epoch 26  step 1000/1405  loss 4.9400e-05  (1.8 samples/s)
20:38:08 | INFO  |   epoch 26  step 1050/1405  loss 1.3501e-04  (1.8 samples/s)
20:40:01 | INFO  |   epoch 26  step 1100/1405  loss 3.1508e-06  (1.8 samples/s)
20:41:55 | INFO  |   epoch 26  step 1150/1405  loss 4.8202e-05  (1.8 samples/s)
20:43:48 | INFO  |   epoch 26  step 1200/1405  loss 1.4369e-04  (1.8 samples/s)
20:45:42 | INFO  |   epoch 26  step 1250/1405  loss 3.8274e-05  (1.8 samples/s)
20:47:35 | INFO  |   epoch 26  step 1300/1405  loss 1.7206e-05  (1.8 samples/s)
20:49:29 | INFO  |   epoch 26  step 1350/1405  loss 7.1026e-05  (1.8 samples/s)
20:51:22 | INFO  |   epoch 26  step 1400/1405  loss 8.1034e-05  (1.8 samples/s)
20:53:23 | INFO  | epoch 26  train 1.2406e-04  val 1.1589e-04  mse 1.2692e-06  flux_rel_err 0.350  [best]  (3293.7s)
20:53:23 | INFO  | === epoch 27/30  lr=4.32e-05 ===
20:55:18 | INFO  |   epoch 27  step   50/1405  loss 8.1046e-05  (1.7 samples/s)
20:57:12 | INFO  |   epoch 27  step  100/1405  loss 2.3628e-05  (1.7 samples/s)
20:59:05 | INFO  |   epoch 27  step  150/1405  loss 6.2351e-05  (1.8 samples/s)
21:00:59 | INFO  |   epoch 27  step  200/1405  loss 1.0232e-04  (1.8 samples/s)
21:04:31 | INFO  |   epoch 27  step  250/1405  loss 1.0191e-04  (1.5 samples/s)
21:06:23 | INFO  |   epoch 27  step  300/1405  loss 4.1618e-05  (1.5 samples/s)
21:08:15 | INFO  |   epoch 27  step  350/1405  loss 5.0029e-05  (1.6 samples/s)
21:10:08 | INFO  |   epoch 27  step  400/1405  loss 1.7198e-05  (1.6 samples/s)
21:12:01 | INFO  |   epoch 27  step  450/1405  loss 3.5578e-05  (1.6 samples/s)
21:13:56 | INFO  |   epoch 27  step  500/1405  loss 3.7872e-05  (1.6 samples/s)
21:15:50 | INFO  |   epoch 27  step  550/1405  loss 3.5842e-05  (1.6 samples/s)
21:17:44 | INFO  |   epoch 27  step  600/1405  loss 8.0099e-05  (1.6 samples/s)
21:19:38 | INFO  |   epoch 27  step  650/1405  loss 5.2664e-05  (1.7 samples/s)
21:21:33 | INFO  |   epoch 27  step  700/1405  loss 9.0601e-05  (1.7 samples/s)
21:23:27 | INFO  |   epoch 27  step  750/1405  loss 5.4690e-05  (1.7 samples/s)
21:25:21 | INFO  |   epoch 27  step  800/1405  loss 3.4074e-05  (1.7 samples/s)
21:27:15 | INFO  |   epoch 27  step  850/1405  loss 1.5238e-05  (1.7 samples/s)
21:29:08 | INFO  |   epoch 27  step  900/1405  loss 3.0777e-05  (1.7 samples/s)
21:31:01 | INFO  |   epoch 27  step  950/1405  loss 6.5264e-05  (1.7 samples/s)
21:32:54 | INFO  |   epoch 27  step 1000/1405  loss 6.7332e-05  (1.7 samples/s)
21:34:47 | INFO  |   epoch 27  step 1050/1405  loss 8.0706e-06  (1.7 samples/s)
21:36:39 | INFO  |   epoch 27  step 1100/1405  loss 1.6549e-05  (1.7 samples/s)
21:38:33 | INFO  |   epoch 27  step 1150/1405  loss 5.5942e-05  (1.7 samples/s)
21:40:27 | INFO  |   epoch 27  step 1200/1405  loss 1.6513e-05  (1.7 samples/s)
21:42:22 | INFO  |   epoch 27  step 1250/1405  loss 8.5438e-05  (1.7 samples/s)
21:44:15 | INFO  |   epoch 27  step 1300/1405  loss 6.1915e-05  (1.7 samples/s)
21:46:08 | INFO  |   epoch 27  step 1350/1405  loss 3.0278e-05  (1.7 samples/s)
21:48:00 | INFO  |   epoch 27  step 1400/1405  loss 6.5521e-05  (1.7 samples/s)
21:50:00 | INFO  | epoch 27  train 1.1557e-04  val 1.1780e-04  mse 1.2866e-06  flux_rel_err 0.359          (3396.9s)
21:50:00 | INFO  | === epoch 28/30  lr=2.45e-05 ===
21:51:54 | INFO  |   epoch 28  step   50/1405  loss 2.3521e-05  (1.8 samples/s)
21:53:47 | INFO  |   epoch 28  step  100/1405  loss 3.5463e-05  (1.8 samples/s)
21:55:44 | INFO  |   epoch 28  step  150/1405  loss 6.7394e-05  (1.7 samples/s)
21:57:38 | INFO  |   epoch 28  step  200/1405  loss 3.0869e-05  (1.7 samples/s)
21:59:33 | INFO  |   epoch 28  step  250/1405  loss 3.5134e-05  (1.7 samples/s)
22:01:27 | INFO  |   epoch 28  step  300/1405  loss 1.8920e-04  (1.7 samples/s)
22:03:22 | INFO  |   epoch 28  step  350/1405  loss 2.0002e-05  (1.7 samples/s)
22:05:16 | INFO  |   epoch 28  step  400/1405  loss 3.3709e-05  (1.7 samples/s)
22:07:10 | INFO  |   epoch 28  step  450/1405  loss 3.6237e-05  (1.7 samples/s)
22:09:04 | INFO  |   epoch 28  step  500/1405  loss 2.1619e-05  (1.7 samples/s)
22:10:59 | INFO  |   epoch 28  step  550/1405  loss 4.4770e-05  (1.7 samples/s)
22:12:53 | INFO  |   epoch 28  step  600/1405  loss 1.4387e-05  (1.7 samples/s)
22:14:47 | INFO  |   epoch 28  step  650/1405  loss 6.7968e-05  (1.7 samples/s)
22:16:42 | INFO  |   epoch 28  step  700/1405  loss 1.8568e-04  (1.7 samples/s)
22:18:36 | INFO  |   epoch 28  step  750/1405  loss 2.7472e-05  (1.7 samples/s)
22:20:30 | INFO  |   epoch 28  step  800/1405  loss 8.2469e-05  (1.7 samples/s)
22:22:22 | INFO  |   epoch 28  step  850/1405  loss 2.9498e-05  (1.8 samples/s)
22:24:14 | INFO  |   epoch 28  step  900/1405  loss 4.1352e-05  (1.8 samples/s)
22:26:08 | INFO  |   epoch 28  step  950/1405  loss 1.1109e-05  (1.8 samples/s)
22:28:02 | INFO  |   epoch 28  step 1000/1405  loss 1.7820e-04  (1.8 samples/s)
22:29:55 | INFO  |   epoch 28  step 1050/1405  loss 9.4655e-06  (1.8 samples/s)
22:31:49 | INFO  |   epoch 28  step 1100/1405  loss 2.8148e-05  (1.8 samples/s)
22:33:42 | INFO  |   epoch 28  step 1150/1405  loss 3.8388e-05  (1.8 samples/s)
22:35:36 | INFO  |   epoch 28  step 1200/1405  loss 1.3478e-04  (1.8 samples/s)
22:37:31 | INFO  |   epoch 28  step 1250/1405  loss 9.4708e-05  (1.8 samples/s)
22:39:24 | INFO  |   epoch 28  step 1300/1405  loss 9.8447e-05  (1.8 samples/s)
22:41:19 | INFO  |   epoch 28  step 1350/1405  loss 5.0336e-05  (1.8 samples/s)
22:43:14 | INFO  |   epoch 28  step 1400/1405  loss 2.5722e-05  (1.8 samples/s)
22:45:18 | INFO  | epoch 28  train 1.0435e-04  val 1.1315e-04  mse 1.2369e-06  flux_rel_err 0.333  [best]  (3318.1s)
22:45:18 | INFO  | === epoch 29/30  lr=1.09e-05 ===
22:47:15 | INFO  |   epoch 29  step   50/1405  loss 6.9234e-05  (1.7 samples/s)
22:49:10 | INFO  |   epoch 29  step  100/1405  loss 3.1405e-05  (1.7 samples/s)
22:51:04 | INFO  |   epoch 29  step  150/1405  loss 2.0023e-04  (1.7 samples/s)
22:52:57 | INFO  |   epoch 29  step  200/1405  loss 5.3817e-05  (1.7 samples/s)
22:54:52 | INFO  |   epoch 29  step  250/1405  loss 5.0888e-05  (1.7 samples/s)
22:56:46 | INFO  |   epoch 29  step  300/1405  loss 4.9261e-05  (1.7 samples/s)
22:58:40 | INFO  |   epoch 29  step  350/1405  loss 2.1080e-05  (1.7 samples/s)
23:00:35 | INFO  |   epoch 29  step  400/1405  loss 1.5665e-05  (1.7 samples/s)
23:02:29 | INFO  |   epoch 29  step  450/1405  loss 5.2964e-05  (1.7 samples/s)
23:04:23 | INFO  |   epoch 29  step  500/1405  loss 6.2923e-05  (1.7 samples/s)
23:06:17 | INFO  |   epoch 29  step  550/1405  loss 9.3221e-05  (1.7 samples/s)
23:08:12 | INFO  |   epoch 29  step  600/1405  loss 5.1811e-05  (1.7 samples/s)
23:10:06 | INFO  |   epoch 29  step  650/1405  loss 2.2877e-05  (1.7 samples/s)
23:12:00 | INFO  |   epoch 29  step  700/1405  loss 5.0403e-05  (1.7 samples/s)
23:13:55 | INFO  |   epoch 29  step  750/1405  loss 3.3226e-05  (1.7 samples/s)
23:15:50 | INFO  |   epoch 29  step  800/1405  loss 2.4593e-05  (1.7 samples/s)
23:17:45 | INFO  |   epoch 29  step  850/1405  loss 1.3076e-05  (1.7 samples/s)
23:19:40 | INFO  |   epoch 29  step  900/1405  loss 6.2468e-05  (1.7 samples/s)
23:21:36 | INFO  |   epoch 29  step  950/1405  loss 5.6232e-05  (1.7 samples/s)
23:23:31 | INFO  |   epoch 29  step 1000/1405  loss 3.5318e-05  (1.7 samples/s)
23:25:25 | INFO  |   epoch 29  step 1050/1405  loss 4.3683e-05  (1.7 samples/s)
23:27:18 | INFO  |   epoch 29  step 1100/1405  loss 2.1292e-05  (1.7 samples/s)
23:29:12 | INFO  |   epoch 29  step 1150/1405  loss 3.1039e-05  (1.7 samples/s)
23:31:06 | INFO  |   epoch 29  step 1200/1405  loss 3.3642e-05  (1.7 samples/s)
23:33:02 | INFO  |   epoch 29  step 1250/1405  loss 3.2929e-05  (1.7 samples/s)
23:34:56 | INFO  |   epoch 29  step 1300/1405  loss 5.1262e-05  (1.7 samples/s)
23:36:50 | INFO  |   epoch 29  step 1350/1405  loss 4.6664e-05  (1.7 samples/s)
23:38:45 | INFO  |   epoch 29  step 1400/1405  loss 1.1149e-04  (1.7 samples/s)
23:40:39 | INFO  | epoch 29  train 1.0419e-04  val 1.1462e-04  mse 1.2516e-06  flux_rel_err 0.338          (3321.2s)
23:40:39 | INFO  | === epoch 30/30  lr=2.74e-06 ===
23:42:35 | INFO  |   epoch 30  step   50/1405  loss 2.6846e-05  (1.7 samples/s)
23:44:29 | INFO  |   epoch 30  step  100/1405  loss 4.4184e-05  (1.7 samples/s)
23:46:24 | INFO  |   epoch 30  step  150/1405  loss 1.3905e-04  (1.7 samples/s)
23:48:17 | INFO  |   epoch 30  step  200/1405  loss 9.2169e-05  (1.7 samples/s)
23:50:12 | INFO  |   epoch 30  step  250/1405  loss 9.5501e-05  (1.7 samples/s)
23:52:05 | INFO  |   epoch 30  step  300/1405  loss 1.0544e-04  (1.7 samples/s)
23:53:57 | INFO  |   epoch 30  step  350/1405  loss 1.2541e-05  (1.8 samples/s)
23:55:51 | INFO  |   epoch 30  step  400/1405  loss 2.3476e-05  (1.8 samples/s)
23:57:45 | INFO  |   epoch 30  step  450/1405  loss 6.4809e-05  (1.8 samples/s)
23:59:40 | INFO  |   epoch 30  step  500/1405  loss 1.0003e-05  (1.8 samples/s)
00:01:35 | INFO  |   epoch 30  step  550/1405  loss 3.9830e-05  (1.8 samples/s)
00:03:30 | INFO  |   epoch 30  step  600/1405  loss 2.1686e-04  (1.8 samples/s)
00:05:25 | INFO  |   epoch 30  step  650/1405  loss 6.9730e-05  (1.7 samples/s)
00:07:20 | INFO  |   epoch 30  step  700/1405  loss 4.5041e-05  (1.7 samples/s)
00:09:15 | INFO  |   epoch 30  step  750/1405  loss 2.3443e-05  (1.7 samples/s)
00:11:11 | INFO  |   epoch 30  step  800/1405  loss 6.5154e-05  (1.7 samples/s)
00:13:06 | INFO  |   epoch 30  step  850/1405  loss 2.9754e-05  (1.7 samples/s)
00:15:01 | INFO  |   epoch 30  step  900/1405  loss 1.1876e-05  (1.7 samples/s)
00:16:56 | INFO  |   epoch 30  step  950/1405  loss 1.1445e-04  (1.7 samples/s)
00:18:51 | INFO  |   epoch 30  step 1000/1405  loss 2.3259e-04  (1.7 samples/s)
00:20:45 | INFO  |   epoch 30  step 1050/1405  loss 4.2028e-05  (1.7 samples/s)
00:22:39 | INFO  |   epoch 30  step 1100/1405  loss 1.3458e-04  (1.7 samples/s)
00:24:34 | INFO  |   epoch 30  step 1150/1405  loss 1.4296e-05  (1.7 samples/s)
00:26:28 | INFO  |   epoch 30  step 1200/1405  loss 4.9106e-05  (1.7 samples/s)
00:28:23 | INFO  |   epoch 30  step 1250/1405  loss 4.4299e-05  (1.7 samples/s)
00:30:17 | INFO  |   epoch 30  step 1300/1405  loss 9.1331e-05  (1.7 samples/s)
00:32:11 | INFO  |   epoch 30  step 1350/1405  loss 2.9987e-05  (1.7 samples/s)
00:34:06 | INFO  |   epoch 30  step 1400/1405  loss 6.8909e-05  (1.7 samples/s)
00:35:55 | INFO  | epoch 30  train 1.1101e-04  val 1.1358e-04  mse 1.2414e-06  flux_rel_err 0.339          (3316.3s)
00:35:55 | INFO  | Training complete. Best val loss: 1.1315e-04
