18:24:55 | INFO  | Run dir: /mnt/home/alahiry/repos/IFU-Source-ID/experiments/segment_v5/train
18:24:55 | INFO  | Config: {
  "data": "data/all_cubes",
  "out": "experiments/segment_v5/train",
  "epochs": 30,
  "batch_size": 16,
  "lr": 0.001,
  "base": 16,
  "embedding_dim": 8,
  "threshold_frac": 0.1,
  "coord_conv": true,
  "augment": false,
  "delta_v": 0.5,
  "delta_d": 2.0,
  "alpha": 1.0,
  "beta": 1.0,
  "gamma": 0.001,
  "num_workers": 4,
  "val_fraction": 0.1,
  "test_fraction": 0.1,
  "device": "cuda:2",
  "log_every": 20,
  "seed": 0,
  "eval_every": 1,
  "eval_bandwidth": 1.5,
  "eval_min_cluster_flux_frac": 0.05,
  "eval_min_cluster_voxels": 50,
  "eval_n_samples": 8,
  "eval_max_cubes": 200
}
18:24:55 | INFO  | Device: cuda:2
18:24:59 | INFO  | Loaded 20000 cubes  max_n_gals=5
18:24:59 | INFO  | Split: train=16000  val=2000  test=2000
18:24:59 | INFO  | Model: EmbeddingUNet3D(in_ch=4, D=8, base=16)  | 1402680 params
18:25:00 | INFO  | === epoch 1/30  lr=1.00e-03 ===
18:25:11 | INFO  |   epoch 1  step   20/1000  loss 1.2998e+00  (28.4 samples/s)
18:25:20 | INFO  |   epoch 1  step   40/1000  loss 9.4741e-01  (31.8 samples/s)
18:25:29 | INFO  |   epoch 1  step   60/1000  loss 1.3735e+00  (32.9 samples/s)
18:25:37 | INFO  |   epoch 1  step   80/1000  loss 7.9147e-01  (34.3 samples/s)
18:25:45 | INFO  |   epoch 1  step  100/1000  loss 1.4745e+00  (35.5 samples/s)
18:25:53 | INFO  |   epoch 1  step  120/1000  loss 5.5517e-01  (36.0 samples/s)
18:26:01 | INFO  |   epoch 1  step  140/1000  loss 8.2185e-01  (36.5 samples/s)
18:26:14 | INFO  |   epoch 1  step  160/1000  loss 3.7658e-01  (34.5 samples/s)
18:26:27 | INFO  |   epoch 1  step  180/1000  loss 1.1967e+00  (33.0 samples/s)
18:26:35 | INFO  |   epoch 1  step  200/1000  loss 6.5198e-01  (33.5 samples/s)
18:26:44 | INFO  |   epoch 1  step  220/1000  loss 5.7065e-01  (33.9 samples/s)
18:26:52 | INFO  |   epoch 1  step  240/1000  loss 6.6914e-01  (34.2 samples/s)
18:27:01 | INFO  |   epoch 1  step  260/1000  loss 6.1025e-01  (34.5 samples/s)
18:27:09 | INFO  |   epoch 1  step  280/1000  loss 1.3393e+00  (34.7 samples/s)
18:27:17 | INFO  |   epoch 1  step  300/1000  loss 1.0634e+00  (35.0 samples/s)
18:27:26 | INFO  |   epoch 1  step  320/1000  loss 8.5471e-01  (35.2 samples/s)
18:27:34 | INFO  |   epoch 1  step  340/1000  loss 4.3933e-01  (35.4 samples/s)
18:27:42 | INFO  |   epoch 1  step  360/1000  loss 6.0671e-01  (35.6 samples/s)
18:27:50 | INFO  |   epoch 1  step  380/1000  loss 5.4911e-01  (35.9 samples/s)
18:27:57 | INFO  |   epoch 1  step  400/1000  loss 5.7091e-01  (36.1 samples/s)
18:28:06 | INFO  |   epoch 1  step  420/1000  loss 3.5736e-01  (36.2 samples/s)
18:28:14 | INFO  |   epoch 1  step  440/1000  loss 5.9335e-01  (36.4 samples/s)
18:28:25 | INFO  |   epoch 1  step  460/1000  loss 8.4670e-01  (35.9 samples/s)
18:28:39 | INFO  |   epoch 1  step  480/1000  loss 3.7765e-01  (35.1 samples/s)
18:28:48 | INFO  |   epoch 1  step  500/1000  loss 4.8041e-01  (35.1 samples/s)
18:28:56 | INFO  |   epoch 1  step  520/1000  loss 5.4009e-01  (35.3 samples/s)
18:29:04 | INFO  |   epoch 1  step  540/1000  loss 7.5300e-01  (35.4 samples/s)
18:29:12 | INFO  |   epoch 1  step  560/1000  loss 1.1810e+00  (35.5 samples/s)
18:29:21 | INFO  |   epoch 1  step  580/1000  loss 5.0943e-01  (35.6 samples/s)
18:29:29 | INFO  |   epoch 1  step  600/1000  loss 4.3456e-01  (35.7 samples/s)
18:29:37 | INFO  |   epoch 1  step  620/1000  loss 7.0708e-01  (35.8 samples/s)
18:29:45 | INFO  |   epoch 1  step  640/1000  loss 3.0733e-01  (35.9 samples/s)
18:29:53 | INFO  |   epoch 1  step  660/1000  loss 4.7368e-01  (36.1 samples/s)
18:30:01 | INFO  |   epoch 1  step  680/1000  loss 5.7508e-01  (36.2 samples/s)
18:30:09 | INFO  |   epoch 1  step  700/1000  loss 4.7932e-01  (36.3 samples/s)
18:30:17 | INFO  |   epoch 1  step  720/1000  loss 2.7571e-01  (36.3 samples/s)
18:30:25 | INFO  |   epoch 1  step  740/1000  loss 6.1079e-01  (36.4 samples/s)
18:30:34 | INFO  |   epoch 1  step  760/1000  loss 3.6640e-01  (36.5 samples/s)
18:30:44 | INFO  |   epoch 1  step  780/1000  loss 5.0664e-01  (36.2 samples/s)
18:30:59 | INFO  |   epoch 1  step  800/1000  loss 6.5644e-01  (35.7 samples/s)
18:31:08 | INFO  |   epoch 1  step  820/1000  loss 6.9556e-01  (35.7 samples/s)
18:31:16 | INFO  |   epoch 1  step  840/1000  loss 3.5936e-01  (35.8 samples/s)
18:31:24 | INFO  |   epoch 1  step  860/1000  loss 4.5917e-01  (35.9 samples/s)
18:31:32 | INFO  |   epoch 1  step  880/1000  loss 5.5564e-01  (35.9 samples/s)
18:31:40 | INFO  |   epoch 1  step  900/1000  loss 5.9565e-01  (36.0 samples/s)
18:31:49 | INFO  |   epoch 1  step  920/1000  loss 2.4519e-01  (36.0 samples/s)
18:31:57 | INFO  |   epoch 1  step  940/1000  loss 1.1307e+00  (36.0 samples/s)
18:32:06 | INFO  |   epoch 1  step  960/1000  loss 4.8496e-01  (36.1 samples/s)
18:32:14 | INFO  |   epoch 1  step  980/1000  loss 7.3041e-01  (36.1 samples/s)
18:32:25 | INFO  |   epoch 1  step 1000/1000  loss 5.5062e-01  (35.9 samples/s)
18:33:17 | INFO  | epoch 1  train 6.7911e-01  val 4.6645e-01  intra 0.701  inter 4.388  [best] (496.8s)
18:33:17 | INFO  |   spawned per-epoch eval+analyse → eval/epoch_1 (pid 1930606)
18:33:17 | INFO  | === epoch 2/30  lr=9.97e-04 ===
18:33:27 | INFO  |   epoch 2  step   20/1000  loss 3.6758e-01  (31.3 samples/s)
18:33:36 | INFO  |   epoch 2  step   40/1000  loss 3.7938e-01  (33.8 samples/s)
18:33:45 | INFO  |   epoch 2  step   60/1000  loss 3.5524e-01  (34.5 samples/s)
18:33:53 | INFO  |   epoch 2  step   80/1000  loss 2.3221e-01  (35.4 samples/s)
18:34:01 | INFO  |   epoch 2  step  100/1000  loss 5.2135e-01  (36.0 samples/s)
18:34:10 | INFO  |   epoch 2  step  120/1000  loss 3.8770e-01  (36.3 samples/s)
18:34:19 | INFO  |   epoch 2  step  140/1000  loss 6.4131e-01  (35.9 samples/s)
18:34:34 | INFO  |   epoch 2  step  160/1000  loss 3.7920e-01  (33.4 samples/s)
18:34:44 | INFO  |   epoch 2  step  180/1000  loss 3.7174e-01  (33.1 samples/s)
18:34:52 | INFO  |   epoch 2  step  200/1000  loss 4.5374e-01  (33.5 samples/s)
18:35:01 | INFO  |   epoch 2  step  220/1000  loss 3.2556e-01  (33.9 samples/s)
18:35:09 | INFO  |   epoch 2  step  240/1000  loss 4.0184e-01  (34.2 samples/s)
18:35:17 | INFO  |   epoch 2  step  260/1000  loss 1.6546e-01  (34.6 samples/s)
18:35:25 | INFO  |   epoch 2  step  280/1000  loss 6.1261e-01  (34.9 samples/s)
18:35:33 | INFO  |   epoch 2  step  300/1000  loss 6.0209e-01  (35.2 samples/s)
18:35:41 | INFO  |   epoch 2  step  320/1000  loss 4.3937e-01  (35.5 samples/s)
18:35:50 | INFO  |   epoch 2  step  340/1000  loss 4.5404e-01  (35.6 samples/s)
18:35:58 | INFO  |   epoch 2  step  360/1000  loss 3.6967e-01  (35.7 samples/s)
18:36:07 | INFO  |   epoch 2  step  380/1000  loss 4.9596e-01  (35.8 samples/s)
18:36:15 | INFO  |   epoch 2  step  400/1000  loss 5.8121e-01  (35.9 samples/s)
18:36:24 | INFO  |   epoch 2  step  420/1000  loss 3.3601e-01  (36.0 samples/s)
18:36:32 | INFO  |   epoch 2  step  440/1000  loss 6.4272e-01  (36.1 samples/s)
18:36:40 | INFO  |   epoch 2  step  460/1000  loss 4.1568e-01  (36.3 samples/s)
18:36:48 | INFO  |   epoch 2  step  480/1000  loss 5.0099e-01  (36.4 samples/s)
18:36:56 | INFO  |   epoch 2  step  500/1000  loss 8.4596e-01  (36.5 samples/s)
18:37:05 | INFO  |   epoch 2  step  520/1000  loss 4.9751e-01  (36.5 samples/s)
18:37:13 | INFO  |   epoch 2  step  540/1000  loss 3.4665e-01  (36.6 samples/s)
18:37:22 | INFO  |   epoch 2  step  560/1000  loss 4.6223e-01  (36.6 samples/s)
18:37:30 | INFO  |   epoch 2  step  580/1000  loss 3.7533e-01  (36.7 samples/s)
18:37:38 | INFO  |   epoch 2  step  600/1000  loss 2.8760e-01  (36.7 samples/s)
18:37:47 | INFO  |   epoch 2  step  620/1000  loss 1.6140e-01  (36.8 samples/s)
18:37:55 | INFO  |   epoch 2  step  640/1000  loss 3.4387e-01  (36.9 samples/s)
18:38:03 | INFO  |   epoch 2  step  660/1000  loss 4.3198e-01  (36.9 samples/s)
18:38:12 | INFO  |   epoch 2  step  680/1000  loss 3.3724e-01  (36.9 samples/s)
18:38:20 | INFO  |   epoch 2  step  700/1000  loss 5.8156e-01  (36.9 samples/s)
18:38:29 | INFO  |   epoch 2  step  720/1000  loss 2.2972e-01  (36.9 samples/s)
18:38:37 | INFO  |   epoch 2  step  740/1000  loss 7.5234e-01  (37.0 samples/s)
18:38:45 | INFO  |   epoch 2  step  760/1000  loss 3.1629e-01  (37.0 samples/s)
18:38:53 | INFO  |   epoch 2  step  780/1000  loss 4.7248e-01  (37.1 samples/s)
18:39:01 | INFO  |   epoch 2  step  800/1000  loss 3.6624e-01  (37.2 samples/s)
18:39:10 | INFO  |   epoch 2  step  820/1000  loss 3.1794e-01  (37.2 samples/s)
18:39:18 | INFO  |   epoch 2  step  840/1000  loss 2.3361e-01  (37.2 samples/s)
18:39:27 | INFO  |   epoch 2  step  860/1000  loss 3.4305e-01  (37.2 samples/s)
18:39:36 | INFO  |   epoch 2  step  880/1000  loss 2.8059e-01  (37.1 samples/s)
18:39:45 | INFO  |   epoch 2  step  900/1000  loss 3.2286e-01  (37.1 samples/s)
18:39:53 | INFO  |   epoch 2  step  920/1000  loss 2.0590e-01  (37.2 samples/s)
18:40:01 | INFO  |   epoch 2  step  940/1000  loss 2.9062e-01  (37.2 samples/s)
18:40:09 | INFO  |   epoch 2  step  960/1000  loss 3.0225e-01  (37.3 samples/s)
18:40:17 | INFO  |   epoch 2  step  980/1000  loss 2.6943e-01  (37.3 samples/s)
18:40:25 | INFO  |   epoch 2  step 1000/1000  loss 3.9765e-01  (37.4 samples/s)
18:41:14 | INFO  | epoch 2  train 4.2369e-01  val 3.7272e-01  intra 0.646  inter 4.256  [best] (477.3s)
18:41:14 | INFO  |   waiting for previous eval to finish before starting epoch 2 eval...
18:41:27 | INFO  |   spawned per-epoch eval+analyse → eval/epoch_2 (pid 1955832)
18:41:27 | INFO  | === epoch 3/30  lr=9.89e-04 ===
18:41:36 | INFO  |   epoch 3  step   20/1000  loss 2.7224e-01  (33.8 samples/s)
18:41:44 | INFO  |   epoch 3  step   40/1000  loss 2.8724e-01  (36.5 samples/s)
18:41:52 | INFO  |   epoch 3  step   60/1000  loss 3.5614e-01  (37.6 samples/s)
18:42:00 | INFO  |   epoch 3  step   80/1000  loss 3.9746e-01  (38.2 samples/s)
18:42:08 | INFO  |   epoch 3  step  100/1000  loss 3.8597e-01  (38.5 samples/s)
18:42:16 | INFO  |   epoch 3  step  120/1000  loss 4.7455e-01  (38.7 samples/s)
18:42:24 | INFO  |   epoch 3  step  140/1000  loss 3.9768e-01  (39.0 samples/s)
18:42:32 | INFO  |   epoch 3  step  160/1000  loss 1.2839e-01  (39.2 samples/s)
18:42:40 | INFO  |   epoch 3  step  180/1000  loss 7.3236e-01  (39.3 samples/s)
18:42:48 | INFO  |   epoch 3  step  200/1000  loss 3.3186e-01  (39.5 samples/s)
18:42:56 | INFO  |   epoch 3  step  220/1000  loss 3.3997e-01  (39.6 samples/s)
18:43:04 | INFO  |   epoch 3  step  240/1000  loss 2.9514e-01  (39.6 samples/s)
18:43:12 | INFO  |   epoch 3  step  260/1000  loss 2.0216e-01  (39.6 samples/s)
18:43:20 | INFO  |   epoch 3  step  280/1000  loss 2.9834e-01  (39.6 samples/s)
18:43:28 | INFO  |   epoch 3  step  300/1000  loss 9.0290e-01  (39.7 samples/s)
   epoch 3  step  160/1000  loss 1.2839e-01  (39.2 samples/s)
18:42:40 | INFO  |   epoch 3  step  180/1000  loss 7.3236e-01  (39.3 samples/s)
18:42:48 | INFO  |   epoch 3  step  200/1000  loss 3.3186e-01  (39.5 samples/s)
18:42:56 | INFO  |   epoch 3  step  220/1000  loss 3.3997e-01  (39.6 samples/s)
18:43:04 | INFO  |   epoch 3  step  240/1000  loss 2.9514e-01  (39.6 samples/s)
18:43:12 | INFO  |   epoch 3  step  260/1000  loss 2.0216e-01  (39.6 samples/s)
18:43:20 | INFO  |   epoch 3  step  280/1000  loss 2.9834e-01  (39.6 samples/s)
18:43:28 | INFO  |   epoch 3  step  300/1000  loss 9.0290e-01  (39.7 samples/s)
