17:50:35 | INFO  | Run directory: /Users/arnablahiry/repos/GalCubeCraft-SourceID/experiments/sep_v3_hungarian_diffuse/train
17:50:35 | INFO  | Config: {
  "data": "experiments/sep_v1/data",
  "out": "experiments/sep_v3_hungarian_diffuse/train",
  "epochs": 30,
  "batch_size": 2,
  "lr": 0.001,
  "base": 16,
  "model": "hungarian_diffuse",
  "num_workers": 2,
  "val_fraction": 0.1,
  "test_fraction": 0.1,
  "device": null,
  "log_every": 20,
  "seed": 0
}
17:50:37 | INFO  | Device: mps
17:50:37 | INFO  | Scanning dataset at experiments/sep_v1/data
17:50:41 | INFO  | Loaded 2000 cubes.  max_n_gals inferred = 5
17:50:41 | INFO  | Split: train=1600  val=200  test=200
17:50:41 | INFO  | Wrote split index lists to /Users/arnablahiry/repos/GalCubeCraft-SourceID/experiments/sep_v3_hungarian_diffuse/train/splits.json
17:50:41 | INFO  | Model: SeparationUNet3D(out_slots=6, base=16)  loss=hungarian_diffuse  | 1401350 trainable params
17:50:42 | INFO  | === epoch 1/30  lr=1.00e-03 ===
17:51:08 | INFO  |   epoch 1  step   20/800  loss 1.8432e+01  (1.6 samples/s)
17:51:31 | INFO  |   epoch 1  step   40/800  loss 1.5414e+01  (1.6 samples/s)
17:51:54 | INFO  |   epoch 1  step   60/800  loss 3.8090e+00  (1.7 samples/s)
17:57:36 | INFO  |   epoch 1  step   80/800  loss 1.3524e+01  (0.4 samples/s)
17:58:00 | INFO  |   epoch 1  step  100/800  loss 6.9474e+00  (0.5 samples/s)
17:58:23 | INFO  |   epoch 1  step  120/800  loss 5.5682e+00  (0.5 samples/s)
17:58:46 | INFO  |   epoch 1  step  140/800  loss 2.7047e+00  (0.6 samples/s)
17:59:09 | INFO  |   epoch 1  step  160/800  loss 6.0891e+00  (0.6 samples/s)
19:27:51 | INFO  |   epoch 1  step  180/800  loss 7.4975e-01  (0.1 samples/s)
21:01:27 | INFO  |   epoch 1  step  200/800  loss 2.5614e+00  (0.0 samples/s)
22:02:44 | INFO  |   epoch 1  step  220/800  loss 2.1168e+00  (0.0 samples/s)
22:33:14 | INFO  |   epoch 1  step  240/800  loss 2.2157e+00  (0.0 samples/s)
22:33:37 | INFO  |   epoch 1  step  260/800  loss 1.0174e+00  (0.0 samples/s)
22:34:00 | INFO  |   epoch 1  step  280/800  loss 1.4789e+00  (0.0 samples/s)
22:34:23 | INFO  |   epoch 1  step  300/800  loss 9.6480e-01  (0.0 samples/s)
22:34:45 | INFO  |   epoch 1  step  320/800  loss 5.7778e-01  (0.0 samples/s)
22:35:08 | INFO  |   epoch 1  step  340/800  loss 8.0167e-01  (0.0 samples/s)
22:35:31 | INFO  |   epoch 1  step  360/800  loss 6.5599e-01  (0.0 samples/s)
22:35:53 | INFO  |   epoch 1  step  380/800  loss 9.2844e-01  (0.0 samples/s)
22:36:16 | INFO  |   epoch 1  step  400/800  loss 3.5716e-01  (0.0 samples/s)
22:36:39 | INFO  |   epoch 1  step  420/800  loss 3.6137e-01  (0.0 samples/s)
22:37:01 | INFO  |   epoch 1  step  440/800  loss 7.9636e-01  (0.1 samples/s)
22:37:24 | INFO  |   epoch 1  step  460/800  loss 2.8290e-01  (0.1 samples/s)
22:37:46 | INFO  |   epoch 1  step  480/800  loss 3.0715e-01  (0.1 samples/s)
22:38:09 | INFO  |   epoch 1  step  500/800  loss 6.3917e-01  (0.1 samples/s)
22:38:32 | INFO  |   epoch 1  step  520/800  loss 2.1024e-01  (0.1 samples/s)
22:38:54 | INFO  |   epoch 1  step  540/800  loss 8.5186e-02  (0.1 samples/s)
22:39:17 | INFO  |   epoch 1  step  560/800  loss 3.5367e-01  (0.1 samples/s)
22:39:40 | INFO  |   epoch 1  step  580/800  loss 3.2934e-01  (0.1 samples/s)
22:40:02 | INFO  |   epoch 1  step  600/800  loss 3.3197e-01  (0.1 samples/s)
22:40:25 | INFO  |   epoch 1  step  620/800  loss 1.9926e-01  (0.1 samples/s)
22:40:48 | INFO  |   epoch 1  step  640/800  loss 2.8165e-01  (0.1 samples/s)
22:41:10 | INFO  |   epoch 1  step  660/800  loss 1.7672e-01  (0.1 samples/s)
22:41:33 | INFO  |   epoch 1  step  680/800  loss 2.0514e-01  (0.1 samples/s)
22:41:56 | INFO  |   epoch 1  step  700/800  loss 2.5842e-01  (0.1 samples/s)
22:42:18 | INFO  |   epoch 1  step  720/800  loss 5.2867e-02  (0.1 samples/s)
22:42:41 | INFO  |   epoch 1  step  740/800  loss 1.3910e-01  (0.1 samples/s)
22:43:04 | INFO  |   epoch 1  step  760/800  loss 1.0952e-01  (0.1 samples/s)
22:43:26 | INFO  |   epoch 1  step  780/800  loss 1.8911e-01  (0.1 samples/s)
22:43:49 | INFO  |   epoch 1  step  800/800  loss 1.1112e-01  (0.1 samples/s)
22:44:38 | INFO  | epoch 1  train 2.5855e+00  val 1.3556e-01  per_slot_mse 1.8507e-03  flux_rel_err 201.576  [best]  (17635.7s)
22:44:38 | INFO  | === epoch 2/30  lr=9.97e-04 ===
22:45:02 | INFO  |   epoch 2  step   20/800  loss 2.0166e-01  (1.6 samples/s)
22:45:25 | INFO  |   epoch 2  step   40/800  loss 9.9232e-02  (1.7 samples/s)
22:45:48 | INFO  |   epoch 2  step   60/800  loss 5.0240e-02  (1.7 samples/s)
22:46:11 | INFO  |   epoch 2  step   80/800  loss 1.5395e-01  (1.7 samples/s)
22:46:34 | INFO  |   epoch 2  step  100/800  loss 6.9844e-02  (1.7 samples/s)
22:46:57 | INFO  |   epoch 2  step  120/800  loss 7.2656e-02  (1.7 samples/s)
22:47:20 | INFO  |   epoch 2  step  140/800  loss 6.3359e-02  (1.7 samples/s)
22:47:43 | INFO  |   epoch 2  step  160/800  loss 4.2681e-02  (1.7 samples/s)
22:48:06 | INFO  |   epoch 2  step  180/800  loss 6.1442e-02  (1.7 samples/s)
22:48:28 | INFO  |   epoch 2  step  200/800  loss 8.3686e-02  (1.7 samples/s)
22:48:51 | INFO  |   epoch 2  step  220/800  loss 1.4194e-01  (1.7 samples/s)
22:49:14 | INFO  |   epoch 2  step  240/800  loss 4.8818e-02  (1.7 samples/s)
22:49:36 | INFO  |   epoch 2  step  260/800  loss 8.7797e-02  (1.7 samples/s)
22:49:59 | INFO  |   epoch 2  step  280/800  loss 5.9847e-02  (1.7 samples/s)
22:50:22 | INFO  |   epoch 2  step  300/800  loss 1.0514e-01  (1.7 samples/s)
22:50:44 | INFO  |   epoch 2  step  320/800  loss 8.5796e-02  (1.7 samples/s)
22:51:07 | INFO  |   epoch 2  step  340/800  loss 1.4182e-01  (1.7 samples/s)
22:51:30 | INFO  |   epoch 2  step  360/800  loss 4.2732e-02  (1.7 samples/s)
22:51:52 | INFO  |   epoch 2  step  380/800  loss 7.5913e-02  (1.8 samples/s)
22:52:15 | INFO  |   epoch 2  step  400/800  loss 4.5304e-02  (1.8 samples/s)
22:52:38 | INFO  |   epoch 2  step  420/800  loss 7.5869e-02  (1.8 samples/s)
22:53:00 | INFO  |   epoch 2  step  440/800  loss 4.7340e-02  (1.8 samples/s)
22:53:23 | INFO  |   epoch 2  step  460/800  loss 5.4894e-02  (1.8 samples/s)
22:53:46 | INFO  |   epoch 2  step  480/800  loss 6.1973e-02  (1.8 samples/s)
22:54:08 | INFO  |   epoch 2  step  500/800  loss 5.6115e-02  (1.8 samples/s)
22:54:31 | INFO  |   epoch 2  step  520/800  loss 4.3594e-02  (1.8 samples/s)
22:54:54 | INFO  |   epoch 2  step  540/800  loss 6.9933e-02  (1.8 samples/s)
22:55:16 | INFO  |   epoch 2  step  560/800  loss 2.2095e-02  (1.8 samples/s)
22:55:39 | INFO  |   epoch 2  step  580/800  loss 3.2402e-02  (1.8 samples/s)
22:56:01 | INFO  |   epoch 2  step  600/800  loss 2.8651e-02  (1.8 samples/s)
22:56:24 | INFO  |   epoch 2  step  620/800  loss 6.7259e-02  (1.8 samples/s)
22:56:47 | INFO  |   epoch 2  step  640/800  loss 5.1630e-02  (1.8 samples/s)
22:57:09 | INFO  |   epoch 2  step  660/800  loss 2.6622e-02  (1.8 samples/s)
22:57:32 | INFO  |   epoch 2  step  680/800  loss 1.9863e-02  (1.8 samples/s)
22:57:55 | INFO  |   epoch 2  step  700/800  loss 4.0469e-02  (1.8 samples/s)
22:58:17 | INFO  |   epoch 2  step  720/800  loss 5.3771e-02  (1.8 samples/s)
22:58:40 | INFO  |   epoch 2  step  740/800  loss 2.1933e-02  (1.8 samples/s)
22:59:03 | INFO  |   epoch 2  step  760/800  loss 5.2289e-02  (1.8 samples/s)
22:59:25 | INFO  |   epoch 2  step  780/800  loss 2.3940e-02  (1.8 samples/s)
22:59:48 | INFO  |   epoch 2  step  800/800  loss 2.6683e-02  (1.8 samples/s)
23:00:36 | INFO  | epoch 2  train 6.9569e-02  val 3.3412e-02  per_slot_mse 4.6704e-04  flux_rel_err 98.218  [best]  (958.3s)
23:00:36 | INFO  | === epoch 3/30  lr=9.89e-04 ===
23:01:01 | INFO  |   epoch 3  step   20/800  loss 2.1879e-02  (1.6 samples/s)
23:01:23 | INFO  |   epoch 3  step   40/800  loss 1.6014e-02  (1.7 samples/s)
23:01:46 | INFO  |   epoch 3  step   60/800  loss 3.9665e-02  (1.7 samples/s)
23:02:09 | INFO  |   epoch 3  step   80/800  loss 2.4875e-02  (1.7 samples/s)
23:02:31 | INFO  |   epoch 3  step  100/800  loss 5.9537e-02  (1.7 samples/s)
23:02:54 | INFO  |   epoch 3  step  120/800  loss 3.3441e-02  (1.7 samples/s)
23:03:17 | INFO  |   epoch 3  step  140/800  loss 1.9888e-02  (1.7 samples/s)
23:03:39 | INFO  |   epoch 3  step  160/800  loss 1.6753e-02  (1.7 samples/s)
23:04:02 | INFO  |   epoch 3  step  180/800  loss 3.1198e-02  (1.8 samples/s)
23:04:25 | INFO  |   epoch 3  step  200/800  loss 1.3272e-02  (1.8 samples/s)
23:04:47 | INFO  |   epoch 3  step  220/800  loss 3.6983e-02  (1.8 samples/s)
23:05:10 | INFO  |   epoch 3  step  240/800  loss 3.4139e-02  (1.8 samples/s)
23:05:32 | INFO  |   epoch 3  step  260/800  loss 2.9472e-02  (1.8 samples/s)
23:05:55 | INFO  |   epoch 3  step  280/800  loss 4.6378e-02  (1.8 samples/s)
23:06:18 | INFO  |   epoch 3  step  300/800  loss 3.3415e-02  (1.8 samples/s)
23:06:40 | INFO  |   epoch 3  step  320/800  loss 2.8220e-02  (1.8 samples/s)
23:07:03 | INFO  |   epoch 3  step  340/800  loss 3.1404e-02  (1.8 samples/s)
23:07:26 | INFO  |   epoch 3  step  360/800  loss 3.0766e-02  (1.8 samples/s)
23:07:48 | INFO  |   epoch 3  step  380/800  loss 3.6484e-02  (1.8 samples/s)
23:08:11 | INFO  |   epoch 3  step  400/800  loss 1.4900e-02  (1.8 samples/s)
23:08:34 | INFO  |   epoch 3  step  420/800  loss 3.0618e-02  (1.8 samples/s)
23:08:56 | INFO  |   epoch 3  step  440/800  loss 1.4235e-02  (1.8 samples/s)
23:09:19 | INFO  |   epoch 3  step  460/800  loss 1.0671e-02  (1.8 samples/s)
23:09:42 | INFO  |   epoch 3  step  480/800  loss 1.4473e-02  (1.8 samples/s)
23:10:04 | INFO  |   epoch 3  step  500/800  loss 1.0578e-02  (1.8 samples/s)
23:10:27 | INFO  |   epoch 3  step  520/800  loss 1.6199e-02  (1.8 samples/s)
23:10:49 | INFO  |   epoch 3  step  540/800  loss 1.3238e-02  (1.8 samples/s)
23:11:12 | INFO  |   epoch 3  step  560/800  loss 3.7740e-02  (1.8 samples/s)
23:11:35 | INFO  |   epoch 3  step  580/800  loss 6.5456e-03  (1.8 samples/s)
23:11:57 | INFO  |   epoch 3  step  600/800  loss 2.9082e-02  (1.8 samples/s)
23:12:20 | INFO  |   epoch 3  step  620/800  loss 1.2508e-02  (1.8 samples/s)
23:12:43 | INFO  |   epoch 3  step  640/800  loss 2.6149e-02  (1.8 samples/s)
23:13:05 | INFO  |   epoch 3  step  660/800  loss 1.9072e-02  (1.8 samples/s)
23:13:28 | INFO  |   epoch 3  step  680/800  loss 1.1445e-02  (1.8 samples/s)
23:13:51 | INFO  |   epoch 3  step  700/800  loss 2.3184e-02  (1.8 samples/s)
23:14:13 | INFO  |   epoch 3  step  720/800  loss 3.4932e-02  (1.8 samples/s)
23:14:36 | INFO  |   epoch 3  step  740/800  loss 2.1241e-02  (1.8 samples/s)
23:14:59 | INFO  |   epoch 3  step  760/800  loss 1.0861e-02  (1.8 samples/s)
23:15:21 | INFO  |   epoch 3  step  780/800  loss 1.7558e-02  (1.8 samples/s)
23:15:44 | INFO  |   epoch 3  step  800/800  loss 1.2772e-02  (1.8 samples/s)
23:16:33 | INFO  | epoch 3  train 2.3071e-02  val 1.4849e-02  per_slot_mse 2.0577e-04  flux_rel_err 63.495  [best]  (956.2s)
23:16:33 | INFO  | === epoch 4/30  lr=9.76e-04 ===
23:17:37 | INFO  |   epoch 4  step   20/800  loss 7.4172e-03  (0.6 samples/s)
23:20:02 | INFO  |   epoch 4  step   40/800  loss 1.2271e-02  (0.4 samples/s)
23:22:23 | INFO  |   epoch 4  step   60/800  loss 1.0038e-02  (0.3 samples/s)
23:25:34 | INFO  |   epoch 4  step   80/800  loss 1.5566e-02  (0.3 samples/s)
23:28:42 | INFO  |   epoch 4  step  100/800  loss 2.1044e-02  (0.3 samples/s)
23:29:05 | INFO  |   epoch 4  step  120/800  loss 6.8097e-03  (0.3 samples/s)
23:29:28 | INFO  |   epoch 4  step  140/800  loss 1.4358e-02  (0.4 samples/s)
23:29:50 | INFO  |   epoch 4  step  160/800  loss 1.5836e-02  (0.4 samples/s)
23:30:13 | INFO  |   epoch 4  step  180/800  loss 1.5991e-02  (0.4 samples/s)
23:30:36 | INFO  |   epoch 4  step  200/800  loss 1.2883e-02  (0.5 samples/s)
23:30:59 | INFO  |   epoch 4  step  220/800  loss 1.9932e-02  (0.5 samples/s)
23:31:21 | INFO  |   epoch 4  step  240/800  loss 6.1257e-03  (0.5 samples/s)
23:31:45 | INFO  |   epoch 4  step  260/800  loss 8.3011e-03  (0.6 samples/s)
23:32:08 | INFO  |   epoch 4  step  280/800  loss 7.7624e-03  (0.6 samples/s)
23:32:31 | INFO  |   epoch 4  step  300/800  loss 7.5494e-03  (0.6 samples/s)
23:32:54 | INFO  |   epoch 4  step  320/800  loss 1.2749e-02  (0.7 samples/s)
23:33:17 | INFO  |   epoch 4  step  340/800  loss 2.2507e-02  (0.7 samples/s)
23:33:40 | INFO  |   epoch 4  step  360/800  loss 1.4418e-02  (0.7 samples/s)
23:34:03 | INFO  |   epoch 4  step  380/800  loss 3.9744e-03  (0.7 samples/s)
23:34:27 | INFO  |   epoch 4  step  400/800  loss 1.2043e-02  (0.7 samples/s)
23:34:51 | INFO  |   epoch 4  step  420/800  loss 3.6652e-03  (0.8 samples/s)
23:35:14 | INFO  |   epoch 4  step  440/800  loss 3.6394e-03  (0.8 samples/s)
23:35:37 | INFO  |   epoch 4  step  460/800  loss 6.8769e-03  (0.8 samples/s)
23:36:01 | INFO  |   epoch 4  step  480/800  loss 1.2786e-02  (0.8 samples/s)
23:36:24 | INFO  |   epoch 4  step  500/800  loss 6.7790e-03  (0.8 samples/s)
23:36:48 | INFO  |   epoch 4  step  520/800  loss 3.3269e-03  (0.9 samples/s)
23:37:11 | INFO  |   epoch 4  step  540/800  loss 3.5651e-03  (0.9 samples/s)
23:37:34 | INFO  |   epoch 4  step  560/800  loss 1.4406e-02  (0.9 samples/s)
23:37:59 | INFO  |   epoch 4  step  580/800  loss 6.3337e-03  (0.9 samples/s)
23:38:22 | INFO  |   epoch 4  step  600/800  loss 3.1941e-03  (0.9 samples/s)
23:38:46 | INFO  |   epoch 4  step  620/800  loss 7.5711e-03  (0.9 samples/s)
23:39:10 | INFO  |   epoch 4  step  640/800  loss 7.4175e-03  (0.9 samples/s)
23:39:33 | INFO  |   epoch 4  step  660/800  loss 8.0724e-03  (1.0 samples/s)
23:39:57 | INFO  |   epoch 4  step  680/800  loss 5.7792e-03  (1.0 samples/s)
23:40:22 | INFO  |   epoch 4  step  700/800  loss 1.2032e-02  (1.0 samples/s)
23:40:46 | INFO  |   epoch 4  step  720/800  loss 4.2747e-03  (1.0 samples/s)
23:41:09 | INFO  |   epoch 4  step  740/800  loss 1.2864e-02  (1.0 samples/s)
23:41:33 | INFO  |   epoch 4  step  760/800  loss 2.9602e-03  (1.0 samples/s)
23:41:56 | INFO  |   epoch 4  step  780/800  loss 1.1543e-02  (1.0 samples/s)
23:42:20 | INFO  |   epoch 4  step  800/800  loss 1.2258e-02  (1.0 samples/s)
23:43:07 | INFO  | epoch 4  train 1.1169e-02  val 8.0754e-03  per_slot_mse 1.1091e-04  flux_rel_err 45.884  [best]  (1594.0s)
23:43:07 | INFO  | === epoch 5/30  lr=9.57e-04 ===
23:43:32 | INFO  |   epoch 5  step   20/800  loss 1.1619e-02  (1.6 samples/s)
23:43:56 | INFO  |   epoch 5  step   40/800  loss 3.9992e-03  (1.6 samples/s)
23:44:19 | INFO  |   epoch 5  step   60/800  loss 5.1441e-03  (1.7 samples/s)
23:44:44 | INFO  |   epoch 5  step   80/800  loss 1.1132e-02  (1.7 samples/s)
23:45:07 | INFO  |   epoch 5  step  100/800  loss 1.4185e-02  (1.7 samples/s)
23:45:31 | INFO  |   epoch 5  step  120/800  loss 1.0729e-02  (1.7 samples/s)
23:45:55 | INFO  |   epoch 5  step  140/800  loss 4.7733e-03  (1.7 samples/s)
23:46:18 | INFO  |   epoch 5  step  160/800  loss 8.6785e-03  (1.7 samples/s)
23:46:41 | INFO  |   epoch 5  step  180/800  loss 6.1123e-03  (1.7 samples/s)
23:47:03 | INFO  |   epoch 5  step  200/800  loss 4.7214e-03  (1.7 samples/s)
23:47:26 | INFO  |   epoch 5  step  220/800  loss 5.8407e-03  (1.7 samples/s)
23:47:49 | INFO  |   epoch 5  step  240/800  loss 3.5827e-03  (1.7 samples/s)
23:48:12 | INFO  |   epoch 5  step  260/800  loss 4.6822e-03  (1.7 samples/s)
23:48:35 | INFO  |   epoch 5  step  280/800  loss 2.5569e-03  (1.7 samples/s)
23:48:58 | INFO  |   epoch 5  step  300/800  loss 4.4033e-03  (1.7 samples/s)
23:49:22 | INFO  |   epoch 5  step  320/800  loss 5.5418e-03  (1.7 samples/s)
23:49:47 | INFO  |   epoch 5  step  340/800  loss 5.3274e-03  (1.7 samples/s)
23:50:12 | INFO  |   epoch 5  step  360/800  loss 2.3635e-03  (1.7 samples/s)
23:50:37 | INFO  |   epoch 5  step  380/800  loss 1.1564e-02  (1.7 samples/s)
23:51:01 | INFO  |   epoch 5  step  400/800  loss 3.3147e-03  (1.7 samples/s)
23:51:26 | INFO  |   epoch 5  step  420/800  loss 4.4708e-03  (1.7 samples/s)
23:51:51 | INFO  |   epoch 5  step  440/800  loss 1.2541e-02  (1.7 samples/s)
23:52:15 | INFO  |   epoch 5  step  460/800  loss 4.1521e-03  (1.7 samples/s)
23:52:38 | INFO  |   epoch 5  step  480/800  loss 9.1848e-03  (1.7 samples/s)
23:53:00 | INFO  |   epoch 5  step  500/800  loss 6.7469e-03  (1.7 samples/s)
23:53:23 | INFO  |   epoch 5  step  520/800  loss 4.6685e-03  (1.7 samples/s)
23:53:46 | INFO  |   epoch 5  step  540/800  loss 6.9168e-03  (1.7 samples/s)
23:54:09 | INFO  |   epoch 5  step  560/800  loss 1.1862e-02  (1.7 samples/s)
23:54:31 | INFO  |   epoch 5  step  580/800  loss 4.4239e-03  (1.7 samples/s)
23:54:54 | INFO  |   epoch 5  step  600/800  loss 6.2826e-03  (1.7 samples/s)
23:55:17 | INFO  |   epoch 5  step  620/800  loss 3.8989e-03  (1.7 samples/s)
23:55:40 | INFO  |   epoch 5  step  640/800  loss 3.6260e-03  (1.7 samples/s)
23:56:03 | INFO  |   epoch 5  step  660/800  loss 1.0754e-02  (1.7 samples/s)
23:56:26 | INFO  |   epoch 5  step  680/800  loss 5.3012e-03  (1.7 samples/s)
23:56:49 | INFO  |   epoch 5  step  700/800  loss 4.2251e-03  (1.7 samples/s)
23:57:11 | INFO  |   epoch 5  step  720/800  loss 2.6804e-03  (1.7 samples/s)
23:57:34 | INFO  |   epoch 5  step  740/800  loss 4.9559e-03  (1.7 samples/s)
23:57:57 | INFO  |   epoch 5  step  760/800  loss 2.0177e-03  (1.7 samples/s)
23:58:20 | INFO  |   epoch 5  step  780/800  loss 3.2316e-03  (1.7 samples/s)
23:58:43 | INFO  |   epoch 5  step  800/800  loss 3.0296e-03  (1.7 samples/s)
23:59:33 | INFO  | epoch 5  train 6.4064e-03  val 4.8954e-03  per_slot_mse 6.7365e-05  flux_rel_err 34.635  [best]  (985.8s)
23:59:33 | INFO  | === epoch 6/30  lr=9.33e-04 ===
23:59:58 | INFO  |   epoch 6  step   20/800  loss 9.4173e-03  (1.6 samples/s)
00:00:21 | INFO  |   epoch 6  step   40/800  loss 6.1726e-03  (1.7 samples/s)
00:00:43 | INFO  |   epoch 6  step   60/800  loss 3.8831e-03  (1.7 samples/s)
00:01:06 | INFO  |   epoch 6  step   80/800  loss 2.9458e-03  (1.7 samples/s)
00:01:29 | INFO  |   epoch 6  step  100/800  loss 9.1362e-03  (1.7 samples/s)
00:01:52 | INFO  |   epoch 6  step  120/800  loss 6.8494e-03  (1.7 samples/s)
00:02:14 | INFO  |   epoch 6  step  140/800  loss 9.2935e-03  (1.7 samples/s)
00:02:37 | INFO  |   epoch 6  step  160/800  loss 6.7001e-03  (1.7 samples/s)
00:03:00 | INFO  |   epoch 6  step  180/800  loss 2.9309e-03  (1.7 samples/s)
00:03:23 | INFO  |   epoch 6  step  200/800  loss 4.3882e-03  (1.7 samples/s)
00:03:46 | INFO  |   epoch 6  step  220/800  loss 5.1882e-03  (1.7 samples/s)
00:04:09 | INFO  |   epoch 6  step  240/800  loss 2.9598e-03  (1.7 samples/s)
00:04:32 | INFO  |   epoch 6  step  260/800  loss 2.0400e-03  (1.7 samples/s)
00:04:55 | INFO  |   epoch 6  step  280/800  loss 2.6635e-03  (1.7 samples/s)
00:05:17 | INFO  |   epoch 6  step  300/800  loss 5.5058e-03  (1.7 samples/s)
00:05:40 | INFO  |   epoch 6  step  320/800  loss 3.7139e-03  (1.7 samples/s)
00:06:03 | INFO  |   epoch 6  step  340/800  loss 4.3075e-03  (1.7 samples/s)
00:06:26 | INFO  |   epoch 6  step  360/800  loss 2.3587e-03  (1.7 samples/s)
00:06:48 | INFO  |   epoch 6  step  380/800  loss 3.0684e-03  (1.7 samples/s)
00:07:11 | INFO  |   epoch 6  step  400/800  loss 3.3206e-03  (1.7 samples/s)
00:07:34 | INFO  |   epoch 6  step  420/800  loss 4.8939e-03  (1.7 samples/s)
00:07:56 | INFO  |   epoch 6  step  440/800  loss 3.1655e-03  (1.7 samples/s)
00:08:19 | INFO  |   epoch 6  step  460/800  loss 7.4009e-03  (1.7 samples/s)
00:08:42 | INFO  |   epoch 6  step  480/800  loss 2.9862e-03  (1.7 samples/s)
00:09:04 | INFO  |   epoch 6  step  500/800  loss 4.9456e-03  (1.7 samples/s)
00:09:27 | INFO  |   epoch 6  step  520/800  loss 3.1129e-03  (1.7 samples/s)
00:09:50 | INFO  |   epoch 6  step  540/800  loss 3.5341e-03  (1.8 samples/s)
00:10:12 | INFO  |   epoch 6  step  560/800  loss 1.7906e-03  (1.8 samples/s)
00:10:35 | INFO  |   epoch 6  step  580/800  loss 2.3413e-03  (1.8 samples/s)
00:10:58 | INFO  |   epoch 6  step  600/800  loss 1.3013e-03  (1.8 samples/s)
00:11:21 | INFO  |   epoch 6  step  620/800  loss 4.8068e-03  (1.8 samples/s)
00:11:43 | INFO  |   epoch 6  step  640/800  loss 6.6888e-03  (1.8 samples/s)
00:12:06 | INFO  |   epoch 6  step  660/800  loss 2.6302e-03  (1.8 samples/s)
00:12:29 | INFO  |   epoch 6  step  680/800  loss 8.6117e-03  (1.8 samples/s)
00:12:51 | INFO  |   epoch 6  step  700/800  loss 4.2558e-03  (1.8 samples/s)
00:13:14 | INFO  |   epoch 6  step  720/800  loss 1.6431e-03  (1.8 samples/s)
00:13:37 | INFO  |   epoch 6  step  740/800  loss 5.2765e-03  (1.8 samples/s)
00:13:59 | INFO  |   epoch 6  step  760/800  loss 2.5302e-03  (1.8 samples/s)
00:14:22 | INFO  |   epoch 6  step  780/800  loss 3.1406e-03  (1.8 samples/s)
00:14:45 | INFO  |   epoch 6  step  800/800  loss 1.5935e-03  (1.8 samples/s)
00:15:33 | INFO  | epoch 6  train 4.1176e-03  val 3.2832e-03  per_slot_mse 4.7749e-05  flux_rel_err 26.764  [best]  (960.5s)
00:15:33 | INFO  | === epoch 7/30  lr=9.05e-04 ===
00:15:58 | INFO  |   epoch 7  step   20/800  loss 4.9319e-03  (1.6 samples/s)
00:16:20 | INFO  |   epoch 7  step   40/800  loss 2.1489e-03  (1.7 samples/s)
00:16:43 | INFO  |   epoch 7  step   60/800  loss 4.1617e-03  (1.7 samples/s)
00:17:06 | INFO  |   epoch 7  step   80/800  loss 4.6475e-03  (1.7 samples/s)
00:17:28 | INFO  |   epoch 7  step  100/800  loss 3.6840e-03  (1.7 samples/s)
00:17:51 | INFO  |   epoch 7  step  120/800  loss 4.6267e-03  (1.7 samples/s)
00:18:14 | INFO  |   epoch 7  step  140/800  loss 1.8510e-03  (1.7 samples/s)
00:18:36 | INFO  |   epoch 7  step  160/800  loss 3.9552e-03  (1.7 samples/s)
00:18:59 | INFO  |   epoch 7  step  180/800  loss 4.6706e-03  (1.7 samples/s)
00:20:21 | INFO  |   epoch 7  step  200/800  loss 3.5962e-03  (1.4 samples/s)
00:22:52 | INFO  |   epoch 7  step  220/800  loss 4.4996e-03  (1.0 samples/s)
00:25:21 | INFO  |   epoch 7  step  240/800  loss 1.8502e-03  (0.8 samples/s)
00:27:48 | INFO  |   epoch 7  step  260/800  loss 3.8789e-03  (0.7 samples/s)
00:30:10 | INFO  |   epoch 7  step  280/800  loss 4.1845e-03  (0.6 samples/s)
00:52:18 | INFO  |   epoch 7  step  300/800  loss 4.2932e-03  (0.3 samples/s)
00:52:41 | INFO  |   epoch 7  step  320/800  loss 2.5157e-03  (0.3 samples/s)
00:53:03 | INFO  |   epoch 7  step  340/800  loss 3.7877e-03  (0.3 samples/s)
00:53:26 | INFO  |   epoch 7  step  360/800  loss 3.3482e-03  (0.3 samples/s)
00:53:49 | INFO  |   epoch 7  step  380/800  loss 3.6582e-03  (0.3 samples/s)
00:54:13 | INFO  |   epoch 7  step  400/800  loss 2.0926e-03  (0.3 samples/s)
00:54:36 | INFO  |   epoch 7  step  420/800  loss 1.8455e-03  (0.4 samples/s)
00:54:59 | INFO  |   epoch 7  step  440/800  loss 3.5774e-03  (0.4 samples/s)
00:55:22 | INFO  |   epoch 7  step  460/800  loss 3.5545e-03  (0.4 samples/s)
00:55:46 | INFO  |   epoch 7  step  480/800  loss 2.9526e-03  (0.4 samples/s)
00:56:09 | INFO  |   epoch 7  step  500/800  loss 3.0299e-03  (0.4 samples/s)
00:56:32 | INFO  |   epoch 7  step  520/800  loss 1.2684e-03  (0.4 samples/s)
00:56:56 | INFO  |   epoch 7  step  540/800  loss 1.3329e-03  (0.4 samples/s)
00:57:18 | INFO  |   epoch 7  step  560/800  loss 3.7340e-03  (0.4 samples/s)
00:57:41 | INFO  |   epoch 7  step  580/800  loss 1.6694e-03  (0.5 samples/s)
00:58:03 | INFO  |   epoch 7  step  600/800  loss 3.3756e-03  (0.5 samples/s)
00:58:26 | INFO  |   epoch 7  step  620/800  loss 1.6094e-03  (0.5 samples/s)
00:58:49 | INFO  |   epoch 7  step  640/800  loss 2.2548e-03  (0.5 samples/s)
00:59:11 | INFO  |   epoch 7  step  660/800  loss 1.9160e-03  (0.5 samples/s)
00:59:34 | INFO  |   epoch 7  step  680/800  loss 5.0516e-03  (0.5 samples/s)
00:59:57 | INFO  |   epoch 7  step  700/800  loss 2.8024e-03  (0.5 samples/s)
01:00:19 | INFO  |   epoch 7  step  720/800  loss 2.8618e-03  (0.5 samples/s)
01:00:42 | INFO  |   epoch 7  step  740/800  loss 3.3145e-03  (0.5 samples/s)
01:01:05 | INFO  |   epoch 7  step  760/800  loss 1.4024e-03  (0.6 samples/s)
01:01:27 | INFO  |   epoch 7  step  780/800  loss 3.5460e-03  (0.6 samples/s)
01:01:50 | INFO  |   epoch 7  step  800/800  loss 1.9300e-03  (0.6 samples/s)
01:02:35 | INFO  | epoch 7  train 2.8831e-03  val 2.4005e-03  per_slot_mse 3.4643e-05  flux_rel_err 21.451  [best]  (2822.0s)
01:02:35 | INFO  | === epoch 8/30  lr=8.72e-04 ===
01:02:59 | INFO  |   epoch 8  step   20/800  loss 2.4240e-03  (1.7 samples/s)
01:03:22 | INFO  |   epoch 8  step   40/800  loss 2.8589e-03  (1.7 samples/s)
01:03:45 | INFO  |   epoch 8  step   60/800  loss 1.8509e-03  (1.7 samples/s)
01:04:08 | INFO  |   epoch 8  step   80/800  loss 1.3827e-03  (1.7 samples/s)
01:04:30 | INFO  |   epoch 8  step  100/800  loss 3.1273e-03  (1.7 samples/s)
01:04:53 | INFO  |   epoch 8  step  120/800  loss 2.9364e-03  (1.7 samples/s)
01:05:15 | INFO  |   epoch 8  step  140/800  loss 1.0014e-03  (1.7 samples/s)
01:05:38 | INFO  |   epoch 8  step  160/800  loss 3.0182e-03  (1.7 samples/s)
01:06:01 | INFO  |   epoch 8  step  180/800  loss 3.5445e-03  (1.8 samples/s)
01:06:24 | INFO  |   epoch 8  step  200/800  loss 2.5515e-03  (1.8 samples/s)
01:06:46 | INFO  |   epoch 8  step  220/800  loss 1.2440e-03  (1.8 samples/s)
01:07:09 | INFO  |   epoch 8  step  240/800  loss 1.0837e-03  (1.8 samples/s)
01:07:32 | INFO  |   epoch 8  step  260/800  loss 1.5638e-03  (1.8 samples/s)
01:07:54 | INFO  |   epoch 8  step  280/800  loss 2.4471e-03  (1.8 samples/s)
01:08:17 | INFO  |   epoch 8  step  300/800  loss 2.0176e-03  (1.8 samples/s)
01:08:40 | INFO  |   epoch 8  step  320/800  loss 1.7644e-03  (1.8 samples/s)
01:09:03 | INFO  |   epoch 8  step  340/800  loss 1.5257e-03  (1.8 samples/s)
01:09:25 | INFO  |   epoch 8  step  360/800  loss 2.0453e-03  (1.8 samples/s)
01:09:48 | INFO  |   epoch 8  step  380/800  loss 1.3628e-03  (1.8 samples/s)
01:10:11 | INFO  |   epoch 8  step  400/800  loss 1.2788e-03  (1.8 samples/s)
01:10:33 | INFO  |   epoch 8  step  420/800  loss 3.4032e-03  (1.8 samples/s)
01:10:56 | INFO  |   epoch 8  step  440/800  loss 3.1967e-03  (1.8 samples/s)
01:11:19 | INFO  |   epoch 8  step  460/800  loss 1.8531e-03  (1.8 samples/s)
01:11:41 | INFO  |   epoch 8  step  480/800  loss 8.6184e-04  (1.8 samples/s)
01:12:04 | INFO  |   epoch 8  step  500/800  loss 2.4408e-03  (1.8 samples/s)
01:12:27 | INFO  |   epoch 8  step  520/800  loss 2.6975e-03  (1.8 samples/s)
01:12:49 | INFO  |   epoch 8  step  540/800  loss 1.6238e-03  (1.8 samples/s)
01:13:12 | INFO  |   epoch 8  step  560/800  loss 1.5243e-03  (1.8 samples/s)
