14:23:08 | INFO  | Run dir: /Users/arnablahiry/repos/GalCubeCraft-SourceID/experiments/segment_v3/train
14:23:08 | INFO  | Config: {
  "data": "experiments/sep_v1/data",
  "out": "experiments/segment_v3/train",
  "epochs": 100,
  "batch_size": 2,
  "lr": 0.001,
  "base": 32,
  "embedding_dim": 8,
  "threshold_frac": 0.05,
  "coord_conv": true,
  "augment": false,
  "delta_v": 0.5,
  "delta_d": 2.0,
  "alpha": 1.0,
  "beta": 1.0,
  "gamma": 0.001,
  "num_workers": 2,
  "val_fraction": 0.1,
  "test_fraction": 0.1,
  "device": null,
  "log_every": 20,
  "seed": 0,
  "eval_every": 1,
  "eval_bandwidth": 1.5,
  "eval_min_cluster_flux_frac": 0.05,
  "eval_min_cluster_voxels": 50,
  "eval_n_samples": 8
}
14:23:08 | INFO  | Device: mps
14:23:09 | INFO  | Loaded 2000 cubes  max_n_gals=5
14:23:09 | INFO  | Split: train=1600  val=200  test=200
14:23:09 | INFO  | Model: EmbeddingUNet3D(in_ch=4, D=8, base=32)  | 5603944 params
14:23:10 | INFO  | === epoch 1/100  lr=1.00e-03 ===
14:24:06 | INFO  |   epoch 1  step   20/800  loss 2.6452e+00  (0.7 samples/s)
14:25:01 | INFO  |   epoch 1  step   40/800  loss 1.6435e+00  (0.7 samples/s)
14:25:55 | INFO  |   epoch 1  step   60/800  loss 5.5778e-01  (0.7 samples/s)
14:26:51 | INFO  |   epoch 1  step   80/800  loss 7.1863e-01  (0.7 samples/s)
14:27:46 | INFO  |   epoch 1  step  100/800  loss 2.5707e+00  (0.7 samples/s)
14:28:45 | INFO  |   epoch 1  step  120/800  loss 1.0562e+00  (0.7 samples/s)
14:29:47 | INFO  |   epoch 1  step  140/800  loss 4.6905e-01  (0.7 samples/s)
14:30:52 | INFO  |   epoch 1  step  160/800  loss 2.9203e+00  (0.7 samples/s)
14:31:58 | INFO  |   epoch 1  step  180/800  loss 1.4010e+00  (0.7 samples/s)
14:33:14 | INFO  |   epoch 1  step  200/800  loss 2.4104e+00  (0.7 samples/s)
14:34:21 | INFO  |   epoch 1  step  220/800  loss 2.1181e-01  (0.7 samples/s)
14:35:35 | INFO  |   epoch 1  step  240/800  loss 1.2767e+00  (0.6 samples/s)
14:36:39 | INFO  |   epoch 1  step  260/800  loss 2.5757e+00  (0.6 samples/s)
14:37:27 | INFO  |   epoch 1  step  280/800  loss 1.0912e+00  (0.7 samples/s)
14:38:20 | INFO  |   epoch 1  step  300/800  loss 2.2292e+00  (0.7 samples/s)
14:39:18 | INFO  |   epoch 1  step  320/800  loss 4.4988e-01  (0.7 samples/s)
14:40:17 | INFO  |   epoch 1  step  340/800  loss 1.6703e+00  (0.7 samples/s)
14:41:12 | INFO  |   epoch 1  step  360/800  loss 3.7304e-01  (0.7 samples/s)
14:42:09 | INFO  |   epoch 1  step  380/800  loss 1.2361e+00  (0.7 samples/s)
14:43:01 | INFO  |   epoch 1  step  400/800  loss 1.6489e+00  (0.7 samples/s)
14:43:55 | INFO  |   epoch 1  step  420/800  loss 1.1542e+00  (0.7 samples/s)
14:44:48 | INFO  |   epoch 1  step  440/800  loss 1.4899e+00  (0.7 samples/s)
14:45:39 | INFO  |   epoch 1  step  460/800  loss 1.6499e+00  (0.7 samples/s)
14:46:33 | INFO  |   epoch 1  step  480/800  loss 2.6900e-01  (0.7 samples/s)
14:47:28 | INFO  |   epoch 1  step  500/800  loss 1.1129e+00  (0.7 samples/s)
14:48:24 | INFO  |   epoch 1  step  520/800  loss 7.1793e-01  (0.7 samples/s)
14:51:39 | INFO  |   epoch 1  step  540/800  loss 1.3897e+00  (0.6 samples/s)
14:59:15 | INFO  |   epoch 1  step  560/800  loss 7.2865e-01  (0.5 samples/s)
15:05:55 | INFO  |   epoch 1  step  580/800  loss 1.0900e+00  (0.5 samples/s)
15:07:32 | INFO  |   epoch 1  step  600/800  loss 6.0505e-01  (0.5 samples/s)
15:09:04 | INFO  |   epoch 1  step  620/800  loss 1.1073e+00  (0.5 samples/s)
15:10:36 | INFO  |   epoch 1  step  640/800  loss 2.6456e-01  (0.4 samples/s)
15:12:07 | INFO  |   epoch 1  step  660/800  loss 4.2687e-01  (0.4 samples/s)
15:13:42 | INFO  |   epoch 1  step  680/800  loss 1.1583e+00  (0.4 samples/s)
15:15:10 | INFO  |   epoch 1  step  700/800  loss 8.0008e-01  (0.4 samples/s)
15:16:45 | INFO  |   epoch 1  step  720/800  loss 4.9221e-01  (0.4 samples/s)
15:18:20 | INFO  |   epoch 1  step  740/800  loss 6.2209e-01  (0.4 samples/s)
15:19:43 | INFO  |   epoch 1  step  760/800  loss 1.0546e+00  (0.4 samples/s)
15:21:26 | INFO  |   epoch 1  step  780/800  loss 1.4596e+00  (0.4 samples/s)
15:22:47 | INFO  |   epoch 1  step  800/800  loss 2.7760e-01  (0.4 samples/s)
15:25:27 | INFO  | epoch 1  train 1.1660e+00  val 9.8971e-01  intra 0.819  inter 4.206  [best] (3736.8s)
15:25:27 | INFO  |   spawned per-epoch eval+analyse → eval/epoch_1 (pid 83530)
15:25:27 | INFO  | === epoch 2/100  lr=1.00e-03 ===
15:27:26 | INFO  |   epoch 2  step   20/800  loss 1.9153e+00  (0.3 samples/s)
15:29:29 | INFO  |   epoch 2  step   40/800  loss 3.2341e+00  (0.3 samples/s)
15:31:31 | INFO  |   epoch 2  step   60/800  loss 1.5240e+00  (0.3 samples/s)
15:33:32 | INFO  |   epoch 2  step   80/800  loss 3.2358e-01  (0.3 samples/s)
15:35:28 | INFO  |   epoch 2  step  100/800  loss 5.3623e-01  (0.3 samples/s)
15:37:18 | INFO  |   epoch 2  step  120/800  loss 6.5696e-01  (0.3 samples/s)
15:39:03 | INFO  |   epoch 2  step  140/800  loss 6.1918e-01  (0.3 samples/s)
15:40:08 | INFO  |   epoch 2  step  160/800  loss 1.4235e-01  (0.4 samples/s)
15:41:09 | INFO  |   epoch 2  step  180/800  loss 6.6684e-01  (0.4 samples/s)
15:42:07 | INFO  |   epoch 2  step  200/800  loss 1.0149e+00  (0.4 samples/s)
15:42:54 | INFO  |   epoch 2  step  220/800  loss 6.8937e-01  (0.4 samples/s)
15:43:40 | INFO  |   epoch 2  step  240/800  loss 2.5452e+00  (0.4 samples/s)
15:44:26 | INFO  |   epoch 2  step  260/800  loss 3.3132e-01  (0.5 samples/s)
15:49:49 | INFO  |   epoch 2  step  280/800  loss 5.1488e-01  (0.4 samples/s)
15:56:15 | INFO  |   epoch 2  step  300/800  loss 2.2044e-01  (0.3 samples/s)
16:01:09 | INFO  |   epoch 2  step  320/800  loss 8.7891e-01  (0.3 samples/s)
16:01:58 | INFO  |   epoch 2  step  340/800  loss 6.9336e-01  (0.3 samples/s)
16:02:45 | INFO  |   epoch 2  step  360/800  loss 8.7368e-01  (0.3 samples/s)
16:03:31 | INFO  |   epoch 2  step  380/800  loss 7.3402e-01  (0.3 samples/s)
16:04:17 | INFO  |   epoch 2  step  400/800  loss 2.1192e-01  (0.3 samples/s)
16:05:03 | INFO  |   epoch 2  step  420/800  loss 1.7127e-01  (0.4 samples/s)
16:05:49 | INFO  |   epoch 2  step  440/800  loss 6.5169e-01  (0.4 samples/s)
16:06:34 | INFO  |   epoch 2  step  460/800  loss 1.0028e+00  (0.4 samples/s)
16:07:19 | INFO  |   epoch 2  step  480/800  loss 8.3906e-01  (0.4 samples/s)
16:08:05 | INFO  |   epoch 2  step  500/800  loss 6.1503e-01  (0.4 samples/s)
16:08:50 | INFO  |   epoch 2  step  520/800  loss 1.1355e+00  (0.4 samples/s)
16:09:36 | INFO  |   epoch 2  step  540/800  loss 1.3437e+00  (0.4 samples/s)
16:10:21 | INFO  |   epoch 2  step  560/800  loss 8.5168e-01  (0.4 samples/s)
16:11:07 | INFO  |   epoch 2  step  580/800  loss 3.7008e-01  (0.4 samples/s)
16:11:53 | INFO  |   epoch 2  step  600/800  loss 8.6150e-01  (0.4 samples/s)
16:12:40 | INFO  |   epoch 2  step  620/800  loss 1.3780e+00  (0.4 samples/s)
16:13:26 | INFO  |   epoch 2  step  640/800  loss 4.1192e-01  (0.4 samples/s)
16:14:13 | INFO  |   epoch 2  step  660/800  loss 3.9163e-01  (0.5 samples/s)
16:14:57 | INFO  |   epoch 2  step  680/800  loss 3.0374e-01  (0.5 samples/s)
16:15:43 | INFO  |   epoch 2  step  700/800  loss 5.9742e-01  (0.5 samples/s)
16:16:30 | INFO  |   epoch 2  step  720/800  loss 4.0733e-01  (0.5 samples/s)
16:17:16 | INFO  |   epoch 2  step  740/800  loss 1.8723e-01  (0.5 samples/s)
16:18:02 | INFO  |   epoch 2  step  760/800  loss 1.6517e+00  (0.5 samples/s)
16:18:49 | INFO  |   epoch 2  step  780/800  loss 2.0219e+00  (0.5 samples/s)
16:19:35 | INFO  |   epoch 2  step  800/800  loss 8.8426e-01  (0.5 samples/s)
16:21:04 | INFO  | epoch 2  train 9.1619e-01  val 9.1907e-01  intra 0.847  inter 4.634  [best] (3336.4s)
16:21:04 | INFO  |   spawned per-epoch eval+analyse → eval/epoch_2 (pid 86207)
16:21:04 | INFO  | === epoch 3/100  lr=9.99e-04 ===
16:21:54 | INFO  |   epoch 3  step   20/800  loss 7.7701e-01  (0.8 samples/s)
16:22:41 | INFO  |   epoch 3  step   40/800  loss 1.4341e+00  (0.8 samples/s)
16:23:29 | INFO  |   epoch 3  step   60/800  loss 6.0328e-02  (0.8 samples/s)
16:24:21 | INFO  |   epoch 3  step   80/800  loss 6.9721e-01  (0.8 samples/s)
16:25:15 | INFO  |   epoch 3  step  100/800  loss 1.7930e-01  (0.8 samples/s)
16:26:05 | INFO  |   epoch 3  step  120/800  loss 1.4755e+00  (0.8 samples/s)
16:26:56 | INFO  |   epoch 3  step  140/800  loss 1.7079e+00  (0.8 samples/s)
16:27:44 | INFO  |   epoch 3  step  160/800  loss 7.8744e-01  (0.8 samples/s)
16:28:32 | INFO  |   epoch 3  step  180/800  loss 4.5527e-01  (0.8 samples/s)
16:29:20 | INFO  |   epoch 3  step  200/800  loss 1.6820e+00  (0.8 samples/s)
16:30:09 | INFO  |   epoch 3  step  220/800  loss 6.8475e-01  (0.8 samples/s)
16:30:57 | INFO  |   epoch 3  step  240/800  loss 2.4425e-01  (0.8 samples/s)
16:31:46 | INFO  |   epoch 3  step  260/800  loss 1.6700e+00  (0.8 samples/s)
16:32:37 | INFO  |   epoch 3  step  280/800  loss 4.8298e-01  (0.8 samples/s)
16:33:25 | INFO  |   epoch 3  step  300/800  loss 6.0117e+00  (0.8 samples/s)
16:34:10 | INFO  |   epoch 3  step  320/800  loss 1.4187e+00  (0.8 samples/s)
16:34:56 | INFO  |   epoch 3  step  340/800  loss 3.9422e-01  (0.8 samples/s)
16:35:41 | INFO  |   epoch 3  step  360/800  loss 6.8839e-01  (0.8 samples/s)
16:36:27 | INFO  |   epoch 3  step  380/800  loss 3.0399e-01  (0.8 samples/s)
16:37:13 | INFO  |   epoch 3  step  400/800  loss 3.3711e-01  (0.8 samples/s)
16:37:57 | INFO  |   epoch 3  step  420/800  loss 5.5453e-01  (0.8 samples/s)
16:38:40 | INFO  |   epoch 3  step  440/800  loss 3.3427e-01  (0.8 samples/s)
16:39:24 | INFO  |   epoch 3  step  460/800  loss 1.1455e+00  (0.8 samples/s)
16:40:10 | INFO  |   epoch 3  step  480/800  loss 2.7196e+00  (0.8 samples/s)
16:40:57 | INFO  |   epoch 3  step  500/800  loss 3.9465e+00  (0.8 samples/s)
16:41:42 | INFO  |   epoch 3  step  520/800  loss 2.0479e-01  (0.8 samples/s)
16:42:26 | INFO  |   epoch 3  step  540/800  loss 8.4406e-01  (0.8 samples/s)
16:43:11 | INFO  |   epoch 3  step  560/800  loss 1.1323e+00  (0.8 samples/s)
16:43:55 | INFO  |   epoch 3  step  580/800  loss 5.7552e-01  (0.8 samples/s)
16:44:41 | INFO  |   epoch 3  step  600/800  loss 1.3523e-01  (0.8 samples/s)
16:45:27 | INFO  |   epoch 3  step  620/800  loss 5.0715e-01  (0.8 samples/s)
16:46:14 | INFO  |   epoch 3  step  640/800  loss 8.7305e-01  (0.8 samples/s)
16:47:00 | INFO  |   epoch 3  step  660/800  loss 1.2020e+00  (0.8 samples/s)
16:47:45 | INFO  |   epoch 3  step  680/800  loss 1.2904e+00  (0.8 samples/s)
16:48:29 | INFO  |   epoch 3  step  700/800  loss 1.7316e-01  (0.9 samples/s)
16:49:14 | INFO  |   epoch 3  step  720/800  loss 1.3876e+00  (0.9 samples/s)
16:49:59 | INFO  |   epoch 3  step  740/800  loss 1.1837e-01  (0.9 samples/s)
16:50:44 | INFO  |   epoch 3  step  760/800  loss 1.2499e+00  (0.9 samples/s)
16:51:28 | INFO  |   epoch 3  step  780/800  loss 9.6448e-01  (0.9 samples/s)
16:52:13 | INFO  |   epoch 3  step  800/800  loss 5.3222e-01  (0.9 samples/s)
16:53:44 | INFO  | epoch 3  train 8.4187e-01  val 1.0067e+00  intra 0.745  inter 3.911         (1959.7s)
16:53:44 | INFO  |   spawned per-epoch eval+analyse → eval/epoch_3 (pid 90795)
16:53:44 | INFO  | === epoch 4/100  lr=9.98e-04 ===
16:54:37 | INFO  |   epoch 4  step   20/800  loss 2.2394e+00  (0.8 samples/s)
16:55:25 | INFO  |   epoch 4  step   40/800  loss 6.7367e-01  (0.8 samples/s)
16:56:14 | INFO  |   epoch 4  step   60/800  loss 5.7957e-01  (0.8 samples/s)
16:57:01 | INFO  |   epoch 4  step   80/800  loss 2.9972e-01  (0.8 samples/s)
16:57:55 | INFO  |   epoch 4  step  100/800  loss 6.3314e-01  (0.8 samples/s)
16:58:46 | INFO  |   epoch 4  step  120/800  loss 6.6406e-01  (0.8 samples/s)
16:59:38 | INFO  |   epoch 4  step  140/800  loss 8.3417e-02  (0.8 samples/s)
17:00:29 | INFO  |   epoch 4  step  160/800  loss 1.0577e+00  (0.8 samples/s)
17:01:22 | INFO  |   epoch 4  step  180/800  loss 3.4890e-01  (0.8 samples/s)
17:02:13 | INFO  |   epoch 4  step  200/800  loss 1.4406e-01  (0.8 samples/s)
17:03:04 | INFO  |   epoch 4  step  220/800  loss 5.9965e-01  (0.8 samples/s)
17:03:55 | INFO  |   epoch 4  step  240/800  loss 1.3896e-01  (0.8 samples/s)
17:04:47 | INFO  |   epoch 4  step  260/800  loss 7.1569e-01  (0.8 samples/s)
17:05:39 | INFO  |   epoch 4  step  280/800  loss 9.0664e-02  (0.8 samples/s)
17:06:33 | INFO  |   epoch 4  step  300/800  loss 1.0333e+00  (0.8 samples/s)
17:07:25 | INFO  |   epoch 4  step  320/800  loss 5.7264e-01  (0.8 samples/s)
17:08:13 | INFO  |   epoch 4  step  340/800  loss 4.6994e-01  (0.8 samples/s)
17:08:59 | INFO  |   epoch 4  step  360/800  loss 1.6957e-01  (0.8 samples/s)
17:09:45 | INFO  |   epoch 4  step  380/800  loss 1.2406e+00  (0.8 samples/s)
17:10:33 | INFO  |   epoch 4  step  400/800  loss 2.4801e-01  (0.8 samples/s)
17:11:18 | INFO  |   epoch 4  step  420/800  loss 6.5102e-01  (0.8 samples/s)
17:12:05 | INFO  |   epoch 4  step  440/800  loss 5.7856e-01  (0.8 samples/s)
17:12:51 | INFO  |   epoch 4  step  460/800  loss 1.3287e+00  (0.8 samples/s)
17:13:36 | INFO  |   epoch 4  step  480/800  loss 4.0707e-01  (0.8 samples/s)
17:14:22 | INFO  |   epoch 4  step  500/800  loss 1.1192e+00  (0.8 samples/s)
17:15:07 | INFO  |   epoch 4  step  520/800  loss 7.9647e-01  (0.8 samples/s)
17:15:53 | INFO  |   epoch 4  step  540/800  loss 9.4224e-01  (0.8 samples/s)
17:16:40 | INFO  |   epoch 4  step  560/800  loss 2.5065e-01  (0.8 samples/s)
17:17:26 | INFO  |   epoch 4  step  580/800  loss 1.1464e+00  (0.8 samples/s)
17:18:12 | INFO  |   epoch 4  step  600/800  loss 2.4724e-01  (0.8 samples/s)
17:18:58 | INFO  |   epoch 4  step  620/800  loss 1.5170e-01  (0.8 samples/s)
17:19:45 | INFO  |   epoch 4  step  640/800  loss 2.4501e-01  (0.8 samples/s)
17:20:31 | INFO  |   epoch 4  step  660/800  loss 3.4440e-01  (0.8 samples/s)
17:21:16 | INFO  |   epoch 4  step  680/800  loss 8.5278e-01  (0.8 samples/s)
17:22:02 | INFO  |   epoch 4  step  700/800  loss 1.7434e+00  (0.8 samples/s)
17:22:48 | INFO  |   epoch 4  step  720/800  loss 4.7530e-01  (0.8 samples/s)
17:23:36 | INFO  |   epoch 4  step  740/800  loss 5.6443e-01  (0.8 samples/s)
17:24:21 | INFO  |   epoch 4  step  760/800  loss 9.0162e-02  (0.8 samples/s)
17:25:07 | INFO  |   epoch 4  step  780/800  loss 3.0198e-01  (0.8 samples/s)
17:25:53 | INFO  |   epoch 4  step  800/800  loss 5.9593e-01  (0.8 samples/s)
17:27:25 | INFO  | epoch 4  train 7.8640e-01  val 8.1811e-01  intra 0.693  inter 3.916  [best] (2020.9s)
17:27:25 | INFO  |   spawned per-epoch eval+analyse → eval/epoch_4 (pid 97112)
17:27:25 | INFO  | === epoch 5/100  lr=9.96e-04 ===
17:28:17 | INFO  |   epoch 5  step   20/800  loss 4.1012e-01  (0.8 samples/s)
17:29:09 | INFO  |   epoch 5  step   40/800  loss 1.3980e+00  (0.8 samples/s)
17:30:02 | INFO  |   epoch 5  step   60/800  loss 9.4689e-02  (0.8 samples/s)
17:30:57 | INFO  |   epoch 5  step   80/800  loss 3.7618e-01  (0.8 samples/s)
17:31:51 | INFO  |   epoch 5  step  100/800  loss 3.2874e-01  (0.8 samples/s)
17:32:45 | INFO  |   epoch 5  step  120/800  loss 5.4314e-01  (0.8 samples/s)
17:33:38 | INFO  |   epoch 5  step  140/800  loss 5.5876e-01  (0.8 samples/s)
17:34:32 | INFO  |   epoch 5  step  160/800  loss 2.0099e+00  (0.7 samples/s)
17:35:23 | INFO  |   epoch 5  step  180/800  loss 1.0739e+00  (0.8 samples/s)
17:36:15 | INFO  |   epoch 5  step  200/800  loss 2.0910e-01  (0.8 samples/s)
17:37:13 | INFO  |   epoch 5  step  220/800  loss 9.0351e-01  (0.7 samples/s)
17:38:09 | INFO  |   epoch 5  step  240/800  loss 1.6509e+00  (0.7 samples/s)
17:39:01 | INFO  |   epoch 5  step  260/800  loss 7.8437e-01  (0.7 samples/s)
17:39:53 | INFO  |   epoch 5  step  280/800  loss 2.7585e-01  (0.7 samples/s)
17:40:46 | INFO  |   epoch 5  step  300/800  loss 1.0257e+00  (0.7 samples/s)
17:41:42 | INFO  |   epoch 5  step  320/800  loss 5.9231e-01  (0.7 samples/s)
17:42:30 | INFO  |   epoch 5  step  340/800  loss 1.3983e-01  (0.8 samples/s)
17:43:18 | INFO  |   epoch 5  step  360/800  loss 7.9813e-02  (0.8 samples/s)
17:44:05 | INFO  |   epoch 5  step  380/800  loss 6.5375e-01  (0.8 samples/s)
17:44:53 | INFO  |   epoch 5  step  400/800  loss 3.2677e-01  (0.8 samples/s)
17:45:40 | INFO  |   epoch 5  step  420/800  loss 6.9588e-01  (0.8 samples/s)
17:46:28 | INFO  |   epoch 5  step  440/800  loss 9.7065e-01  (0.8 samples/s)
17:47:15 | INFO  |   epoch 5  step  460/800  loss 7.4663e-01  (0.8 samples/s)
17:48:02 | INFO  |   epoch 5  step  480/800  loss 1.8679e+00  (0.8 samples/s)
17:48:47 | INFO  |   epoch 5  step  500/800  loss 5.8944e-01  (0.8 samples/s)
17:49:34 | INFO  |   epoch 5  step  520/800  loss 1.0605e+00  (0.8 samples/s)
17:50:20 | INFO  |   epoch 5  step  540/800  loss 3.0214e-01  (0.8 samples/s)
17:51:07 | INFO  |   epoch 5  step  560/800  loss 2.3015e+00  (0.8 samples/s)
17:51:54 | INFO  |   epoch 5  step  580/800  loss 1.0642e+00  (0.8 samples/s)
17:52:40 | INFO  |   epoch 5  step  600/800  loss 1.4696e+00  (0.8 samples/s)
17:53:28 | INFO  |   epoch 5  step  620/800  loss 2.0614e+00  (0.8 samples/s)
17:54:16 | INFO  |   epoch 5  step  640/800  loss 9.5381e-01  (0.8 samples/s)
17:55:04 | INFO  |   epoch 5  step  660/800  loss 1.1911e+00  (0.8 samples/s)
17:55:51 | INFO  |   epoch 5  step  680/800  loss 5.4260e-01  (0.8 samples/s)
17:56:38 | INFO  |   epoch 5  step  700/800  loss 1.3199e-01  (0.8 samples/s)
17:57:25 | INFO  |   epoch 5  step  720/800  loss 1.3350e-01  (0.8 samples/s)
17:58:11 | INFO  |   epoch 5  step  740/800  loss 5.6420e-01  (0.8 samples/s)
17:58:59 | INFO  |   epoch 5  step  760/800  loss 1.6173e-01  (0.8 samples/s)
17:59:46 | INFO  |   epoch 5  step  780/800  loss 3.7849e-01  (0.8 samples/s)
18:00:33 | INFO  |   epoch 5  step  800/800  loss 3.6877e-01  (0.8 samples/s)
