11:12:15 | INFO  | Run directory: /mnt/home/alahiry/repos/IFU-Source-ID/experiments/separation_v4/train
11:12:15 | INFO  | Config: {
  "data": "data/all_cubes",
  "n_cubes": 10000,
  "out": "experiments/separation_v4/train",
  "epochs": 1000,
  "batch_size": 40,
  "lr": 0.001,
  "base": 16,
  "model": "mask",
  "cross_weight": 0.0,
  "fg_weight": 1.0,
  "fg_threshold": 0.05,
  "center_sigma": 1.5,
  "bias_scale": 30.0,
  "entropy_weight": 0.1,
  "patience": 100,
  "num_workers": 4,
  "val_fraction": 0.1,
  "test_fraction": 0.1,
  "device": "cuda:1",
  "log_every": 20,
  "seed": 0
}
11:12:16 | INFO  | Device: cuda:1
11:12:16 | INFO  | Scanning dataset at data/all_cubes
11:12:18 | INFO  | Loaded 10000 cubes.  max_n_gals inferred = 5
11:12:18 | INFO  | Split: train=8000  val=1000  test=1000
11:12:18 | INFO  | Wrote split index lists to /mnt/home/alahiry/repos/IFU-Source-ID/experiments/separation_v4/train/splits.json
11:12:19 | INFO  | Model: MaskedSeparationUNet3D(galaxy_slots=5 + 1 diffuse, base=16, entropy_weight=0.10)
11:12:19 | INFO  | Loss: mask  | 1401350 trainable params
11:12:20 | INFO  | === epoch 1/1000  lr=1.00e-03 ===
11:12:46 | INFO  |   epoch 1  step   20/200  loss 1.1294e-01  (30.1 samples/s)
11:13:08 | INFO  |   epoch 1  step   40/200  loss 9.2292e-02  (32.9 samples/s)
11:13:30 | INFO  |   epoch 1  step   60/200  loss 7.7205e-02  (34.0 samples/s)
11:13:52 | INFO  |   epoch 1  step   80/200  loss 5.4336e-02  (34.7 samples/s)
11:14:14 | INFO  |   epoch 1  step  100/200  loss 3.8698e-02  (35.1 samples/s)
11:14:35 | INFO  |   epoch 1  step  120/200  loss 2.6327e-02  (35.4 samples/s)
11:14:57 | INFO  |   epoch 1  step  140/200  loss 1.8887e-02  (35.5 samples/s)
11:15:19 | INFO  |   epoch 1  step  160/200  loss 1.3170e-02  (35.7 samples/s)
11:15:41 | INFO  |   epoch 1  step  180/200  loss 1.1437e-02  (35.8 samples/s)
11:16:03 | INFO  |   epoch 1  step  200/200  loss 9.2793e-03  (35.8 samples/s)
11:16:33 | INFO  | epoch 1  train 5.1590e-02  val 9.0869e-03  per_slot_mse 1.4776e-05  flux_rel_err 1.685  [best]  (253.0s)
11:16:33 | INFO  | === epoch 2/1000  lr=1.00e-03 ===
11:16:58 | INFO  |   epoch 2  step   20/200  loss 7.6247e-03  (31.1 samples/s)
11:17:21 | INFO  |   epoch 2  step   40/200  loss 6.0642e-03  (33.5 samples/s)
11:17:43 | INFO  |   epoch 2  step   60/200  loss 6.4000e-03  (34.3 samples/s)
11:18:05 | INFO  |   epoch 2  step   80/200  loss 5.2372e-03  (34.7 samples/s)
11:18:27 | INFO  |   epoch 2  step  100/200  loss 4.4298e-03  (35.1 samples/s)
11:18:49 | INFO  |   epoch 2  step  120/200  loss 4.6721e-03  (35.2 samples/s)
11:19:11 | INFO  |   epoch 2  step  140/200  loss 3.8022e-03  (35.3 samples/s)
11:19:33 | INFO  |   epoch 2  step  160/200  loss 3.4930e-03  (35.5 samples/s)
11:19:54 | INFO  |   epoch 2  step  180/200  loss 3.5191e-03  (35.7 samples/s)
11:20:16 | INFO  |   epoch 2  step  200/200  loss 3.0522e-03  (35.9 samples/s)
11:20:44 | INFO  | epoch 2  train 5.0740e-03  val 3.1570e-03  per_slot_mse 1.5065e-05  flux_rel_err 1.748  [best]  (251.3s)
11:20:44 | INFO  | === epoch 3/1000  lr=1.00e-03 ===
11:21:10 | INFO  |   epoch 3  step   20/200  loss 2.9701e-03  (31.4 samples/s)
11:21:31 | INFO  |   epoch 3  step   40/200  loss 2.6946e-03  (34.1 samples/s)
11:21:53 | INFO  |   epoch 3  step   60/200  loss 2.8540e-03  (34.9 samples/s)
11:22:14 | INFO  |   epoch 3  step   80/200  loss 2.2637e-03  (35.4 samples/s)
11:22:36 | INFO  |   epoch 3  step  100/200  loss 2.5403e-03  (35.9 samples/s)
11:22:57 | INFO  |   epoch 3  step  120/200  loss 2.5219e-03  (36.2 samples/s)
11:23:18 | INFO  |   epoch 3  step  140/200  loss 2.3748e-03  (36.4 samples/s)
11:23:39 | INFO  |   epoch 3  step  160/200  loss 2.2951e-03  (36.7 samples/s)
11:24:00 | INFO  |   epoch 3  step  180/200  loss 2.3407e-03  (36.8 samples/s)
11:24:21 | INFO  |   epoch 3  step  200/200  loss 2.1209e-03  (36.9 samples/s)
11:24:49 | INFO  | epoch 3  train 2.5107e-03  val 2.1067e-03  per_slot_mse 1.6395e-05  flux_rel_err 1.791  [best]  (244.5s)
11:24:49 | INFO  | === epoch 4/1000  lr=1.00e-03 ===
11:25:13 | INFO  |   epoch 4  step   20/200  loss 2.2819e-03  (32.6 samples/s)
11:25:35 | INFO  |   epoch 4  step   40/200  loss 2.0112e-03  (34.8 samples/s)
11:25:56 | INFO  |   epoch 4  step   60/200  loss 2.3348e-03  (35.7 samples/s)
11:26:17 | INFO  |   epoch 4  step   80/200  loss 2.1175e-03  (36.3 samples/s)
11:26:38 | INFO  |   epoch 4  step  100/200  loss 1.7814e-03  (36.7 samples/s)
11:26:59 | INFO  |   epoch 4  step  120/200  loss 1.8263e-03  (36.9 samples/s)
11:27:20 | INFO  |   epoch 4  step  140/200  loss 1.8589e-03  (37.1 samples/s)
11:27:41 | INFO  |   epoch 4  step  160/200  loss 1.6515e-03  (37.2 samples/s)
11:28:02 | INFO  |   epoch 4  step  180/200  loss 1.6075e-03  (37.3 samples/s)
11:28:23 | INFO  |   epoch 4  step  200/200  loss 1.9495e-03  (37.4 samples/s)
11:28:51 | INFO  | epoch 4  train 1.8706e-03  val 1.7100e-03  per_slot_mse 1.5127e-05  flux_rel_err 1.765  [best]  (242.0s)
11:28:51 | INFO  | === epoch 5/1000  lr=1.00e-03 ===
11:29:16 | INFO  |   epoch 5  step   20/200  loss 1.7613e-03  (31.7 samples/s)
11:29:37 | INFO  |   epoch 5  step   40/200  loss 1.8039e-03  (34.5 samples/s)
11:29:58 | INFO  |   epoch 5  step   60/200  loss 1.3893e-03  (35.4 samples/s)
11:30:20 | INFO  |   epoch 5  step   80/200  loss 1.5902e-03  (35.8 samples/s)
11:30:41 | INFO  |   epoch 5  step  100/200  loss 1.6420e-03  (36.2 samples/s)
11:31:02 | INFO  |   epoch 5  step  120/200  loss 1.4875e-03  (36.5 samples/s)
11:31:24 | INFO  |   epoch 5  step  140/200  loss 1.4883e-03  (36.6 samples/s)
11:31:45 | INFO  |   epoch 5  step  160/200  loss 1.5018e-03  (36.7 samples/s)
11:32:06 | INFO  |   epoch 5  step  180/200  loss 1.4717e-03  (36.8 samples/s)
11:32:27 | INFO  |   epoch 5  step  200/200  loss 1.6834e-03  (36.9 samples/s)
11:32:56 | INFO  | epoch 5  train 1.6000e-03  val 1.5271e-03  per_slot_mse 1.5684e-05  flux_rel_err 1.797  [best]  (245.4s)
11:32:56 | INFO  | === epoch 6/1000  lr=1.00e-03 ===
11:33:21 | INFO  |   epoch 6  step   20/200  loss 1.5560e-03  (32.1 samples/s)
11:33:42 | INFO  |   epoch 6  step   40/200  loss 1.5426e-03  (34.5 samples/s)
11:34:03 | INFO  |   epoch 6  step   60/200  loss 1.5552e-03  (35.6 samples/s)
11:34:25 | INFO  |   epoch 6  step   80/200  loss 1.5124e-03  (36.1 samples/s)
11:34:46 | INFO  |   epoch 6  step  100/200  loss 1.5385e-03  (36.4 samples/s)
11:35:07 | INFO  |   epoch 6  step  120/200  loss 1.3236e-03  (36.7 samples/s)
11:35:28 | INFO  |   epoch 6  step  140/200  loss 1.5216e-03  (37.0 samples/s)
11:35:48 | INFO  |   epoch 6  step  160/200  loss 1.2807e-03  (37.2 samples/s)
11:36:09 | INFO  |   epoch 6  step  180/200  loss 1.2664e-03  (37.3 samples/s)
11:36:30 | INFO  |   epoch 6  step  200/200  loss 1.4270e-03  (37.5 samples/s)
11:36:56 | INFO  | epoch 6  train 1.4560e-03  val 1.4435e-03  per_slot_mse 1.6940e-05  flux_rel_err 1.821  [best]  (239.6s)
11:36:56 | INFO  | === epoch 7/1000  lr=1.00e-03 ===
11:37:21 | INFO  |   epoch 7  step   20/200  loss 1.3036e-03  (31.7 samples/s)
11:37:42 | INFO  |   epoch 7  step   40/200  loss 1.2399e-03  (34.8 samples/s)
11:38:03 | INFO  |   epoch 7  step   60/200  loss 1.3137e-03  (35.9 samples/s)
11:38:23 | INFO  |   epoch 7  step   80/200  loss 1.3873e-03  (36.5 samples/s)
11:38:44 | INFO  |   epoch 7  step  100/200  loss 1.3303e-03  (37.0 samples/s)
11:39:05 | INFO  |   epoch 7  step  120/200  loss 1.2550e-03  (37.2 samples/s)
11:39:26 | INFO  |   epoch 7  step  140/200  loss 1.4897e-03  (37.4 samples/s)
11:39:47 | INFO  |   epoch 7  step  160/200  loss 1.3451e-03  (37.3 samples/s)
11:40:08 | INFO  |   epoch 7  step  180/200  loss 1.4929e-03  (37.4 samples/s)
11:40:29 | INFO  |   epoch 7  step  200/200  loss 1.4409e-03  (37.5 samples/s)
11:40:54 | INFO  | epoch 7  train 1.3661e-03  val 1.3466e-03  per_slot_mse 1.5009e-05  flux_rel_err 1.801  [best]  (238.1s)
11:40:54 | INFO  | === epoch 8/1000  lr=1.00e-03 ===
11:41:18 | INFO  |   epoch 8  step   20/200  loss 1.5572e-03  (32.6 samples/s)
11:41:39 | INFO  |   epoch 8  step   40/200  loss 1.3730e-03  (35.4 samples/s)
11:42:00 | INFO  |   epoch 8  step   60/200  loss 1.3587e-03  (36.4 samples/s)
11:42:20 | INFO  |   epoch 8  step   80/200  loss 1.4610e-03  (37.0 samples/s)
11:42:41 | INFO  |   epoch 8  step  100/200  loss 1.1949e-03  (37.3 samples/s)
11:43:02 | INFO  |   epoch 8  step  120/200  loss 1.1568e-03  (37.5 samples/s)
11:43:22 | INFO  |   epoch 8  step  140/200  loss 1.1364e-03  (37.8 samples/s)
11:43:43 | INFO  |   epoch 8  step  160/200  loss 1.1951e-03  (37.9 samples/s)
11:44:04 | INFO  |   epoch 8  step  180/200  loss 1.1649e-03  (37.8 samples/s)
11:44:26 | INFO  |   epoch 8  step  200/200  loss 1.4600e-03  (37.6 samples/s)
11:44:57 | INFO  | epoch 8  train 1.3119e-03  val 1.3008e-03  per_slot_mse 1.5149e-05  flux_rel_err 1.796  [best]  (242.9s)
11:44:57 | INFO  | === epoch 9/1000  lr=1.00e-03 ===
11:45:24 | INFO  |   epoch 9  step   20/200  loss 1.2355e-03  (29.1 samples/s)
11:45:47 | INFO  |   epoch 9  step   40/200  loss 1.1714e-03  (31.7 samples/s)
11:46:10 | INFO  |   epoch 9  step   60/200  loss 1.3673e-03  (32.8 samples/s)
11:46:32 | INFO  |   epoch 9  step   80/200  loss 1.4662e-03  (33.6 samples/s)
11:46:53 | INFO  |   epoch 9  step  100/200  loss 1.3381e-03  (34.4 samples/s)
11:47:15 | INFO  |   epoch 9  step  120/200  loss 1.2315e-03  (34.7 samples/s)
11:47:37 | INFO  |   epoch 9  step  140/200  loss 1.3073e-03  (34.9 samples/s)
11:48:00 | INFO  |   epoch 9  step  160/200  loss 1.1886e-03  (35.0 samples/s)
11:48:22 | INFO  |   epoch 9  step  180/200  loss 1.2326e-03  (35.1 samples/s)
11:48:44 | INFO  |   epoch 9  step  200/200  loss 1.2017e-03  (35.2 samples/s)
11:49:18 | INFO  | epoch 9  train 1.2729e-03  val 1.2697e-03  per_slot_mse 1.5154e-05  flux_rel_err 1.803  [best]  (261.5s)
11:49:18 | INFO  | === epoch 10/1000  lr=1.00e-03 ===
11:49:52 | INFO  |   epoch 10  step   20/200  loss 9.8779e-04  (23.5 samples/s)
11:50:18 | INFO  |   epoch 10  step   40/200  loss 1.3793e-03  (26.7 samples/s)
11:50:46 | INFO  |   epoch 10  step   60/200  loss 1.3416e-03  (27.5 samples/s)
11:51:11 | INFO  |   epoch 10  step   80/200  loss 1.1373e-03  (28.3 samples/s)
11:51:37 | INFO  |   epoch 10  step  100/200  loss 1.1734e-03  (28.7 samples/s)
11:52:03 | INFO  |   epoch 10  step  120/200  loss 1.2066e-03  (29.1 samples/s)
11:52:29 | INFO  |   epoch 10  step  140/200  loss 1.2806e-03  (29.4 samples/s)
11:52:53 | INFO  |   epoch 10  step  160/200  loss 1.2936e-03  (29.8 samples/s)
11:53:20 | INFO  |   epoch 10  step  180/200  loss 1.3588e-03  (29.7 samples/s)
11:53:47 | INFO  |   epoch 10  step  200/200  loss 1.0907e-03  (29.7 samples/s)
11:54:28 | INFO  | epoch 10  train 1.2484e-03  val 1.2535e-03  per_slot_mse 1.4902e-05  flux_rel_err 1.783  [best]  (309.9s)
11:54:28 | INFO  | === epoch 11/1000  lr=1.00e-03 ===
11:55:01 | INFO  |   epoch 11  step   20/200  loss 1.2434e-03  (24.3 samples/s)
11:55:27 | INFO  |   epoch 11  step   40/200  loss 1.3206e-03  (27.1 samples/s)
11:55:49 | INFO  |   epoch 11  step   60/200  loss 1.1931e-03  (29.7 samples/s)
11:56:11 | INFO  |   epoch 11  step   80/200  loss 1.1237e-03  (31.2 samples/s)
11:56:33 | INFO  |   epoch 11  step  100/200  loss 1.3454e-03  (32.1 samples/s)
11:56:54 | INFO  |   epoch 11  step  120/200  loss 1.1179e-03  (32.9 samples/s)
11:57:17 | INFO  |   epoch 11  step  140/200  loss 1.1570e-03  (33.2 samples/s)
11:57:39 | INFO  |   epoch 11  step  160/200  loss 1.1360e-03  (33.5 samples/s)
11:58:01 | INFO  |   epoch 11  step  180/200  loss 1.1933e-03  (33.9 samples/s)
11:58:22 | INFO  |   epoch 11  step  200/200  loss 1.1433e-03  (34.2 samples/s)
11:58:52 | INFO  | epoch 11  train 1.2252e-03  val 1.2291e-03  per_slot_mse 1.5356e-05  flux_rel_err 1.806  [best]  (263.3s)
11:58:52 | INFO  | === epoch 12/1000  lr=1.00e-03 ===
11:59:17 | INFO  |   epoch 12  step   20/200  loss 1.0888e-03  (31.0 samples/s)
11:59:39 | INFO  |   epoch 12  step   40/200  loss 1.2435e-03  (33.7 samples/s)
12:00:01 | INFO  |   epoch 12  step   60/200  loss 1.1517e-03  (34.6 samples/s)
12:00:23 | INFO  |   epoch 12  step   80/200  loss 1.0144e-03  (35.0 samples/s)
12:00:45 | INFO  |   epoch 12  step  100/200  loss 1.3103e-03  (35.1 samples/s)
12:01:07 | INFO  |   epoch 12  step  120/200  loss 1.0465e-03  (35.4 samples/s)
12:01:29 | INFO  |   epoch 12  step  140/200  loss 1.1105e-03  (35.5 samples/s)
12:01:52 | INFO  |   epoch 12  step  160/200  loss 1.0047e-03  (35.4 samples/s)
12:02:15 | INFO  |   epoch 12  step  180/200  loss 1.2838e-03  (35.5 samples/s)
12:02:37 | INFO  |   epoch 12  step  200/200  loss 1.2258e-03  (35.6 samples/s)
12:03:08 | INFO  | epoch 12  train 1.2091e-03  val 1.2139e-03  per_slot_mse 1.4648e-05  flux_rel_err 1.789  [best]  (256.3s)
12:03:08 | INFO  | === epoch 13/1000  lr=1.00e-03 ===
12:03:34 | INFO  |   epoch 13  step   20/200  loss 1.1316e-03  (30.3 samples/s)
12:03:57 | INFO  |   epoch 13  step   40/200  loss 1.1233e-03  (32.9 samples/s)
12:04:19 | INFO  |   epoch 13  step   60/200  loss 1.2885e-03  (33.9 samples/s)
12:04:41 | INFO  |   epoch 13  step   80/200  loss 1.3849e-03  (34.4 samples/s)
12:05:04 | INFO  |   epoch 13  step  100/200  loss 1.2226e-03  (34.6 samples/s)
12:05:25 | INFO  |   epoch 13  step  120/200  loss 1.2264e-03  (35.0 samples/s)
12:05:47 | INFO  |   epoch 13  step  140/200  loss 1.0751e-03  (35.2 samples/s)
12:06:09 | INFO  |   epoch 13  step  160/200  loss 1.0854e-03  (35.4 samples/s)
12:06:30 | INFO  |   epoch 13  step  180/200  loss 1.1646e-03  (35.6 samples/s)
12:06:51 | INFO  |   epoch 13  step  200/200  loss 1.0633e-03  (35.8 samples/s)
12:07:24 | INFO  | epoch 13  train 1.1966e-03  val 1.2055e-03  per_slot_mse 1.4167e-05  flux_rel_err 1.778  [best]  (255.6s)
12:07:24 | INFO  | === epoch 14/1000  lr=1.00e-03 ===
12:07:50 | INFO  |   epoch 14  step   20/200  loss 1.3632e-03  (30.2 samples/s)
12:08:13 | INFO  |   epoch 14  step   40/200  loss 1.0620e-03  (32.4 samples/s)
12:08:36 | INFO  |   epoch 14  step   60/200  loss 1.0472e-03  (33.2 samples/s)
12:08:58 | INFO  |   epoch 14  step   80/200  loss 1.1796e-03  (33.8 samples/s)
12:09:21 | INFO  |   epoch 14  step  100/200  loss 1.0757e-03  (34.1 samples/s)
12:09:43 | INFO  |   epoch 14  step  120/200  loss 1.3196e-03  (34.4 samples/s)
12:10:08 | INFO  |   epoch 14  step  140/200  loss 1.0813e-03  (34.1 samples/s)
12:10:33 | INFO  |   epoch 14  step  160/200  loss 1.2402e-03  (33.7 samples/s)
12:10:59 | INFO  |   epoch 14  step  180/200  loss 1.1126e-03  (33.4 samples/s)
12:11:28 | INFO  |   epoch 14  step  200/200  loss 1.0085e-03  (32.7 samples/s)
12:12:05 | INFO  | epoch 14  train 1.1883e-03  val 1.2075e-03  per_slot_mse 1.3613e-05  flux_rel_err 1.754  [no_improve=1]  (281.9s)
12:12:05 | INFO  | === epoch 15/1000  lr=1.00e-03 ===
12:12:40 | INFO  |   epoch 15  step   20/200  loss 1.0639e-03  (23.1 samples/s)
12:13:06 | INFO  |   epoch 15  step   40/200  loss 9.2979e-04  (26.2 samples/s)
12:13:36 | INFO  |   epoch 15  step   60/200  loss 1.4567e-03  (26.5 samples/s)
12:14:00 | INFO  |   epoch 15  step   80/200  loss 1.0612e-03  (28.0 samples/s)
12:14:21 | INFO  |   epoch 15  step  100/200  loss 1.2066e-03  (29.5 samples/s)
12:14:42 | INFO  |   epoch 15  step  120/200  loss 1.0919e-03  (30.6 samples/s)
12:15:04 | INFO  |   epoch 15  step  140/200  loss 1.0065e-03  (31.4 samples/s)
12:15:26 | INFO  |   epoch 15  step  160/200  loss 9.7800e-04  (32.0 samples/s)
12:15:47 | INFO  |   epoch 15  step  180/200  loss 1.2346e-03  (32.5 samples/s)
12:16:08 | INFO  |   epoch 15  step  200/200  loss 1.1116e-03  (33.0 samples/s)
12:16:37 | INFO  | epoch 15  train 1.1781e-03  val 1.1883e-03  per_slot_mse 1.5040e-05  flux_rel_err 1.803  [best]  (271.7s)
12:16:37 | INFO  | === epoch 16/1000  lr=9.99e-04 ===
12:17:02 | INFO  |   epoch 16  step   20/200  loss 1.1515e-03  (32.3 samples/s)
12:17:23 | INFO  |   epoch 16  step   40/200  loss 1.5399e-03  (34.9 samples/s)
12:17:44 | INFO  |   epoch 16  step   60/200  loss 1.2036e-03  (35.7 samples/s)
12:18:06 | INFO  |   epoch 16  step   80/200  loss 1.4936e-03  (36.0 samples/s)
12:18:28 | INFO  |   epoch 16  step  100/200  loss 1.0440e-03  (36.2 samples/s)
12:18:50 | INFO  |   epoch 16  step  120/200  loss 1.0849e-03  (36.2 samples/s)
12:19:13 | INFO  |   epoch 16  step  140/200  loss 1.2148e-03  (36.0 samples/s)
12:19:34 | INFO  |   epoch 16  step  160/200  loss 1.0678e-03  (36.1 samples/s)
12:19:57 | INFO  |   epoch 16  step  180/200  loss 1.0511e-03  (36.1 samples/s)
12:20:18 | INFO  |   epoch 16  step  200/200  loss 1.0352e-03  (36.2 samples/s)
12:20:47 | INFO  | epoch 16  train 1.1725e-03  val 1.1810e-03  per_slot_mse 1.4991e-05  flux_rel_err 1.790  [best]  (249.9s)
12:20:47 | INFO  | === epoch 17/1000  lr=9.99e-04 ===
12:21:12 | INFO  |   epoch 17  step   20/200  loss 1.1542e-03  (31.7 samples/s)
12:21:33 | INFO  |   epoch 17  step   40/200  loss 1.1573e-03  (34.6 samples/s)
12:21:55 | INFO  |   epoch 17  step   60/200  loss 9.8890e-04  (35.2 samples/s)
12:22:16 | INFO  |   epoch 17  step   80/200  loss 1.1081e-03  (35.8 samples/s)
12:22:38 | INFO  |   epoch 17  step  100/200  loss 1.3069e-03  (36.1 samples/s)
12:22:59 | INFO  |   epoch 17  step  120/200  loss 1.0373e-03  (36.4 samples/s)
12:23:20 | INFO  |   epoch 17  step  140/200  loss 1.1154e-03  (36.5 samples/s)
12:23:42 | INFO  |   epoch 17  step  160/200  loss 9.3747e-04  (36.7 samples/s)
12:24:03 | INFO  |   epoch 17  step  180/200  loss 1.0888e-03  (36.8 samples/s)
12:24:24 | INFO  |   epoch 17  step  200/200  loss 1.1760e-03  (36.9 samples/s)
12:24:51 | INFO  | epoch 17  train 1.1634e-03  val 1.1718e-03  per_slot_mse 1.4457e-05  flux_rel_err 1.786  [best]  (243.4s)
12:24:51 | INFO  | === epoch 18/1000  lr=9.99e-04 ===
12:25:15 | INFO  |   epoch 18  step   20/200  loss 1.2144e-03  (32.1 samples/s)
12:25:37 | INFO  |   epoch 18  step   40/200  loss 1.2658e-03  (34.4 samples/s)
12:25:59 | INFO  |   epoch 18  step   60/200  loss 9.6568e-04  (35.1 samples/s)
12:26:20 | INFO  |   epoch 18  step   80/200  loss 9.9088e-04  (35.7 samples/s)
12:26:42 | INFO  |   epoch 18  step  100/200  loss 1.1750e-03  (36.0 samples/s)
12:27:03 | INFO  |   epoch 18  step  120/200  loss 1.0127e-03  (36.2 samples/s)
12:27:24 | INFO  |   epoch 18  step  140/200  loss 1.1700e-03  (36.5 samples/s)
12:27:45 | INFO  |   epoch 18  step  160/200  loss 1.0842e-03  (36.6 samples/s)
12:28:07 | INFO  |   epoch 18  step  180/200  loss 1.1699e-03  (36.7 samples/s)
12:28:29 | INFO  |   epoch 18  step  200/200  loss 1.1068e-03  (36.7 samples/s)
12:28:57 | INFO  | epoch 18  train 1.1559e-03  val 1.1684e-03  per_slot_mse 1.4743e-05  flux_rel_err 1.785  [best]  (246.2s)
12:28:57 | INFO  | === epoch 19/1000  lr=9.99e-04 ===
12:29:22 | INFO  |   epoch 19  step   20/200  loss 1.0562e-03  (31.7 samples/s)
12:29:44 | INFO  |   epoch 19  step   40/200  loss 1.1130e-03  (34.1 samples/s)
12:30:05 | INFO  |   epoch 19  step   60/200  loss 1.2672e-03  (34.9 samples/s)
12:30:27 | INFO  |   epoch 19  step   80/200  loss 1.1867e-03  (35.5 samples/s)
12:30:49 | INFO  |   epoch 19  step  100/200  loss 1.1551e-03  (35.7 samples/s)
12:31:11 | INFO  |   epoch 19  step  120/200  loss 1.2429e-03  (35.8 samples/s)
12:31:32 | INFO  |   epoch 19  step  140/200  loss 1.0809e-03  (36.0 samples/s)
12:31:54 | INFO  |   epoch 19  step  160/200  loss 1.4132e-03  (36.1 samples/s)
12:32:16 | INFO  |   epoch 19  step  180/200  loss 1.1286e-03  (36.2 samples/s)
12:32:37 | INFO  |   epoch 19  step  200/200  loss 1.0911e-03  (36.3 samples/s)
12:33:06 | INFO  | epoch 19  train 1.1511e-03  val 1.1696e-03  per_slot_mse 1.4181e-05  flux_rel_err 1.787  [no_improve=1]  (249.2s)
12:33:06 | INFO  | === epoch 20/1000  lr=9.99e-04 ===
12:33:33 | INFO  |   epoch 20  step   20/200  loss 9.0909e-04  (30.0 samples/s)
12:33:55 | INFO  |   epoch 20  step   40/200  loss 1.0504e-03  (32.9 samples/s)
12:34:17 | INFO  |   epoch 20  step   60/200  loss 1.2131e-03  (34.0 samples/s)
12:34:38 | INFO  |   epoch 20  step   80/200  loss 1.1555e-03  (34.6 samples/s)
12:35:00 | INFO  |   epoch 20  step  100/200  loss 1.1642e-03  (34.9 samples/s)
12:35:22 | INFO  |   epoch 20  step  120/200  loss 1.1348e-03  (35.2 samples/s)
12:35:44 | INFO  |   epoch 20  step  140/200  loss 9.2846e-04  (35.4 samples/s)
12:36:06 | INFO  |   epoch 20  step  160/200  loss 1.1868e-03  (35.5 samples/s)
12:36:27 | INFO  |   epoch 20  step  180/200  loss 1.1677e-03  (35.7 samples/s)
12:36:49 | INFO  |   epoch 20  step  200/200  loss 1.2138e-03  (35.8 samples/s)
12:37:20 | INFO  | epoch 20  train 1.1460e-03  val 1.1574e-03  per_slot_mse 1.4806e-05  flux_rel_err 1.789  [best]  (254.3s)
12:37:20 | INFO  | === epoch 21/1000  lr=9.99e-04 ===
12:37:46 | INFO  |   epoch 21  step   20/200  loss 1.1850e-03  (30.7 samples/s)
12:38:09 | INFO  |   epoch 21  step   40/200  loss 1.0841e-03  (33.2 samples/s)
12:38:31 | INFO  |   epoch 21  step   60/200  loss 1.2029e-03  (34.2 samples/s)
12:38:53 | INFO  |   epoch 21  step   80/200  loss 1.1457e-03  (34.6 samples/s)
12:39:15 | INFO  |   epoch 21  step  100/200  loss 1.0702e-03  (34.9 samples/s)
12:39:38 | INFO  |   epoch 21  step  120/200  loss 1.0812e-03  (34.9 samples/s)
12:40:00 | INFO  |   epoch 21  step  140/200  loss 1.0417e-03  (35.0 samples/s)
12:40:22 | INFO  |   epoch 21  step  160/200  loss 1.0019e-03  (35.1 samples/s)
12:40:45 | INFO  |   epoch 21  step  180/200  loss 1.0743e-03  (35.2 samples/s)
12:41:07 | INFO  |   epoch 21  step  200/200  loss 1.1812e-03  (35.3 samples/s)
12:41:34 | INFO  | epoch 21  train 1.1392e-03  val 1.1514e-03  per_slot_mse 1.4484e-05  flux_rel_err 1.793  [best]  (253.9s)
12:41:34 | INFO  | === epoch 22/1000  lr=9.99e-04 ===
12:42:01 | INFO  |   epoch 22  step   20/200  loss 1.0638e-03  (29.3 samples/s)
12:42:23 | INFO  |   epoch 22  step   40/200  loss 1.1658e-03  (32.6 samples/s)
12:42:45 | INFO  |   epoch 22  step   60/200  loss 1.1549e-03  (33.9 samples/s)
12:43:07 | INFO  |   epoch 22  step   80/200  loss 1.0007e-03  (34.4 samples/s)
12:43:29 | INFO  |   epoch 22  step  100/200  loss 1.0738e-03  (34.9 samples/s)
12:43:50 | INFO  |   epoch 22  step  120/200  loss 1.1704e-03  (35.3 samples/s)
12:44:11 | INFO  |   epoch 22  step  140/200  loss 1.1490e-03  (35.6 samples/s)
12:44:33 | INFO  |   epoch 22  step  160/200  loss 1.0850e-03  (35.8 samples/s)
12:44:54 | INFO  |   epoch 22  step  180/200  loss 1.1394e-03  (36.0 samples/s)
12:45:15 | INFO  |   epoch 22  step  200/200  loss 9.5871e-04  (36.2 samples/s)
12:45:45 | INFO  | epoch 22  train 1.1349e-03  val 1.1456e-03  per_slot_mse 1.4469e-05  flux_rel_err 1.790  [best]  (250.4s)
12:45:45 | INFO  | === epoch 23/1000  lr=9.99e-04 ===
12:46:10 | INFO  |   epoch 23  step   20/200  loss 1.1893e-03  (32.0 samples/s)
12:46:31 | INFO  |   epoch 23  step   40/200  loss 1.1728e-03  (34.7 samples/s)
12:46:52 | INFO  |   epoch 23  step   60/200  loss 1.2441e-03  (35.4 samples/s)
12:47:14 | INFO  |   epoch 23  step   80/200  loss 9.6969e-04  (35.8 samples/s)
12:47:35 | INFO  |   epoch 23  step  100/200  loss 1.2973e-03  (36.2 samples/s)
12:47:57 | INFO  |   epoch 23  step  120/200  loss 9.7505e-04  (36.4 samples/s)
12:48:18 | INFO  |   epoch 23  step  140/200  loss 1.1238e-03  (36.4 samples/s)
12:48:40 | INFO  |   epoch 23  step  160/200  loss 1.1254e-03  (36.5 samples/s)
12:49:01 | INFO  |   epoch 23  step  180/200  loss 1.2450e-03  (36.6 samples/s)
12:49:23 | INFO  |   epoch 23  step  200/200  loss 1.2098e-03  (36.7 samples/s)
12:49:49 | INFO  | epoch 23  train 1.1279e-03  val 1.1392e-03  per_slot_mse 1.4026e-05  flux_rel_err 1.775  [best]  (244.4s)
12:49:49 | INFO  | === epoch 24/1000  lr=9.99e-04 ===
12:50:16 | INFO  |   epoch 24  step   20/200  loss 1.4188e-03  (29.7 samples/s)
12:50:38 | INFO  |   epoch 24  step   40/200  loss 1.1139e-03  (32.8 samples/s)
12:50:59 | INFO  |   epoch 24  step   60/200  loss 1.0898e-03  (34.3 samples/s)
12:51:21 | INFO  |   epoch 24  step   80/200  loss 1.1560e-03  (35.0 samples/s)
12:51:43 | INFO  |   epoch 24  step  100/200  loss 1.1222e-03  (35.2 samples/s)
12:52:05 | INFO  |   epoch 24  step  120/200  loss 1.2596e-03  (35.3 samples/s)
12:52:26 | INFO  |   epoch 24  step  140/200  loss 1.2403e-03  (35.6 samples/s)
12:52:47 | INFO  |   epoch 24  step  160/200  loss 1.0996e-03  (35.9 samples/s)
12:53:09 | INFO  |   epoch 24  step  180/200  loss 1.1731e-03  (36.0 samples/s)
12:53:31 | INFO  |   epoch 24  step  200/200  loss 1.1126e-03  (36.1 samples/s)
12:54:01 | INFO  | epoch 24  train 1.1239e-03  val 1.1371e-03  per_slot_mse 1.3392e-05  flux_rel_err 1.757  [best]  (252.1s)
12:54:01 | INFO  | === epoch 25/1000  lr=9.99e-04 ===
12:54:28 | INFO  |   epoch 25  step   20/200  loss 1.0752e-03  (29.9 samples/s)
12:54:49 | INFO  |   epoch 25  step   40/200  loss 1.0744e-03  (33.3 samples/s)
12:55:11 | INFO  |   epoch 25  step   60/200  loss 1.1498e-03  (34.2 samples/s)
12:55:35 | INFO  |   epoch 25  step   80/200  loss 1.0950e-03  (34.1 samples/s)
12:55:57 | INFO  |   epoch 25  step  100/200  loss 1.1384e-03  (34.5 samples/s)
12:56:19 | INFO  |   epoch 25  step  120/200  loss 1.0110e-03  (34.9 samples/s)
12:56:40 | INFO  |   epoch 25  step  140/200  loss 9.9837e-04  (35.2 samples/s)
12:57:02 | INFO  |   epoch 25  step  160/200  loss 1.4048e-03  (35.4 samples/s)
12:57:24 | INFO  |   epoch 25  step  180/200  loss 1.2948e-03  (35.6 samples/s)
12:57:46 | INFO  |   epoch 25  step  200/200  loss 8.7047e-04  (35.6 samples/s)
12:58:15 | INFO  | epoch 25  train 1.1167e-03  val 1.1291e-03  per_slot_mse 1.3257e-05  flux_rel_err 1.755  [best]  (253.7s)
12:58:15 | INFO  | === epoch 26/1000  lr=9.98e-04 ===
12:58:41 | INFO  |   epoch 26  step   20/200  loss 1.1135e-03  (30.6 samples/s)
12:59:03 | INFO  |   epoch 26  step   40/200  loss 1.2740e-03  (33.4 samples/s)
12:59:25 | INFO  |   epoch 26  step   60/200  loss 9.5595e-04  (34.4 samples/s)
12:59:46 | INFO  |   epoch 26  step   80/200  loss 7.1787e-04  (35.0 samples/s)
13:00:08 | INFO  |   epoch 26  step  100/200  loss 4.9163e-04  (35.5 samples/s)
13:00:29 | INFO  |   epoch 26  step  120/200  loss 4.0282e-04  (35.7 samples/s)
13:00:52 | INFO  |   epoch 26  step  140/200  loss 3.4420e-04  (35.5 samples/s)
13:01:14 | INFO  |   epoch 26  step  160/200  loss 3.3949e-04  (35.7 samples/s)
13:01:36 | INFO  |   epoch 26  step  180/200  loss 3.3877e-04  (35.8 samples/s)
13:01:57 | INFO  |   epoch 26  step  200/200  loss 2.8321e-04  (35.9 samples/s)
13:02:26 | INFO  | epoch 26  train 6.6335e-04  val 2.8829e-04  per_slot_mse 2.8178e-06  flux_rel_err 0.582  [best]  (251.6s)
13:02:26 | INFO  | === epoch 27/1000  lr=9.98e-04 ===
13:02:52 | INFO  |   epoch 27  step   20/200  loss 3.3620e-04  (31.0 samples/s)
13:03:14 | INFO  |   epoch 27  step   40/200  loss 2.7822e-04  (33.5 samples/s)
13:03:36 | INFO  |   epoch 27  step   60/200  loss 2.4592e-04  (34.6 samples/s)
13:03:58 | INFO  |   epoch 27  step   80/200  loss 2.9531e-04  (35.0 samples/s)
13:04:21 | INFO  |   epoch 27  step  100/200  loss 2.8403e-04  (35.0 samples/s)
13:04:43 | INFO  |   epoch 27  step  120/200  loss 2.3684e-04  (35.2 samples/s)
13:05:04 | INFO  |   epoch 27  step  140/200  loss 2.6308e-04  (35.4 samples/s)
13:05:26 | INFO  |   epoch 27  step  160/200  loss 2.3047e-04  (35.6 samples/s)
13:05:48 | INFO  |   epoch 27  step  180/200  loss 2.4224e-04  (35.7 samples/s)
13:06:11 | INFO  |   epoch 27  step  200/200  loss 2.2042e-04  (35.7 samples/s)
13:06:42 | INFO  | epoch 27  train 2.5735e-04  val 2.1710e-04  per_slot_mse 2.3615e-06  flux_rel_err 0.436  [best]  (255.1s)
13:06:42 | INFO  | === epoch 28/1000  lr=9.98e-04 ===
13:07:07 | INFO  |   epoch 28  step   20/200  loss 2.2079e-04  (31.5 samples/s)
13:07:29 | INFO  |   epoch 28  step   40/200  loss 1.9750e-04  (33.7 samples/s)
13:07:51 | INFO  |   epoch 28  step   60/200  loss 2.0794e-04  (34.5 samples/s)
13:08:13 | INFO  |   epoch 28  step   80/200  loss 2.1238e-04  (34.9 samples/s)
13:08:35 | INFO  |   epoch 28  step  100/200  loss 2.0499e-04  (35.1 samples/s)
13:08:57 | INFO  |   epoch 28  step  120/200  loss 1.8167e-04  (35.5 samples/s)
13:09:19 | INFO  |   epoch 28  step  140/200  loss 2.0123e-04  (35.7 samples/s)
13:09:40 | INFO  |   epoch 28  step  160/200  loss 1.7933e-04  (35.8 samples/s)
13:10:01 | INFO  |   epoch 28  step  180/200  loss 2.2890e-04  (36.0 samples/s)
13:10:23 | INFO  |   epoch 28  step  200/200  loss 2.0087e-04  (36.2 samples/s)
13:10:56 | INFO  | epoch 28  train 2.1150e-04  val 1.9899e-04  per_slot_mse 2.2916e-06  flux_rel_err 0.344  [best]  (254.8s)
13:10:56 | INFO  | === epoch 29/1000  lr=9.98e-04 ===
13:11:23 | INFO  |   epoch 29  step   20/200  loss 2.4091e-04  (29.6 samples/s)
13:11:47 | INFO  |   epoch 29  step   40/200  loss 2.0631e-04  (31.5 samples/s)
13:12:10 | INFO  |   epoch 29  step   60/200  loss 2.0034e-04  (32.7 samples/s)
13:12:32 | INFO  |   epoch 29  step   80/200  loss 1.7055e-04  (33.5 samples/s)
13:12:56 | INFO  |   epoch 29  step  100/200  loss 2.2113e-04  (33.6 samples/s)
13:13:18 | INFO  |   epoch 29  step  120/200  loss 2.3045e-04  (33.9 samples/s)
13:13:40 | INFO  |   epoch 29  step  140/200  loss 1.8333e-04  (34.3 samples/s)
13:14:02 | INFO  |   epoch 29  step  160/200  loss 1.9536e-04  (34.6 samples/s)
13:14:23 | INFO  |   epoch 29  step  180/200  loss 1.8598e-04  (34.8 samples/s)
13:14:45 | INFO  |   epoch 29  step  200/200  loss 1.8174e-04  (35.0 samples/s)
13:15:13 | INFO  | epoch 29  train 1.9268e-04  val 1.8614e-04  per_slot_mse 2.2171e-06  flux_rel_err 0.306  [best]  (256.7s)
13:15:13 | INFO  | === epoch 30/1000  lr=9.98e-04 ===
13:15:39 | INFO  |   epoch 30  step   20/200  loss 1.8744e-04  (31.5 samples/s)
13:16:00 | INFO  |   epoch 30  step   40/200  loss 1.7177e-04  (34.5 samples/s)
13:16:21 | INFO  |   epoch 30  step   60/200  loss 1.8992e-04  (35.2 samples/s)
13:16:43 | INFO  |   epoch 30  step   80/200  loss 1.8664e-04  (35.6 samples/s)
13:17:05 | INFO  |   epoch 30  step  100/200  loss 1.8341e-04  (35.9 samples/s)
13:17:26 | INFO  |   epoch 30  step  120/200  loss 1.8285e-04  (36.0 samples/s)
13:17:47 | INFO  |   epoch 30  step  140/200  loss 1.7488e-04  (36.3 samples/s)
13:18:09 | INFO  |   epoch 30  step  160/200  loss 1.7569e-04  (36.5 samples/s)
13:18:30 | INFO  |   epoch 30  step  180/200  loss 1.8867e-04  (36.7 samples/s)
13:18:51 | INFO  |   epoch 30  step  200/200  loss 1.7985e-04  (36.7 samples/s)
13:19:19 | INFO  | epoch 30  train 1.8208e-04  val 1.7431e-04  per_slot_mse 2.0469e-06  flux_rel_err 0.326  [best]  (245.5s)
13:19:19 | INFO  | === epoch 31/1000  lr=9.98e-04 ===
13:19:44 | INFO  |   epoch 31  step   20/200  loss 2.0603e-04  (31.8 samples/s)
13:20:06 | INFO  |   epoch 31  step   40/200  loss 1.8773e-04  (34.1 samples/s)
13:20:27 | INFO  |   epoch 31  step   60/200  loss 1.6299e-04  (35.2 samples/s)
13:20:48 | INFO  |   epoch 31  step   80/200  loss 1.8324e-04  (35.7 samples/s)
13:21:10 | INFO  |   epoch 31  step  100/200  loss 1.8585e-04  (35.8 samples/s)
13:21:32 | INFO  |   epoch 31  step  120/200  loss 1.6765e-04  (36.1 samples/s)
13:21:53 | INFO  |   epoch 31  step  140/200  loss 1.7388e-04  (36.3 samples/s)
13:22:14 | INFO  |   epoch 31  step  160/200  loss 1.6916e-04  (36.5 samples/s)
13:22:35 | INFO  |   epoch 31  step  180/200  loss 1.5601e-04  (36.6 samples/s)
13:22:57 | INFO  |   epoch 31  step  200/200  loss 2.2882e-04  (36.7 samples/s)
13:23:25 | INFO  | epoch 31  train 1.7715e-04  val 1.8365e-04  per_slot_mse 1.8872e-06  flux_rel_err 0.225  [no_improve=1]  (246.2s)
13:23:25 | INFO  | === epoch 32/1000  lr=9.98e-04 ===
13:23:51 | INFO  |   epoch 32  step   20/200  loss 1.7415e-04  (31.0 samples/s)
13:24:12 | INFO  |   epoch 32  step   40/200  loss 1.8786e-04  (34.0 samples/s)
13:24:33 | INFO  |   epoch 32  step   60/200  loss 1.9678e-04  (35.2 samples/s)
13:24:54 | INFO  |   epoch 32  step   80/200  loss 1.8092e-04  (35.8 samples/s)
13:25:15 | INFO  |   epoch 32  step  100/200  loss 1.7384e-04  (36.2 samples/s)
13:25:37 | INFO  |   epoch 32  step  120/200  loss 1.5963e-04  (36.4 samples/s)
13:25:59 | INFO  |   epoch 32  step  140/200  loss 1.7602e-04  (36.4 samples/s)
13:26:20 | INFO  |   epoch 32  step  160/200  loss 1.7903e-04  (36.6 samples/s)
13:26:42 | INFO  |   epoch 32  step  180/200  loss 1.7532e-04  (36.5 samples/s)
13:27:03 | INFO  |   epoch 32  step  200/200  loss 1.8223e-04  (36.7 samples/s)
13:27:33 | INFO  | epoch 32  train 1.7453e-04  val 1.6826e-04  per_slot_mse 1.7705e-06  flux_rel_err 0.188  [best]  (248.2s)
13:27:33 | INFO  | === epoch 33/1000  lr=9.97e-04 ===
13:27:58 | INFO  |   epoch 33  step   20/200  loss 1.6882e-04  (31.6 samples/s)
13:28:20 | INFO  |   epoch 33  step   40/200  loss 1.5464e-04  (34.2 samples/s)
13:28:41 | INFO  |   epoch 33  step   60/200  loss 1.4777e-04  (35.3 samples/s)
13:29:02 | INFO  |   epoch 33  step   80/200  loss 1.6450e-04  (35.9 samples/s)
13:29:24 | INFO  |   epoch 33  step  100/200  loss 1.5939e-04  (36.2 samples/s)
13:29:45 | INFO  |   epoch 33  step  120/200  loss 1.5237e-04  (36.5 samples/s)
13:30:06 | INFO  |   epoch 33  step  140/200  loss 1.4532e-04  (36.7 samples/s)
13:30:28 | INFO  |   epoch 33  step  160/200  loss 1.8556e-04  (36.7 samples/s)
13:30:49 | INFO  |   epoch 33  step  180/200  loss 1.7890e-04  (36.8 samples/s)
13:31:10 | INFO  |   epoch 33  step  200/200  loss 1.5827e-04  (36.9 samples/s)
13:31:39 | INFO  | epoch 33  train 1.6937e-04  val 1.6094e-04  per_slot_mse 1.9632e-06  flux_rel_err 0.277  [best]  (245.5s)
13:31:39 | INFO  | === epoch 34/1000  lr=9.97e-04 ===
13:32:04 | INFO  |   epoch 34  step   20/200  loss 1.5928e-04  (31.2 samples/s)
13:32:26 | INFO  |   epoch 34  step   40/200  loss 1.7855e-04  (33.8 samples/s)
13:32:47 | INFO  |   epoch 34  step   60/200  loss 1.7815e-04  (34.9 samples/s)
13:33:09 | INFO  |   epoch 34  step   80/200  loss 1.8826e-04  (35.5 samples/s)
13:33:30 | INFO  |   epoch 34  step  100/200  loss 1.6827e-04  (35.8 samples/s)
13:33:52 | INFO  |   epoch 34  step  120/200  loss 1.8117e-04  (36.0 samples/s)
13:34:14 | INFO  |   epoch 34  step  140/200  loss 1.5427e-04  (36.1 samples/s)
13:34:35 | INFO  |   epoch 34  step  160/200  loss 1.5635e-04  (36.3 samples/s)
13:34:56 | INFO  |   epoch 34  step  180/200  loss 1.7006e-04  (36.4 samples/s)
13:35:17 | INFO  |   epoch 34  step  200/200  loss 1.6293e-04  (36.7 samples/s)
13:35:45 | INFO  | epoch 34  train 1.6809e-04  val 1.7214e-04  per_slot_mse 2.1879e-06  flux_rel_err 0.203  [no_improve=1]  (246.8s)
13:35:45 | INFO  | === epoch 35/1000  lr=9.97e-04 ===
13:36:11 | INFO  |   epoch 35  step   20/200  loss 1.7855e-04  (31.4 samples/s)
13:36:33 | INFO  |   epoch 35  step   40/200  loss 1.7170e-04  (34.0 samples/s)
13:36:54 | INFO  |   epoch 35  step   60/200  loss 1.6906e-04  (34.9 samples/s)
13:37:15 | INFO  |   epoch 35  step   80/200  loss 1.6249e-04  (35.6 samples/s)
13:37:37 | INFO  |   epoch 35  step  100/200  loss 1.5503e-04  (36.0 samples/s)
13:37:58 | INFO  |   epoch 35  step  120/200  loss 1.7916e-04  (36.2 samples/s)
13:38:20 | INFO  |   epoch 35  step  140/200  loss 1.6731e-04  (36.3 samples/s)
13:38:41 | INFO  |   epoch 35  step  160/200  loss 1.7933e-04  (36.4 samples/s)
13:39:02 | INFO  |   epoch 35  step  180/200  loss 1.6463e-04  (36.6 samples/s)
13:39:23 | INFO  |   epoch 35  step  200/200  loss 1.6509e-04  (36.7 samples/s)
13:39:50 | INFO  | epoch 35  train 1.6463e-04  val 1.5756e-04  per_slot_mse 1.8556e-06  flux_rel_err 0.178  [best]  (244.5s)
13:39:50 | INFO  | === epoch 36/1000  lr=9.97e-04 ===
13:40:15 | INFO  |   epoch 36  step   20/200  loss 1.5269e-04  (31.5 samples/s)
13:40:37 | INFO  |   epoch 36  step   40/200  loss 1.6203e-04  (34.0 samples/s)
13:40:59 | INFO  |   epoch 36  step   60/200  loss 1.6904e-04  (35.0 samples/s)
13:41:20 | INFO  |   epoch 36  step   80/200  loss 1.6110e-04  (35.7 samples/s)
13:41:41 | INFO  |   epoch 36  step  100/200  loss 1.9820e-04  (36.0 samples/s)
13:42:04 | INFO  |   epoch 36  step  120/200  loss 1.5864e-04  (35.9 samples/s)
13:42:26 | INFO  |   epoch 36  step  140/200  loss 1.6535e-04  (36.0 samples/s)
13:42:48 | INFO  |   epoch 36  step  160/200  loss 1.7103e-04  (35.9 samples/s)
13:43:10 | INFO  |   epoch 36  step  180/200  loss 1.7282e-04  (36.0 samples/s)
13:43:32 | INFO  |   epoch 36  step  200/200  loss 1.5578e-04  (36.0 samples/s)
13:44:00 | INFO  | epoch 36  train 1.6429e-04  val 1.6158e-04  per_slot_mse 2.0019e-06  flux_rel_err 0.250  [no_improve=1]  (249.8s)
13:44:00 | INFO  | === epoch 37/1000  lr=9.97e-04 ===
13:44:25 | INFO  |   epoch 37  step   20/200  loss 1.3832e-04  (31.6 samples/s)
13:44:46 | INFO  |   epoch 37  step   40/200  loss 1.7429e-04  (34.4 samples/s)
13:45:08 | INFO  |   epoch 37  step   60/200  loss 1.6110e-04  (35.4 samples/s)
13:45:29 | INFO  |   epoch 37  step   80/200  loss 1.3378e-04  (35.9 samples/s)
13:45:50 | INFO  |   epoch 37  step  100/200  loss 1.5369e-04  (36.2 samples/s)
13:46:12 | INFO  |   epoch 37  step  120/200  loss 1.6505e-04  (36.4 samples/s)
13:46:34 | INFO  |   epoch 37  step  140/200  loss 1.8684e-04  (36.4 samples/s)
13:46:55 | INFO  |   epoch 37  step  160/200  loss 1.8824e-04  (36.4 samples/s)
13:47:17 | INFO  |   epoch 37  step  180/200  loss 1.7296e-04  (36.5 samples/s)
13:47:39 | INFO  |   epoch 37  step  200/200  loss 1.6180e-04  (36.6 samples/s)
13:48:07 | INFO  | epoch 37  train 1.6638e-04  val 1.6314e-04  per_slot_mse 1.6740e-06  flux_rel_err 0.180  [no_improve=2]  (246.8s)
13:48:07 | INFO  | === epoch 38/1000  lr=9.97e-04 ===
13:48:32 | INFO  |   epoch 38  step   20/200  loss 1.5678e-04  (32.0 samples/s)
13:48:53 | INFO  |   epoch 38  step   40/200  loss 1.6897e-04  (34.1 samples/s)
13:49:15 | INFO  |   epoch 38  step   60/200  loss 1.5181e-04  (34.9 samples/s)
13:49:37 | INFO  |   epoch 38  step   80/200  loss 1.6562e-04  (35.5 samples/s)
13:49:58 | INFO  |   epoch 38  step  100/200  loss 1.8405e-04  (35.8 samples/s)
13:50:20 | INFO  |   epoch 38  step  120/200  loss 1.5867e-04  (36.0 samples/s)
13:50:41 | INFO  |   epoch 38  step  140/200  loss 1.6961e-04  (36.2 samples/s)
13:51:03 | INFO  |   epoch 38  step  160/200  loss 1.5018e-04  (36.2 samples/s)
13:51:26 | INFO  |   epoch 38  step  180/200  loss 1.5643e-04  (36.2 samples/s)
13:51:47 | INFO  |   epoch 38  step  200/200  loss 1.3099e-04  (36.2 samples/s)
13:52:17 | INFO  | epoch 38  train 1.6164e-04  val 1.5905e-04  per_slot_mse 1.7285e-06  flux_rel_err 0.213  [no_improve=3]  (250.2s)
13:52:17 | INFO  | === epoch 39/1000  lr=9.96e-04 ===
13:52:42 | INFO  |   epoch 39  step   20/200  loss 1.4979e-04  (31.2 samples/s)
13:53:04 | INFO  |   epoch 39  step   40/200  loss 1.8336e-04  (33.8 samples/s)
13:53:26 | INFO  |   epoch 39  step   60/200  loss 1.5826e-04  (34.8 samples/s)
13:53:48 | INFO  |   epoch 39  step   80/200  loss 1.6827e-04  (35.2 samples/s)
13:54:09 | INFO  |   epoch 39  step  100/200  loss 1.5479e-04  (35.5 samples/s)
13:54:31 | INFO  |   epoch 39  step  120/200  loss 1.6638e-04  (35.7 samples/s)
13:54:53 | INFO  |   epoch 39  step  140/200  loss 1.4211e-04  (35.9 samples/s)
13:55:14 | INFO  |   epoch 39  step  160/200  loss 1.5756e-04  (36.0 samples/s)
13:55:36 | INFO  |   epoch 39  step  180/200  loss 1.4653e-04  (36.2 samples/s)
13:55:57 | INFO  |   epoch 39  step  200/200  loss 1.5242e-04  (36.3 samples/s)
13:56:27 | INFO  | epoch 39  train 1.6010e-04  val 1.5722e-04  per_slot_mse 1.9537e-06  flux_rel_err 0.206  [best]  (250.6s)
13:56:27 | INFO  | === epoch 40/1000  lr=9.96e-04 ===
13:56:53 | INFO  |   epoch 40  step   20/200  loss 1.6152e-04  (31.0 samples/s)
13:57:15 | INFO  |   epoch 40  step   40/200  loss 1.7689e-04  (33.7 samples/s)
13:57:36 | INFO  |   epoch 40  step   60/200  loss 1.4839e-04  (34.8 samples/s)
13:57:58 | INFO  |   epoch 40  step   80/200  loss 1.9449e-04  (35.3 samples/s)
13:58:19 | INFO  |   epoch 40  step  100/200  loss 1.6081e-04  (35.7 samples/s)
13:58:41 | INFO  |   epoch 40  step  120/200  loss 1.5695e-04  (36.0 samples/s)
13:59:02 | INFO  |   epoch 40  step  140/200  loss 1.6272e-04  (36.2 samples/s)
13:59:23 | INFO  |   epoch 40  step  160/200  loss 1.7534e-04  (36.4 samples/s)
13:59:45 | INFO  |   epoch 40  step  180/200  loss 1.6884e-04  (36.5 samples/s)
14:00:06 | INFO  |   epoch 40  step  200/200  loss 1.4521e-04  (36.6 samples/s)
14:00:33 | INFO  | epoch 40  train 1.6507e-04  val 1.7666e-04  per_slot_mse 2.1679e-06  flux_rel_err 0.154  [no_improve=1]  (245.9s)
14:00:33 | INFO  | === epoch 41/1000  lr=9.96e-04 ===
14:00:59 | INFO  |   epoch 41  step   20/200  loss 1.8974e-04  (30.8 samples/s)
14:01:21 | INFO  |   epoch 41  step   40/200  loss 1.5658e-04  (33.3 samples/s)
14:01:44 | INFO  |   epoch 41  step   60/200  loss 1.5853e-04  (34.0 samples/s)
14:02:06 | INFO  |   epoch 41  step   80/200  loss 1.4935e-04  (34.6 samples/s)
14:02:27 | INFO  |   epoch 41  step  100/200  loss 1.7145e-04  (35.1 samples/s)
14:02:49 | INFO  |   epoch 41  step  120/200  loss 1.5730e-04  (35.3 samples/s)
14:03:11 | INFO  |   epoch 41  step  140/200  loss 1.4236e-04  (35.6 samples/s)
14:03:32 | INFO  |   epoch 41  step  160/200  loss 2.0163e-04  (35.8 samples/s)
14:03:54 | INFO  |   epoch 41  step  180/200  loss 1.5806e-04  (35.9 samples/s)
14:04:15 | INFO  |   epoch 41  step  200/200  loss 1.7491e-04  (36.0 samples/s)
14:04:46 | INFO  | epoch 41  train 1.6064e-04  val 1.5378e-04  per_slot_mse 1.7738e-06  flux_rel_err 0.166  [best]  (253.1s)
14:04:46 | INFO  | === epoch 42/1000  lr=9.96e-04 ===
14:05:12 | INFO  |   epoch 42  step   20/200  loss 1.4329e-04  (30.8 samples/s)
14:05:34 | INFO  |   epoch 42  step   40/200  loss 1.6851e-04  (33.6 samples/s)
14:05:56 | INFO  |   epoch 42  step   60/200  loss 1.6734e-04  (34.7 samples/s)
14:06:17 | INFO  |   epoch 42  step   80/200  loss 1.4705e-04  (35.2 samples/s)
14:06:39 | INFO  |   epoch 42  step  100/200  loss 1.4692e-04  (35.6 samples/s)
14:07:00 | INFO  |   epoch 42  step  120/200  loss 1.5043e-04  (36.0 samples/s)
14:07:20 | INFO  |   epoch 42  step  140/200  loss 1.6529e-04  (36.4 samples/s)
14:07:41 | INFO  |   epoch 42  step  160/200  loss 1.5909e-04  (36.6 samples/s)
14:08:03 | INFO  |   epoch 42  step  180/200  loss 1.5635e-04  (36.7 samples/s)
14:08:24 | INFO  |   epoch 42  step  200/200  loss 1.4210e-04  (36.8 samples/s)
14:08:53 | INFO  | epoch 42  train 1.5979e-04  val 1.5370e-04  per_slot_mse 1.8451e-06  flux_rel_err 0.191  [best]  (246.2s)
14:08:53 | INFO  | === epoch 43/1000  lr=9.96e-04 ===
14:09:18 | INFO  |   epoch 43  step   20/200  loss 1.5365e-04  (31.5 samples/s)
14:09:39 | INFO  |   epoch 43  step   40/200  loss 1.5618e-04  (34.3 samples/s)
14:10:00 | INFO  |   epoch 43  step   60/200  loss 1.4631e-04  (35.5 samples/s)
14:10:21 | INFO  |   epoch 43  step   80/200  loss 1.7301e-04  (36.1 samples/s)
14:10:42 | INFO  |   epoch 43  step  100/200  loss 1.5249e-04  (36.4 samples/s)
14:11:04 | INFO  |   epoch 43  step  120/200  loss 1.5640e-04  (36.6 samples/s)
14:11:25 | INFO  |   epoch 43  step  140/200  loss 1.6933e-04  (36.8 samples/s)
14:11:46 | INFO  |   epoch 43  step  160/200  loss 1.6155e-04  (36.8 samples/s)
14:12:08 | INFO  |   epoch 43  step  180/200  loss 1.4893e-04  (36.9 samples/s)
14:12:29 | INFO  |   epoch 43  step  200/200  loss 1.6924e-04  (37.0 samples/s)
14:12:56 | INFO  | epoch 43  train 1.5859e-04  val 1.5401e-04  per_slot_mse 1.8726e-06  flux_rel_err 0.181  [no_improve=1]  (243.8s)
14:12:56 | INFO  | === epoch 44/1000  lr=9.95e-04 ===
14:13:21 | INFO  |   epoch 44  step   20/200  loss 1.4390e-04  (32.1 samples/s)
14:13:42 | INFO  |   epoch 44  step   40/200  loss 1.4685e-04  (35.0 samples/s)
14:14:03 | INFO  |   epoch 44  step   60/200  loss 1.7023e-04  (36.2 samples/s)
14:14:24 | INFO  |   epoch 44  step   80/200  loss 1.4578e-04  (36.7 samples/s)
14:14:45 | INFO  |   epoch 44  step  100/200  loss 1.5761e-04  (37.0 samples/s)
14:15:06 | INFO  |   epoch 44  step  120/200  loss 1.5916e-04  (37.2 samples/s)
14:15:26 | INFO  |   epoch 44  step  140/200  loss 1.7422e-04  (37.3 samples/s)
14:15:47 | INFO  |   epoch 44  step  160/200  loss 1.6452e-04  (37.4 samples/s)
14:16:08 | INFO  |   epoch 44  step  180/200  loss 1.5448e-04  (37.5 samples/s)
14:16:29 | INFO  |   epoch 44  step  200/200  loss 1.6379e-04  (37.7 samples/s)
14:16:57 | INFO  | epoch 44  train 1.6014e-04  val 1.5568e-04  per_slot_mse 1.6588e-06  flux_rel_err 0.211  [no_improve=2]  (240.8s)
14:16:57 | INFO  | === epoch 45/1000  lr=9.95e-04 ===
14:17:23 | INFO  |   epoch 45  step   20/200  loss 1.5062e-04  (31.4 samples/s)
14:17:45 | INFO  |   epoch 45  step   40/200  loss 1.5241e-04  (33.6 samples/s)
14:18:07 | INFO  |   epoch 45  step   60/200  loss 1.6539e-04  (34.5 samples/s)
14:18:28 | INFO  |   epoch 45  step   80/200  loss 1.5552e-04  (35.1 samples/s)
14:18:50 | INFO  |   epoch 45  step  100/200  loss 1.4685e-04  (35.5 samples/s)
14:19:11 | INFO  |   epoch 45  step  120/200  loss 1.5813e-04  (35.9 samples/s)
14:19:32 | INFO  |   epoch 45  step  140/200  loss 1.5664e-04  (36.1 samples/s)
14:19:54 | INFO  |   epoch 45  step  160/200  loss 1.8506e-04  (36.3 samples/s)
14:20:15 | INFO  |   epoch 45  step  180/200  loss 1.4508e-04  (36.4 samples/s)
14:20:36 | INFO  |   epoch 45  step  200/200  loss 1.5390e-04  (36.5 samples/s)
14:21:07 | INFO  | epoch 45  train 1.5910e-04  val 1.5122e-04  per_slot_mse 1.8241e-06  flux_rel_err 0.198  [best]  (249.9s)
14:21:07 | INFO  | === epoch 46/1000  lr=9.95e-04 ===
14:21:33 | INFO  |   epoch 46  step   20/200  loss 1.5507e-04  (31.5 samples/s)
14:21:54 | INFO  |   epoch 46  step   40/200  loss 1.8485e-04  (34.3 samples/s)
14:22:15 | INFO  |   epoch 46  step   60/200  loss 1.5946e-04  (35.4 samples/s)
14:22:37 | INFO  |   epoch 46  step   80/200  loss 1.5342e-04  (35.7 samples/s)
14:22:59 | INFO  |   epoch 46  step  100/200  loss 1.6549e-04  (35.8 samples/s)
14:23:21 | INFO  |   epoch 46  step  120/200  loss 1.6485e-04  (35.8 samples/s)
14:23:44 | INFO  |   epoch 46  step  140/200  loss 1.4122e-04  (35.7 samples/s)
14:24:08 | INFO  |   epoch 46  step  160/200  loss 1.7310e-04  (35.5 samples/s)
14:24:29 | INFO  |   epoch 46  step  180/200  loss 1.5182e-04  (35.6 samples/s)
14:24:51 | INFO  |   epoch 46  step  200/200  loss 1.6431e-04  (35.8 samples/s)
14:25:21 | INFO  | epoch 46  train 1.5737e-04  val 1.5389e-04  per_slot_mse 1.8371e-06  flux_rel_err 0.184  [no_improve=1]  (253.5s)
14:25:21 | INFO  | === epoch 47/1000  lr=9.95e-04 ===
14:25:46 | INFO  |   epoch 47  step   20/200  loss 1.7699e-04  (31.4 samples/s)
14:26:07 | INFO  |   epoch 47  step   40/200  loss 1.6744e-04  (34.5 samples/s)
14:26:30 | INFO  |   epoch 47  step   60/200  loss 1.6004e-04  (34.8 samples/s)
14:26:52 | INFO  |   epoch 47  step   80/200  loss 1.4938e-04  (35.2 samples/s)
14:27:13 | INFO  |   epoch 47  step  100/200  loss 1.4969e-04  (35.5 samples/s)
14:27:35 | INFO  |   epoch 47  step  120/200  loss 1.5670e-04  (35.8 samples/s)
14:27:59 | INFO  |   epoch 47  step  140/200  loss 1.4450e-04  (35.3 samples/s)
14:28:21 | INFO  |   epoch 47  step  160/200  loss 1.5341e-04  (35.5 samples/s)
14:28:43 | INFO  |   epoch 47  step  180/200  loss 1.6676e-04  (35.6 samples/s)
14:29:04 | INFO  |   epoch 47  step  200/200  loss 1.7473e-04  (35.7 samples/s)
14:29:34 | INFO  | epoch 47  train 1.5844e-04  val 1.5729e-04  per_slot_mse 1.7829e-06  flux_rel_err 0.231  [no_improve=2]  (253.5s)
14:29:34 | INFO  | === epoch 48/1000  lr=9.95e-04 ===
14:30:00 | INFO  |   epoch 48  step   20/200  loss 1.6944e-04  (30.8 samples/s)
14:30:22 | INFO  |   epoch 48  step   40/200  loss 1.5549e-04  (33.6 samples/s)
14:30:43 | INFO  |   epoch 48  step   60/200  loss 1.9588e-04  (34.8 samples/s)
14:31:05 | INFO  |   epoch 48  step   80/200  loss 1.8836e-04  (35.2 samples/s)
14:31:27 | INFO  |   epoch 48  step  100/200  loss 1.5130e-04  (35.5 samples/s)
14:31:49 | INFO  |   epoch 48  step  120/200  loss 1.5458e-04  (35.7 samples/s)
14:32:10 | INFO  |   epoch 48  step  140/200  loss 2.1151e-04  (35.9 samples/s)
14:32:33 | INFO  |   epoch 48  step  160/200  loss 1.5330e-04  (35.8 samples/s)
14:32:55 | INFO  |   epoch 48  step  180/200  loss 1.5298e-04  (35.8 samples/s)
14:33:18 | INFO  |   epoch 48  step  200/200  loss 1.3539e-04  (35.8 samples/s)
14:33:50 | INFO  | epoch 48  train 1.5750e-04  val 1.5202e-04  per_slot_mse 1.8223e-06  flux_rel_err 0.146  [no_improve=3]  (255.3s)
14:33:50 | INFO  | === epoch 49/1000  lr=9.94e-04 ===
14:34:17 | INFO  |   epoch 49  step   20/200  loss 1.6771e-04  (29.4 samples/s)
14:34:40 | INFO  |   epoch 49  step   40/200  loss 1.4960e-04  (31.9 samples/s)
14:35:02 | INFO  |   epoch 49  step   60/200  loss 1.3892e-04  (33.3 samples/s)
14:35:24 | INFO  |   epoch 49  step   80/200  loss 2.0854e-04  (33.9 samples/s)
14:35:48 | INFO  |   epoch 49  step  100/200  loss 1.7918e-04  (33.8 samples/s)
14:36:09 | INFO  |   epoch 49  step  120/200  loss 1.7210e-04  (34.4 samples/s)
14:36:30 | INFO  |   epoch 49  step  140/200  loss 1.5667e-04  (34.8 samples/s)
14:36:52 | INFO  |   epoch 49  step  160/200  loss 1.3829e-04  (35.1 samples/s)
14:37:13 | INFO  |   epoch 49  step  180/200  loss 1.5835e-04  (35.4 samples/s)
14:37:34 | INFO  |   epoch 49  step  200/200  loss 1.6131e-04  (35.6 samples/s)
14:38:02 | INFO  | epoch 49  train 1.5831e-04  val 1.5411e-04  per_slot_mse 1.9452e-06  flux_rel_err 0.173  [no_improve=4]  (252.4s)
14:38:02 | INFO  | === epoch 50/1000  lr=9.94e-04 ===
14:38:29 | INFO  |   epoch 50  step   20/200  loss 1.5759e-04  (29.6 samples/s)
14:38:52 | INFO  |   epoch 50  step   40/200  loss 1.6361e-04  (32.2 samples/s)
14:39:14 | INFO  |   epoch 50  step   60/200  loss 1.6655e-04  (33.5 samples/s)
14:39:36 | INFO  |   epoch 50  step   80/200  loss 1.5656e-04  (34.1 samples/s)
14:39:58 | INFO  |   epoch 50  step  100/200  loss 1.6371e-04  (34.5 samples/s)
14:40:20 | INFO  |   epoch 50  step  120/200  loss 1.6660e-04  (34.8 samples/s)
14:40:43 | INFO  |   epoch 50  step  140/200  loss 1.5335e-04  (34.9 samples/s)
14:41:05 | INFO  |   epoch 50  step  160/200  loss 1.4117e-04  (34.9 samples/s)
14:41:28 | INFO  |   epoch 50  step  180/200  loss 1.5274e-04  (34.9 samples/s)
14:41:51 | INFO  |   epoch 50  step  200/200  loss 1.4717e-04  (35.0 samples/s)
14:42:18 | INFO  | epoch 50  train 1.5407e-04  val 1.4909e-04  per_slot_mse 1.7446e-06  flux_rel_err 0.181  [best]  (255.6s)
14:42:18 | INFO  | === epoch 51/1000  lr=9.94e-04 ===
14:42:42 | INFO  |   epoch 51  step   20/200  loss 1.3688e-04  (32.1 samples/s)
14:43:04 | INFO  |   epoch 51  step   40/200  loss 1.6526e-04  (34.4 samples/s)
14:43:26 | INFO  |   epoch 51  step   60/200  loss 1.7175e-04  (35.2 samples/s)
14:43:47 | INFO  |   epoch 51  step   80/200  loss 1.6835e-04  (35.7 samples/s)
14:44:09 | INFO  |   epoch 51  step  100/200  loss 1.6250e-04  (36.0 samples/s)
14:44:31 | INFO  |   epoch 51  step  120/200  loss 1.6112e-04  (36.1 samples/s)
14:44:52 | INFO  |   epoch 51  step  140/200  loss 1.5678e-04  (36.3 samples/s)
14:45:14 | INFO  |   epoch 51  step  160/200  loss 1.6052e-04  (36.2 samples/s)
14:45:36 | INFO  |   epoch 51  step  180/200  loss 1.8799e-04  (36.3 samples/s)
14:45:57 | INFO  |   epoch 51  step  200/200  loss 1.5248e-04  (36.4 samples/s)
14:46:27 | INFO  | epoch 51  train 1.5483e-04  val 1.6066e-04  per_slot_mse 1.7094e-06  flux_rel_err 0.124  [no_improve=1]  (249.2s)
14:46:27 | INFO  | === epoch 52/1000  lr=9.94e-04 ===
14:46:54 | INFO  |   epoch 52  step   20/200  loss 1.5170e-04  (29.8 samples/s)
14:47:15 | INFO  |   epoch 52  step   40/200  loss 1.5756e-04  (33.2 samples/s)
14:47:36 | INFO  |   epoch 52  step   60/200  loss 1.5018e-04  (34.8 samples/s)
14:47:57 | INFO  |   epoch 52  step   80/200  loss 1.9210e-04  (35.6 samples/s)
14:48:18 | INFO  |   epoch 52  step  100/200  loss 1.5851e-04  (36.1 samples/s)
14:48:39 | INFO  |   epoch 52  step  120/200  loss 1.5642e-04  (36.3 samples/s)
14:49:00 | INFO  |   epoch 52  step  140/200  loss 1.5148e-04  (36.6 samples/s)
14:49:21 | INFO  |   epoch 52  step  160/200  loss 1.4856e-04  (36.7 samples/s)
14:49:42 | INFO  |   epoch 52  step  180/200  loss 1.6128e-04  (36.8 samples/s)
14:50:04 | INFO  |   epoch 52  step  200/200  loss 1.4883e-04  (36.9 samples/s)
14:50:31 | INFO  | epoch 52  train 1.6092e-04  val 1.5243e-04  per_slot_mse 1.8388e-06  flux_rel_err 0.132  [no_improve=2]  (244.0s)
14:50:31 | INFO  | === epoch 53/1000  lr=9.93e-04 ===
14:50:56 | INFO  |   epoch 53  step   20/200  loss 1.4421e-04  (31.8 samples/s)
14:51:17 | INFO  |   epoch 53  step   40/200  loss 1.6532e-04  (34.4 samples/s)
14:51:39 | INFO  |   epoch 53  step   60/200  loss 1.4346e-04  (35.4 samples/s)
14:52:00 | INFO  |   epoch 53  step   80/200  loss 1.3931e-04  (35.9 samples/s)
14:52:21 | INFO  |   epoch 53  step  100/200  loss 1.4314e-04  (36.3 samples/s)
14:52:42 | INFO  |   epoch 53  step  120/200  loss 1.6216e-04  (36.5 samples/s)
14:53:03 | INFO  |   epoch 53  step  140/200  loss 1.4706e-04  (36.8 samples/s)
14:53:24 | INFO  |   epoch 53  step  160/200  loss 1.9131e-04  (36.9 samples/s)
14:53:45 | INFO  |   epoch 53  step  180/200  loss 1.4654e-04  (37.1 samples/s)
14:54:06 | INFO  |   epoch 53  step  200/200  loss 1.7278e-04  (37.2 samples/s)
14:54:33 | INFO  | epoch 53  train 1.5782e-04  val 1.5044e-04  per_slot_mse 1.7075e-06  flux_rel_err 0.151  [no_improve=3]  (242.2s)
14:54:33 | INFO  | === epoch 54/1000  lr=9.93e-04 ===
14:54:58 | INFO  |   epoch 54  step   20/200  loss 1.4735e-04  (31.8 samples/s)
14:55:19 | INFO  |   epoch 54  step   40/200  loss 1.4038e-04  (34.6 samples/s)
14:55:40 | INFO  |   epoch 54  step   60/200  loss 1.6141e-04  (35.7 samples/s)
14:56:01 | INFO  |   epoch 54  step   80/200  loss 1.4145e-04  (36.3 samples/s)
14:56:22 | INFO  |   epoch 54  step  100/200  loss 1.4579e-04  (36.6 samples/s)
14:56:43 | INFO  |   epoch 54  step  120/200  loss 1.5070e-04  (36.8 samples/s)
14:57:05 | INFO  |   epoch 54  step  140/200  loss 1.5045e-04  (36.8 samples/s)
14:57:26 | INFO  |   epoch 54  step  160/200  loss 1.6368e-04  (36.9 samples/s)
14:57:47 | INFO  |   epoch 54  step  180/200  loss 2.1807e-04  (37.0 samples/s)
14:58:09 | INFO  |   epoch 54  step  200/200  loss 1.9544e-04  (37.1 samples/s)
14:58:36 | INFO  | epoch 54  train 1.6470e-04  val 1.8583e-04  per_slot_mse 1.8630e-06  flux_rel_err 0.194  [no_improve=4]  (243.5s)
14:58:36 | INFO  | === epoch 55/1000  lr=9.93e-04 ===
14:59:02 | INFO  |   epoch 55  step   20/200  loss 1.5802e-04  (31.8 samples/s)
14:59:23 | INFO  |   epoch 55  step   40/200  loss 1.4488e-04  (34.7 samples/s)
14:59:44 | INFO  |   epoch 55  step   60/200  loss 1.8796e-04  (35.5 samples/s)
15:00:05 | INFO  |   epoch 55  step   80/200  loss 1.5374e-04  (36.0 samples/s)
15:00:28 | INFO  |   epoch 55  step  100/200  loss 1.7137e-04  (35.9 samples/s)
15:00:50 | INFO  |   epoch 55  step  120/200  loss 1.5233e-04  (36.0 samples/s)
15:01:12 | INFO  |   epoch 55  step  140/200  loss 1.4680e-04  (36.0 samples/s)
15:01:35 | INFO  |   epoch 55  step  160/200  loss 1.6433e-04  (35.8 samples/s)
15:01:59 | INFO  |   epoch 55  step  180/200  loss 1.4099e-04  (35.6 samples/s)
15:02:21 | INFO  |   epoch 55  step  200/200  loss 1.4265e-04  (35.7 samples/s)
15:02:51 | INFO  | epoch 55  train 1.6559e-04  val 1.5645e-04  per_slot_mse 1.7640e-06  flux_rel_err 0.179  [no_improve=5]  (254.2s)
15:02:51 | INFO  | === epoch 56/1000  lr=9.93e-04 ===
15:03:18 | INFO  |   epoch 56  step   20/200  loss 1.6473e-04  (29.0 samples/s)
15:03:40 | INFO  |   epoch 56  step   40/200  loss 1.4405e-04  (32.5 samples/s)
15:04:01 | INFO  |   epoch 56  step   60/200  loss 1.8028e-04  (34.1 samples/s)
15:04:23 | INFO  |   epoch 56  step   80/200  loss 1.4670e-04  (34.9 samples/s)
15:04:44 | INFO  |   epoch 56  step  100/200  loss 1.4860e-04  (35.3 samples/s)
15:05:06 | INFO  |   epoch 56  step  120/200  loss 1.6817e-04  (35.6 samples/s)
15:05:31 | INFO  |   epoch 56  step  140/200  loss 1.5965e-04  (35.0 samples/s)
15:05:55 | INFO  |   epoch 56  step  160/200  loss 1.5954e-04  (34.7 samples/s)
15:06:20 | INFO  |   epoch 56  step  180/200  loss 1.5108e-04  (34.5 samples/s)
15:06:43 | INFO  |   epoch 56  step  200/200  loss 1.5024e-04  (34.5 samples/s)
15:07:15 | INFO  | epoch 56  train 1.5581e-04  val 1.5560e-04  per_slot_mse 1.7931e-06  flux_rel_err 0.244  [no_improve=6]  (264.6s)
15:07:15 | INFO  | === epoch 57/1000  lr=9.92e-04 ===
15:07:42 | INFO  |   epoch 57  step   20/200  loss 1.6471e-04  (30.1 samples/s)
15:08:07 | INFO  |   epoch 57  step   40/200  loss 1.7161e-04  (31.0 samples/s)
15:08:29 | INFO  |   epoch 57  step   60/200  loss 1.6585e-04  (32.7 samples/s)
15:08:51 | INFO  |   epoch 57  step   80/200  loss 1.4869e-04  (33.6 samples/s)
15:09:13 | INFO  |   epoch 57  step  100/200  loss 1.6957e-04  (34.1 samples/s)
15:09:35 | INFO  |   epoch 57  step  120/200  loss 1.6455e-04  (34.4 samples/s)
15:09:58 | INFO  |   epoch 57  step  140/200  loss 1.6254e-04  (34.4 samples/s)
15:10:20 | INFO  |   epoch 57  step  160/200  loss 1.6080e-04  (34.6 samples/s)
15:10:42 | INFO  |   epoch 57  step  180/200  loss 1.4210e-04  (34.8 samples/s)
15:11:04 | INFO  |   epoch 57  step  200/200  loss 1.3438e-04  (35.0 samples/s)
15:11:37 | INFO  | epoch 57  train 1.5438e-04  val 1.5104e-04  per_slot_mse 1.7037e-06  flux_rel_err 0.140  [no_improve=7]  (261.7s)
15:11:37 | INFO  | === epoch 58/1000  lr=9.92e-04 ===
15:12:04 | INFO  |   epoch 58  step   20/200  loss 1.4662e-04  (29.6 samples/s)
15:12:26 | INFO  |   epoch 58  step   40/200  loss 1.5242e-04  (32.8 samples/s)
15:12:48 | INFO  |   epoch 58  step   60/200  loss 1.7112e-04  (34.0 samples/s)
15:13:10 | INFO  |   epoch 58  step   80/200  loss 1.4371e-04  (34.6 samples/s)
15:13:31 | INFO  |   epoch 58  step  100/200  loss 1.5281e-04  (35.2 samples/s)
15:13:52 | INFO  |   epoch 58  step  120/200  loss 1.7448e-04  (35.5 samples/s)
15:14:14 | INFO  |   epoch 58  step  140/200  loss 1.4227e-04  (35.8 samples/s)
15:14:35 | INFO  |   epoch 58  step  160/200  loss 1.4835e-04  (35.9 samples/s)
15:14:56 | INFO  |   epoch 58  step  180/200  loss 1.8201e-04  (36.2 samples/s)
15:15:17 | INFO  |   epoch 58  step  200/200  loss 1.4274e-04  (36.3 samples/s)
15:15:46 | INFO  | epoch 58  train 1.5264e-04  val 1.5672e-04  per_slot_mse 1.7476e-06  flux_rel_err 0.131  [no_improve=8]  (248.7s)
15:15:46 | INFO  | === epoch 59/1000  lr=9.92e-04 ===
15:16:12 | INFO  |   epoch 59  step   20/200  loss 1.6974e-04  (30.4 samples/s)
15:16:33 | INFO  |   epoch 59  step   40/200  loss 1.6218e-04  (33.5 samples/s)
15:16:55 | INFO  |   epoch 59  step   60/200  loss 1.6196e-04  (34.6 samples/s)
15:17:16 | INFO  |   epoch 59  step   80/200  loss 1.4376e-04  (35.3 samples/s)
15:17:38 | INFO  |   epoch 59  step  100/200  loss 1.4940e-04  (35.7 samples/s)
15:17:59 | INFO  |   epoch 59  step  120/200  loss 1.5938e-04  (36.0 samples/s)
15:18:22 | INFO  |   epoch 59  step  140/200  loss 1.5198e-04  (35.9 samples/s)
15:18:43 | INFO  |   epoch 59  step  160/200  loss 1.5640e-04  (36.1 samples/s)
15:19:04 | INFO  |   epoch 59  step  180/200  loss 1.4530e-04  (36.3 samples/s)
15:19:25 | INFO  |   epoch 59  step  200/200  loss 1.3912e-04  (36.4 samples/s)
15:19:53 | INFO  | epoch 59  train 1.5255e-04  val 1.5297e-04  per_slot_mse 1.6984e-06  flux_rel_err 0.129  [no_improve=9]  (247.3s)
15:19:53 | INFO  | === epoch 60/1000  lr=9.91e-04 ===
15:20:18 | INFO  |   epoch 60  step   20/200  loss 1.5194e-04  (31.6 samples/s)
15:20:40 | INFO  |   epoch 60  step   40/200  loss 1.4267e-04  (34.4 samples/s)
15:21:01 | INFO  |   epoch 60  step   60/200  loss 1.4616e-04  (35.2 samples/s)
15:21:23 | INFO  |   epoch 60  step   80/200  loss 1.4154e-04  (35.6 samples/s)
15:21:44 | INFO  |   epoch 60  step  100/200  loss 1.7893e-04  (36.0 samples/s)
15:22:05 | INFO  |   epoch 60  step  120/200  loss 1.5514e-04  (36.3 samples/s)
15:22:27 | INFO  |   epoch 60  step  140/200  loss 1.5201e-04  (36.5 samples/s)
15:22:48 | INFO  |   epoch 60  step  160/200  loss 1.5271e-04  (36.5 samples/s)
15:23:10 | INFO  |   epoch 60  step  180/200  loss 1.2187e-04  (36.6 samples/s)
15:23:31 | INFO  |   epoch 60  step  200/200  loss 1.5357e-04  (36.8 samples/s)
15:24:01 | INFO  | epoch 60  train 1.5261e-04  val 1.5291e-04  per_slot_mse 1.8549e-06  flux_rel_err 0.115  [no_improve=10]  (247.7s)
15:24:01 | INFO  | === epoch 61/1000  lr=9.91e-04 ===
15:24:26 | INFO  |   epoch 61  step   20/200  loss 1.6342e-04  (32.1 samples/s)
15:24:47 | INFO  |   epoch 61  step   40/200  loss 1.6288e-04  (34.5 samples/s)
15:25:09 | INFO  |   epoch 61  step   60/200  loss 1.5776e-04  (35.3 samples/s)
15:25:30 | INFO  |   epoch 61  step   80/200  loss 1.5869e-04  (35.7 samples/s)
15:25:52 | INFO  |   epoch 61  step  100/200  loss 1.7325e-04  (36.1 samples/s)
15:26:13 | INFO  |   epoch 61  step  120/200  loss 1.8172e-04  (36.4 samples/s)
15:26:33 | INFO  |   epoch 61  step  140/200  loss 1.8827e-04  (36.7 samples/s)
15:26:54 | INFO  |   epoch 61  step  160/200  loss 1.7419e-04  (36.9 samples/s)
15:27:15 | INFO  |   epoch 61  step  180/200  loss 1.5545e-04  (37.1 samples/s)
15:27:35 | INFO  |   epoch 61  step  200/200  loss 1.4873e-04  (37.3 samples/s)
15:28:04 | INFO  | epoch 61  train 1.6356e-04  val 1.5490e-04  per_slot_mse 1.6653e-06  flux_rel_err 0.124  [no_improve=11]  (243.1s)
15:28:04 | INFO  | === epoch 62/1000  lr=9.91e-04 ===
15:28:29 | INFO  |   epoch 62  step   20/200  loss 1.6046e-04  (32.0 samples/s)
15:28:50 | INFO  |   epoch 62  step   40/200  loss 1.3451e-04  (34.5 samples/s)
15:29:12 | INFO  |   epoch 62  step   60/200  loss 1.5361e-04  (35.4 samples/s)
15:29:33 | INFO  |   epoch 62  step   80/200  loss 1.5700e-04  (35.9 samples/s)
15:29:54 | INFO  |   epoch 62  step  100/200  loss 1.5994e-04  (36.3 samples/s)
15:30:15 | INFO  |   epoch 62  step  120/200  loss 1.3949e-04  (36.5 samples/s)
15:30:37 | INFO  |   epoch 62  step  140/200  loss 1.4157e-04  (36.6 samples/s)
15:30:58 | INFO  |   epoch 62  step  160/200  loss 1.7483e-04  (36.7 samples/s)
15:31:20 | INFO  |   epoch 62  step  180/200  loss 1.7098e-04  (36.8 samples/s)
15:31:41 | INFO  |   epoch 62  step  200/200  loss 1.5015e-04  (36.9 samples/s)
15:32:09 | INFO  | epoch 62  train 1.5190e-04  val 1.4758e-04  per_slot_mse 1.7493e-06  flux_rel_err 0.158  [best]  (244.9s)
15:32:09 | INFO  | === epoch 63/1000  lr=9.91e-04 ===
15:32:34 | INFO  |   epoch 63  step   20/200  loss 1.5401e-04  (31.9 samples/s)
15:32:55 | INFO  |   epoch 63  step   40/200  loss 1.7437e-04  (34.3 samples/s)
15:33:17 | INFO  |   epoch 63  step   60/200  loss 1.3558e-04  (35.4 samples/s)
15:33:38 | INFO  |   epoch 63  step   80/200  loss 1.5370e-04  (36.0 samples/s)
15:33:59 | INFO  |   epoch 63  step  100/200  loss 1.4218e-04  (36.4 samples/s)
15:34:20 | INFO  |   epoch 63  step  120/200  loss 1.5564e-04  (36.7 samples/s)
15:34:41 | INFO  |   epoch 63  step  140/200  loss 1.3897e-04  (36.8 samples/s)
15:35:02 | INFO  |   epoch 63  step  160/200  loss 1.3829e-04  (36.9 samples/s)
15:35:23 | INFO  |   epoch 63  step  180/200  loss 1.4770e-04  (37.1 samples/s)
15:35:44 | INFO  |   epoch 63  step  200/200  loss 1.6838e-04  (37.2 samples/s)
15:36:11 | INFO  | epoch 63  train 1.5652e-04  val 1.5117e-04  per_slot_mse 1.9589e-06  flux_rel_err 0.185  [no_improve=1]  (241.9s)
15:36:11 | INFO  | === epoch 64/1000  lr=9.90e-04 ===
15:36:35 | INFO  |   epoch 64  step   20/200  loss 1.5802e-04  (32.4 samples/s)
15:36:57 | INFO  |   epoch 64  step   40/200  loss 1.7138e-04  (35.0 samples/s)
15:37:18 | INFO  |   epoch 64  step   60/200  loss 1.7019e-04  (35.7 samples/s)
15:37:39 | INFO  |   epoch 64  step   80/200  loss 1.4399e-04  (36.2 samples/s)
15:38:00 | INFO  |   epoch 64  step  100/200  loss 1.4488e-04  (36.5 samples/s)
15:38:22 | INFO  |   epoch 64  step  120/200  loss 1.7914e-04  (36.6 samples/s)
15:38:43 | INFO  |   epoch 64  step  140/200  loss 4.3422e-04  (36.7 samples/s)
15:39:04 | INFO  |   epoch 64  step  160/200  loss 2.0759e-04  (36.8 samples/s)
15:39:26 | INFO  |   epoch 64  step  180/200  loss 1.9255e-04  (36.9 samples/s)
15:39:47 | INFO  |   epoch 64  step  200/200  loss 1.5594e-04  (37.0 samples/s)
15:40:16 | INFO  | epoch 64  train 1.8756e-04  val 1.6918e-04  per_slot_mse 1.8790e-06  flux_rel_err 0.149  [no_improve=2]  (245.4s)
15:40:16 | INFO  | === epoch 65/1000  lr=9.90e-04 ===
15:40:42 | INFO  |   epoch 65  step   20/200  loss 1.4701e-04  (30.7 samples/s)
15:41:04 | INFO  |   epoch 65  step   40/200  loss 1.6477e-04  (33.6 samples/s)
15:41:26 | INFO  |   epoch 65  step   60/200  loss 1.7154e-04  (34.5 samples/s)
15:41:47 | INFO  |   epoch 65  step   80/200  loss 1.6280e-04  (35.1 samples/s)
15:42:09 | INFO  |   epoch 65  step  100/200  loss 1.5963e-04  (35.5 samples/s)
15:42:30 | INFO  |   epoch 65  step  120/200  loss 1.4861e-04  (35.9 samples/s)
15:42:51 | INFO  |   epoch 65  step  140/200  loss 1.4171e-04  (36.1 samples/s)
15:43:13 | INFO  |   epoch 65  step  160/200  loss 1.3837e-04  (36.2 samples/s)
15:43:34 | INFO  |   epoch 65  step  180/200  loss 1.5457e-04  (36.4 samples/s)
15:43:55 | INFO  |   epoch 65  step  200/200  loss 1.4653e-04  (36.5 samples/s)
15:44:24 | INFO  | epoch 65  train 1.5889e-04  val 1.5239e-04  per_slot_mse 1.7181e-06  flux_rel_err 0.186  [no_improve=3]  (247.6s)
15:44:24 | INFO  | === epoch 66/1000  lr=9.90e-04 ===
